running egg_info
writing ../../build/launcher/launcher.egg-info/PKG-INFO
writing dependency_links to ../../build/launcher/launcher.egg-info/dependency_links.txt
writing requirements to ../../build/launcher/launcher.egg-info/requires.txt
writing top-level names to ../../build/launcher/launcher.egg-info/top_level.txt
package init file 'launcher/__init__.py' not found (or not a regular file)
reading manifest file '../../build/launcher/launcher.egg-info/SOURCES.txt'
writing manifest file '../../build/launcher/launcher.egg-info/SOURCES.txt'
running build
running build_py
copying launcher/__init__.py.py -> /home/jetson/SLAM_WS/build/launcher/build/lib/launcher
running install
running install_lib
copying /home/jetson/SLAM_WS/build/launcher/build/lib/launcher/__init__.py.py -> /home/jetson/SLAM_WS/install/launcher/lib/python3.8/site-packages/launcher
byte-compiling /home/jetson/SLAM_WS/install/launcher/lib/python3.8/site-packages/launcher/__init__.py.py to __init__.py.cpython-38.pyc
running install_data
copying launch/manual_launch.launch.py -> /home/jetson/SLAM_WS/install/launcher/share/launcher/launch
running install_egg_info
removing '/home/jetson/SLAM_WS/install/launcher/lib/python3.8/site-packages/launcher-0.0.0-py3.8.egg-info' (and everything under it)
Copying ../../build/launcher/launcher.egg-info to /home/jetson/SLAM_WS/install/launcher/lib/python3.8/site-packages/launcher-0.0.0-py3.8.egg-info
running install_scripts
writing list of installed files to '/home/jetson/SLAM_WS/build/launcher/install.log'
