[4.476s] Invoking command in '/home/jetson/SLAM_WS/src/teleop_omni': PYTHONPATH=/home/jetson/SLAM_WS/build/teleop_omni/prefix_override:/usr/lib/python3/dist-packages/colcon_core/task/python/colcon_distutils_commands:/home/jetson/SLAM_WS/install/teleop_omni/lib/python3.8/site-packages:${PYTHONPATH} /usr/bin/python3 -W ignore:setup.py install is deprecated -W ignore:easy_install command is deprecated setup.py egg_info --egg-base ../../build/teleop_omni build --build-base /home/jetson/SLAM_WS/build/teleop_omni/build install --record /home/jetson/SLAM_WS/build/teleop_omni/install.log --single-version-externally-managed install_data
[5.682s] running egg_info
[5.685s] writing ../../build/teleop_omni/teleop_omni.egg-info/PKG-INFO
[5.686s] writing dependency_links to ../../build/teleop_omni/teleop_omni.egg-info/dependency_links.txt
[5.687s] writing entry points to ../../build/teleop_omni/teleop_omni.egg-info/entry_points.txt
[5.688s] writing requirements to ../../build/teleop_omni/teleop_omni.egg-info/requires.txt
[5.689s] writing top-level names to ../../build/teleop_omni/teleop_omni.egg-info/top_level.txt
[5.700s] reading manifest file '../../build/teleop_omni/teleop_omni.egg-info/SOURCES.txt'
[5.704s] writing manifest file '../../build/teleop_omni/teleop_omni.egg-info/SOURCES.txt'
[5.705s] running build
[5.705s] running build_py
[5.706s] copying teleop_omni/teleop_keyboard.py -> /home/jetson/SLAM_WS/build/teleop_omni/build/lib/teleop_omni
[5.706s] running install
[5.710s] running install_lib
[5.714s] copying /home/jetson/SLAM_WS/build/teleop_omni/build/lib/teleop_omni/teleop_keyboard.py -> /home/jetson/SLAM_WS/install/teleop_omni/lib/python3.8/site-packages/teleop_omni
[5.716s] byte-compiling /home/jetson/SLAM_WS/install/teleop_omni/lib/python3.8/site-packages/teleop_omni/teleop_keyboard.py to teleop_keyboard.cpython-38.pyc
[5.719s] running install_data
[5.719s] running install_egg_info
[5.728s] removing '/home/jetson/SLAM_WS/install/teleop_omni/lib/python3.8/site-packages/teleop_omni-0.0.0-py3.8.egg-info' (and everything under it)
[5.729s] Copying ../../build/teleop_omni/teleop_omni.egg-info to /home/jetson/SLAM_WS/install/teleop_omni/lib/python3.8/site-packages/teleop_omni-0.0.0-py3.8.egg-info
[5.733s] running install_scripts
[5.808s] Installing teleop_keyboard script to /home/jetson/SLAM_WS/install/teleop_omni/lib/teleop_omni
[5.809s] writing list of installed files to '/home/jetson/SLAM_WS/build/teleop_omni/install.log'
[5.931s] Invoked command in '/home/jetson/SLAM_WS/src/teleop_omni' returned '0': PYTHONPATH=/home/jetson/SLAM_WS/build/teleop_omni/prefix_override:/usr/lib/python3/dist-packages/colcon_core/task/python/colcon_distutils_commands:/home/jetson/SLAM_WS/install/teleop_omni/lib/python3.8/site-packages:${PYTHONPATH} /usr/bin/python3 -W ignore:setup.py install is deprecated -W ignore:easy_install command is deprecated setup.py egg_info --egg-base ../../build/teleop_omni build --build-base /home/jetson/SLAM_WS/build/teleop_omni/build install --record /home/jetson/SLAM_WS/build/teleop_omni/install.log --single-version-externally-managed install_data
