[0.160s] Invoking command in '/home/jetson/SLAM_WS/build/rplidar_ros': CMAKE_PREFIX_PATH=${CMAKE_PREFIX_PATH}:/home/jetson/SLAM_WS/install/teleop_omni:/home/jetson/SLAM_WS/install/omnibot_description:/home/jetson/SLAM_WS/install/omni_bot:/home/jetson/SLAM_WS/install/odom:/home/jetson/SLAM_WS/install/kinematics:/opt/ros/foxy /usr/bin/cmake --build /home/jetson/SLAM_WS/build/rplidar_ros -- -j4 -l4
[0.458s] [  5%] Built target rplidar_client
[0.493s] [ 52%] Built target rplidar_node
[0.517s] [100%] Built target rplidar_composition
[1.748s] Invoked command in '/home/jetson/SLAM_WS/build/rplidar_ros' returned '0': CMAKE_PREFIX_PATH=${CMAKE_PREFIX_PATH}:/home/jetson/SLAM_WS/install/teleop_omni:/home/jetson/SLAM_WS/install/omnibot_description:/home/jetson/SLAM_WS/install/omni_bot:/home/jetson/SLAM_WS/install/odom:/home/jetson/SLAM_WS/install/kinematics:/opt/ros/foxy /usr/bin/cmake --build /home/jetson/SLAM_WS/build/rplidar_ros -- -j4 -l4
[1.796s] Invoking command in '/home/jetson/SLAM_WS/build/rplidar_ros': CMAKE_PREFIX_PATH=${CMAKE_PREFIX_PATH}:/home/jetson/SLAM_WS/install/teleop_omni:/home/jetson/SLAM_WS/install/omnibot_description:/home/jetson/SLAM_WS/install/omni_bot:/home/jetson/SLAM_WS/install/odom:/home/jetson/SLAM_WS/install/kinematics:/opt/ros/foxy /usr/bin/cmake --install /home/jetson/SLAM_WS/build/rplidar_ros
[1.831s] -- Install configuration: ""
[1.832s] -- Up-to-date: /home/jetson/SLAM_WS/install/rplidar_ros/share/rplidar_ros/launch
[1.833s] -- Up-to-date: /home/jetson/SLAM_WS/install/rplidar_ros/share/rplidar_ros/launch/view_rplidar_s3_launch.py
[1.833s] -- Up-to-date: /home/jetson/SLAM_WS/install/rplidar_ros/share/rplidar_ros/launch/rplidar_s3_launch.py
[1.834s] -- Up-to-date: /home/jetson/SLAM_WS/install/rplidar_ros/share/rplidar_ros/launch/view_rplidar_s1_tcp_launch.py
[1.835s] -- Up-to-date: /home/jetson/SLAM_WS/install/rplidar_ros/share/rplidar_ros/launch/view_rplidar_a2m8_launch.py
[1.835s] -- Up-to-date: /home/jetson/SLAM_WS/install/rplidar_ros/share/rplidar_ros/launch/rplidar_t1_launch.py
[1.835s] -- Up-to-date: /home/jetson/SLAM_WS/install/rplidar_ros/share/rplidar_ros/launch/view_rplidar_a2m12_launch.py
[1.836s] -- Up-to-date: /home/jetson/SLAM_WS/install/rplidar_ros/share/rplidar_ros/launch/rplidar_a2m12_launch.py
[1.836s] -- Up-to-date: /home/jetson/SLAM_WS/install/rplidar_ros/share/rplidar_ros/launch/rplidar_s2e_launch.py
[1.837s] -- Up-to-date: /home/jetson/SLAM_WS/install/rplidar_ros/share/rplidar_ros/launch/rplidar_s1_tcp_launch.py
[1.837s] -- Up-to-date: /home/jetson/SLAM_WS/install/rplidar_ros/share/rplidar_ros/launch/view_rplidar_t1_launch.py
[1.837s] -- Up-to-date: /home/jetson/SLAM_WS/install/rplidar_ros/share/rplidar_ros/launch/view_rplidar_s2e_launch.py
[1.838s] -- Up-to-date: /home/jetson/SLAM_WS/install/rplidar_ros/share/rplidar_ros/launch/rplidar_a2m8_launch.py
[1.838s] -- Up-to-date: /home/jetson/SLAM_WS/install/rplidar_ros/share/rplidar_ros/launch/rplidar_c1_launch.py
[1.838s] -- Up-to-date: /home/jetson/SLAM_WS/install/rplidar_ros/share/rplidar_ros/launch/rplidar_a2m7_launch.py
[1.839s] -- Up-to-date: /home/jetson/SLAM_WS/install/rplidar_ros/share/rplidar_ros/launch/rplidar_a3_launch.py
[1.839s] -- Up-to-date: /home/jetson/SLAM_WS/install/rplidar_ros/share/rplidar_ros/launch/view_rplidar_s1_launch.py
[1.840s] -- Up-to-date: /home/jetson/SLAM_WS/install/rplidar_ros/share/rplidar_ros/launch/view_rplidar_s2_launch.py
[1.840s] -- Up-to-date: /home/jetson/SLAM_WS/install/rplidar_ros/share/rplidar_ros/launch/view_rplidar_a2m7_launch.py
[1.841s] -- Up-to-date: /home/jetson/SLAM_WS/install/rplidar_ros/share/rplidar_ros/launch/rplidar_s1_launch.py
[1.841s] -- Up-to-date: /home/jetson/SLAM_WS/install/rplidar_ros/share/rplidar_ros/launch/rplidar_s2_launch.py
[1.842s] -- Up-to-date: /home/jetson/SLAM_WS/install/rplidar_ros/share/rplidar_ros/launch/view_rplidar_a3_launch.py
[1.842s] -- Up-to-date: /home/jetson/SLAM_WS/install/rplidar_ros/share/rplidar_ros/launch/view_rplidar_a1_launch.py
[1.843s] -- Up-to-date: /home/jetson/SLAM_WS/install/rplidar_ros/share/rplidar_ros/launch/view_rplidar_c1_launch.py
[1.844s] -- Up-to-date: /home/jetson/SLAM_WS/install/rplidar_ros/share/rplidar_ros/launch/rplidar_a1_launch.py
[1.844s] -- Up-to-date: /home/jetson/SLAM_WS/install/rplidar_ros/share/rplidar_ros/rviz
[1.849s] -- Up-to-date: /home/jetson/SLAM_WS/install/rplidar_ros/share/rplidar_ros/rviz/rplidar_ros.rviz
[1.850s] -- Up-to-date: /home/jetson/SLAM_WS/install/rplidar_ros/lib/rplidar_ros/rplidar_node
[1.851s] -- Up-to-date: /home/jetson/SLAM_WS/install/rplidar_ros/lib/rplidar_ros/rplidar_composition
[1.853s] -- Up-to-date: /home/jetson/SLAM_WS/install/rplidar_ros/lib/rplidar_ros/rplidar_client
[1.857s] -- Up-to-date: /home/jetson/SLAM_WS/install/rplidar_ros/share/ament_index/resource_index/package_run_dependencies/rplidar_ros
[1.858s] -- Up-to-date: /home/jetson/SLAM_WS/install/rplidar_ros/share/ament_index/resource_index/parent_prefix_path/rplidar_ros
[1.858s] -- Up-to-date: /home/jetson/SLAM_WS/install/rplidar_ros/share/rplidar_ros/environment/ament_prefix_path.sh
[1.859s] -- Up-to-date: /home/jetson/SLAM_WS/install/rplidar_ros/share/rplidar_ros/environment/ament_prefix_path.dsv
[1.860s] -- Up-to-date: /home/jetson/SLAM_WS/install/rplidar_ros/share/rplidar_ros/environment/path.sh
[1.862s] -- Up-to-date: /home/jetson/SLAM_WS/install/rplidar_ros/share/rplidar_ros/environment/path.dsv
[1.862s] -- Up-to-date: /home/jetson/SLAM_WS/install/rplidar_ros/share/rplidar_ros/local_setup.bash
[1.863s] -- Up-to-date: /home/jetson/SLAM_WS/install/rplidar_ros/share/rplidar_ros/local_setup.sh
[1.863s] -- Up-to-date: /home/jetson/SLAM_WS/install/rplidar_ros/share/rplidar_ros/local_setup.zsh
[1.864s] -- Up-to-date: /home/jetson/SLAM_WS/install/rplidar_ros/share/rplidar_ros/local_setup.dsv
[1.864s] -- Installing: /home/jetson/SLAM_WS/install/rplidar_ros/share/rplidar_ros/package.dsv
[1.865s] -- Up-to-date: /home/jetson/SLAM_WS/install/rplidar_ros/share/ament_index/resource_index/packages/rplidar_ros
[1.865s] -- Up-to-date: /home/jetson/SLAM_WS/install/rplidar_ros/share/rplidar_ros/cmake/ament_cmake_export_dependencies-extras.cmake
[1.873s] -- Up-to-date: /home/jetson/SLAM_WS/install/rplidar_ros/share/rplidar_ros/cmake/ament_cmake_export_include_directories-extras.cmake
[1.885s] -- Up-to-date: /home/jetson/SLAM_WS/install/rplidar_ros/share/rplidar_ros/cmake/rplidar_rosConfig.cmake
[1.886s] -- Up-to-date: /home/jetson/SLAM_WS/install/rplidar_ros/share/rplidar_ros/cmake/rplidar_rosConfig-version.cmake
[1.887s] -- Up-to-date: /home/jetson/SLAM_WS/install/rplidar_ros/share/rplidar_ros/package.xml
[1.888s] Invoked command in '/home/jetson/SLAM_WS/build/rplidar_ros' returned '0': CMAKE_PREFIX_PATH=${CMAKE_PREFIX_PATH}:/home/jetson/SLAM_WS/install/teleop_omni:/home/jetson/SLAM_WS/install/omnibot_description:/home/jetson/SLAM_WS/install/omni_bot:/home/jetson/SLAM_WS/install/odom:/home/jetson/SLAM_WS/install/kinematics:/opt/ros/foxy /usr/bin/cmake --install /home/jetson/SLAM_WS/build/rplidar_ros
