[6.292s] Invoking command in '/home/jetson/SLAM_WS/src/teleop_omni': PYTHONPATH=/home/jetson/SLAM_WS/build/teleop_omni/prefix_override:/usr/lib/python3/dist-packages/colcon_core/task/python/colcon_distutils_commands:/home/jetson/SLAM_WS/install/teleop_omni/lib/python3.8/site-packages:${PYTHONPATH} /usr/bin/python3 -W ignore:setup.py install is deprecated -W ignore:easy_install command is deprecated setup.py egg_info --egg-base ../../build/teleop_omni build --build-base /home/jetson/SLAM_WS/build/teleop_omni/build install --record /home/jetson/SLAM_WS/build/teleop_omni/install.log --single-version-externally-managed install_data
[7.661s] running egg_info
[7.670s] writing ../../build/teleop_omni/teleop_omni.egg-info/PKG-INFO
[7.671s] writing dependency_links to ../../build/teleop_omni/teleop_omni.egg-info/dependency_links.txt
[7.674s] writing entry points to ../../build/teleop_omni/teleop_omni.egg-info/entry_points.txt
[7.674s] writing requirements to ../../build/teleop_omni/teleop_omni.egg-info/requires.txt
[7.675s] writing top-level names to ../../build/teleop_omni/teleop_omni.egg-info/top_level.txt
[7.679s] reading manifest file '../../build/teleop_omni/teleop_omni.egg-info/SOURCES.txt'
[7.685s] writing manifest file '../../build/teleop_omni/teleop_omni.egg-info/SOURCES.txt'
[7.687s] running build
[7.689s] running build_py
[7.689s] running install
[7.690s] running install_lib
[7.695s] running install_data
[7.695s] running install_egg_info
[7.703s] removing '/home/jetson/SLAM_WS/install/teleop_omni/lib/python3.8/site-packages/teleop_omni-0.0.0-py3.8.egg-info' (and everything under it)
[7.705s] Copying ../../build/teleop_omni/teleop_omni.egg-info to /home/jetson/SLAM_WS/install/teleop_omni/lib/python3.8/site-packages/teleop_omni-0.0.0-py3.8.egg-info
[7.708s] running install_scripts
[7.791s] Installing teleop_keyboard script to /home/jetson/SLAM_WS/install/teleop_omni/lib/teleop_omni
[7.793s] writing list of installed files to '/home/jetson/SLAM_WS/build/teleop_omni/install.log'
