[6.181s] Invoking command in '/home/jetson/SLAM_WS/src/omni_bot': PYTHONPATH=/home/jetson/SLAM_WS/build/omni_bot/prefix_override:/usr/lib/python3/dist-packages/colcon_core/task/python/colcon_distutils_commands:/home/jetson/SLAM_WS/install/omni_bot/lib/python3.8/site-packages:${PYTHONPATH} /usr/bin/python3 -W ignore:setup.py install is deprecated -W ignore:easy_install command is deprecated setup.py egg_info --egg-base ../../build/omni_bot build --build-base /home/jetson/SLAM_WS/build/omni_bot/build install --record /home/jetson/SLAM_WS/build/omni_bot/install.log --single-version-externally-managed install_data
[7.548s] running egg_info
[7.552s] writing ../../build/omni_bot/omni_bot.egg-info/PKG-INFO
[7.552s] writing dependency_links to ../../build/omni_bot/omni_bot.egg-info/dependency_links.txt
[7.553s] writing entry points to ../../build/omni_bot/omni_bot.egg-info/entry_points.txt
[7.553s] writing requirements to ../../build/omni_bot/omni_bot.egg-info/requires.txt
[7.554s] writing top-level names to ../../build/omni_bot/omni_bot.egg-info/top_level.txt
[7.567s] reading manifest file '../../build/omni_bot/omni_bot.egg-info/SOURCES.txt'
[7.572s] writing manifest file '../../build/omni_bot/omni_bot.egg-info/SOURCES.txt'
[7.573s] running build
[7.575s] running build_py
[7.577s] running install
[7.582s] running install_lib
[7.588s] running install_data
[7.591s] running install_egg_info
[7.600s] removing '/home/jetson/SLAM_WS/install/omni_bot/lib/python3.8/site-packages/omni_bot-0.0.0-py3.8.egg-info' (and everything under it)
[7.603s] Copying ../../build/omni_bot/omni_bot.egg-info to /home/jetson/SLAM_WS/install/omni_bot/lib/python3.8/site-packages/omni_bot-0.0.0-py3.8.egg-info
[7.608s] running install_scripts
[7.692s] writing list of installed files to '/home/jetson/SLAM_WS/build/omni_bot/install.log'
[7.806s] Invoked command in '/home/jetson/SLAM_WS/src/omni_bot' returned '0': PYTHONPATH=/home/jetson/SLAM_WS/build/omni_bot/prefix_override:/usr/lib/python3/dist-packages/colcon_core/task/python/colcon_distutils_commands:/home/jetson/SLAM_WS/install/omni_bot/lib/python3.8/site-packages:${PYTHONPATH} /usr/bin/python3 -W ignore:setup.py install is deprecated -W ignore:easy_install command is deprecated setup.py egg_info --egg-base ../../build/omni_bot build --build-base /home/jetson/SLAM_WS/build/omni_bot/build install --record /home/jetson/SLAM_WS/build/omni_bot/install.log --single-version-externally-managed install_data
