[3.220s] Invoking command in '/home/jetson/SLAM_WS/src/odom': PYTHONPATH=/home/jetson/SLAM_WS/build/odom/prefix_override:/usr/lib/python3/dist-packages/colcon_core/task/python/colcon_distutils_commands:/home/jetson/SLAM_WS/install/odom/lib/python3.8/site-packages:${PYTHONPATH} /usr/bin/python3 -W ignore:setup.py install is deprecated -W ignore:easy_install command is deprecated setup.py egg_info --egg-base ../../build/odom build --build-base /home/jetson/SLAM_WS/build/odom/build install --record /home/jetson/SLAM_WS/build/odom/install.log --single-version-externally-managed install_data
[4.492s] running egg_info
[4.494s] writing ../../build/odom/odom.egg-info/PKG-INFO
[4.494s] writing dependency_links to ../../build/odom/odom.egg-info/dependency_links.txt
[4.495s] writing entry points to ../../build/odom/odom.egg-info/entry_points.txt
[4.495s] writing requirements to ../../build/odom/odom.egg-info/requires.txt
[4.496s] writing top-level names to ../../build/odom/odom.egg-info/top_level.txt
[4.509s] reading manifest file '../../build/odom/odom.egg-info/SOURCES.txt'
[4.513s] writing manifest file '../../build/odom/odom.egg-info/SOURCES.txt'
[4.514s] running build
[4.514s] running build_py
[4.515s] copying odom/odom_node.py -> /home/jetson/SLAM_WS/build/odom/build/lib/odom
[4.515s] running install
[4.518s] running install_lib
[4.522s] copying /home/jetson/SLAM_WS/build/odom/build/lib/odom/odom_node.py -> /home/jetson/SLAM_WS/install/odom/lib/python3.8/site-packages/odom
[4.524s] byte-compiling /home/jetson/SLAM_WS/install/odom/lib/python3.8/site-packages/odom/odom_node.py to odom_node.cpython-38.pyc
[4.529s] running install_data
[4.530s] running install_egg_info
[4.538s] removing '/home/jetson/SLAM_WS/install/odom/lib/python3.8/site-packages/odom-0.0.0-py3.8.egg-info' (and everything under it)
[4.539s] Copying ../../build/odom/odom.egg-info to /home/jetson/SLAM_WS/install/odom/lib/python3.8/site-packages/odom-0.0.0-py3.8.egg-info
[4.543s] running install_scripts
[4.618s] Installing odom_node script to /home/jetson/SLAM_WS/install/odom/lib/odom
[4.620s] writing list of installed files to '/home/jetson/SLAM_WS/build/odom/install.log'
[4.720s] Invoked command in '/home/jetson/SLAM_WS/src/odom' returned '0': PYTHONPATH=/home/jetson/SLAM_WS/build/odom/prefix_override:/usr/lib/python3/dist-packages/colcon_core/task/python/colcon_distutils_commands:/home/jetson/SLAM_WS/install/odom/lib/python3.8/site-packages:${PYTHONPATH} /usr/bin/python3 -W ignore:setup.py install is deprecated -W ignore:easy_install command is deprecated setup.py egg_info --egg-base ../../build/odom build --build-base /home/jetson/SLAM_WS/build/odom/build install --record /home/jetson/SLAM_WS/build/odom/install.log --single-version-externally-managed install_data
