[1.319s] DEBUG:colcon:Command line arguments: ['/usr/bin/colcon', 'build', '--packages-select', 'slam_launch']
[1.320s] DEBUG:colcon:Parsed command line arguments: Namespace(allow_overriding=[], ament_cmake_args=None, base_paths=['.'], build_base='build', catkin_cmake_args=None, catkin_skip_building_tests=False, cmake_args=None, cmake_clean_cache=False, cmake_clean_first=False, cmake_force_configure=False, cmake_target=None, cmake_target_skip_unavailable=False, continue_on_error=False, event_handlers=None, executor='parallel', ignore_user_meta=False, install_base='install', log_base=None, log_level=None, main=<bound method BuildVerb.main of <colcon_core.verb.build.BuildVerb object at 0x7f8868cd00>>, merge_install=False, metas=['./colcon.meta'], mixin=None, mixin_files=None, mixin_verb=('build',), packages_above=None, packages_above_and_dependencies=None, packages_above_depth=None, packages_end=None, packages_ignore=None, packages_ignore_regex=None, packages_select=['slam_launch'], packages_select_build_failed=False, packages_select_by_dep=None, packages_select_regex=None, packages_select_test_failures=False, packages_skip=None, packages_skip_build_finished=False, packages_skip_by_dep=None, packages_skip_regex=None, packages_skip_test_passed=False, packages_skip_up_to=None, packages_start=None, packages_up_to=None, packages_up_to_regex=None, parallel_workers=4, paths=None, symlink_install=False, test_result_base=None, verb_extension=<colcon_core.verb.build.BuildVerb object at 0x7f8868cd00>, verb_name='build', verb_parser=<colcon_mixin.mixin.mixin_argument.MixinArgumentDecorator object at 0x7f8856d3a0>)
[2.612s] Level 1:colcon.colcon_core.package_discovery:discover_packages(colcon_meta) check parameters
[2.613s] Level 1:colcon.colcon_core.package_discovery:discover_packages(recursive) check parameters
[2.614s] Level 1:colcon.colcon_core.package_discovery:discover_packages(ignore) check parameters
[2.614s] Level 1:colcon.colcon_core.package_discovery:discover_packages(path) check parameters
[2.614s] Level 1:colcon.colcon_core.package_discovery:discover_packages(colcon_meta) discover
[2.615s] Level 1:colcon.colcon_core.package_discovery:discover_packages(recursive) discover
[2.616s] INFO:colcon.colcon_core.package_discovery:Crawling recursively for packages in '/home/jetson/SLAM_WS'
[2.616s] Level 1:colcon.colcon_core.package_identification:_identify(.) by extensions ['ignore', 'ignore_ament_install']
[2.617s] Level 1:colcon.colcon_core.package_identification:_identify(.) by extension 'ignore'
[2.618s] Level 1:colcon.colcon_core.package_identification:_identify(.) by extension 'ignore_ament_install'
[2.619s] Level 1:colcon.colcon_core.package_identification:_identify(.) by extensions ['colcon_pkg']
[2.619s] Level 1:colcon.colcon_core.package_identification:_identify(.) by extension 'colcon_pkg'
[2.620s] Level 1:colcon.colcon_core.package_identification:_identify(.) by extensions ['colcon_meta']
[2.620s] Level 1:colcon.colcon_core.package_identification:_identify(.) by extension 'colcon_meta'
[2.621s] Level 1:colcon.colcon_core.package_identification:_identify(.) by extensions ['ros']
[2.621s] Level 1:colcon.colcon_core.package_identification:_identify(.) by extension 'ros'
[2.727s] Level 1:colcon.colcon_core.package_identification:_identify(.) by extensions ['cmake', 'python']
[2.728s] Level 1:colcon.colcon_core.package_identification:_identify(.) by extension 'cmake'
[2.729s] Level 1:colcon.colcon_core.package_identification:_identify(.) by extension 'python'
[2.729s] Level 1:colcon.colcon_core.package_identification:_identify(.) by extensions ['python_setup_py']
[2.730s] Level 1:colcon.colcon_core.package_identification:_identify(.) by extension 'python_setup_py'
[2.731s] Level 1:colcon.colcon_core.package_identification:_identify(build) by extensions ['ignore', 'ignore_ament_install']
[2.733s] Level 1:colcon.colcon_core.package_identification:_identify(build) by extension 'ignore'
[2.734s] Level 1:colcon.colcon_core.package_identification:_identify(build) ignored
[2.734s] Level 1:colcon.colcon_core.package_identification:_identify(install) by extensions ['ignore', 'ignore_ament_install']
[2.735s] Level 1:colcon.colcon_core.package_identification:_identify(install) by extension 'ignore'
[2.735s] Level 1:colcon.colcon_core.package_identification:_identify(install) ignored
[2.737s] Level 1:colcon.colcon_core.package_identification:_identify(log) by extensions ['ignore', 'ignore_ament_install']
[2.738s] Level 1:colcon.colcon_core.package_identification:_identify(log) by extension 'ignore'
[2.738s] Level 1:colcon.colcon_core.package_identification:_identify(log) ignored
[2.739s] Level 1:colcon.colcon_core.package_identification:_identify(src) by extensions ['ignore', 'ignore_ament_install']
[2.740s] Level 1:colcon.colcon_core.package_identification:_identify(src) by extension 'ignore'
[2.741s] Level 1:colcon.colcon_core.package_identification:_identify(src) by extension 'ignore_ament_install'
[2.741s] Level 1:colcon.colcon_core.package_identification:_identify(src) by extensions ['colcon_pkg']
[2.741s] Level 1:colcon.colcon_core.package_identification:_identify(src) by extension 'colcon_pkg'
[2.742s] Level 1:colcon.colcon_core.package_identification:_identify(src) by extensions ['colcon_meta']
[2.742s] Level 1:colcon.colcon_core.package_identification:_identify(src) by extension 'colcon_meta'
[2.742s] Level 1:colcon.colcon_core.package_identification:_identify(src) by extensions ['ros']
[2.742s] Level 1:colcon.colcon_core.package_identification:_identify(src) by extension 'ros'
[2.743s] Level 1:colcon.colcon_core.package_identification:_identify(src) by extensions ['cmake', 'python']
[2.743s] Level 1:colcon.colcon_core.package_identification:_identify(src) by extension 'cmake'
[2.743s] Level 1:colcon.colcon_core.package_identification:_identify(src) by extension 'python'
[2.743s] Level 1:colcon.colcon_core.package_identification:_identify(src) by extensions ['python_setup_py']
[2.743s] Level 1:colcon.colcon_core.package_identification:_identify(src) by extension 'python_setup_py'
[2.744s] Level 1:colcon.colcon_core.package_identification:_identify(src/build) by extensions ['ignore', 'ignore_ament_install']
[2.744s] Level 1:colcon.colcon_core.package_identification:_identify(src/build) by extension 'ignore'
[2.745s] Level 1:colcon.colcon_core.package_identification:_identify(src/build) ignored
[2.745s] Level 1:colcon.colcon_core.package_identification:_identify(src/install) by extensions ['ignore', 'ignore_ament_install']
[2.746s] Level 1:colcon.colcon_core.package_identification:_identify(src/install) by extension 'ignore'
[2.746s] Level 1:colcon.colcon_core.package_identification:_identify(src/install) ignored
[2.747s] Level 1:colcon.colcon_core.package_identification:_identify(src/kinematics) by extensions ['ignore', 'ignore_ament_install']
[2.748s] Level 1:colcon.colcon_core.package_identification:_identify(src/kinematics) by extension 'ignore'
[2.748s] Level 1:colcon.colcon_core.package_identification:_identify(src/kinematics) by extension 'ignore_ament_install'
[2.749s] Level 1:colcon.colcon_core.package_identification:_identify(src/kinematics) by extensions ['colcon_pkg']
[2.749s] Level 1:colcon.colcon_core.package_identification:_identify(src/kinematics) by extension 'colcon_pkg'
[2.750s] Level 1:colcon.colcon_core.package_identification:_identify(src/kinematics) by extensions ['colcon_meta']
[2.750s] Level 1:colcon.colcon_core.package_identification:_identify(src/kinematics) by extension 'colcon_meta'
[2.751s] Level 1:colcon.colcon_core.package_identification:_identify(src/kinematics) by extensions ['ros']
[2.751s] Level 1:colcon.colcon_core.package_identification:_identify(src/kinematics) by extension 'ros'
[2.763s] DEBUG:colcon.colcon_core.package_identification:Package 'src/kinematics' with type 'ros.ament_python' and name 'kinematics'
[2.764s] Level 1:colcon.colcon_core.package_identification:_identify(src/log) by extensions ['ignore', 'ignore_ament_install']
[2.765s] Level 1:colcon.colcon_core.package_identification:_identify(src/log) by extension 'ignore'
[2.765s] Level 1:colcon.colcon_core.package_identification:_identify(src/log) ignored
[2.766s] Level 1:colcon.colcon_core.package_identification:_identify(src/odom) by extensions ['ignore', 'ignore_ament_install']
[2.766s] Level 1:colcon.colcon_core.package_identification:_identify(src/odom) by extension 'ignore'
[2.766s] Level 1:colcon.colcon_core.package_identification:_identify(src/odom) by extension 'ignore_ament_install'
[2.767s] Level 1:colcon.colcon_core.package_identification:_identify(src/odom) by extensions ['colcon_pkg']
[2.767s] Level 1:colcon.colcon_core.package_identification:_identify(src/odom) by extension 'colcon_pkg'
[2.767s] Level 1:colcon.colcon_core.package_identification:_identify(src/odom) by extensions ['colcon_meta']
[2.768s] Level 1:colcon.colcon_core.package_identification:_identify(src/odom) by extension 'colcon_meta'
[2.768s] Level 1:colcon.colcon_core.package_identification:_identify(src/odom) by extensions ['ros']
[2.768s] Level 1:colcon.colcon_core.package_identification:_identify(src/odom) by extension 'ros'
[2.773s] DEBUG:colcon.colcon_core.package_identification:Package 'src/odom' with type 'ros.ament_python' and name 'odom'
[2.774s] Level 1:colcon.colcon_core.package_identification:_identify(src/omni_bot) by extensions ['ignore', 'ignore_ament_install']
[2.775s] Level 1:colcon.colcon_core.package_identification:_identify(src/omni_bot) by extension 'ignore'
[2.776s] Level 1:colcon.colcon_core.package_identification:_identify(src/omni_bot) by extension 'ignore_ament_install'
[2.776s] Level 1:colcon.colcon_core.package_identification:_identify(src/omni_bot) by extensions ['colcon_pkg']
[2.777s] Level 1:colcon.colcon_core.package_identification:_identify(src/omni_bot) by extension 'colcon_pkg'
[2.777s] Level 1:colcon.colcon_core.package_identification:_identify(src/omni_bot) by extensions ['colcon_meta']
[2.778s] Level 1:colcon.colcon_core.package_identification:_identify(src/omni_bot) by extension 'colcon_meta'
[2.778s] Level 1:colcon.colcon_core.package_identification:_identify(src/omni_bot) by extensions ['ros']
[2.779s] Level 1:colcon.colcon_core.package_identification:_identify(src/omni_bot) by extension 'ros'
[2.783s] DEBUG:colcon.colcon_core.package_identification:Package 'src/omni_bot' with type 'ros.ament_python' and name 'omni_bot'
[2.784s] Level 1:colcon.colcon_core.package_identification:_identify(src/omnibot_description) by extensions ['ignore', 'ignore_ament_install']
[2.784s] Level 1:colcon.colcon_core.package_identification:_identify(src/omnibot_description) by extension 'ignore'
[2.785s] Level 1:colcon.colcon_core.package_identification:_identify(src/omnibot_description) by extension 'ignore_ament_install'
[2.786s] Level 1:colcon.colcon_core.package_identification:_identify(src/omnibot_description) by extensions ['colcon_pkg']
[2.787s] Level 1:colcon.colcon_core.package_identification:_identify(src/omnibot_description) by extension 'colcon_pkg'
[2.787s] Level 1:colcon.colcon_core.package_identification:_identify(src/omnibot_description) by extensions ['colcon_meta']
[2.787s] Level 1:colcon.colcon_core.package_identification:_identify(src/omnibot_description) by extension 'colcon_meta'
[2.788s] Level 1:colcon.colcon_core.package_identification:_identify(src/omnibot_description) by extensions ['ros']
[2.788s] Level 1:colcon.colcon_core.package_identification:_identify(src/omnibot_description) by extension 'ros'
[2.792s] DEBUG:colcon.colcon_core.package_identification:Package 'src/omnibot_description' with type 'ros.ament_python' and name 'omnibot_description'
[2.793s] Level 1:colcon.colcon_core.package_identification:_identify(src/rplidar_ros) by extensions ['ignore', 'ignore_ament_install']
[2.794s] Level 1:colcon.colcon_core.package_identification:_identify(src/rplidar_ros) by extension 'ignore'
[2.795s] Level 1:colcon.colcon_core.package_identification:_identify(src/rplidar_ros) by extension 'ignore_ament_install'
[2.795s] Level 1:colcon.colcon_core.package_identification:_identify(src/rplidar_ros) by extensions ['colcon_pkg']
[2.796s] Level 1:colcon.colcon_core.package_identification:_identify(src/rplidar_ros) by extension 'colcon_pkg'
[2.797s] Level 1:colcon.colcon_core.package_identification:_identify(src/rplidar_ros) by extensions ['colcon_meta']
[2.797s] Level 1:colcon.colcon_core.package_identification:_identify(src/rplidar_ros) by extension 'colcon_meta'
[2.798s] Level 1:colcon.colcon_core.package_identification:_identify(src/rplidar_ros) by extensions ['ros']
[2.799s] Level 1:colcon.colcon_core.package_identification:_identify(src/rplidar_ros) by extension 'ros'
[2.802s] DEBUG:colcon.colcon_core.package_identification:Package 'src/rplidar_ros' with type 'ros.ament_cmake' and name 'rplidar_ros'
[2.803s] Level 1:colcon.colcon_core.package_identification:_identify(src/slam_launch) by extensions ['ignore', 'ignore_ament_install']
[2.803s] Level 1:colcon.colcon_core.package_identification:_identify(src/slam_launch) by extension 'ignore'
[2.804s] Level 1:colcon.colcon_core.package_identification:_identify(src/slam_launch) by extension 'ignore_ament_install'
[2.804s] Level 1:colcon.colcon_core.package_identification:_identify(src/slam_launch) by extensions ['colcon_pkg']
[2.805s] Level 1:colcon.colcon_core.package_identification:_identify(src/slam_launch) by extension 'colcon_pkg'
[2.805s] Level 1:colcon.colcon_core.package_identification:_identify(src/slam_launch) by extensions ['colcon_meta']
[2.806s] Level 1:colcon.colcon_core.package_identification:_identify(src/slam_launch) by extension 'colcon_meta'
[2.806s] Level 1:colcon.colcon_core.package_identification:_identify(src/slam_launch) by extensions ['ros']
[2.806s] Level 1:colcon.colcon_core.package_identification:_identify(src/slam_launch) by extension 'ros'
[2.815s] DEBUG:colcon.colcon_core.package_identification:Package 'src/slam_launch' with type 'ros.ament_python' and name 'slam_launch'
[2.816s] Level 1:colcon.colcon_core.package_identification:_identify(src/teleop_omni) by extensions ['ignore', 'ignore_ament_install']
[2.816s] Level 1:colcon.colcon_core.package_identification:_identify(src/teleop_omni) by extension 'ignore'
[2.817s] Level 1:colcon.colcon_core.package_identification:_identify(src/teleop_omni) by extension 'ignore_ament_install'
[2.818s] Level 1:colcon.colcon_core.package_identification:_identify(src/teleop_omni) by extensions ['colcon_pkg']
[2.818s] Level 1:colcon.colcon_core.package_identification:_identify(src/teleop_omni) by extension 'colcon_pkg'
[2.819s] Level 1:colcon.colcon_core.package_identification:_identify(src/teleop_omni) by extensions ['colcon_meta']
[2.819s] Level 1:colcon.colcon_core.package_identification:_identify(src/teleop_omni) by extension 'colcon_meta'
[2.819s] Level 1:colcon.colcon_core.package_identification:_identify(src/teleop_omni) by extensions ['ros']
[2.820s] Level 1:colcon.colcon_core.package_identification:_identify(src/teleop_omni) by extension 'ros'
[2.823s] DEBUG:colcon.colcon_core.package_identification:Package 'src/teleop_omni' with type 'ros.ament_python' and name 'teleop_omni'
[2.823s] Level 1:colcon.colcon_core.package_discovery:discover_packages(recursive) using defaults
[2.824s] Level 1:colcon.colcon_core.package_discovery:discover_packages(ignore) discover
[2.824s] Level 1:colcon.colcon_core.package_discovery:discover_packages(ignore) using defaults
[2.825s] Level 1:colcon.colcon_core.package_discovery:discover_packages(path) discover
[2.825s] Level 1:colcon.colcon_core.package_discovery:discover_packages(path) using defaults
[2.946s] INFO:colcon.colcon_core.package_selection:Skipping not selected package 'kinematics' in 'src/kinematics'
[2.946s] INFO:colcon.colcon_core.package_selection:Skipping not selected package 'odom' in 'src/odom'
[2.947s] INFO:colcon.colcon_core.package_selection:Skipping not selected package 'omni_bot' in 'src/omni_bot'
[2.947s] INFO:colcon.colcon_core.package_selection:Skipping not selected package 'omnibot_description' in 'src/omnibot_description'
[2.947s] INFO:colcon.colcon_core.package_selection:Skipping not selected package 'rplidar_ros' in 'src/rplidar_ros'
[2.948s] INFO:colcon.colcon_core.package_selection:Skipping not selected package 'teleop_omni' in 'src/teleop_omni'
[2.950s] Level 1:colcon.colcon_core.package_discovery:discover_packages(prefix_path) check parameters
[2.950s] Level 1:colcon.colcon_core.package_discovery:discover_packages(prefix_path) discover
[2.964s] DEBUG:colcon.colcon_installed_package_information.package_discovery:Found 7 installed packages in /home/jetson/SLAM_WS/install
[2.975s] DEBUG:colcon.colcon_installed_package_information.package_discovery:Found 290 installed packages in /opt/ros/foxy
[2.987s] Level 1:colcon.colcon_core.package_discovery:discover_packages(prefix_path) using defaults
[3.420s] Level 5:colcon.colcon_core.verb:set package 'slam_launch' build argument 'cmake_args' from command line to 'None'
[3.421s] Level 5:colcon.colcon_core.verb:set package 'slam_launch' build argument 'cmake_target' from command line to 'None'
[3.421s] Level 5:colcon.colcon_core.verb:set package 'slam_launch' build argument 'cmake_target_skip_unavailable' from command line to 'False'
[3.422s] Level 5:colcon.colcon_core.verb:set package 'slam_launch' build argument 'cmake_clean_cache' from command line to 'False'
[3.422s] Level 5:colcon.colcon_core.verb:set package 'slam_launch' build argument 'cmake_clean_first' from command line to 'False'
[3.423s] Level 5:colcon.colcon_core.verb:set package 'slam_launch' build argument 'cmake_force_configure' from command line to 'False'
[3.423s] Level 5:colcon.colcon_core.verb:set package 'slam_launch' build argument 'ament_cmake_args' from command line to 'None'
[3.424s] Level 5:colcon.colcon_core.verb:set package 'slam_launch' build argument 'catkin_cmake_args' from command line to 'None'
[3.424s] Level 5:colcon.colcon_core.verb:set package 'slam_launch' build argument 'catkin_skip_building_tests' from command line to 'False'
[3.425s] DEBUG:colcon.colcon_core.verb:Building package 'slam_launch' with the following arguments: {'ament_cmake_args': None, 'build_base': '/home/jetson/SLAM_WS/build/slam_launch', 'catkin_cmake_args': None, 'catkin_skip_building_tests': False, 'cmake_args': None, 'cmake_clean_cache': False, 'cmake_clean_first': False, 'cmake_force_configure': False, 'cmake_target': None, 'cmake_target_skip_unavailable': False, 'install_base': '/home/jetson/SLAM_WS/install/slam_launch', 'merge_install': False, 'path': '/home/jetson/SLAM_WS/src/slam_launch', 'symlink_install': False, 'test_result_base': None}
[3.426s] INFO:colcon.colcon_core.executor:Executing jobs using 'parallel' executor
[3.431s] DEBUG:colcon.colcon_parallel_executor.executor.parallel:run_until_complete
[3.431s] INFO:colcon.colcon_ros.task.ament_python.build:Building ROS package in '/home/jetson/SLAM_WS/src/slam_launch' with build type 'ament_python'
[3.432s] Level 1:colcon.colcon_core.shell:create_environment_hook('slam_launch', 'ament_prefix_path')
[3.442s] INFO:colcon.colcon_core.plugin_system:Skipping extension 'colcon_core.shell.bat': Not used on non-Windows systems
[3.448s] INFO:colcon.colcon_core.shell:Creating environment hook '/home/jetson/SLAM_WS/install/slam_launch/share/slam_launch/hook/ament_prefix_path.ps1'
[3.452s] INFO:colcon.colcon_core.shell:Creating environment descriptor '/home/jetson/SLAM_WS/install/slam_launch/share/slam_launch/hook/ament_prefix_path.dsv'
[3.455s] INFO:colcon.colcon_core.shell:Creating environment hook '/home/jetson/SLAM_WS/install/slam_launch/share/slam_launch/hook/ament_prefix_path.sh'
[3.461s] INFO:colcon.colcon_core.shell:Skip shell extension 'powershell' for command environment: Not usable outside of PowerShell
[3.462s] DEBUG:colcon.colcon_core.shell:Skip shell extension 'dsv' for command environment
[5.317s] INFO:colcon.colcon_core.task.python.build:Building Python package in '/home/jetson/SLAM_WS/src/slam_launch'
[5.319s] INFO:colcon.colcon_core.shell:Skip shell extension 'powershell' for command environment: Not usable outside of PowerShell
[5.319s] DEBUG:colcon.colcon_core.shell:Skip shell extension 'dsv' for command environment
[7.860s] DEBUG:colcon.colcon_core.event_handler.log_command:Invoking command in '/home/jetson/SLAM_WS/src/slam_launch': AMENT_PREFIX_PATH=/home/jetson/SLAM_WS/install/odom:/home/jetson/SLAM_WS/install/kinematics:/home/jetson/SLAM_WS/install/teleop_omni:/home/jetson/SLAM_WS/install/slam_launch:/home/jetson/SLAM_WS/install/rplidar_ros:/home/jetson/SLAM_WS/install/omnibot_description:/home/jetson/SLAM_WS/install/omni_bot:/opt/ros/foxy PYTHONPATH=/home/jetson/SLAM_WS/build/slam_launch/prefix_override:/usr/lib/python3/dist-packages/colcon_core/task/python/colcon_distutils_commands:/home/jetson/SLAM_WS/install/slam_launch/lib/python3.8/site-packages:/home/jetson/SLAM_WS/install/odom/lib/python3.8/site-packages:/home/jetson/SLAM_WS/install/kinematics/lib/python3.8/site-packages:/home/jetson/SLAM_WS/install/teleop_omni/lib/python3.8/site-packages:/home/jetson/SLAM_WS/install/slam_launch/lib/python3.8/site-packages:/home/jetson/SLAM_WS/install/omnibot_description/lib/python3.8/site-packages:/home/jetson/SLAM_WS/install/omni_bot/lib/python3.8/site-packages:/opt/ros/foxy/lib/python3.8/site-packages /usr/bin/python3 -W ignore:setup.py install is deprecated -W ignore:easy_install command is deprecated setup.py egg_info --egg-base ../../build/slam_launch build --build-base /home/jetson/SLAM_WS/build/slam_launch/build install --record /home/jetson/SLAM_WS/build/slam_launch/install.log --single-version-externally-managed install_data
[9.905s] DEBUG:colcon.colcon_core.event_handler.log_command:Invoked command in '/home/jetson/SLAM_WS/src/slam_launch' returned '0': AMENT_PREFIX_PATH=/home/jetson/SLAM_WS/install/odom:/home/jetson/SLAM_WS/install/kinematics:/home/jetson/SLAM_WS/install/teleop_omni:/home/jetson/SLAM_WS/install/slam_launch:/home/jetson/SLAM_WS/install/rplidar_ros:/home/jetson/SLAM_WS/install/omnibot_description:/home/jetson/SLAM_WS/install/omni_bot:/opt/ros/foxy PYTHONPATH=/home/jetson/SLAM_WS/build/slam_launch/prefix_override:/usr/lib/python3/dist-packages/colcon_core/task/python/colcon_distutils_commands:/home/jetson/SLAM_WS/install/slam_launch/lib/python3.8/site-packages:/home/jetson/SLAM_WS/install/odom/lib/python3.8/site-packages:/home/jetson/SLAM_WS/install/kinematics/lib/python3.8/site-packages:/home/jetson/SLAM_WS/install/teleop_omni/lib/python3.8/site-packages:/home/jetson/SLAM_WS/install/slam_launch/lib/python3.8/site-packages:/home/jetson/SLAM_WS/install/omnibot_description/lib/python3.8/site-packages:/home/jetson/SLAM_WS/install/omni_bot/lib/python3.8/site-packages:/opt/ros/foxy/lib/python3.8/site-packages /usr/bin/python3 -W ignore:setup.py install is deprecated -W ignore:easy_install command is deprecated setup.py egg_info --egg-base ../../build/slam_launch build --build-base /home/jetson/SLAM_WS/build/slam_launch/build install --record /home/jetson/SLAM_WS/build/slam_launch/install.log --single-version-externally-managed install_data
[9.915s] Level 1:colcon.colcon_core.environment:checking '/home/jetson/SLAM_WS/install/slam_launch' for CMake module files
[9.920s] Level 1:colcon.colcon_core.environment:checking '/home/jetson/SLAM_WS/install/slam_launch' for CMake config files
[9.923s] Level 1:colcon.colcon_core.environment:checking '/home/jetson/SLAM_WS/install/slam_launch/lib'
[9.924s] Level 1:colcon.colcon_core.environment:checking '/home/jetson/SLAM_WS/install/slam_launch/bin'
[9.924s] Level 1:colcon.colcon_core.environment:checking '/home/jetson/SLAM_WS/install/slam_launch/lib/pkgconfig/slam_launch.pc'
[9.926s] Level 1:colcon.colcon_core.environment:checking '/home/jetson/SLAM_WS/install/slam_launch/lib/python3.8/site-packages'
[9.926s] Level 1:colcon.colcon_core.shell:create_environment_hook('slam_launch', 'pythonpath')
[9.927s] INFO:colcon.colcon_core.shell:Creating environment hook '/home/jetson/SLAM_WS/install/slam_launch/share/slam_launch/hook/pythonpath.ps1'
[9.930s] INFO:colcon.colcon_core.shell:Creating environment descriptor '/home/jetson/SLAM_WS/install/slam_launch/share/slam_launch/hook/pythonpath.dsv'
[9.931s] INFO:colcon.colcon_core.shell:Creating environment hook '/home/jetson/SLAM_WS/install/slam_launch/share/slam_launch/hook/pythonpath.sh'
[9.934s] Level 1:colcon.colcon_core.environment:checking '/home/jetson/SLAM_WS/install/slam_launch/bin'
[9.935s] Level 1:colcon.colcon_core.environment:create_environment_scripts_only(slam_launch)
[9.937s] INFO:colcon.colcon_core.shell:Creating package script '/home/jetson/SLAM_WS/install/slam_launch/share/slam_launch/package.ps1'
[9.942s] INFO:colcon.colcon_core.shell:Creating package descriptor '/home/jetson/SLAM_WS/install/slam_launch/share/slam_launch/package.dsv'
[9.946s] INFO:colcon.colcon_core.shell:Creating package script '/home/jetson/SLAM_WS/install/slam_launch/share/slam_launch/package.sh'
[9.951s] INFO:colcon.colcon_core.shell:Creating package script '/home/jetson/SLAM_WS/install/slam_launch/share/slam_launch/package.bash'
[9.958s] INFO:colcon.colcon_core.shell:Creating package script '/home/jetson/SLAM_WS/install/slam_launch/share/slam_launch/package.zsh'
[9.963s] Level 1:colcon.colcon_core.environment:create_file_with_runtime_dependencies(/home/jetson/SLAM_WS/install/slam_launch/share/colcon-core/packages/slam_launch)
[9.967s] DEBUG:colcon.colcon_parallel_executor.executor.parallel:closing loop
[9.967s] DEBUG:colcon.colcon_parallel_executor.executor.parallel:loop closed
[9.968s] DEBUG:colcon.colcon_parallel_executor.executor.parallel:run_until_complete finished with '0'
[9.968s] DEBUG:colcon.colcon_core.event_reactor:joining thread
[10.002s] INFO:colcon.colcon_core.plugin_system:Skipping extension 'colcon_notification.desktop_notification.terminal_notifier': Not used on non-Darwin systems
[10.003s] INFO:colcon.colcon_core.plugin_system:Skipping extension 'colcon_notification.desktop_notification.win32': Not used on non-Windows systems
[10.003s] INFO:colcon.colcon_notification.desktop_notification:Sending desktop notification using 'notify2'
[10.069s] DEBUG:colcon.colcon_core.event_reactor:joined thread
[10.071s] INFO:colcon.colcon_core.shell:Creating prefix script '/home/jetson/SLAM_WS/install/local_setup.ps1'
[10.080s] INFO:colcon.colcon_core.shell:Creating prefix util module '/home/jetson/SLAM_WS/install/_local_setup_util_ps1.py'
[10.090s] INFO:colcon.colcon_core.shell:Creating prefix chain script '/home/jetson/SLAM_WS/install/setup.ps1'
[10.110s] INFO:colcon.colcon_core.shell:Creating prefix script '/home/jetson/SLAM_WS/install/local_setup.sh'
[10.126s] INFO:colcon.colcon_core.shell:Creating prefix util module '/home/jetson/SLAM_WS/install/_local_setup_util_sh.py'
[10.131s] INFO:colcon.colcon_core.shell:Creating prefix chain script '/home/jetson/SLAM_WS/install/setup.sh'
[10.139s] INFO:colcon.colcon_core.shell:Creating prefix script '/home/jetson/SLAM_WS/install/local_setup.bash'
[10.144s] INFO:colcon.colcon_core.shell:Creating prefix chain script '/home/jetson/SLAM_WS/install/setup.bash'
[10.152s] INFO:colcon.colcon_core.shell:Creating prefix script '/home/jetson/SLAM_WS/install/local_setup.zsh'
[10.155s] INFO:colcon.colcon_core.shell:Creating prefix chain script '/home/jetson/SLAM_WS/install/setup.zsh'
