[5.882s] Invoking command in '/home/jetson/SLAM_WS/src/odom': PYTHONPATH=/home/jetson/SLAM_WS/build/odom/prefix_override:/usr/lib/python3/dist-packages/colcon_core/task/python/colcon_distutils_commands:/home/jetson/SLAM_WS/install/odom/lib/python3.8/site-packages:${PYTHONPATH} /usr/bin/python3 -W ignore:setup.py install is deprecated -W ignore:easy_install command is deprecated setup.py egg_info --egg-base ../../build/odom build --build-base /home/jetson/SLAM_WS/build/odom/build install --record /home/jetson/SLAM_WS/build/odom/install.log --single-version-externally-managed install_data
[7.367s] running egg_info
[7.377s] creating ../../build/odom/odom.egg-info
[7.378s] writing ../../build/odom/odom.egg-info/PKG-INFO
[7.382s] writing dependency_links to ../../build/odom/odom.egg-info/dependency_links.txt
[7.389s] writing entry points to ../../build/odom/odom.egg-info/entry_points.txt
[7.389s] writing requirements to ../../build/odom/odom.egg-info/requires.txt
[7.390s] writing top-level names to ../../build/odom/odom.egg-info/top_level.txt
[7.392s] writing manifest file '../../build/odom/odom.egg-info/SOURCES.txt'
[7.409s] reading manifest file '../../build/odom/odom.egg-info/SOURCES.txt'
[7.410s] writing manifest file '../../build/odom/odom.egg-info/SOURCES.txt'
[7.411s] running build
[7.411s] running build_py
[7.412s] creating /home/jetson/SLAM_WS/build/odom/build
[7.412s] creating /home/jetson/SLAM_WS/build/odom/build/lib
[7.413s] creating /home/jetson/SLAM_WS/build/odom/build/lib/odom
[7.413s] copying odom/odom_node.py -> /home/jetson/SLAM_WS/build/odom/build/lib/odom
[7.413s] copying odom/__init__.py -> /home/jetson/SLAM_WS/build/odom/build/lib/odom
[7.414s] running install
[7.423s] running install_lib
[7.424s] creating /home/jetson/SLAM_WS/install/odom/lib/python3.8/site-packages/odom
[7.425s] copying /home/jetson/SLAM_WS/build/odom/build/lib/odom/odom_node.py -> /home/jetson/SLAM_WS/install/odom/lib/python3.8/site-packages/odom
[7.425s] copying /home/jetson/SLAM_WS/build/odom/build/lib/odom/__init__.py -> /home/jetson/SLAM_WS/install/odom/lib/python3.8/site-packages/odom
[7.426s] byte-compiling /home/jetson/SLAM_WS/install/odom/lib/python3.8/site-packages/odom/odom_node.py to odom_node.cpython-38.pyc
[7.427s] byte-compiling /home/jetson/SLAM_WS/install/odom/lib/python3.8/site-packages/odom/__init__.py to __init__.cpython-38.pyc
[7.428s] running install_data
[7.428s] creating /home/jetson/SLAM_WS/install/odom/share/ament_index
[7.430s] creating /home/jetson/SLAM_WS/install/odom/share/ament_index/resource_index
[7.436s] creating /home/jetson/SLAM_WS/install/odom/share/ament_index/resource_index/packages
[7.437s] copying resource/odom -> /home/jetson/SLAM_WS/install/odom/share/ament_index/resource_index/packages
[7.437s] copying package.xml -> /home/jetson/SLAM_WS/install/odom/share/odom
[7.438s] creating /home/jetson/SLAM_WS/install/odom/share/odom/launch
[7.438s] copying launch/odom.launch.py -> /home/jetson/SLAM_WS/install/odom/share/odom/launch
[7.439s] running install_egg_info
[7.441s] Copying ../../build/odom/odom.egg-info to /home/jetson/SLAM_WS/install/odom/lib/python3.8/site-packages/odom-0.0.0-py3.8.egg-info
[7.446s] running install_scripts
[7.557s] Installing odom_node script to /home/jetson/SLAM_WS/install/odom/lib/odom
[7.559s] writing list of installed files to '/home/jetson/SLAM_WS/build/odom/install.log'
[7.722s] Invoked command in '/home/jetson/SLAM_WS/src/odom' returned '0': PYTHONPATH=/home/jetson/SLAM_WS/build/odom/prefix_override:/usr/lib/python3/dist-packages/colcon_core/task/python/colcon_distutils_commands:/home/jetson/SLAM_WS/install/odom/lib/python3.8/site-packages:${PYTHONPATH} /usr/bin/python3 -W ignore:setup.py install is deprecated -W ignore:easy_install command is deprecated setup.py egg_info --egg-base ../../build/odom build --build-base /home/jetson/SLAM_WS/build/odom/build install --record /home/jetson/SLAM_WS/build/odom/install.log --single-version-externally-managed install_data
