[6.083s] Invoking command in '/home/jetson/SLAM_WS/src/omni_bot': PYTHONPATH=/home/jetson/SLAM_WS/build/omni_bot/prefix_override:/usr/lib/python3/dist-packages/colcon_core/task/python/colcon_distutils_commands:/home/jetson/SLAM_WS/install/omni_bot/lib/python3.8/site-packages:${PYTHONPATH} /usr/bin/python3 -W ignore:setup.py install is deprecated -W ignore:easy_install command is deprecated setup.py egg_info --egg-base ../../build/omni_bot build --build-base /home/jetson/SLAM_WS/build/omni_bot/build install --record /home/jetson/SLAM_WS/build/omni_bot/install.log --single-version-externally-managed install_data
[7.393s] running egg_info
[7.397s] writing ../../build/omni_bot/omni_bot.egg-info/PKG-INFO
[7.397s] writing dependency_links to ../../build/omni_bot/omni_bot.egg-info/dependency_links.txt
[7.398s] writing entry points to ../../build/omni_bot/omni_bot.egg-info/entry_points.txt
[7.400s] writing requirements to ../../build/omni_bot/omni_bot.egg-info/requires.txt
[7.401s] writing top-level names to ../../build/omni_bot/omni_bot.egg-info/top_level.txt
[7.416s] reading manifest file '../../build/omni_bot/omni_bot.egg-info/SOURCES.txt'
[7.420s] writing manifest file '../../build/omni_bot/omni_bot.egg-info/SOURCES.txt'
[7.421s] running build
[7.422s] running build_py
[7.424s] running install
[7.428s] running install_lib
[7.434s] running install_data
[7.435s] running install_egg_info
[7.444s] removing '/home/jetson/SLAM_WS/install/omni_bot/lib/python3.8/site-packages/omni_bot-0.0.0-py3.8.egg-info' (and everything under it)
[7.445s] Copying ../../build/omni_bot/omni_bot.egg-info to /home/jetson/SLAM_WS/install/omni_bot/lib/python3.8/site-packages/omni_bot-0.0.0-py3.8.egg-info
[7.449s] running install_scripts
[7.538s] writing list of installed files to '/home/jetson/SLAM_WS/build/omni_bot/install.log'
[7.665s] Invoked command in '/home/jetson/SLAM_WS/src/omni_bot' returned '0': PYTHONPATH=/home/jetson/SLAM_WS/build/omni_bot/prefix_override:/usr/lib/python3/dist-packages/colcon_core/task/python/colcon_distutils_commands:/home/jetson/SLAM_WS/install/omni_bot/lib/python3.8/site-packages:${PYTHONPATH} /usr/bin/python3 -W ignore:setup.py install is deprecated -W ignore:easy_install command is deprecated setup.py egg_info --egg-base ../../build/omni_bot build --build-base /home/jetson/SLAM_WS/build/omni_bot/build install --record /home/jetson/SLAM_WS/build/omni_bot/install.log --single-version-externally-managed install_data
