[0.884s] DEBUG:colcon:Command line arguments: ['/usr/bin/colcon', 'build']
[0.884s] DEBUG:colcon:Parsed command line arguments: Namespace(allow_overriding=[], ament_cmake_args=None, base_paths=['.'], build_base='build', catkin_cmake_args=None, catkin_skip_building_tests=False, cmake_args=None, cmake_clean_cache=False, cmake_clean_first=False, cmake_force_configure=False, cmake_target=None, cmake_target_skip_unavailable=False, continue_on_error=False, event_handlers=None, executor='parallel', ignore_user_meta=False, install_base='install', log_base=None, log_level=None, main=<bound method BuildVerb.main of <colcon_core.verb.build.BuildVerb object at 0x7f904ba8e0>>, merge_install=False, metas=['./colcon.meta'], mixin=None, mixin_files=None, mixin_verb=('build',), packages_above=None, packages_above_and_dependencies=None, packages_above_depth=None, packages_end=None, packages_ignore=None, packages_ignore_regex=None, packages_select=None, packages_select_build_failed=False, packages_select_by_dep=None, packages_select_regex=None, packages_select_test_failures=False, packages_skip=None, packages_skip_build_finished=False, packages_skip_by_dep=None, packages_skip_regex=None, packages_skip_test_passed=False, packages_skip_up_to=None, packages_start=None, packages_up_to=None, packages_up_to_regex=None, parallel_workers=4, paths=None, symlink_install=False, test_result_base=None, verb_extension=<colcon_core.verb.build.BuildVerb object at 0x7f904ba8e0>, verb_name='build', verb_parser=<colcon_mixin.mixin.mixin_argument.MixinArgumentDecorator object at 0x7f9040af40>)
[1.798s] Level 1:colcon.colcon_core.package_discovery:discover_packages(colcon_meta) check parameters
[1.798s] Level 1:colcon.colcon_core.package_discovery:discover_packages(recursive) check parameters
[1.799s] Level 1:colcon.colcon_core.package_discovery:discover_packages(ignore) check parameters
[1.799s] Level 1:colcon.colcon_core.package_discovery:discover_packages(path) check parameters
[1.799s] Level 1:colcon.colcon_core.package_discovery:discover_packages(colcon_meta) discover
[1.799s] Level 1:colcon.colcon_core.package_discovery:discover_packages(recursive) discover
[1.799s] INFO:colcon.colcon_core.package_discovery:Crawling recursively for packages in '/home/jetson/SLAM_WS'
[1.800s] Level 1:colcon.colcon_core.package_identification:_identify(.) by extensions ['ignore', 'ignore_ament_install']
[1.800s] Level 1:colcon.colcon_core.package_identification:_identify(.) by extension 'ignore'
[1.801s] Level 1:colcon.colcon_core.package_identification:_identify(.) by extension 'ignore_ament_install'
[1.801s] Level 1:colcon.colcon_core.package_identification:_identify(.) by extensions ['colcon_pkg']
[1.801s] Level 1:colcon.colcon_core.package_identification:_identify(.) by extension 'colcon_pkg'
[1.801s] Level 1:colcon.colcon_core.package_identification:_identify(.) by extensions ['colcon_meta']
[1.801s] Level 1:colcon.colcon_core.package_identification:_identify(.) by extension 'colcon_meta'
[1.801s] Level 1:colcon.colcon_core.package_identification:_identify(.) by extensions ['ros']
[1.802s] Level 1:colcon.colcon_core.package_identification:_identify(.) by extension 'ros'
[1.884s] Level 1:colcon.colcon_core.package_identification:_identify(.) by extensions ['cmake', 'python']
[1.884s] Level 1:colcon.colcon_core.package_identification:_identify(.) by extension 'cmake'
[1.884s] Level 1:colcon.colcon_core.package_identification:_identify(.) by extension 'python'
[1.885s] Level 1:colcon.colcon_core.package_identification:_identify(.) by extensions ['python_setup_py']
[1.885s] Level 1:colcon.colcon_core.package_identification:_identify(.) by extension 'python_setup_py'
[1.885s] Level 1:colcon.colcon_core.package_identification:_identify(build) by extensions ['ignore', 'ignore_ament_install']
[1.886s] Level 1:colcon.colcon_core.package_identification:_identify(build) by extension 'ignore'
[1.886s] Level 1:colcon.colcon_core.package_identification:_identify(build) ignored
[1.886s] Level 1:colcon.colcon_core.package_identification:_identify(install) by extensions ['ignore', 'ignore_ament_install']
[1.887s] Level 1:colcon.colcon_core.package_identification:_identify(install) by extension 'ignore'
[1.887s] Level 1:colcon.colcon_core.package_identification:_identify(install) ignored
[1.888s] Level 1:colcon.colcon_core.package_identification:_identify(log) by extensions ['ignore', 'ignore_ament_install']
[1.888s] Level 1:colcon.colcon_core.package_identification:_identify(log) by extension 'ignore'
[1.888s] Level 1:colcon.colcon_core.package_identification:_identify(log) ignored
[1.889s] Level 1:colcon.colcon_core.package_identification:_identify(src) by extensions ['ignore', 'ignore_ament_install']
[1.889s] Level 1:colcon.colcon_core.package_identification:_identify(src) by extension 'ignore'
[1.890s] Level 1:colcon.colcon_core.package_identification:_identify(src) by extension 'ignore_ament_install'
[1.890s] Level 1:colcon.colcon_core.package_identification:_identify(src) by extensions ['colcon_pkg']
[1.890s] Level 1:colcon.colcon_core.package_identification:_identify(src) by extension 'colcon_pkg'
[1.890s] Level 1:colcon.colcon_core.package_identification:_identify(src) by extensions ['colcon_meta']
[1.890s] Level 1:colcon.colcon_core.package_identification:_identify(src) by extension 'colcon_meta'
[1.891s] Level 1:colcon.colcon_core.package_identification:_identify(src) by extensions ['ros']
[1.891s] Level 1:colcon.colcon_core.package_identification:_identify(src) by extension 'ros'
[1.891s] Level 1:colcon.colcon_core.package_identification:_identify(src) by extensions ['cmake', 'python']
[1.891s] Level 1:colcon.colcon_core.package_identification:_identify(src) by extension 'cmake'
[1.892s] Level 1:colcon.colcon_core.package_identification:_identify(src) by extension 'python'
[1.892s] Level 1:colcon.colcon_core.package_identification:_identify(src) by extensions ['python_setup_py']
[1.892s] Level 1:colcon.colcon_core.package_identification:_identify(src) by extension 'python_setup_py'
[1.892s] Level 1:colcon.colcon_core.package_identification:_identify(src/omni_bot) by extensions ['ignore', 'ignore_ament_install']
[1.893s] Level 1:colcon.colcon_core.package_identification:_identify(src/omni_bot) by extension 'ignore'
[1.893s] Level 1:colcon.colcon_core.package_identification:_identify(src/omni_bot) by extension 'ignore_ament_install'
[1.893s] Level 1:colcon.colcon_core.package_identification:_identify(src/omni_bot) by extensions ['colcon_pkg']
[1.893s] Level 1:colcon.colcon_core.package_identification:_identify(src/omni_bot) by extension 'colcon_pkg'
[1.893s] Level 1:colcon.colcon_core.package_identification:_identify(src/omni_bot) by extensions ['colcon_meta']
[1.894s] Level 1:colcon.colcon_core.package_identification:_identify(src/omni_bot) by extension 'colcon_meta'
[1.894s] Level 1:colcon.colcon_core.package_identification:_identify(src/omni_bot) by extensions ['ros']
[1.894s] Level 1:colcon.colcon_core.package_identification:_identify(src/omni_bot) by extension 'ros'
[1.904s] DEBUG:colcon.colcon_core.package_identification:Package 'src/omni_bot' with type 'ros.ament_python' and name 'omni_bot'
[1.904s] Level 1:colcon.colcon_core.package_discovery:discover_packages(recursive) using defaults
[1.904s] Level 1:colcon.colcon_core.package_discovery:discover_packages(ignore) discover
[1.905s] Level 1:colcon.colcon_core.package_discovery:discover_packages(ignore) using defaults
[1.905s] Level 1:colcon.colcon_core.package_discovery:discover_packages(path) discover
[1.905s] Level 1:colcon.colcon_core.package_discovery:discover_packages(path) using defaults
[1.984s] Level 1:colcon.colcon_core.package_discovery:discover_packages(prefix_path) check parameters
[1.984s] Level 1:colcon.colcon_core.package_discovery:discover_packages(prefix_path) discover
[1.990s] DEBUG:colcon.colcon_installed_package_information.package_discovery:Found 1 installed packages in /home/jetson/SLAM_WS/install
[1.996s] DEBUG:colcon.colcon_installed_package_information.package_discovery:Found 257 installed packages in /opt/ros/foxy
[2.005s] Level 1:colcon.colcon_core.package_discovery:discover_packages(prefix_path) using defaults
[2.289s] Level 5:colcon.colcon_core.verb:set package 'omni_bot' build argument 'cmake_args' from command line to 'None'
[2.289s] Level 5:colcon.colcon_core.verb:set package 'omni_bot' build argument 'cmake_target' from command line to 'None'
[2.289s] Level 5:colcon.colcon_core.verb:set package 'omni_bot' build argument 'cmake_target_skip_unavailable' from command line to 'False'
[2.289s] Level 5:colcon.colcon_core.verb:set package 'omni_bot' build argument 'cmake_clean_cache' from command line to 'False'
[2.289s] Level 5:colcon.colcon_core.verb:set package 'omni_bot' build argument 'cmake_clean_first' from command line to 'False'
[2.289s] Level 5:colcon.colcon_core.verb:set package 'omni_bot' build argument 'cmake_force_configure' from command line to 'False'
[2.290s] Level 5:colcon.colcon_core.verb:set package 'omni_bot' build argument 'ament_cmake_args' from command line to 'None'
[2.290s] Level 5:colcon.colcon_core.verb:set package 'omni_bot' build argument 'catkin_cmake_args' from command line to 'None'
[2.290s] Level 5:colcon.colcon_core.verb:set package 'omni_bot' build argument 'catkin_skip_building_tests' from command line to 'False'
[2.290s] DEBUG:colcon.colcon_core.verb:Building package 'omni_bot' with the following arguments: {'ament_cmake_args': None, 'build_base': '/home/jetson/SLAM_WS/build/omni_bot', 'catkin_cmake_args': None, 'catkin_skip_building_tests': False, 'cmake_args': None, 'cmake_clean_cache': False, 'cmake_clean_first': False, 'cmake_force_configure': False, 'cmake_target': None, 'cmake_target_skip_unavailable': False, 'install_base': '/home/jetson/SLAM_WS/install/omni_bot', 'merge_install': False, 'path': '/home/jetson/SLAM_WS/src/omni_bot', 'symlink_install': False, 'test_result_base': None}
[2.291s] INFO:colcon.colcon_core.executor:Executing jobs using 'parallel' executor
[2.297s] DEBUG:colcon.colcon_parallel_executor.executor.parallel:run_until_complete
[2.297s] INFO:colcon.colcon_ros.task.ament_python.build:Building ROS package in '/home/jetson/SLAM_WS/src/omni_bot' with build type 'ament_python'
[2.298s] Level 1:colcon.colcon_core.shell:create_environment_hook('omni_bot', 'ament_prefix_path')
[2.306s] INFO:colcon.colcon_core.plugin_system:Skipping extension 'colcon_core.shell.bat': Not used on non-Windows systems
[2.307s] INFO:colcon.colcon_core.shell:Creating environment hook '/home/jetson/SLAM_WS/install/omni_bot/share/omni_bot/hook/ament_prefix_path.ps1'
[2.309s] INFO:colcon.colcon_core.shell:Creating environment descriptor '/home/jetson/SLAM_WS/install/omni_bot/share/omni_bot/hook/ament_prefix_path.dsv'
[2.311s] INFO:colcon.colcon_core.shell:Creating environment hook '/home/jetson/SLAM_WS/install/omni_bot/share/omni_bot/hook/ament_prefix_path.sh'
[2.314s] INFO:colcon.colcon_core.shell:Skip shell extension 'powershell' for command environment: Not usable outside of PowerShell
[2.315s] DEBUG:colcon.colcon_core.shell:Skip shell extension 'dsv' for command environment
[3.556s] INFO:colcon.colcon_core.task.python.build:Building Python package in '/home/jetson/SLAM_WS/src/omni_bot'
[3.558s] INFO:colcon.colcon_core.shell:Skip shell extension 'powershell' for command environment: Not usable outside of PowerShell
[3.558s] DEBUG:colcon.colcon_core.shell:Skip shell extension 'dsv' for command environment
[5.430s] DEBUG:colcon.colcon_core.event_handler.log_command:Invoking command in '/home/jetson/SLAM_WS/src/omni_bot': PYTHONPATH=/home/jetson/SLAM_WS/build/omni_bot/prefix_override:/usr/lib/python3/dist-packages/colcon_core/task/python/colcon_distutils_commands:/home/jetson/SLAM_WS/install/omni_bot/lib/python3.8/site-packages:${PYTHONPATH} /usr/bin/python3 -W ignore:setup.py install is deprecated -W ignore:easy_install command is deprecated setup.py egg_info --egg-base ../../build/omni_bot build --build-base /home/jetson/SLAM_WS/build/omni_bot/build install --record /home/jetson/SLAM_WS/build/omni_bot/install.log --single-version-externally-managed install_data
[6.786s] DEBUG:colcon.colcon_core.event_handler.log_command:Invoked command in '/home/jetson/SLAM_WS/src/omni_bot' returned '0': PYTHONPATH=/home/jetson/SLAM_WS/build/omni_bot/prefix_override:/usr/lib/python3/dist-packages/colcon_core/task/python/colcon_distutils_commands:/home/jetson/SLAM_WS/install/omni_bot/lib/python3.8/site-packages:${PYTHONPATH} /usr/bin/python3 -W ignore:setup.py install is deprecated -W ignore:easy_install command is deprecated setup.py egg_info --egg-base ../../build/omni_bot build --build-base /home/jetson/SLAM_WS/build/omni_bot/build install --record /home/jetson/SLAM_WS/build/omni_bot/install.log --single-version-externally-managed install_data
[6.802s] Level 1:colcon.colcon_core.environment:checking '/home/jetson/SLAM_WS/install/omni_bot' for CMake module files
[6.804s] Level 1:colcon.colcon_core.environment:checking '/home/jetson/SLAM_WS/install/omni_bot' for CMake config files
[6.806s] Level 1:colcon.colcon_core.environment:checking '/home/jetson/SLAM_WS/install/omni_bot/lib'
[6.807s] Level 1:colcon.colcon_core.environment:checking '/home/jetson/SLAM_WS/install/omni_bot/bin'
[6.807s] Level 1:colcon.colcon_core.environment:checking '/home/jetson/SLAM_WS/install/omni_bot/lib/pkgconfig/omni_bot.pc'
[6.808s] Level 1:colcon.colcon_core.environment:checking '/home/jetson/SLAM_WS/install/omni_bot/lib/python3.8/site-packages'
[6.809s] Level 1:colcon.colcon_core.shell:create_environment_hook('omni_bot', 'pythonpath')
[6.810s] INFO:colcon.colcon_core.shell:Creating environment hook '/home/jetson/SLAM_WS/install/omni_bot/share/omni_bot/hook/pythonpath.ps1'
[6.813s] INFO:colcon.colcon_core.shell:Creating environment descriptor '/home/jetson/SLAM_WS/install/omni_bot/share/omni_bot/hook/pythonpath.dsv'
[6.814s] INFO:colcon.colcon_core.shell:Creating environment hook '/home/jetson/SLAM_WS/install/omni_bot/share/omni_bot/hook/pythonpath.sh'
[6.816s] Level 1:colcon.colcon_core.environment:checking '/home/jetson/SLAM_WS/install/omni_bot/bin'
[6.816s] Level 1:colcon.colcon_core.environment:create_environment_scripts_only(omni_bot)
[6.818s] INFO:colcon.colcon_core.shell:Creating package script '/home/jetson/SLAM_WS/install/omni_bot/share/omni_bot/package.ps1'
[6.836s] INFO:colcon.colcon_core.shell:Creating package descriptor '/home/jetson/SLAM_WS/install/omni_bot/share/omni_bot/package.dsv'
[6.839s] INFO:colcon.colcon_core.shell:Creating package script '/home/jetson/SLAM_WS/install/omni_bot/share/omni_bot/package.sh'
[6.843s] INFO:colcon.colcon_core.shell:Creating package script '/home/jetson/SLAM_WS/install/omni_bot/share/omni_bot/package.bash'
[6.847s] INFO:colcon.colcon_core.shell:Creating package script '/home/jetson/SLAM_WS/install/omni_bot/share/omni_bot/package.zsh'
[6.850s] Level 1:colcon.colcon_core.environment:create_file_with_runtime_dependencies(/home/jetson/SLAM_WS/install/omni_bot/share/colcon-core/packages/omni_bot)
[6.852s] DEBUG:colcon.colcon_parallel_executor.executor.parallel:closing loop
[6.853s] DEBUG:colcon.colcon_parallel_executor.executor.parallel:loop closed
[6.854s] DEBUG:colcon.colcon_parallel_executor.executor.parallel:run_until_complete finished with '0'
[6.854s] DEBUG:colcon.colcon_core.event_reactor:joining thread
[6.876s] INFO:colcon.colcon_core.plugin_system:Skipping extension 'colcon_notification.desktop_notification.terminal_notifier': Not used on non-Darwin systems
[6.876s] INFO:colcon.colcon_core.plugin_system:Skipping extension 'colcon_notification.desktop_notification.win32': Not used on non-Windows systems
[6.876s] INFO:colcon.colcon_notification.desktop_notification:Sending desktop notification using 'notify2'
[6.912s] DEBUG:colcon.colcon_core.event_reactor:joined thread
[6.914s] INFO:colcon.colcon_core.shell:Creating prefix script '/home/jetson/SLAM_WS/install/local_setup.ps1'
[6.918s] INFO:colcon.colcon_core.shell:Creating prefix util module '/home/jetson/SLAM_WS/install/_local_setup_util_ps1.py'
[6.925s] INFO:colcon.colcon_core.shell:Creating prefix chain script '/home/jetson/SLAM_WS/install/setup.ps1'
[6.929s] INFO:colcon.colcon_core.shell:Creating prefix script '/home/jetson/SLAM_WS/install/local_setup.sh'
[6.931s] INFO:colcon.colcon_core.shell:Creating prefix util module '/home/jetson/SLAM_WS/install/_local_setup_util_sh.py'
[6.933s] INFO:colcon.colcon_core.shell:Creating prefix chain script '/home/jetson/SLAM_WS/install/setup.sh'
[6.937s] INFO:colcon.colcon_core.shell:Creating prefix script '/home/jetson/SLAM_WS/install/local_setup.bash'
[6.939s] INFO:colcon.colcon_core.shell:Creating prefix chain script '/home/jetson/SLAM_WS/install/setup.bash'
[6.944s] INFO:colcon.colcon_core.shell:Creating prefix script '/home/jetson/SLAM_WS/install/local_setup.zsh'
[6.946s] INFO:colcon.colcon_core.shell:Creating prefix chain script '/home/jetson/SLAM_WS/install/setup.zsh'
