[3.149s] Invoking command in '/home/jetson/SLAM_WS/src/omni_bot': PYTHONPATH=/home/jetson/SLAM_WS/build/omni_bot/prefix_override:/usr/lib/python3/dist-packages/colcon_core/task/python/colcon_distutils_commands:/home/jetson/SLAM_WS/install/omni_bot/lib/python3.8/site-packages:${PYTHONPATH} /usr/bin/python3 -W ignore:setup.py install is deprecated -W ignore:easy_install command is deprecated setup.py egg_info --egg-base ../../build/omni_bot build --build-base /home/jetson/SLAM_WS/build/omni_bot/build install --record /home/jetson/SLAM_WS/build/omni_bot/install.log --single-version-externally-managed install_data
[4.309s] running egg_info
[4.311s] writing ../../build/omni_bot/omni_bot.egg-info/PKG-INFO
[4.312s] writing dependency_links to ../../build/omni_bot/omni_bot.egg-info/dependency_links.txt
[4.312s] writing entry points to ../../build/omni_bot/omni_bot.egg-info/entry_points.txt
[4.313s] writing requirements to ../../build/omni_bot/omni_bot.egg-info/requires.txt
[4.313s] writing top-level names to ../../build/omni_bot/omni_bot.egg-info/top_level.txt
[4.330s] reading manifest file '../../build/omni_bot/omni_bot.egg-info/SOURCES.txt'
[4.334s] writing manifest file '../../build/omni_bot/omni_bot.egg-info/SOURCES.txt'
[4.335s] running build
[4.335s] running build_py
[4.336s] running install
[4.339s] running install_lib
[4.343s] running install_data
[4.344s] copying launch/rplidar.launch.py -> /home/jetson/SLAM_WS/install/omni_bot/share/omni_bot/launch
[4.344s] running install_egg_info
[4.352s] removing '/home/jetson/SLAM_WS/install/omni_bot/lib/python3.8/site-packages/omni_bot-0.0.0-py3.8.egg-info' (and everything under it)
[4.353s] Copying ../../build/omni_bot/omni_bot.egg-info to /home/jetson/SLAM_WS/install/omni_bot/lib/python3.8/site-packages/omni_bot-0.0.0-py3.8.egg-info
[4.358s] running install_scripts
[4.437s] writing list of installed files to '/home/jetson/SLAM_WS/build/omni_bot/install.log'
[4.566s] Invoked command in '/home/jetson/SLAM_WS/src/omni_bot' returned '0': PYTHONPATH=/home/jetson/SLAM_WS/build/omni_bot/prefix_override:/usr/lib/python3/dist-packages/colcon_core/task/python/colcon_distutils_commands:/home/jetson/SLAM_WS/install/omni_bot/lib/python3.8/site-packages:${PYTHONPATH} /usr/bin/python3 -W ignore:setup.py install is deprecated -W ignore:easy_install command is deprecated setup.py egg_info --egg-base ../../build/omni_bot build --build-base /home/jetson/SLAM_WS/build/omni_bot/build install --record /home/jetson/SLAM_WS/build/omni_bot/install.log --single-version-externally-managed install_data
