[6.687s] Invoking command in '/home/jetson/SLAM_WS/src/kinematics': PYTHONPATH=/home/jetson/SLAM_WS/build/kinematics/prefix_override:/usr/lib/python3/dist-packages/colcon_core/task/python/colcon_distutils_commands:/home/jetson/SLAM_WS/install/kinematics/lib/python3.8/site-packages:${PYTHONPATH} /usr/bin/python3 -W ignore:setup.py install is deprecated -W ignore:easy_install command is deprecated setup.py egg_info --egg-base ../../build/kinematics build --build-base /home/jetson/SLAM_WS/build/kinematics/build install --record /home/jetson/SLAM_WS/build/kinematics/install.log --single-version-externally-managed install_data
[8.044s] running egg_info
[8.047s] writing ../../build/kinematics/kinematics.egg-info/PKG-INFO
[8.051s] writing dependency_links to ../../build/kinematics/kinematics.egg-info/dependency_links.txt
[8.053s] writing entry points to ../../build/kinematics/kinematics.egg-info/entry_points.txt
[8.054s] writing requirements to ../../build/kinematics/kinematics.egg-info/requires.txt
[8.056s] writing top-level names to ../../build/kinematics/kinematics.egg-info/top_level.txt
[8.072s] reading manifest file '../../build/kinematics/kinematics.egg-info/SOURCES.txt'
[8.078s] writing manifest file '../../build/kinematics/kinematics.egg-info/SOURCES.txt'
[8.079s] running build
[8.081s] running build_py
[8.084s] running install
[8.096s] running install_lib
[8.104s] running install_data
[8.106s] copying launch/manual.launch.py -> /home/jetson/SLAM_WS/install/kinematics/share/kinematics/launch
[8.108s] running install_egg_info
[8.144s] removing '/home/jetson/SLAM_WS/install/kinematics/lib/python3.8/site-packages/kinematics-0.0.0-py3.8.egg-info' (and everything under it)
[8.145s] Copying ../../build/kinematics/kinematics.egg-info to /home/jetson/SLAM_WS/install/kinematics/lib/python3.8/site-packages/kinematics-0.0.0-py3.8.egg-info
[8.150s] running install_scripts
[8.236s] Installing inverse_kinematic script to /home/jetson/SLAM_WS/install/kinematics/lib/kinematics
[8.236s] Installing serial_driver script to /home/jetson/SLAM_WS/install/kinematics/lib/kinematics
[8.238s] writing list of installed files to '/home/jetson/SLAM_WS/build/kinematics/install.log'
[8.354s] Invoked command in '/home/jetson/SLAM_WS/src/kinematics' returned '0': PYTHONPATH=/home/jetson/SLAM_WS/build/kinematics/prefix_override:/usr/lib/python3/dist-packages/colcon_core/task/python/colcon_distutils_commands:/home/jetson/SLAM_WS/install/kinematics/lib/python3.8/site-packages:${PYTHONPATH} /usr/bin/python3 -W ignore:setup.py install is deprecated -W ignore:easy_install command is deprecated setup.py egg_info --egg-base ../../build/kinematics build --build-base /home/jetson/SLAM_WS/build/kinematics/build install --record /home/jetson/SLAM_WS/build/kinematics/install.log --single-version-externally-managed install_data
