[6.093s] Invoking command in '/home/jetson/SLAM_WS/src/inverse_kinematic': PYTHONPATH=/home/jetson/SLAM_WS/src/build/inverse_kinematic/prefix_override:/usr/lib/python3/dist-packages/colcon_core/task/python/colcon_distutils_commands:/home/jetson/SLAM_WS/src/install/inverse_kinematic/lib/python3.8/site-packages:${PYTHONPATH} /usr/bin/python3 -W ignore:setup.py install is deprecated -W ignore:easy_install command is deprecated setup.py egg_info --egg-base ../build/inverse_kinematic build --build-base /home/jetson/SLAM_WS/src/build/inverse_kinematic/build install --record /home/jetson/SLAM_WS/src/build/inverse_kinematic/install.log --single-version-externally-managed install_data
[7.454s] running egg_info
[7.457s] creating ../build/inverse_kinematic/inverse_kinematic.egg-info
[7.458s] writing ../build/inverse_kinematic/inverse_kinematic.egg-info/PKG-INFO
[7.458s] writing dependency_links to ../build/inverse_kinematic/inverse_kinematic.egg-info/dependency_links.txt
[7.459s] writing entry points to ../build/inverse_kinematic/inverse_kinematic.egg-info/entry_points.txt
[7.459s] writing requirements to ../build/inverse_kinematic/inverse_kinematic.egg-info/requires.txt
[7.460s] writing top-level names to ../build/inverse_kinematic/inverse_kinematic.egg-info/top_level.txt
[7.467s] writing manifest file '../build/inverse_kinematic/inverse_kinematic.egg-info/SOURCES.txt'
[7.475s] reading manifest file '../build/inverse_kinematic/inverse_kinematic.egg-info/SOURCES.txt'
[7.479s] writing manifest file '../build/inverse_kinematic/inverse_kinematic.egg-info/SOURCES.txt'
[7.480s] running build
[7.480s] running build_py
[7.482s] creating /home/jetson/SLAM_WS/src/build/inverse_kinematic/build
[7.482s] creating /home/jetson/SLAM_WS/src/build/inverse_kinematic/build/lib
[7.483s] creating /home/jetson/SLAM_WS/src/build/inverse_kinematic/build/lib/inverse_kinematic
[7.483s] copying inverse_kinematic/__init__.py -> /home/jetson/SLAM_WS/src/build/inverse_kinematic/build/lib/inverse_kinematic
[7.484s] copying inverse_kinematic/inverse_kinematic_node.py -> /home/jetson/SLAM_WS/src/build/inverse_kinematic/build/lib/inverse_kinematic
[7.485s] running install
[7.487s] running install_lib
[7.491s] creating /home/jetson/SLAM_WS/src/install/inverse_kinematic/lib/python3.8/site-packages/inverse_kinematic
[7.492s] copying /home/jetson/SLAM_WS/src/build/inverse_kinematic/build/lib/inverse_kinematic/__init__.py -> /home/jetson/SLAM_WS/src/install/inverse_kinematic/lib/python3.8/site-packages/inverse_kinematic
[7.492s] copying /home/jetson/SLAM_WS/src/build/inverse_kinematic/build/lib/inverse_kinematic/inverse_kinematic_node.py -> /home/jetson/SLAM_WS/src/install/inverse_kinematic/lib/python3.8/site-packages/inverse_kinematic
[7.495s] byte-compiling /home/jetson/SLAM_WS/src/install/inverse_kinematic/lib/python3.8/site-packages/inverse_kinematic/__init__.py to __init__.cpython-38.pyc
[7.497s] byte-compiling /home/jetson/SLAM_WS/src/install/inverse_kinematic/lib/python3.8/site-packages/inverse_kinematic/inverse_kinematic_node.py to inverse_kinematic_node.cpython-38.pyc
[7.499s] running install_data
[7.500s] creating /home/jetson/SLAM_WS/src/install/inverse_kinematic/share/ament_index
[7.508s] creating /home/jetson/SLAM_WS/src/install/inverse_kinematic/share/ament_index/resource_index
[7.508s] creating /home/jetson/SLAM_WS/src/install/inverse_kinematic/share/ament_index/resource_index/packages
[7.509s] copying resource/inverse_kinematic -> /home/jetson/SLAM_WS/src/install/inverse_kinematic/share/ament_index/resource_index/packages
[7.509s] copying package.xml -> /home/jetson/SLAM_WS/src/install/inverse_kinematic/share/inverse_kinematic
[7.510s] running install_egg_info
[7.517s] Copying ../build/inverse_kinematic/inverse_kinematic.egg-info to /home/jetson/SLAM_WS/src/install/inverse_kinematic/lib/python3.8/site-packages/inverse_kinematic-0.0.0-py3.8.egg-info
[7.525s] running install_scripts
[7.615s] writing list of installed files to '/home/jetson/SLAM_WS/src/build/inverse_kinematic/install.log'
[7.730s] Invoked command in '/home/jetson/SLAM_WS/src/inverse_kinematic' returned '0': PYTHONPATH=/home/jetson/SLAM_WS/src/build/inverse_kinematic/prefix_override:/usr/lib/python3/dist-packages/colcon_core/task/python/colcon_distutils_commands:/home/jetson/SLAM_WS/src/install/inverse_kinematic/lib/python3.8/site-packages:${PYTHONPATH} /usr/bin/python3 -W ignore:setup.py install is deprecated -W ignore:easy_install command is deprecated setup.py egg_info --egg-base ../build/inverse_kinematic build --build-base /home/jetson/SLAM_WS/src/build/inverse_kinematic/build install --record /home/jetson/SLAM_WS/src/build/inverse_kinematic/install.log --single-version-externally-managed install_data
