running develop
Removing /home/jetson/SLAM_WS/install/kinematics/lib/python3.8/site-packages/kinematics.egg-link (link to .)
running egg_info
writing ../../build/kinematics/kinematics.egg-info/PKG-INFO
writing dependency_links to ../../build/kinematics/kinematics.egg-info/dependency_links.txt
writing entry points to ../../build/kinematics/kinematics.egg-info/entry_points.txt
writing requirements to ../../build/kinematics/kinematics.egg-info/requires.txt
writing top-level names to ../../build/kinematics/kinematics.egg-info/top_level.txt
reading manifest file '../../build/kinematics/kinematics.egg-info/SOURCES.txt'
writing manifest file '../../build/kinematics/kinematics.egg-info/SOURCES.txt'
running build
running build_py
running install
running install_lib
creating /home/jetson/SLAM_WS/install/kinematics/lib/python3.8/site-packages/kinematics
copying /home/jetson/SLAM_WS/build/kinematics/build/lib/kinematics/serial_driver_node.py -> /home/jetson/SLAM_WS/install/kinematics/lib/python3.8/site-packages/kinematics
copying /home/jetson/SLAM_WS/build/kinematics/build/lib/kinematics/__init__.py -> /home/jetson/SLAM_WS/install/kinematics/lib/python3.8/site-packages/kinematics
copying /home/jetson/SLAM_WS/build/kinematics/build/lib/kinematics/inverse_kinematic.py -> /home/jetson/SLAM_WS/install/kinematics/lib/python3.8/site-packages/kinematics
byte-compiling /home/jetson/SLAM_WS/install/kinematics/lib/python3.8/site-packages/kinematics/serial_driver_node.py to serial_driver_node.cpython-38.pyc
byte-compiling /home/jetson/SLAM_WS/install/kinematics/lib/python3.8/site-packages/kinematics/__init__.py to __init__.cpython-38.pyc
byte-compiling /home/jetson/SLAM_WS/install/kinematics/lib/python3.8/site-packages/kinematics/inverse_kinematic.py to inverse_kinematic.cpython-38.pyc
running install_data
copying resource/kinematics -> /home/jetson/SLAM_WS/install/kinematics/share/ament_index/resource_index/packages
copying package.xml -> /home/jetson/SLAM_WS/install/kinematics/share/kinematics
copying launch/manual.launch.py -> /home/jetson/SLAM_WS/install/kinematics/share/kinematics/launch
running install_egg_info
Copying ../../build/kinematics/kinematics.egg-info to /home/jetson/SLAM_WS/install/kinematics/lib/python3.8/site-packages/kinematics-0.0.0-py3.8.egg-info
running install_scripts
Installing inverse_kinematic script to /home/jetson/SLAM_WS/install/kinematics/lib/kinematics
Installing serial_driver script to /home/jetson/SLAM_WS/install/kinematics/lib/kinematics
writing list of installed files to '/home/jetson/SLAM_WS/build/kinematics/install.log'
