[3.273s] Invoking command in '/home/jetson/SLAM_WS/src/odom': PYTHONPATH=/home/jetson/SLAM_WS/build/odom/prefix_override:/usr/lib/python3/dist-packages/colcon_core/task/python/colcon_distutils_commands:/home/jetson/SLAM_WS/install/odom/lib/python3.8/site-packages:${PYTHONPATH} /usr/bin/python3 -W ignore:setup.py install is deprecated -W ignore:easy_install command is deprecated setup.py egg_info --egg-base ../../build/odom build --build-base /home/jetson/SLAM_WS/build/odom/build install --record /home/jetson/SLAM_WS/build/odom/install.log --single-version-externally-managed install_data
[4.460s] running egg_info
[4.463s] writing ../../build/odom/odom.egg-info/PKG-INFO
[4.463s] writing dependency_links to ../../build/odom/odom.egg-info/dependency_links.txt
[4.464s] writing entry points to ../../build/odom/odom.egg-info/entry_points.txt
[4.465s] writing requirements to ../../build/odom/odom.egg-info/requires.txt
[4.465s] writing top-level names to ../../build/odom/odom.egg-info/top_level.txt
[4.482s] reading manifest file '../../build/odom/odom.egg-info/SOURCES.txt'
[4.487s] writing manifest file '../../build/odom/odom.egg-info/SOURCES.txt'
[4.488s] running build
[4.488s] running build_py
[4.489s] running install
[4.492s] running install_lib
[4.497s] running install_data
[4.498s] creating /home/jetson/SLAM_WS/install/odom/share/odom/launch
[4.498s] copying launch/odom.launch.py -> /home/jetson/SLAM_WS/install/odom/share/odom/launch
[4.499s] running install_egg_info
[4.506s] removing '/home/jetson/SLAM_WS/install/odom/lib/python3.8/site-packages/odom-0.0.0-py3.8.egg-info' (and everything under it)
[4.507s] Copying ../../build/odom/odom.egg-info to /home/jetson/SLAM_WS/install/odom/lib/python3.8/site-packages/odom-0.0.0-py3.8.egg-info
[4.512s] running install_scripts
[4.583s] Installing odom_node script to /home/jetson/SLAM_WS/install/odom/lib/odom
[4.583s] writing list of installed files to '/home/jetson/SLAM_WS/build/odom/install.log'
[4.677s] Invoked command in '/home/jetson/SLAM_WS/src/odom' returned '0': PYTHONPATH=/home/jetson/SLAM_WS/build/odom/prefix_override:/usr/lib/python3/dist-packages/colcon_core/task/python/colcon_distutils_commands:/home/jetson/SLAM_WS/install/odom/lib/python3.8/site-packages:${PYTHONPATH} /usr/bin/python3 -W ignore:setup.py install is deprecated -W ignore:easy_install command is deprecated setup.py egg_info --egg-base ../../build/odom build --build-base /home/jetson/SLAM_WS/build/odom/build install --record /home/jetson/SLAM_WS/build/odom/install.log --single-version-externally-managed install_data
