[8.529s] Invoking command in '/home/jetson/SLAM_WS/src/odom': PYTHONPATH=/home/jetson/SLAM_WS/build/odom/prefix_override:/usr/lib/python3/dist-packages/colcon_core/task/python/colcon_distutils_commands:/home/jetson/SLAM_WS/install/odom/lib/python3.8/site-packages:${PYTHONPATH} /usr/bin/python3 -W ignore:setup.py install is deprecated -W ignore:easy_install command is deprecated setup.py egg_info --egg-base ../../build/odom build --build-base /home/jetson/SLAM_WS/build/odom/build install --record /home/jetson/SLAM_WS/build/odom/install.log --single-version-externally-managed install_data
[10.524s] running egg_info
[10.529s] writing ../../build/odom/odom.egg-info/PKG-INFO
[10.530s] writing dependency_links to ../../build/odom/odom.egg-info/dependency_links.txt
[10.530s] writing entry points to ../../build/odom/odom.egg-info/entry_points.txt
[10.532s] writing requirements to ../../build/odom/odom.egg-info/requires.txt
[10.532s] writing top-level names to ../../build/odom/odom.egg-info/top_level.txt
[10.609s] reading manifest file '../../build/odom/odom.egg-info/SOURCES.txt'
[10.635s] writing manifest file '../../build/odom/odom.egg-info/SOURCES.txt'
[10.636s] running build
[10.636s] running build_py
[10.639s] running install
[10.652s] running install_lib
[10.660s] running install_data
[10.661s] running install_egg_info
[10.673s] removing '/home/jetson/SLAM_WS/install/odom/lib/python3.8/site-packages/odom-0.0.0-py3.8.egg-info' (and everything under it)
[10.674s] Copying ../../build/odom/odom.egg-info to /home/jetson/SLAM_WS/install/odom/lib/python3.8/site-packages/odom-0.0.0-py3.8.egg-info
[10.702s] running install_scripts
[10.802s] Installing odom_node script to /home/jetson/SLAM_WS/install/odom/lib/odom
[10.804s] writing list of installed files to '/home/jetson/SLAM_WS/build/odom/install.log'
[10.977s] Invoked command in '/home/jetson/SLAM_WS/src/odom' returned '0': PYTHONPATH=/home/jetson/SLAM_WS/build/odom/prefix_override:/usr/lib/python3/dist-packages/colcon_core/task/python/colcon_distutils_commands:/home/jetson/SLAM_WS/install/odom/lib/python3.8/site-packages:${PYTHONPATH} /usr/bin/python3 -W ignore:setup.py install is deprecated -W ignore:easy_install command is deprecated setup.py egg_info --egg-base ../../build/odom build --build-base /home/jetson/SLAM_WS/build/odom/build install --record /home/jetson/SLAM_WS/build/odom/install.log --single-version-externally-managed install_data
