[5.878s] Invoking command in '/home/jetson/SLAM_WS/src/inverse_kinematic': PYTHONPATH=/home/jetson/SLAM_WS/build/inverse_kinematic/prefix_override:/usr/lib/python3/dist-packages/colcon_core/task/python/colcon_distutils_commands:/home/jetson/SLAM_WS/install/inverse_kinematic/lib/python3.8/site-packages:${PYTHONPATH} /usr/bin/python3 -W ignore:setup.py install is deprecated -W ignore:easy_install command is deprecated setup.py egg_info --egg-base ../../build/inverse_kinematic build --build-base /home/jetson/SLAM_WS/build/inverse_kinematic/build install --record /home/jetson/SLAM_WS/build/inverse_kinematic/install.log --single-version-externally-managed install_data
[7.152s] running egg_info
[7.157s] writing ../../build/inverse_kinematic/inverse_kinematic.egg-info/PKG-INFO
[7.157s] writing dependency_links to ../../build/inverse_kinematic/inverse_kinematic.egg-info/dependency_links.txt
[7.163s] writing entry points to ../../build/inverse_kinematic/inverse_kinematic.egg-info/entry_points.txt
[7.164s] writing requirements to ../../build/inverse_kinematic/inverse_kinematic.egg-info/requires.txt
[7.164s] writing top-level names to ../../build/inverse_kinematic/inverse_kinematic.egg-info/top_level.txt
[7.170s] reading manifest file '../../build/inverse_kinematic/inverse_kinematic.egg-info/SOURCES.txt'
[7.174s] writing manifest file '../../build/inverse_kinematic/inverse_kinematic.egg-info/SOURCES.txt'
[7.175s] running build
[7.176s] running build_py
[7.176s] running install
[7.179s] running install_lib
[7.185s] running install_data
[7.185s] running install_egg_info
[7.194s] removing '/home/jetson/SLAM_WS/install/inverse_kinematic/lib/python3.8/site-packages/inverse_kinematic-0.0.0-py3.8.egg-info' (and everything under it)
[7.195s] Copying ../../build/inverse_kinematic/inverse_kinematic.egg-info to /home/jetson/SLAM_WS/install/inverse_kinematic/lib/python3.8/site-packages/inverse_kinematic-0.0.0-py3.8.egg-info
[7.199s] running install_scripts
[7.278s] Installing inverse_kinematic script to /home/jetson/SLAM_WS/install/inverse_kinematic/lib/inverse_kinematic
[7.280s] writing list of installed files to '/home/jetson/SLAM_WS/build/inverse_kinematic/install.log'
[7.392s] Invoked command in '/home/jetson/SLAM_WS/src/inverse_kinematic' returned '0': PYTHONPATH=/home/jetson/SLAM_WS/build/inverse_kinematic/prefix_override:/usr/lib/python3/dist-packages/colcon_core/task/python/colcon_distutils_commands:/home/jetson/SLAM_WS/install/inverse_kinematic/lib/python3.8/site-packages:${PYTHONPATH} /usr/bin/python3 -W ignore:setup.py install is deprecated -W ignore:easy_install command is deprecated setup.py egg_info --egg-base ../../build/inverse_kinematic build --build-base /home/jetson/SLAM_WS/build/inverse_kinematic/build install --record /home/jetson/SLAM_WS/build/inverse_kinematic/install.log --single-version-externally-managed install_data
