[6.358s] Invoking command in '/home/jetson/SLAM_WS/build/omni_bot': PYTHONPATH=/home/jetson/SLAM_WS/build/omni_bot/prefix_override:/usr/lib/python3/dist-packages/colcon_core/task/python/colcon_distutils_commands:/home/jetson/SLAM_WS/install/omni_bot/lib/python3.8/site-packages:${PYTHONPATH} /usr/bin/python3 -W ignore:setup.py install is deprecated -W ignore:easy_install command is deprecated setup.py develop --uninstall --editable --build-directory /home/jetson/SLAM_WS/build/omni_bot/build
[7.893s] running develop
[8.803s] Removing /home/jetson/SLAM_WS/install/omni_bot/lib/python3.8/site-packages/omni-bot.egg-link (link to .)
[10.014s] Invoked command in '/home/jetson/SLAM_WS/build/omni_bot' returned '0': PYTHONPATH=/home/jetson/SLAM_WS/build/omni_bot/prefix_override:/usr/lib/python3/dist-packages/colcon_core/task/python/colcon_distutils_commands:/home/jetson/SLAM_WS/install/omni_bot/lib/python3.8/site-packages:${PYTHONPATH} /usr/bin/python3 -W ignore:setup.py install is deprecated -W ignore:easy_install command is deprecated setup.py develop --uninstall --editable --build-directory /home/jetson/SLAM_WS/build/omni_bot/build
[10.023s] Invoking command in '/home/jetson/SLAM_WS/src/omni_bot': PYTHONPATH=/home/jetson/SLAM_WS/build/omni_bot/prefix_override:/usr/lib/python3/dist-packages/colcon_core/task/python/colcon_distutils_commands:/home/jetson/SLAM_WS/install/omni_bot/lib/python3.8/site-packages:${PYTHONPATH} /usr/bin/python3 -W ignore:setup.py install is deprecated -W ignore:easy_install command is deprecated setup.py egg_info --egg-base ../../build/omni_bot build --build-base /home/jetson/SLAM_WS/build/omni_bot/build install --record /home/jetson/SLAM_WS/build/omni_bot/install.log --single-version-externally-managed install_data --force
[11.422s] running egg_info
[11.426s] writing ../../build/omni_bot/omni_bot.egg-info/PKG-INFO
[11.428s] writing dependency_links to ../../build/omni_bot/omni_bot.egg-info/dependency_links.txt
[11.429s] writing entry points to ../../build/omni_bot/omni_bot.egg-info/entry_points.txt
[11.431s] writing requirements to ../../build/omni_bot/omni_bot.egg-info/requires.txt
[11.433s] writing top-level names to ../../build/omni_bot/omni_bot.egg-info/top_level.txt
[11.451s] reading manifest file '../../build/omni_bot/omni_bot.egg-info/SOURCES.txt'
[11.455s] writing manifest file '../../build/omni_bot/omni_bot.egg-info/SOURCES.txt'
[11.455s] running build
[11.456s] running build_py
[11.456s] running install
[11.461s] running install_lib
[11.465s] creating /home/jetson/SLAM_WS/install/omni_bot/lib/python3.8/site-packages/omni_bot
[11.465s] copying /home/jetson/SLAM_WS/build/omni_bot/build/lib/omni_bot/__init__.py -> /home/jetson/SLAM_WS/install/omni_bot/lib/python3.8/site-packages/omni_bot
[11.470s] byte-compiling /home/jetson/SLAM_WS/install/omni_bot/lib/python3.8/site-packages/omni_bot/__init__.py to __init__.cpython-38.pyc
[11.471s] running install_data
[11.471s] copying resource/omni_bot -> /home/jetson/SLAM_WS/install/omni_bot/share/ament_index/resource_index/packages
[11.472s] copying package.xml -> /home/jetson/SLAM_WS/install/omni_bot/share/omni_bot
[11.472s] running install_egg_info
[11.482s] Copying ../../build/omni_bot/omni_bot.egg-info to /home/jetson/SLAM_WS/install/omni_bot/lib/python3.8/site-packages/omni_bot-0.0.0-py3.8.egg-info
[11.487s] running install_scripts
[11.574s] writing list of installed files to '/home/jetson/SLAM_WS/build/omni_bot/install.log'
[11.692s] Invoked command in '/home/jetson/SLAM_WS/src/omni_bot' returned '0': PYTHONPATH=/home/jetson/SLAM_WS/build/omni_bot/prefix_override:/usr/lib/python3/dist-packages/colcon_core/task/python/colcon_distutils_commands:/home/jetson/SLAM_WS/install/omni_bot/lib/python3.8/site-packages:${PYTHONPATH} /usr/bin/python3 -W ignore:setup.py install is deprecated -W ignore:easy_install command is deprecated setup.py egg_info --egg-base ../../build/omni_bot build --build-base /home/jetson/SLAM_WS/build/omni_bot/build install --record /home/jetson/SLAM_WS/build/omni_bot/install.log --single-version-externally-managed install_data --force
