[7.105s] Invoking command in '/home/jetson/SLAM_WS/src/omnibot_description': PYTHONPATH=/home/jetson/SLAM_WS/build/omnibot_description/prefix_override:/usr/lib/python3/dist-packages/colcon_core/task/python/colcon_distutils_commands:/home/jetson/SLAM_WS/install/omnibot_description/lib/python3.8/site-packages:${PYTHONPATH} /usr/bin/python3 -W ignore:setup.py install is deprecated -W ignore:easy_install command is deprecated setup.py egg_info --egg-base ../../build/omnibot_description build --build-base /home/jetson/SLAM_WS/build/omnibot_description/build install --record /home/jetson/SLAM_WS/build/omnibot_description/install.log --single-version-externally-managed install_data
[8.753s] running egg_info
[8.757s] writing ../../build/omnibot_description/omnibot_description.egg-info/PKG-INFO
[8.767s] writing dependency_links to ../../build/omnibot_description/omnibot_description.egg-info/dependency_links.txt
[8.767s] writing entry points to ../../build/omnibot_description/omnibot_description.egg-info/entry_points.txt
[8.768s] writing requirements to ../../build/omnibot_description/omnibot_description.egg-info/requires.txt
[8.768s] writing top-level names to ../../build/omnibot_description/omnibot_description.egg-info/top_level.txt
[8.787s] reading manifest file '../../build/omnibot_description/omnibot_description.egg-info/SOURCES.txt'
[8.803s] writing manifest file '../../build/omnibot_description/omnibot_description.egg-info/SOURCES.txt'
[8.805s] running build
[8.805s] running build_py
[8.807s] running install
[8.809s] running install_lib
[8.815s] running install_data
[8.819s] running install_egg_info
[8.826s] removing '/home/jetson/SLAM_WS/install/omnibot_description/lib/python3.8/site-packages/omnibot_description-0.0.0-py3.8.egg-info' (and everything under it)
[8.835s] Copying ../../build/omnibot_description/omnibot_description.egg-info to /home/jetson/SLAM_WS/install/omnibot_description/lib/python3.8/site-packages/omnibot_description-0.0.0-py3.8.egg-info
[8.836s] running install_scripts
[8.959s] writing list of installed files to '/home/jetson/SLAM_WS/build/omnibot_description/install.log'
[9.414s] Invoked command in '/home/jetson/SLAM_WS/src/omnibot_description' returned '0': PYTHONPATH=/home/jetson/SLAM_WS/build/omnibot_description/prefix_override:/usr/lib/python3/dist-packages/colcon_core/task/python/colcon_distutils_commands:/home/jetson/SLAM_WS/install/omnibot_description/lib/python3.8/site-packages:${PYTHONPATH} /usr/bin/python3 -W ignore:setup.py install is deprecated -W ignore:easy_install command is deprecated setup.py egg_info --egg-base ../../build/omnibot_description build --build-base /home/jetson/SLAM_WS/build/omnibot_description/build install --record /home/jetson/SLAM_WS/build/omnibot_description/install.log --single-version-externally-managed install_data
