running egg_info
creating ../../build/omni_bot/omni_bot.egg-info
writing ../../build/omni_bot/omni_bot.egg-info/PKG-INFO
writing dependency_links to ../../build/omni_bot/omni_bot.egg-info/dependency_links.txt
writing entry points to ../../build/omni_bot/omni_bot.egg-info/entry_points.txt
writing requirements to ../../build/omni_bot/omni_bot.egg-info/requires.txt
writing top-level names to ../../build/omni_bot/omni_bot.egg-info/top_level.txt
writing manifest file '../../build/omni_bot/omni_bot.egg-info/SOURCES.txt'
reading manifest file '../../build/omni_bot/omni_bot.egg-info/SOURCES.txt'
writing manifest file '../../build/omni_bot/omni_bot.egg-info/SOURCES.txt'
running build
running build_py
creating /home/jetson/SLAM_WS/build/omni_bot/build
creating /home/jetson/SLAM_WS/build/omni_bot/build/lib
creating /home/jetson/SLAM_WS/build/omni_bot/build/lib/omni_bot
copying omni_bot/__init__.py -> /home/jetson/SLAM_WS/build/omni_bot/build/lib/omni_bot
running install
running install_lib
creating /home/jetson/SLAM_WS/install/omni_bot/lib/python3.8/site-packages/omni_bot
copying /home/jetson/SLAM_WS/build/omni_bot/build/lib/omni_bot/__init__.py -> /home/jetson/SLAM_WS/install/omni_bot/lib/python3.8/site-packages/omni_bot
byte-compiling /home/jetson/SLAM_WS/install/omni_bot/lib/python3.8/site-packages/omni_bot/__init__.py to __init__.cpython-38.pyc
running install_data
creating /home/jetson/SLAM_WS/install/omni_bot/share/ament_index
creating /home/jetson/SLAM_WS/install/omni_bot/share/ament_index/resource_index
creating /home/jetson/SLAM_WS/install/omni_bot/share/ament_index/resource_index/packages
copying resource/omni_bot -> /home/jetson/SLAM_WS/install/omni_bot/share/ament_index/resource_index/packages
copying package.xml -> /home/jetson/SLAM_WS/install/omni_bot/share/omni_bot
running install_egg_info
Copying ../../build/omni_bot/omni_bot.egg-info to /home/jetson/SLAM_WS/install/omni_bot/lib/python3.8/site-packages/omni_bot-0.0.0-py3.8.egg-info
running install_scripts
writing list of installed files to '/home/jetson/SLAM_WS/build/omni_bot/install.log'
