[3.179s] Invoking command in '/home/jetson/SLAM_WS/src/omni_bot': PYTHONPATH=/home/jetson/SLAM_WS/build/omni_bot/prefix_override:/usr/lib/python3/dist-packages/colcon_core/task/python/colcon_distutils_commands:/home/jetson/SLAM_WS/install/omni_bot/lib/python3.8/site-packages:${PYTHONPATH} /usr/bin/python3 -W ignore:setup.py install is deprecated -W ignore:easy_install command is deprecated setup.py egg_info --egg-base ../../build/omni_bot build --build-base /home/jetson/SLAM_WS/build/omni_bot/build install --record /home/jetson/SLAM_WS/build/omni_bot/install.log --install-scripts $base/lib/omni_bot --single-version-externally-managed install_data
[4.223s] /usr/local/lib/python3.8/dist-packages/setuptools/dist.py:717: UserWarning: Usage of dash-separated 'script-dir' will not be supported in future versions. Please use the underscore name 'script_dir' instead
[4.224s]   warnings.warn(
[4.349s] running egg_info
[4.351s] creating ../../build/omni_bot/omni_bot.egg-info
[4.352s] writing ../../build/omni_bot/omni_bot.egg-info/PKG-INFO
[4.352s] writing dependency_links to ../../build/omni_bot/omni_bot.egg-info/dependency_links.txt
[4.353s] writing entry points to ../../build/omni_bot/omni_bot.egg-info/entry_points.txt
[4.353s] writing requirements to ../../build/omni_bot/omni_bot.egg-info/requires.txt
[4.354s] writing top-level names to ../../build/omni_bot/omni_bot.egg-info/top_level.txt
[4.367s] writing manifest file '../../build/omni_bot/omni_bot.egg-info/SOURCES.txt'
[4.375s] reading manifest file '../../build/omni_bot/omni_bot.egg-info/SOURCES.txt'
[4.378s] writing manifest file '../../build/omni_bot/omni_bot.egg-info/SOURCES.txt'
[4.379s] running build
[4.380s] running build_py
[4.380s] creating /home/jetson/SLAM_WS/build/omni_bot/build
[4.381s] creating /home/jetson/SLAM_WS/build/omni_bot/build/lib
[4.381s] creating /home/jetson/SLAM_WS/build/omni_bot/build/lib/omni_bot
[4.382s] copying omni_bot/__init__.py -> /home/jetson/SLAM_WS/build/omni_bot/build/lib/omni_bot
[4.382s] running install
[4.383s] running install_lib
[4.387s] creating /home/jetson/SLAM_WS/install/omni_bot/lib/python3.8/site-packages/omni_bot
[4.388s] copying /home/jetson/SLAM_WS/build/omni_bot/build/lib/omni_bot/__init__.py -> /home/jetson/SLAM_WS/install/omni_bot/lib/python3.8/site-packages/omni_bot
[4.390s] byte-compiling /home/jetson/SLAM_WS/install/omni_bot/lib/python3.8/site-packages/omni_bot/__init__.py to __init__.cpython-38.pyc
[4.390s] running install_data
[4.391s] creating /home/jetson/SLAM_WS/install/omni_bot/share/ament_index
[4.392s] creating /home/jetson/SLAM_WS/install/omni_bot/share/ament_index/resource_index
[4.392s] creating /home/jetson/SLAM_WS/install/omni_bot/share/ament_index/resource_index/packages
[4.393s] copying resource/omni_bot -> /home/jetson/SLAM_WS/install/omni_bot/share/ament_index/resource_index/packages
[4.393s] copying package.xml -> /home/jetson/SLAM_WS/install/omni_bot/share/omni_bot
[4.394s] running install_egg_info
[4.400s] Copying ../../build/omni_bot/omni_bot.egg-info to /home/jetson/SLAM_WS/install/omni_bot/lib/python3.8/site-packages/omni_bot-0.0.0-py3.8.egg-info
[4.404s] running install_scripts
[4.471s] writing list of installed files to '/home/jetson/SLAM_WS/build/omni_bot/install.log'
[4.566s] Invoked command in '/home/jetson/SLAM_WS/src/omni_bot' returned '0': PYTHONPATH=/home/jetson/SLAM_WS/build/omni_bot/prefix_override:/usr/lib/python3/dist-packages/colcon_core/task/python/colcon_distutils_commands:/home/jetson/SLAM_WS/install/omni_bot/lib/python3.8/site-packages:${PYTHONPATH} /usr/bin/python3 -W ignore:setup.py install is deprecated -W ignore:easy_install command is deprecated setup.py egg_info --egg-base ../../build/omni_bot build --build-base /home/jetson/SLAM_WS/build/omni_bot/build install --record /home/jetson/SLAM_WS/build/omni_bot/install.log --install-scripts $base/lib/omni_bot --single-version-externally-managed install_data
