[3.112s] Invoking command in '/home/jetson/SLAM_WS/src/odom': PYTHONPATH=/home/jetson/SLAM_WS/build/odom/prefix_override:/usr/lib/python3/dist-packages/colcon_core/task/python/colcon_distutils_commands:/home/jetson/SLAM_WS/install/odom/lib/python3.8/site-packages:${PYTHONPATH} /usr/bin/python3 -W ignore:setup.py install is deprecated -W ignore:easy_install command is deprecated setup.py egg_info --egg-base ../../build/odom build --build-base /home/jetson/SLAM_WS/build/odom/build install --record /home/jetson/SLAM_WS/build/odom/install.log --single-version-externally-managed install_data
[4.318s] running egg_info
[4.320s] writing ../../build/odom/odom.egg-info/PKG-INFO
[4.321s] writing dependency_links to ../../build/odom/odom.egg-info/dependency_links.txt
[4.322s] writing entry points to ../../build/odom/odom.egg-info/entry_points.txt
[4.323s] writing requirements to ../../build/odom/odom.egg-info/requires.txt
[4.323s] writing top-level names to ../../build/odom/odom.egg-info/top_level.txt
[4.335s] reading manifest file '../../build/odom/odom.egg-info/SOURCES.txt'
[4.339s] writing manifest file '../../build/odom/odom.egg-info/SOURCES.txt'
[4.339s] running build
[4.339s] running build_py
[4.340s] running install
[4.343s] running install_lib
[4.348s] running install_data
[4.349s] running install_egg_info
[4.357s] removing '/home/jetson/SLAM_WS/install/odom/lib/python3.8/site-packages/odom-0.0.0-py3.8.egg-info' (and everything under it)
[4.358s] Copying ../../build/odom/odom.egg-info to /home/jetson/SLAM_WS/install/odom/lib/python3.8/site-packages/odom-0.0.0-py3.8.egg-info
[4.362s] running install_scripts
[4.434s] Installing odom_node script to /home/jetson/SLAM_WS/install/odom/lib/odom
[4.435s] writing list of installed files to '/home/jetson/SLAM_WS/build/odom/install.log'
[4.533s] Invoked command in '/home/jetson/SLAM_WS/src/odom' returned '0': PYTHONPATH=/home/jetson/SLAM_WS/build/odom/prefix_override:/usr/lib/python3/dist-packages/colcon_core/task/python/colcon_distutils_commands:/home/jetson/SLAM_WS/install/odom/lib/python3.8/site-packages:${PYTHONPATH} /usr/bin/python3 -W ignore:setup.py install is deprecated -W ignore:easy_install command is deprecated setup.py egg_info --egg-base ../../build/odom build --build-base /home/jetson/SLAM_WS/build/odom/build install --record /home/jetson/SLAM_WS/build/odom/install.log --single-version-externally-managed install_data
