[5.288s] Invoking command in '/home/jetson/SLAM_WS/src/omnibot_description': PYTHONPATH=/home/jetson/SLAM_WS/build/omnibot_description/prefix_override:/usr/lib/python3/dist-packages/colcon_core/task/python/colcon_distutils_commands:/home/jetson/SLAM_WS/install/omnibot_description/lib/python3.8/site-packages:${PYTHONPATH} /usr/bin/python3 -W ignore:setup.py install is deprecated -W ignore:easy_install command is deprecated setup.py egg_info --egg-base ../../build/omnibot_description build --build-base /home/jetson/SLAM_WS/build/omnibot_description/build install --record /home/jetson/SLAM_WS/build/omnibot_description/install.log --single-version-externally-managed install_data
[7.085s] running egg_info
[7.089s] writing ../../build/omnibot_description/omnibot_description.egg-info/PKG-INFO
[7.091s] writing dependency_links to ../../build/omnibot_description/omnibot_description.egg-info/dependency_links.txt
[7.094s] writing entry points to ../../build/omnibot_description/omnibot_description.egg-info/entry_points.txt
[7.095s] writing requirements to ../../build/omnibot_description/omnibot_description.egg-info/requires.txt
[7.095s] writing top-level names to ../../build/omnibot_description/omnibot_description.egg-info/top_level.txt
[7.103s] reading manifest file '../../build/omnibot_description/omnibot_description.egg-info/SOURCES.txt'
[7.107s] writing manifest file '../../build/omnibot_description/omnibot_description.egg-info/SOURCES.txt'
[7.110s] running build
[7.111s] running build_py
[7.112s] running install
[7.113s] running install_lib
[7.118s] running install_data
[7.119s] copying urdf/omnibot.urdf.xacro -> /home/jetson/SLAM_WS/install/omnibot_description/share/omnibot_description/urdf
[7.121s] running install_egg_info
[7.129s] removing '/home/jetson/SLAM_WS/install/omnibot_description/lib/python3.8/site-packages/omnibot_description-0.0.0-py3.8.egg-info' (and everything under it)
[7.134s] Copying ../../build/omnibot_description/omnibot_description.egg-info to /home/jetson/SLAM_WS/install/omnibot_description/lib/python3.8/site-packages/omnibot_description-0.0.0-py3.8.egg-info
[7.134s] running install_scripts
[7.218s] writing list of installed files to '/home/jetson/SLAM_WS/build/omnibot_description/install.log'
[7.465s] Invoked command in '/home/jetson/SLAM_WS/src/omnibot_description' returned '0': PYTHONPATH=/home/jetson/SLAM_WS/build/omnibot_description/prefix_override:/usr/lib/python3/dist-packages/colcon_core/task/python/colcon_distutils_commands:/home/jetson/SLAM_WS/install/omnibot_description/lib/python3.8/site-packages:${PYTHONPATH} /usr/bin/python3 -W ignore:setup.py install is deprecated -W ignore:easy_install command is deprecated setup.py egg_info --egg-base ../../build/omnibot_description build --build-base /home/jetson/SLAM_WS/build/omnibot_description/build install --record /home/jetson/SLAM_WS/build/omnibot_description/install.log --single-version-externally-managed install_data
