[3.130s] Invoking command in '/home/jetson/SLAM_WS/src/omni_bot': PYTHONPATH=/home/jetson/SLAM_WS/build/omni_bot/prefix_override:/usr/lib/python3/dist-packages/colcon_core/task/python/colcon_distutils_commands:/home/jetson/SLAM_WS/install/omni_bot/lib/python3.8/site-packages:${PYTHONPATH} /usr/bin/python3 -W ignore:setup.py install is deprecated -W ignore:easy_install command is deprecated setup.py egg_info --egg-base ../../build/omni_bot build --build-base /home/jetson/SLAM_WS/build/omni_bot/build install --record /home/jetson/SLAM_WS/build/omni_bot/install.log --single-version-externally-managed install_data
[4.273s] running egg_info
[4.276s] writing ../../build/omni_bot/omni_bot.egg-info/PKG-INFO
[4.277s] writing dependency_links to ../../build/omni_bot/omni_bot.egg-info/dependency_links.txt
[4.278s] writing entry points to ../../build/omni_bot/omni_bot.egg-info/entry_points.txt
[4.278s] writing requirements to ../../build/omni_bot/omni_bot.egg-info/requires.txt
[4.279s] writing top-level names to ../../build/omni_bot/omni_bot.egg-info/top_level.txt
[4.293s] reading manifest file '../../build/omni_bot/omni_bot.egg-info/SOURCES.txt'
[4.298s] writing manifest file '../../build/omni_bot/omni_bot.egg-info/SOURCES.txt'
[4.298s] running build
[4.299s] running build_py
[4.299s] running install
[4.302s] running install_lib
[4.307s] running install_data
[4.307s] creating /home/jetson/SLAM_WS/install/omni_bot/share/omni_bot/launch
[4.308s] copying launch/rplidar.launch.py -> /home/jetson/SLAM_WS/install/omni_bot/share/omni_bot/launch
[4.308s] running install_egg_info
[4.316s] removing '/home/jetson/SLAM_WS/install/omni_bot/lib/python3.8/site-packages/omni_bot-0.0.0-py3.8.egg-info' (and everything under it)
[4.317s] Copying ../../build/omni_bot/omni_bot.egg-info to /home/jetson/SLAM_WS/install/omni_bot/lib/python3.8/site-packages/omni_bot-0.0.0-py3.8.egg-info
[4.322s] running install_scripts
[4.390s] writing list of installed files to '/home/jetson/SLAM_WS/build/omni_bot/install.log'
[4.486s] Invoked command in '/home/jetson/SLAM_WS/src/omni_bot' returned '0': PYTHONPATH=/home/jetson/SLAM_WS/build/omni_bot/prefix_override:/usr/lib/python3/dist-packages/colcon_core/task/python/colcon_distutils_commands:/home/jetson/SLAM_WS/install/omni_bot/lib/python3.8/site-packages:${PYTHONPATH} /usr/bin/python3 -W ignore:setup.py install is deprecated -W ignore:easy_install command is deprecated setup.py egg_info --egg-base ../../build/omni_bot build --build-base /home/jetson/SLAM_WS/build/omni_bot/build install --record /home/jetson/SLAM_WS/build/omni_bot/install.log --single-version-externally-managed install_data
