[4.659s] Invoking command in '/home/jetson/SLAM_WS/build/omnibot_description': PYTHONPATH=/home/jetson/SLAM_WS/build/omnibot_description/prefix_override:/usr/lib/python3/dist-packages/colcon_core/task/python/colcon_distutils_commands:/home/jetson/SLAM_WS/install/omnibot_description/lib/python3.8/site-packages:${PYTHONPATH} /usr/bin/python3 -W ignore:setup.py install is deprecated -W ignore:easy_install command is deprecated setup.py develop --uninstall --editable --build-directory /home/jetson/SLAM_WS/build/omnibot_description/build
[6.024s] running develop
[6.838s] Removing /home/jetson/SLAM_WS/install/omnibot_description/lib/python3.8/site-packages/omnibot-description.egg-link (link to .)
[6.961s] Invoked command in '/home/jetson/SLAM_WS/build/omnibot_description' returned '0': PYTHONPATH=/home/jetson/SLAM_WS/build/omnibot_description/prefix_override:/usr/lib/python3/dist-packages/colcon_core/task/python/colcon_distutils_commands:/home/jetson/SLAM_WS/install/omnibot_description/lib/python3.8/site-packages:${PYTHONPATH} /usr/bin/python3 -W ignore:setup.py install is deprecated -W ignore:easy_install command is deprecated setup.py develop --uninstall --editable --build-directory /home/jetson/SLAM_WS/build/omnibot_description/build
[6.964s] Invoking command in '/home/jetson/SLAM_WS/src/omnibot_description': PYTHONPATH=/home/jetson/SLAM_WS/build/omnibot_description/prefix_override:/usr/lib/python3/dist-packages/colcon_core/task/python/colcon_distutils_commands:/home/jetson/SLAM_WS/install/omnibot_description/lib/python3.8/site-packages:${PYTHONPATH} /usr/bin/python3 -W ignore:setup.py install is deprecated -W ignore:easy_install command is deprecated setup.py egg_info --egg-base ../../build/omnibot_description build --build-base /home/jetson/SLAM_WS/build/omnibot_description/build install --record /home/jetson/SLAM_WS/build/omnibot_description/install.log --single-version-externally-managed install_data --force
[8.382s] running egg_info
[8.389s] writing ../../build/omnibot_description/omnibot_description.egg-info/PKG-INFO
[8.390s] writing dependency_links to ../../build/omnibot_description/omnibot_description.egg-info/dependency_links.txt
[8.391s] writing entry points to ../../build/omnibot_description/omnibot_description.egg-info/entry_points.txt
[8.392s] writing requirements to ../../build/omnibot_description/omnibot_description.egg-info/requires.txt
[8.392s] writing top-level names to ../../build/omnibot_description/omnibot_description.egg-info/top_level.txt
[8.401s] reading manifest file '../../build/omnibot_description/omnibot_description.egg-info/SOURCES.txt'
[8.405s] writing manifest file '../../build/omnibot_description/omnibot_description.egg-info/SOURCES.txt'
[8.406s] running build
[8.406s] running build_py
[8.407s] running install
[8.410s] running install_lib
[8.414s] creating /home/jetson/SLAM_WS/install/omnibot_description/lib/python3.8/site-packages/omnibot_description
[8.414s] copying /home/jetson/SLAM_WS/build/omnibot_description/build/lib/omnibot_description/__init__.py -> /home/jetson/SLAM_WS/install/omnibot_description/lib/python3.8/site-packages/omnibot_description
[8.416s] byte-compiling /home/jetson/SLAM_WS/install/omnibot_description/lib/python3.8/site-packages/omnibot_description/__init__.py to __init__.cpython-38.pyc
[8.417s] running install_data
[8.418s] copying resource/omnibot_description -> /home/jetson/SLAM_WS/install/omnibot_description/share/ament_index/resource_index/packages
[8.418s] copying package.xml -> /home/jetson/SLAM_WS/install/omnibot_description/share/omnibot_description
[8.419s] copying launch/omnibot_description.launch.py -> /home/jetson/SLAM_WS/install/omnibot_description/share/omnibot_description/launch
[8.421s] copying urdf/omnibot.urdf.xacro -> /home/jetson/SLAM_WS/install/omnibot_description/share/omnibot_description/urdf
[8.429s] running install_egg_info
[8.431s] Copying ../../build/omnibot_description/omnibot_description.egg-info to /home/jetson/SLAM_WS/install/omnibot_description/lib/python3.8/site-packages/omnibot_description-0.0.0-py3.8.egg-info
[8.435s] running install_scripts
[8.513s] writing list of installed files to '/home/jetson/SLAM_WS/build/omnibot_description/install.log'
[8.627s] Invoked command in '/home/jetson/SLAM_WS/src/omnibot_description' returned '0': PYTHONPATH=/home/jetson/SLAM_WS/build/omnibot_description/prefix_override:/usr/lib/python3/dist-packages/colcon_core/task/python/colcon_distutils_commands:/home/jetson/SLAM_WS/install/omnibot_description/lib/python3.8/site-packages:${PYTHONPATH} /usr/bin/python3 -W ignore:setup.py install is deprecated -W ignore:easy_install command is deprecated setup.py egg_info --egg-base ../../build/omnibot_description build --build-base /home/jetson/SLAM_WS/build/omnibot_description/build install --record /home/jetson/SLAM_WS/build/omnibot_description/install.log --single-version-externally-managed install_data --force
