[6.411s] Invoking command in '/home/jetson/SLAM_WS/src/kinematics': PYTHONPATH=/home/jetson/SLAM_WS/build/kinematics/prefix_override:/usr/lib/python3/dist-packages/colcon_core/task/python/colcon_distutils_commands:/home/jetson/SLAM_WS/install/kinematics/lib/python3.8/site-packages:${PYTHONPATH} /usr/bin/python3 -W ignore:setup.py install is deprecated -W ignore:easy_install command is deprecated setup.py egg_info --egg-base ../../build/kinematics build --build-base /home/jetson/SLAM_WS/build/kinematics/build install --record /home/jetson/SLAM_WS/build/kinematics/install.log --single-version-externally-managed install_data
[7.776s] running egg_info
[7.779s] writing ../../build/kinematics/kinematics.egg-info/PKG-INFO
[7.781s] writing dependency_links to ../../build/kinematics/kinematics.egg-info/dependency_links.txt
[7.782s] writing entry points to ../../build/kinematics/kinematics.egg-info/entry_points.txt
[7.784s] writing requirements to ../../build/kinematics/kinematics.egg-info/requires.txt
[7.786s] writing top-level names to ../../build/kinematics/kinematics.egg-info/top_level.txt
[7.800s] reading manifest file '../../build/kinematics/kinematics.egg-info/SOURCES.txt'
[7.806s] writing manifest file '../../build/kinematics/kinematics.egg-info/SOURCES.txt'
[7.807s] running build
[7.808s] running build_py
[7.810s] running install
[7.815s] running install_lib
[7.821s] running install_data
[7.822s] copying package.xml -> /home/jetson/SLAM_WS/install/kinematics/share/kinematics
[7.823s] running install_egg_info
[7.833s] removing '/home/jetson/SLAM_WS/install/kinematics/lib/python3.8/site-packages/kinematics-0.0.0-py3.8.egg-info' (and everything under it)
[7.834s] Copying ../../build/kinematics/kinematics.egg-info to /home/jetson/SLAM_WS/install/kinematics/lib/python3.8/site-packages/kinematics-0.0.0-py3.8.egg-info
[7.840s] running install_scripts
[7.930s] Installing inverse_kinematic script to /home/jetson/SLAM_WS/install/kinematics/lib/kinematics
[7.933s] writing list of installed files to '/home/jetson/SLAM_WS/build/kinematics/install.log'
[8.050s] Invoked command in '/home/jetson/SLAM_WS/src/kinematics' returned '0': PYTHONPATH=/home/jetson/SLAM_WS/build/kinematics/prefix_override:/usr/lib/python3/dist-packages/colcon_core/task/python/colcon_distutils_commands:/home/jetson/SLAM_WS/install/kinematics/lib/python3.8/site-packages:${PYTHONPATH} /usr/bin/python3 -W ignore:setup.py install is deprecated -W ignore:easy_install command is deprecated setup.py egg_info --egg-base ../../build/kinematics build --build-base /home/jetson/SLAM_WS/build/kinematics/build install --record /home/jetson/SLAM_WS/build/kinematics/install.log --single-version-externally-managed install_data
