[6.370s] Invoking command in '/home/jetson/SLAM_WS/src/kinematics': PYTHONPATH=/home/jetson/SLAM_WS/build/kinematics/prefix_override:/usr/lib/python3/dist-packages/colcon_core/task/python/colcon_distutils_commands:/home/jetson/SLAM_WS/install/kinematics/lib/python3.8/site-packages:${PYTHONPATH} /usr/bin/python3 -W ignore:setup.py install is deprecated -W ignore:easy_install command is deprecated setup.py egg_info --egg-base ../../build/kinematics build --build-base /home/jetson/SLAM_WS/build/kinematics/build install --record /home/jetson/SLAM_WS/build/kinematics/install.log --single-version-externally-managed install_data
[7.887s] running egg_info
[7.891s] writing ../../build/kinematics/kinematics.egg-info/PKG-INFO
[7.893s] writing dependency_links to ../../build/kinematics/kinematics.egg-info/dependency_links.txt
[7.895s] writing entry points to ../../build/kinematics/kinematics.egg-info/entry_points.txt
[7.897s] writing requirements to ../../build/kinematics/kinematics.egg-info/requires.txt
[7.899s] writing top-level names to ../../build/kinematics/kinematics.egg-info/top_level.txt
[7.937s] reading manifest file '../../build/kinematics/kinematics.egg-info/SOURCES.txt'
[7.940s] writing manifest file '../../build/kinematics/kinematics.egg-info/SOURCES.txt'
[7.941s] running build
[7.941s] running build_py
[7.942s] running install
[7.947s] running install_lib
[7.956s] running install_data
[7.959s] running install_egg_info
[7.971s] removing '/home/jetson/SLAM_WS/install/kinematics/lib/python3.8/site-packages/kinematics-0.0.0-py3.8.egg-info' (and everything under it)
[7.973s] Copying ../../build/kinematics/kinematics.egg-info to /home/jetson/SLAM_WS/install/kinematics/lib/python3.8/site-packages/kinematics-0.0.0-py3.8.egg-info
[7.985s] running install_scripts
[8.080s] Installing inverse_kinematic script to /home/jetson/SLAM_WS/install/kinematics/lib/kinematics
[8.080s] Installing serial_driver script to /home/jetson/SLAM_WS/install/kinematics/lib/kinematics
[8.087s] writing list of installed files to '/home/jetson/SLAM_WS/build/kinematics/install.log'
[8.290s] Invoked command in '/home/jetson/SLAM_WS/src/kinematics' returned '0': PYTHONPATH=/home/jetson/SLAM_WS/build/kinematics/prefix_override:/usr/lib/python3/dist-packages/colcon_core/task/python/colcon_distutils_commands:/home/jetson/SLAM_WS/install/kinematics/lib/python3.8/site-packages:${PYTHONPATH} /usr/bin/python3 -W ignore:setup.py install is deprecated -W ignore:easy_install command is deprecated setup.py egg_info --egg-base ../../build/kinematics build --build-base /home/jetson/SLAM_WS/build/kinematics/build install --record /home/jetson/SLAM_WS/build/kinematics/install.log --single-version-externally-managed install_data
