/usr/local/lib/python3.8/dist-packages/setuptools/dist.py:717: UserWarning: Usage of dash-separated 'script-dir' will not be supported in future versions. Please use the underscore name 'script_dir' instead
  warnings.warn(
running egg_info
writing ../../build/teleop_omni/teleop_omni.egg-info/PKG-INFO
writing dependency_links to ../../build/teleop_omni/teleop_omni.egg-info/dependency_links.txt
writing entry points to ../../build/teleop_omni/teleop_omni.egg-info/entry_points.txt
writing requirements to ../../build/teleop_omni/teleop_omni.egg-info/requires.txt
writing top-level names to ../../build/teleop_omni/teleop_omni.egg-info/top_level.txt
reading manifest file '../../build/teleop_omni/teleop_omni.egg-info/SOURCES.txt'
writing manifest file '../../build/teleop_omni/teleop_omni.egg-info/SOURCES.txt'
running build
running build_py
running install
running install_lib
running install_data
running install_egg_info
removing '/home/jetson/SLAM_WS/install/teleop_omni/lib/python3.8/site-packages/teleop_omni-0.0.0-py3.8.egg-info' (and everything under it)
Copying ../../build/teleop_omni/teleop_omni.egg-info to /home/jetson/SLAM_WS/install/teleop_omni/lib/python3.8/site-packages/teleop_omni-0.0.0-py3.8.egg-info
running install_scripts
Installing teleop_keyboard script to /home/jetson/SLAM_WS/install/teleop_omni/lib/teleop_omni
writing list of installed files to '/home/jetson/SLAM_WS/build/teleop_omni/install.log'
