[4.497s] Invoking command in '/home/jetson/SLAM_WS/src/teleop_omni': PYTHONPATH=/home/jetson/SLAM_WS/build/teleop_omni/prefix_override:/usr/lib/python3/dist-packages/colcon_core/task/python/colcon_distutils_commands:/home/jetson/SLAM_WS/install/teleop_omni/lib/python3.8/site-packages:${PYTHONPATH} /usr/bin/python3 -W ignore:setup.py install is deprecated -W ignore:easy_install command is deprecated setup.py egg_info --egg-base ../../build/teleop_omni build --build-base /home/jetson/SLAM_WS/build/teleop_omni/build install --record /home/jetson/SLAM_WS/build/teleop_omni/install.log --install-scripts $base/lib/teleop_omni --single-version-externally-managed install_data
[5.555s] /usr/local/lib/python3.8/dist-packages/setuptools/dist.py:717: UserWarning: Usage of dash-separated 'script-dir' will not be supported in future versions. Please use the underscore name 'script_dir' instead
[5.557s]   warnings.warn(
[5.693s] running egg_info
[5.697s] writing ../../build/teleop_omni/teleop_omni.egg-info/PKG-INFO
[5.697s] writing dependency_links to ../../build/teleop_omni/teleop_omni.egg-info/dependency_links.txt
[5.698s] writing entry points to ../../build/teleop_omni/teleop_omni.egg-info/entry_points.txt
[5.699s] writing requirements to ../../build/teleop_omni/teleop_omni.egg-info/requires.txt
[5.699s] writing top-level names to ../../build/teleop_omni/teleop_omni.egg-info/top_level.txt
[5.712s] reading manifest file '../../build/teleop_omni/teleop_omni.egg-info/SOURCES.txt'
[5.716s] writing manifest file '../../build/teleop_omni/teleop_omni.egg-info/SOURCES.txt'
[5.717s] running build
[5.717s] running build_py
[5.718s] running install
[5.721s] running install_lib
[5.727s] running install_data
[5.727s] running install_egg_info
[5.734s] removing '/home/jetson/SLAM_WS/install/teleop_omni/lib/python3.8/site-packages/teleop_omni-0.0.0-py3.8.egg-info' (and everything under it)
[5.735s] Copying ../../build/teleop_omni/teleop_omni.egg-info to /home/jetson/SLAM_WS/install/teleop_omni/lib/python3.8/site-packages/teleop_omni-0.0.0-py3.8.egg-info
[5.739s] running install_scripts
[5.818s] Installing teleop_keyboard script to /home/jetson/SLAM_WS/install/teleop_omni/lib/teleop_omni
[5.819s] writing list of installed files to '/home/jetson/SLAM_WS/build/teleop_omni/install.log'
[5.922s] Invoked command in '/home/jetson/SLAM_WS/src/teleop_omni' returned '0': PYTHONPATH=/home/jetson/SLAM_WS/build/teleop_omni/prefix_override:/usr/lib/python3/dist-packages/colcon_core/task/python/colcon_distutils_commands:/home/jetson/SLAM_WS/install/teleop_omni/lib/python3.8/site-packages:${PYTHONPATH} /usr/bin/python3 -W ignore:setup.py install is deprecated -W ignore:easy_install command is deprecated setup.py egg_info --egg-base ../../build/teleop_omni build --build-base /home/jetson/SLAM_WS/build/teleop_omni/build install --record /home/jetson/SLAM_WS/build/teleop_omni/install.log --install-scripts $base/lib/teleop_omni --single-version-externally-managed install_data
