[0.896s] DEBUG:colcon:Command line arguments: ['/usr/bin/colcon', 'build']
[0.897s] DEBUG:colcon:Parsed command line arguments: Namespace(allow_overriding=[], ament_cmake_args=None, base_paths=['.'], build_base='build', catkin_cmake_args=None, catkin_skip_building_tests=False, cmake_args=None, cmake_clean_cache=False, cmake_clean_first=False, cmake_force_configure=False, cmake_target=None, cmake_target_skip_unavailable=False, continue_on_error=False, event_handlers=None, executor='parallel', ignore_user_meta=False, install_base='install', log_base=None, log_level=None, main=<bound method BuildVerb.main of <colcon_core.verb.build.BuildVerb object at 0x7fa58a58e0>>, merge_install=False, metas=['./colcon.meta'], mixin=None, mixin_files=None, mixin_verb=('build',), packages_above=None, packages_above_and_dependencies=None, packages_above_depth=None, packages_end=None, packages_ignore=None, packages_ignore_regex=None, packages_select=None, packages_select_build_failed=False, packages_select_by_dep=None, packages_select_regex=None, packages_select_test_failures=False, packages_skip=None, packages_skip_build_finished=False, packages_skip_by_dep=None, packages_skip_regex=None, packages_skip_test_passed=False, packages_skip_up_to=None, packages_start=None, packages_up_to=None, packages_up_to_regex=None, parallel_workers=4, paths=None, symlink_install=False, test_result_base=None, verb_extension=<colcon_core.verb.build.BuildVerb object at 0x7fa58a58e0>, verb_name='build', verb_parser=<colcon_mixin.mixin.mixin_argument.MixinArgumentDecorator object at 0x7fa57f5f40>)
[1.850s] Level 1:colcon.colcon_core.package_discovery:discover_packages(colcon_meta) check parameters
[1.851s] Level 1:colcon.colcon_core.package_discovery:discover_packages(recursive) check parameters
[1.851s] Level 1:colcon.colcon_core.package_discovery:discover_packages(ignore) check parameters
[1.851s] Level 1:colcon.colcon_core.package_discovery:discover_packages(path) check parameters
[1.851s] Level 1:colcon.colcon_core.package_discovery:discover_packages(colcon_meta) discover
[1.852s] Level 1:colcon.colcon_core.package_discovery:discover_packages(recursive) discover
[1.852s] INFO:colcon.colcon_core.package_discovery:Crawling recursively for packages in '/home/jetson/SLAM_WS'
[1.852s] Level 1:colcon.colcon_core.package_identification:_identify(.) by extensions ['ignore', 'ignore_ament_install']
[1.853s] Level 1:colcon.colcon_core.package_identification:_identify(.) by extension 'ignore'
[1.853s] Level 1:colcon.colcon_core.package_identification:_identify(.) by extension 'ignore_ament_install'
[1.853s] Level 1:colcon.colcon_core.package_identification:_identify(.) by extensions ['colcon_pkg']
[1.853s] Level 1:colcon.colcon_core.package_identification:_identify(.) by extension 'colcon_pkg'
[1.854s] Level 1:colcon.colcon_core.package_identification:_identify(.) by extensions ['colcon_meta']
[1.854s] Level 1:colcon.colcon_core.package_identification:_identify(.) by extension 'colcon_meta'
[1.854s] Level 1:colcon.colcon_core.package_identification:_identify(.) by extensions ['ros']
[1.854s] Level 1:colcon.colcon_core.package_identification:_identify(.) by extension 'ros'
[1.939s] Level 1:colcon.colcon_core.package_identification:_identify(.) by extensions ['cmake', 'python']
[1.939s] Level 1:colcon.colcon_core.package_identification:_identify(.) by extension 'cmake'
[1.939s] Level 1:colcon.colcon_core.package_identification:_identify(.) by extension 'python'
[1.939s] Level 1:colcon.colcon_core.package_identification:_identify(.) by extensions ['python_setup_py']
[1.939s] Level 1:colcon.colcon_core.package_identification:_identify(.) by extension 'python_setup_py'
[1.940s] Level 1:colcon.colcon_core.package_identification:_identify(build) by extensions ['ignore', 'ignore_ament_install']
[1.940s] Level 1:colcon.colcon_core.package_identification:_identify(build) by extension 'ignore'
[1.941s] Level 1:colcon.colcon_core.package_identification:_identify(build) ignored
[1.941s] Level 1:colcon.colcon_core.package_identification:_identify(install) by extensions ['ignore', 'ignore_ament_install']
[1.942s] Level 1:colcon.colcon_core.package_identification:_identify(install) by extension 'ignore'
[1.942s] Level 1:colcon.colcon_core.package_identification:_identify(install) ignored
[1.942s] Level 1:colcon.colcon_core.package_identification:_identify(log) by extensions ['ignore', 'ignore_ament_install']
[1.943s] Level 1:colcon.colcon_core.package_identification:_identify(log) by extension 'ignore'
[1.943s] Level 1:colcon.colcon_core.package_identification:_identify(log) ignored
[1.943s] Level 1:colcon.colcon_core.package_identification:_identify(src) by extensions ['ignore', 'ignore_ament_install']
[1.943s] Level 1:colcon.colcon_core.package_identification:_identify(src) by extension 'ignore'
[1.944s] Level 1:colcon.colcon_core.package_identification:_identify(src) by extension 'ignore_ament_install'
[1.944s] Level 1:colcon.colcon_core.package_identification:_identify(src) by extensions ['colcon_pkg']
[1.944s] Level 1:colcon.colcon_core.package_identification:_identify(src) by extension 'colcon_pkg'
[1.944s] Level 1:colcon.colcon_core.package_identification:_identify(src) by extensions ['colcon_meta']
[1.944s] Level 1:colcon.colcon_core.package_identification:_identify(src) by extension 'colcon_meta'
[1.945s] Level 1:colcon.colcon_core.package_identification:_identify(src) by extensions ['ros']
[1.945s] Level 1:colcon.colcon_core.package_identification:_identify(src) by extension 'ros'
[1.945s] Level 1:colcon.colcon_core.package_identification:_identify(src) by extensions ['cmake', 'python']
[1.945s] Level 1:colcon.colcon_core.package_identification:_identify(src) by extension 'cmake'
[1.945s] Level 1:colcon.colcon_core.package_identification:_identify(src) by extension 'python'
[1.946s] Level 1:colcon.colcon_core.package_identification:_identify(src) by extensions ['python_setup_py']
[1.946s] Level 1:colcon.colcon_core.package_identification:_identify(src) by extension 'python_setup_py'
[1.946s] Level 1:colcon.colcon_core.package_identification:_identify(src/ldlidar_stl_ros2) by extensions ['ignore', 'ignore_ament_install']
[1.947s] Level 1:colcon.colcon_core.package_identification:_identify(src/ldlidar_stl_ros2) by extension 'ignore'
[1.947s] Level 1:colcon.colcon_core.package_identification:_identify(src/ldlidar_stl_ros2) by extension 'ignore_ament_install'
[1.947s] Level 1:colcon.colcon_core.package_identification:_identify(src/ldlidar_stl_ros2) by extensions ['colcon_pkg']
[1.947s] Level 1:colcon.colcon_core.package_identification:_identify(src/ldlidar_stl_ros2) by extension 'colcon_pkg'
[1.947s] Level 1:colcon.colcon_core.package_identification:_identify(src/ldlidar_stl_ros2) by extensions ['colcon_meta']
[1.947s] Level 1:colcon.colcon_core.package_identification:_identify(src/ldlidar_stl_ros2) by extension 'colcon_meta'
[1.948s] Level 1:colcon.colcon_core.package_identification:_identify(src/ldlidar_stl_ros2) by extensions ['ros']
[1.948s] Level 1:colcon.colcon_core.package_identification:_identify(src/ldlidar_stl_ros2) by extension 'ros'
[1.958s] DEBUG:colcon.colcon_core.package_identification:Package 'src/ldlidar_stl_ros2' with type 'ros.ament_cmake' and name 'ldlidar_stl_ros2'
[1.959s] Level 1:colcon.colcon_core.package_identification:_identify(src/omni_bot) by extensions ['ignore', 'ignore_ament_install']
[1.959s] Level 1:colcon.colcon_core.package_identification:_identify(src/omni_bot) by extension 'ignore'
[1.959s] Level 1:colcon.colcon_core.package_identification:_identify(src/omni_bot) by extension 'ignore_ament_install'
[1.960s] Level 1:colcon.colcon_core.package_identification:_identify(src/omni_bot) by extensions ['colcon_pkg']
[1.960s] Level 1:colcon.colcon_core.package_identification:_identify(src/omni_bot) by extension 'colcon_pkg'
[1.960s] Level 1:colcon.colcon_core.package_identification:_identify(src/omni_bot) by extensions ['colcon_meta']
[1.960s] Level 1:colcon.colcon_core.package_identification:_identify(src/omni_bot) by extension 'colcon_meta'
[1.960s] Level 1:colcon.colcon_core.package_identification:_identify(src/omni_bot) by extensions ['ros']
[1.960s] Level 1:colcon.colcon_core.package_identification:_identify(src/omni_bot) by extension 'ros'
[1.963s] DEBUG:colcon.colcon_core.package_identification:Package 'src/omni_bot' with type 'ros.ament_python' and name 'omni_bot'
[1.963s] Level 1:colcon.colcon_core.package_discovery:discover_packages(recursive) using defaults
[1.963s] Level 1:colcon.colcon_core.package_discovery:discover_packages(ignore) discover
[1.964s] Level 1:colcon.colcon_core.package_discovery:discover_packages(ignore) using defaults
[1.964s] Level 1:colcon.colcon_core.package_discovery:discover_packages(path) discover
[1.964s] Level 1:colcon.colcon_core.package_discovery:discover_packages(path) using defaults
[2.042s] Level 1:colcon.colcon_core.package_discovery:discover_packages(prefix_path) check parameters
[2.043s] Level 1:colcon.colcon_core.package_discovery:discover_packages(prefix_path) discover
[2.049s] DEBUG:colcon.colcon_installed_package_information.package_discovery:Found 3 installed packages in /home/jetson/SLAM_WS/install
[2.056s] DEBUG:colcon.colcon_installed_package_information.package_discovery:Found 256 installed packages in /opt/ros/foxy
[2.064s] Level 1:colcon.colcon_core.package_discovery:discover_packages(prefix_path) using defaults
[2.353s] Level 5:colcon.colcon_core.verb:set package 'ldlidar_stl_ros2' build argument 'cmake_args' from command line to 'None'
[2.353s] Level 5:colcon.colcon_core.verb:set package 'ldlidar_stl_ros2' build argument 'cmake_target' from command line to 'None'
[2.354s] Level 5:colcon.colcon_core.verb:set package 'ldlidar_stl_ros2' build argument 'cmake_target_skip_unavailable' from command line to 'False'
[2.354s] Level 5:colcon.colcon_core.verb:set package 'ldlidar_stl_ros2' build argument 'cmake_clean_cache' from command line to 'False'
[2.354s] Level 5:colcon.colcon_core.verb:set package 'ldlidar_stl_ros2' build argument 'cmake_clean_first' from command line to 'False'
[2.354s] Level 5:colcon.colcon_core.verb:set package 'ldlidar_stl_ros2' build argument 'cmake_force_configure' from command line to 'False'
[2.354s] Level 5:colcon.colcon_core.verb:set package 'ldlidar_stl_ros2' build argument 'ament_cmake_args' from command line to 'None'
[2.354s] Level 5:colcon.colcon_core.verb:set package 'ldlidar_stl_ros2' build argument 'catkin_cmake_args' from command line to 'None'
[2.354s] Level 5:colcon.colcon_core.verb:set package 'ldlidar_stl_ros2' build argument 'catkin_skip_building_tests' from command line to 'False'
[2.355s] DEBUG:colcon.colcon_core.verb:Building package 'ldlidar_stl_ros2' with the following arguments: {'ament_cmake_args': None, 'build_base': '/home/jetson/SLAM_WS/build/ldlidar_stl_ros2', 'catkin_cmake_args': None, 'catkin_skip_building_tests': False, 'cmake_args': None, 'cmake_clean_cache': False, 'cmake_clean_first': False, 'cmake_force_configure': False, 'cmake_target': None, 'cmake_target_skip_unavailable': False, 'install_base': '/home/jetson/SLAM_WS/install/ldlidar_stl_ros2', 'merge_install': False, 'path': '/home/jetson/SLAM_WS/src/ldlidar_stl_ros2', 'symlink_install': False, 'test_result_base': None}
[2.356s] Level 5:colcon.colcon_core.verb:set package 'omni_bot' build argument 'cmake_args' from command line to 'None'
[2.357s] Level 5:colcon.colcon_core.verb:set package 'omni_bot' build argument 'cmake_target' from command line to 'None'
[2.357s] Level 5:colcon.colcon_core.verb:set package 'omni_bot' build argument 'cmake_target_skip_unavailable' from command line to 'False'
[2.357s] Level 5:colcon.colcon_core.verb:set package 'omni_bot' build argument 'cmake_clean_cache' from command line to 'False'
[2.357s] Level 5:colcon.colcon_core.verb:set package 'omni_bot' build argument 'cmake_clean_first' from command line to 'False'
[2.357s] Level 5:colcon.colcon_core.verb:set package 'omni_bot' build argument 'cmake_force_configure' from command line to 'False'
[2.357s] Level 5:colcon.colcon_core.verb:set package 'omni_bot' build argument 'ament_cmake_args' from command line to 'None'
[2.357s] Level 5:colcon.colcon_core.verb:set package 'omni_bot' build argument 'catkin_cmake_args' from command line to 'None'
[2.358s] Level 5:colcon.colcon_core.verb:set package 'omni_bot' build argument 'catkin_skip_building_tests' from command line to 'False'
[2.358s] DEBUG:colcon.colcon_core.verb:Building package 'omni_bot' with the following arguments: {'ament_cmake_args': None, 'build_base': '/home/jetson/SLAM_WS/build/omni_bot', 'catkin_cmake_args': None, 'catkin_skip_building_tests': False, 'cmake_args': None, 'cmake_clean_cache': False, 'cmake_clean_first': False, 'cmake_force_configure': False, 'cmake_target': None, 'cmake_target_skip_unavailable': False, 'install_base': '/home/jetson/SLAM_WS/install/omni_bot', 'merge_install': False, 'path': '/home/jetson/SLAM_WS/src/omni_bot', 'symlink_install': False, 'test_result_base': None}
[2.358s] INFO:colcon.colcon_core.executor:Executing jobs using 'parallel' executor
[2.362s] DEBUG:colcon.colcon_parallel_executor.executor.parallel:run_until_complete
[2.363s] INFO:colcon.colcon_ros.task.ament_cmake.build:Building ROS package in '/home/jetson/SLAM_WS/src/ldlidar_stl_ros2' with build type 'ament_cmake'
[2.363s] INFO:colcon.colcon_cmake.task.cmake.build:Building CMake package in '/home/jetson/SLAM_WS/src/ldlidar_stl_ros2'
[2.371s] INFO:colcon.colcon_core.plugin_system:Skipping extension 'colcon_core.shell.bat': Not used on non-Windows systems
[2.372s] INFO:colcon.colcon_core.shell:Skip shell extension 'powershell' for command environment: Not usable outside of PowerShell
[2.372s] DEBUG:colcon.colcon_core.shell:Skip shell extension 'dsv' for command environment
[2.391s] INFO:colcon.colcon_ros.task.ament_python.build:Building ROS package in '/home/jetson/SLAM_WS/src/omni_bot' with build type 'ament_python'
[2.391s] Level 1:colcon.colcon_core.shell:create_environment_hook('omni_bot', 'ament_prefix_path')
[2.393s] INFO:colcon.colcon_core.shell:Creating environment hook '/home/jetson/SLAM_WS/install/omni_bot/share/omni_bot/hook/ament_prefix_path.ps1'
[2.397s] INFO:colcon.colcon_core.shell:Creating environment descriptor '/home/jetson/SLAM_WS/install/omni_bot/share/omni_bot/hook/ament_prefix_path.dsv'
[2.399s] INFO:colcon.colcon_core.shell:Creating environment hook '/home/jetson/SLAM_WS/install/omni_bot/share/omni_bot/hook/ament_prefix_path.sh'
[2.402s] INFO:colcon.colcon_core.shell:Skip shell extension 'powershell' for command environment: Not usable outside of PowerShell
[2.402s] DEBUG:colcon.colcon_core.shell:Skip shell extension 'dsv' for command environment
[2.432s] DEBUG:colcon.colcon_core.event_handler.log_command:Invoking command in '/home/jetson/SLAM_WS/build/ldlidar_stl_ros2': CMAKE_PREFIX_PATH=${CMAKE_PREFIX_PATH}:/home/jetson/SLAM_WS/install/omni_bot:/opt/ros/foxy /usr/bin/cmake --build /home/jetson/SLAM_WS/build/ldlidar_stl_ros2 -- -j4 -l4
[3.691s] INFO:colcon.colcon_core.task.python.build:Building Python package in '/home/jetson/SLAM_WS/src/omni_bot'
[3.693s] INFO:colcon.colcon_core.shell:Skip shell extension 'powershell' for command environment: Not usable outside of PowerShell
[3.693s] DEBUG:colcon.colcon_core.shell:Skip shell extension 'dsv' for command environment
[3.719s] DEBUG:colcon.colcon_core.event_handler.log_command:Invoked command in '/home/jetson/SLAM_WS/build/ldlidar_stl_ros2' returned '0': CMAKE_PREFIX_PATH=${CMAKE_PREFIX_PATH}:/home/jetson/SLAM_WS/install/omni_bot:/opt/ros/foxy /usr/bin/cmake --build /home/jetson/SLAM_WS/build/ldlidar_stl_ros2 -- -j4 -l4
[3.760s] DEBUG:colcon.colcon_core.event_handler.log_command:Invoking command in '/home/jetson/SLAM_WS/build/ldlidar_stl_ros2': CMAKE_PREFIX_PATH=${CMAKE_PREFIX_PATH}:/home/jetson/SLAM_WS/install/omni_bot:/opt/ros/foxy /usr/bin/cmake --install /home/jetson/SLAM_WS/build/ldlidar_stl_ros2
[3.802s] Level 1:colcon.colcon_core.environment:create_environment_scripts_only(ldlidar_stl_ros2)
[3.817s] Level 1:colcon.colcon_core.environment:checking '/home/jetson/SLAM_WS/install/ldlidar_stl_ros2' for CMake module files
[3.821s] Level 1:colcon.colcon_core.environment:checking '/home/jetson/SLAM_WS/install/ldlidar_stl_ros2' for CMake config files
[3.828s] DEBUG:colcon.colcon_core.event_handler.log_command:Invoked command in '/home/jetson/SLAM_WS/build/ldlidar_stl_ros2' returned '0': CMAKE_PREFIX_PATH=${CMAKE_PREFIX_PATH}:/home/jetson/SLAM_WS/install/omni_bot:/opt/ros/foxy /usr/bin/cmake --install /home/jetson/SLAM_WS/build/ldlidar_stl_ros2
[3.831s] Level 1:colcon.colcon_core.shell:create_environment_hook('ldlidar_stl_ros2', 'cmake_prefix_path')
[3.832s] INFO:colcon.colcon_core.shell:Creating environment hook '/home/jetson/SLAM_WS/install/ldlidar_stl_ros2/share/ldlidar_stl_ros2/hook/cmake_prefix_path.ps1'
[3.834s] INFO:colcon.colcon_core.shell:Creating environment descriptor '/home/jetson/SLAM_WS/install/ldlidar_stl_ros2/share/ldlidar_stl_ros2/hook/cmake_prefix_path.dsv'
[3.835s] INFO:colcon.colcon_core.shell:Creating environment hook '/home/jetson/SLAM_WS/install/ldlidar_stl_ros2/share/ldlidar_stl_ros2/hook/cmake_prefix_path.sh'
[3.838s] Level 1:colcon.colcon_core.environment:checking '/home/jetson/SLAM_WS/install/ldlidar_stl_ros2/lib'
[3.839s] Level 1:colcon.colcon_core.environment:checking '/home/jetson/SLAM_WS/install/ldlidar_stl_ros2/bin'
[3.839s] Level 1:colcon.colcon_core.environment:checking '/home/jetson/SLAM_WS/install/ldlidar_stl_ros2/lib/pkgconfig/ldlidar_stl_ros2.pc'
[3.840s] Level 1:colcon.colcon_core.environment:checking '/home/jetson/SLAM_WS/install/ldlidar_stl_ros2/lib/python3.8/site-packages'
[3.841s] Level 1:colcon.colcon_core.environment:checking '/home/jetson/SLAM_WS/install/ldlidar_stl_ros2/bin'
[3.842s] INFO:colcon.colcon_core.shell:Creating package script '/home/jetson/SLAM_WS/install/ldlidar_stl_ros2/share/ldlidar_stl_ros2/package.ps1'
[3.846s] INFO:colcon.colcon_core.shell:Creating package descriptor '/home/jetson/SLAM_WS/install/ldlidar_stl_ros2/share/ldlidar_stl_ros2/package.dsv'
[3.849s] INFO:colcon.colcon_core.shell:Creating package script '/home/jetson/SLAM_WS/install/ldlidar_stl_ros2/share/ldlidar_stl_ros2/package.sh'
[3.852s] INFO:colcon.colcon_core.shell:Creating package script '/home/jetson/SLAM_WS/install/ldlidar_stl_ros2/share/ldlidar_stl_ros2/package.bash'
[3.855s] INFO:colcon.colcon_core.shell:Creating package script '/home/jetson/SLAM_WS/install/ldlidar_stl_ros2/share/ldlidar_stl_ros2/package.zsh'
[3.860s] Level 1:colcon.colcon_core.environment:create_file_with_runtime_dependencies(/home/jetson/SLAM_WS/install/ldlidar_stl_ros2/share/colcon-core/packages/ldlidar_stl_ros2)
[3.863s] Level 1:colcon.colcon_core.environment:create_environment_scripts_only(ldlidar_stl_ros2)
[3.864s] Level 1:colcon.colcon_core.environment:checking '/home/jetson/SLAM_WS/install/ldlidar_stl_ros2' for CMake module files
[3.866s] Level 1:colcon.colcon_core.environment:checking '/home/jetson/SLAM_WS/install/ldlidar_stl_ros2' for CMake config files
[3.868s] Level 1:colcon.colcon_core.shell:create_environment_hook('ldlidar_stl_ros2', 'cmake_prefix_path')
[3.869s] INFO:colcon.colcon_core.shell:Creating environment hook '/home/jetson/SLAM_WS/install/ldlidar_stl_ros2/share/ldlidar_stl_ros2/hook/cmake_prefix_path.ps1'
[3.870s] INFO:colcon.colcon_core.shell:Creating environment descriptor '/home/jetson/SLAM_WS/install/ldlidar_stl_ros2/share/ldlidar_stl_ros2/hook/cmake_prefix_path.dsv'
[3.872s] INFO:colcon.colcon_core.shell:Creating environment hook '/home/jetson/SLAM_WS/install/ldlidar_stl_ros2/share/ldlidar_stl_ros2/hook/cmake_prefix_path.sh'
[3.875s] Level 1:colcon.colcon_core.environment:checking '/home/jetson/SLAM_WS/install/ldlidar_stl_ros2/lib'
[3.875s] Level 1:colcon.colcon_core.environment:checking '/home/jetson/SLAM_WS/install/ldlidar_stl_ros2/bin'
[3.876s] Level 1:colcon.colcon_core.environment:checking '/home/jetson/SLAM_WS/install/ldlidar_stl_ros2/lib/pkgconfig/ldlidar_stl_ros2.pc'
[3.876s] Level 1:colcon.colcon_core.environment:checking '/home/jetson/SLAM_WS/install/ldlidar_stl_ros2/lib/python3.8/site-packages'
[3.877s] Level 1:colcon.colcon_core.environment:checking '/home/jetson/SLAM_WS/install/ldlidar_stl_ros2/bin'
[3.879s] INFO:colcon.colcon_core.shell:Creating package script '/home/jetson/SLAM_WS/install/ldlidar_stl_ros2/share/ldlidar_stl_ros2/package.ps1'
[3.881s] INFO:colcon.colcon_core.shell:Creating package descriptor '/home/jetson/SLAM_WS/install/ldlidar_stl_ros2/share/ldlidar_stl_ros2/package.dsv'
[3.883s] INFO:colcon.colcon_core.shell:Creating package script '/home/jetson/SLAM_WS/install/ldlidar_stl_ros2/share/ldlidar_stl_ros2/package.sh'
[3.885s] INFO:colcon.colcon_core.shell:Creating package script '/home/jetson/SLAM_WS/install/ldlidar_stl_ros2/share/ldlidar_stl_ros2/package.bash'
[3.887s] INFO:colcon.colcon_core.shell:Creating package script '/home/jetson/SLAM_WS/install/ldlidar_stl_ros2/share/ldlidar_stl_ros2/package.zsh'
[3.889s] Level 1:colcon.colcon_core.environment:create_file_with_runtime_dependencies(/home/jetson/SLAM_WS/install/ldlidar_stl_ros2/share/colcon-core/packages/ldlidar_stl_ros2)
[5.509s] DEBUG:colcon.colcon_core.event_handler.log_command:Invoking command in '/home/jetson/SLAM_WS/src/omni_bot': PYTHONPATH=/home/jetson/SLAM_WS/build/omni_bot/prefix_override:/usr/lib/python3/dist-packages/colcon_core/task/python/colcon_distutils_commands:/home/jetson/SLAM_WS/install/omni_bot/lib/python3.8/site-packages:${PYTHONPATH} /usr/bin/python3 -W ignore:setup.py install is deprecated -W ignore:easy_install command is deprecated setup.py egg_info --egg-base ../../build/omni_bot build --build-base /home/jetson/SLAM_WS/build/omni_bot/build install --record /home/jetson/SLAM_WS/build/omni_bot/install.log --single-version-externally-managed install_data
[6.872s] Level 1:colcon.colcon_core.environment:checking '/home/jetson/SLAM_WS/install/omni_bot' for CMake module files
[6.875s] DEBUG:colcon.colcon_core.event_handler.log_command:Invoked command in '/home/jetson/SLAM_WS/src/omni_bot' returned '0': PYTHONPATH=/home/jetson/SLAM_WS/build/omni_bot/prefix_override:/usr/lib/python3/dist-packages/colcon_core/task/python/colcon_distutils_commands:/home/jetson/SLAM_WS/install/omni_bot/lib/python3.8/site-packages:${PYTHONPATH} /usr/bin/python3 -W ignore:setup.py install is deprecated -W ignore:easy_install command is deprecated setup.py egg_info --egg-base ../../build/omni_bot build --build-base /home/jetson/SLAM_WS/build/omni_bot/build install --record /home/jetson/SLAM_WS/build/omni_bot/install.log --single-version-externally-managed install_data
[6.876s] Level 1:colcon.colcon_core.environment:checking '/home/jetson/SLAM_WS/install/omni_bot' for CMake config files
[6.878s] Level 1:colcon.colcon_core.environment:checking '/home/jetson/SLAM_WS/install/omni_bot/lib'
[6.878s] Level 1:colcon.colcon_core.environment:checking '/home/jetson/SLAM_WS/install/omni_bot/bin'
[6.879s] Level 1:colcon.colcon_core.environment:checking '/home/jetson/SLAM_WS/install/omni_bot/lib/pkgconfig/omni_bot.pc'
[6.880s] Level 1:colcon.colcon_core.environment:checking '/home/jetson/SLAM_WS/install/omni_bot/lib/python3.8/site-packages'
[6.880s] Level 1:colcon.colcon_core.shell:create_environment_hook('omni_bot', 'pythonpath')
[6.881s] INFO:colcon.colcon_core.shell:Creating environment hook '/home/jetson/SLAM_WS/install/omni_bot/share/omni_bot/hook/pythonpath.ps1'
[6.883s] INFO:colcon.colcon_core.shell:Creating environment descriptor '/home/jetson/SLAM_WS/install/omni_bot/share/omni_bot/hook/pythonpath.dsv'
[6.884s] INFO:colcon.colcon_core.shell:Creating environment hook '/home/jetson/SLAM_WS/install/omni_bot/share/omni_bot/hook/pythonpath.sh'
[6.886s] Level 1:colcon.colcon_core.environment:checking '/home/jetson/SLAM_WS/install/omni_bot/bin'
[6.887s] Level 1:colcon.colcon_core.environment:create_environment_scripts_only(omni_bot)
[6.888s] INFO:colcon.colcon_core.shell:Creating package script '/home/jetson/SLAM_WS/install/omni_bot/share/omni_bot/package.ps1'
[6.890s] INFO:colcon.colcon_core.shell:Creating package descriptor '/home/jetson/SLAM_WS/install/omni_bot/share/omni_bot/package.dsv'
[6.893s] INFO:colcon.colcon_core.shell:Creating package script '/home/jetson/SLAM_WS/install/omni_bot/share/omni_bot/package.sh'
[6.895s] INFO:colcon.colcon_core.shell:Creating package script '/home/jetson/SLAM_WS/install/omni_bot/share/omni_bot/package.bash'
[6.896s] INFO:colcon.colcon_core.shell:Creating package script '/home/jetson/SLAM_WS/install/omni_bot/share/omni_bot/package.zsh'
[6.898s] Level 1:colcon.colcon_core.environment:create_file_with_runtime_dependencies(/home/jetson/SLAM_WS/install/omni_bot/share/colcon-core/packages/omni_bot)
[6.899s] DEBUG:colcon.colcon_parallel_executor.executor.parallel:closing loop
[6.900s] DEBUG:colcon.colcon_parallel_executor.executor.parallel:loop closed
[6.900s] DEBUG:colcon.colcon_parallel_executor.executor.parallel:run_until_complete finished with '0'
[6.900s] DEBUG:colcon.colcon_core.event_reactor:joining thread
[6.923s] INFO:colcon.colcon_core.plugin_system:Skipping extension 'colcon_notification.desktop_notification.terminal_notifier': Not used on non-Darwin systems
[6.923s] INFO:colcon.colcon_core.plugin_system:Skipping extension 'colcon_notification.desktop_notification.win32': Not used on non-Windows systems
[6.924s] INFO:colcon.colcon_notification.desktop_notification:Sending desktop notification using 'notify2'
[7.053s] DEBUG:colcon.colcon_core.event_reactor:joined thread
[7.055s] INFO:colcon.colcon_core.shell:Creating prefix script '/home/jetson/SLAM_WS/install/local_setup.ps1'
[7.062s] INFO:colcon.colcon_core.shell:Creating prefix util module '/home/jetson/SLAM_WS/install/_local_setup_util_ps1.py'
[7.078s] INFO:colcon.colcon_core.shell:Creating prefix chain script '/home/jetson/SLAM_WS/install/setup.ps1'
[7.094s] INFO:colcon.colcon_core.shell:Creating prefix script '/home/jetson/SLAM_WS/install/local_setup.sh'
[7.098s] INFO:colcon.colcon_core.shell:Creating prefix util module '/home/jetson/SLAM_WS/install/_local_setup_util_sh.py'
[7.103s] INFO:colcon.colcon_core.shell:Creating prefix chain script '/home/jetson/SLAM_WS/install/setup.sh'
[7.117s] INFO:colcon.colcon_core.shell:Creating prefix script '/home/jetson/SLAM_WS/install/local_setup.bash'
[7.121s] INFO:colcon.colcon_core.shell:Creating prefix chain script '/home/jetson/SLAM_WS/install/setup.bash'
[7.134s] INFO:colcon.colcon_core.shell:Creating prefix script '/home/jetson/SLAM_WS/install/local_setup.zsh'
[7.138s] INFO:colcon.colcon_core.shell:Creating prefix chain script '/home/jetson/SLAM_WS/install/setup.zsh'
