running develop
Removing /home/jetson/SLAM_WS/install/slam_launch/lib/python3.8/site-packages/slam-launch.egg-link (link to .)
running egg_info
writing ../../build/slam_launch/slam_launch.egg-info/PKG-INFO
writing dependency_links to ../../build/slam_launch/slam_launch.egg-info/dependency_links.txt
writing requirements to ../../build/slam_launch/slam_launch.egg-info/requires.txt
writing top-level names to ../../build/slam_launch/slam_launch.egg-info/top_level.txt
reading manifest file '../../build/slam_launch/slam_launch.egg-info/SOURCES.txt'
writing manifest file '../../build/slam_launch/slam_launch.egg-info/SOURCES.txt'
running build
running build_py
running install
running install_lib
creating /home/jetson/SLAM_WS/install/slam_launch/lib/python3.8/site-packages/slam_launch
copying /home/jetson/SLAM_WS/build/slam_launch/build/lib/slam_launch/__init__.py -> /home/jetson/SLAM_WS/install/slam_launch/lib/python3.8/site-packages/slam_launch
byte-compiling /home/jetson/SLAM_WS/install/slam_launch/lib/python3.8/site-packages/slam_launch/__init__.py to __init__.cpython-38.pyc
running install_data
copying resource/slam_launch -> /home/jetson/SLAM_WS/install/slam_launch/share/ament_index/resource_index/packages
copying package.xml -> /home/jetson/SLAM_WS/install/slam_launch/share/slam_launch
copying launch/localization.launch.py -> /home/jetson/SLAM_WS/install/slam_launch/share/slam_launch/launch
copying launch/slam.launch.py -> /home/jetson/SLAM_WS/install/slam_launch/share/slam_launch/launch
copying launch/navigation.launch.py -> /home/jetson/SLAM_WS/install/slam_launch/share/slam_launch/launch
running install_egg_info
Copying ../../build/slam_launch/slam_launch.egg-info to /home/jetson/SLAM_WS/install/slam_launch/lib/python3.8/site-packages/slam_launch-0.0.0-py3.8.egg-info
running install_scripts
writing list of installed files to '/home/jetson/SLAM_WS/build/slam_launch/install.log'
