[3.736s] Invoking command in '/home/jetson/SLAM_WS/build/slam_launch': AMENT_PREFIX_PATH=/home/jetson/SLAM_WS/install/odom:/home/jetson/SLAM_WS/install/kinematics:/home/jetson/SLAM_WS/install/teleop_omni:/home/jetson/SLAM_WS/install/slam_launch:/home/jetson/SLAM_WS/install/rplidar_ros:/home/jetson/SLAM_WS/install/omnibot_description:/home/jetson/SLAM_WS/install/omni_bot:/opt/ros/foxy PYTHONPATH=/home/jetson/SLAM_WS/build/slam_launch/prefix_override:/usr/lib/python3/dist-packages/colcon_core/task/python/colcon_distutils_commands:/home/jetson/SLAM_WS/install/slam_launch/lib/python3.8/site-packages:/home/jetson/SLAM_WS/build/odom:/home/jetson/SLAM_WS/install/odom/lib/python3.8/site-packages:/home/jetson/SLAM_WS/build/kinematics:/home/jetson/SLAM_WS/install/kinematics/lib/python3.8/site-packages:/home/jetson/SLAM_WS/install/teleop_omni/lib/python3.8/site-packages:/home/jetson/SLAM_WS/install/slam_launch/lib/python3.8/site-packages:/home/jetson/SLAM_WS/install/omnibot_description/lib/python3.8/site-packages:/home/jetson/SLAM_WS/install/omni_bot/lib/python3.8/site-packages:/opt/ros/foxy/lib/python3.8/site-packages /usr/bin/python3 -W ignore:setup.py install is deprecated -W ignore:easy_install command is deprecated setup.py develop --uninstall --editable --build-directory /home/jetson/SLAM_WS/build/slam_launch/build
[5.262s] running develop
[6.176s] Removing /home/jetson/SLAM_WS/install/slam_launch/lib/python3.8/site-packages/slam-launch.egg-link (link to .)
[6.308s] Invoked command in '/home/jetson/SLAM_WS/build/slam_launch' returned '0': AMENT_PREFIX_PATH=/home/jetson/SLAM_WS/install/odom:/home/jetson/SLAM_WS/install/kinematics:/home/jetson/SLAM_WS/install/teleop_omni:/home/jetson/SLAM_WS/install/slam_launch:/home/jetson/SLAM_WS/install/rplidar_ros:/home/jetson/SLAM_WS/install/omnibot_description:/home/jetson/SLAM_WS/install/omni_bot:/opt/ros/foxy PYTHONPATH=/home/jetson/SLAM_WS/build/slam_launch/prefix_override:/usr/lib/python3/dist-packages/colcon_core/task/python/colcon_distutils_commands:/home/jetson/SLAM_WS/install/slam_launch/lib/python3.8/site-packages:/home/jetson/SLAM_WS/build/odom:/home/jetson/SLAM_WS/install/odom/lib/python3.8/site-packages:/home/jetson/SLAM_WS/build/kinematics:/home/jetson/SLAM_WS/install/kinematics/lib/python3.8/site-packages:/home/jetson/SLAM_WS/install/teleop_omni/lib/python3.8/site-packages:/home/jetson/SLAM_WS/install/slam_launch/lib/python3.8/site-packages:/home/jetson/SLAM_WS/install/omnibot_description/lib/python3.8/site-packages:/home/jetson/SLAM_WS/install/omni_bot/lib/python3.8/site-packages:/opt/ros/foxy/lib/python3.8/site-packages /usr/bin/python3 -W ignore:setup.py install is deprecated -W ignore:easy_install command is deprecated setup.py develop --uninstall --editable --build-directory /home/jetson/SLAM_WS/build/slam_launch/build
[6.311s] Invoking command in '/home/jetson/SLAM_WS/src/slam_launch': AMENT_PREFIX_PATH=/home/jetson/SLAM_WS/install/odom:/home/jetson/SLAM_WS/install/kinematics:/home/jetson/SLAM_WS/install/teleop_omni:/home/jetson/SLAM_WS/install/slam_launch:/home/jetson/SLAM_WS/install/rplidar_ros:/home/jetson/SLAM_WS/install/omnibot_description:/home/jetson/SLAM_WS/install/omni_bot:/opt/ros/foxy PYTHONPATH=/home/jetson/SLAM_WS/build/slam_launch/prefix_override:/usr/lib/python3/dist-packages/colcon_core/task/python/colcon_distutils_commands:/home/jetson/SLAM_WS/install/slam_launch/lib/python3.8/site-packages:/home/jetson/SLAM_WS/build/odom:/home/jetson/SLAM_WS/install/odom/lib/python3.8/site-packages:/home/jetson/SLAM_WS/build/kinematics:/home/jetson/SLAM_WS/install/kinematics/lib/python3.8/site-packages:/home/jetson/SLAM_WS/install/teleop_omni/lib/python3.8/site-packages:/home/jetson/SLAM_WS/install/slam_launch/lib/python3.8/site-packages:/home/jetson/SLAM_WS/install/omnibot_description/lib/python3.8/site-packages:/home/jetson/SLAM_WS/install/omni_bot/lib/python3.8/site-packages:/opt/ros/foxy/lib/python3.8/site-packages /usr/bin/python3 -W ignore:setup.py install is deprecated -W ignore:easy_install command is deprecated setup.py egg_info --egg-base ../../build/slam_launch build --build-base /home/jetson/SLAM_WS/build/slam_launch/build install --record /home/jetson/SLAM_WS/build/slam_launch/install.log --single-version-externally-managed install_data --force
[7.759s] running egg_info
[7.760s] writing ../../build/slam_launch/slam_launch.egg-info/PKG-INFO
[7.762s] writing dependency_links to ../../build/slam_launch/slam_launch.egg-info/dependency_links.txt
[7.763s] writing requirements to ../../build/slam_launch/slam_launch.egg-info/requires.txt
[7.764s] writing top-level names to ../../build/slam_launch/slam_launch.egg-info/top_level.txt
[7.778s] reading manifest file '../../build/slam_launch/slam_launch.egg-info/SOURCES.txt'
[7.783s] writing manifest file '../../build/slam_launch/slam_launch.egg-info/SOURCES.txt'
[7.785s] running build
[7.785s] running build_py
[7.791s] running install
[7.792s] running install_lib
[7.794s] creating /home/jetson/SLAM_WS/install/slam_launch/lib/python3.8/site-packages/slam_launch
[7.795s] copying /home/jetson/SLAM_WS/build/slam_launch/build/lib/slam_launch/__init__.py -> /home/jetson/SLAM_WS/install/slam_launch/lib/python3.8/site-packages/slam_launch
[7.796s] byte-compiling /home/jetson/SLAM_WS/install/slam_launch/lib/python3.8/site-packages/slam_launch/__init__.py to __init__.cpython-38.pyc
[7.797s] running install_data
[7.798s] copying resource/slam_launch -> /home/jetson/SLAM_WS/install/slam_launch/share/ament_index/resource_index/packages
[7.803s] copying package.xml -> /home/jetson/SLAM_WS/install/slam_launch/share/slam_launch
[7.804s] copying launch/localization.launch.py -> /home/jetson/SLAM_WS/install/slam_launch/share/slam_launch/launch
[7.804s] copying launch/slam.launch.py -> /home/jetson/SLAM_WS/install/slam_launch/share/slam_launch/launch
[7.805s] copying launch/navigation.launch.py -> /home/jetson/SLAM_WS/install/slam_launch/share/slam_launch/launch
[7.805s] running install_egg_info
[7.811s] Copying ../../build/slam_launch/slam_launch.egg-info to /home/jetson/SLAM_WS/install/slam_launch/lib/python3.8/site-packages/slam_launch-0.0.0-py3.8.egg-info
[7.814s] running install_scripts
[7.902s] writing list of installed files to '/home/jetson/SLAM_WS/build/slam_launch/install.log'
[8.039s] Invoked command in '/home/jetson/SLAM_WS/src/slam_launch' returned '0': AMENT_PREFIX_PATH=/home/jetson/SLAM_WS/install/odom:/home/jetson/SLAM_WS/install/kinematics:/home/jetson/SLAM_WS/install/teleop_omni:/home/jetson/SLAM_WS/install/slam_launch:/home/jetson/SLAM_WS/install/rplidar_ros:/home/jetson/SLAM_WS/install/omnibot_description:/home/jetson/SLAM_WS/install/omni_bot:/opt/ros/foxy PYTHONPATH=/home/jetson/SLAM_WS/build/slam_launch/prefix_override:/usr/lib/python3/dist-packages/colcon_core/task/python/colcon_distutils_commands:/home/jetson/SLAM_WS/install/slam_launch/lib/python3.8/site-packages:/home/jetson/SLAM_WS/build/odom:/home/jetson/SLAM_WS/install/odom/lib/python3.8/site-packages:/home/jetson/SLAM_WS/build/kinematics:/home/jetson/SLAM_WS/install/kinematics/lib/python3.8/site-packages:/home/jetson/SLAM_WS/install/teleop_omni/lib/python3.8/site-packages:/home/jetson/SLAM_WS/install/slam_launch/lib/python3.8/site-packages:/home/jetson/SLAM_WS/install/omnibot_description/lib/python3.8/site-packages:/home/jetson/SLAM_WS/install/omni_bot/lib/python3.8/site-packages:/opt/ros/foxy/lib/python3.8/site-packages /usr/bin/python3 -W ignore:setup.py install is deprecated -W ignore:easy_install command is deprecated setup.py egg_info --egg-base ../../build/slam_launch build --build-base /home/jetson/SLAM_WS/build/slam_launch/build install --record /home/jetson/SLAM_WS/build/slam_launch/install.log --single-version-externally-managed install_data --force
