[6.430s] Invoking command in '/home/jetson/SLAM_WS/src/kinematics': PYTHONPATH=/home/jetson/SLAM_WS/build/kinematics/prefix_override:/usr/lib/python3/dist-packages/colcon_core/task/python/colcon_distutils_commands:/home/jetson/SLAM_WS/install/kinematics/lib/python3.8/site-packages:${PYTHONPATH} /usr/bin/python3 -W ignore:setup.py install is deprecated -W ignore:easy_install command is deprecated setup.py egg_info --egg-base ../../build/kinematics build --build-base /home/jetson/SLAM_WS/build/kinematics/build install --record /home/jetson/SLAM_WS/build/kinematics/install.log --single-version-externally-managed install_data
[7.793s] running egg_info
[7.795s] writing ../../build/kinematics/kinematics.egg-info/PKG-INFO
[7.798s] writing dependency_links to ../../build/kinematics/kinematics.egg-info/dependency_links.txt
[7.799s] writing entry points to ../../build/kinematics/kinematics.egg-info/entry_points.txt
[7.801s] writing requirements to ../../build/kinematics/kinematics.egg-info/requires.txt
[7.803s] writing top-level names to ../../build/kinematics/kinematics.egg-info/top_level.txt
[7.818s] reading manifest file '../../build/kinematics/kinematics.egg-info/SOURCES.txt'
[7.823s] writing manifest file '../../build/kinematics/kinematics.egg-info/SOURCES.txt'
[7.825s] running build
[7.826s] running build_py
[7.831s] running install
[7.835s] running install_lib
[7.843s] running install_data
[7.844s] running install_egg_info
[7.860s] removing '/home/jetson/SLAM_WS/install/kinematics/lib/python3.8/site-packages/kinematics-0.0.0-py3.8.egg-info' (and everything under it)
[7.866s] Copying ../../build/kinematics/kinematics.egg-info to /home/jetson/SLAM_WS/install/kinematics/lib/python3.8/site-packages/kinematics-0.0.0-py3.8.egg-info
[7.872s] running install_scripts
[7.968s] Installing inverse_kinematic script to /home/jetson/SLAM_WS/install/kinematics/lib/inverse_kinematic
[7.978s] writing list of installed files to '/home/jetson/SLAM_WS/build/kinematics/install.log'
[8.111s] Invoked command in '/home/jetson/SLAM_WS/src/kinematics' returned '0': PYTHONPATH=/home/jetson/SLAM_WS/build/kinematics/prefix_override:/usr/lib/python3/dist-packages/colcon_core/task/python/colcon_distutils_commands:/home/jetson/SLAM_WS/install/kinematics/lib/python3.8/site-packages:${PYTHONPATH} /usr/bin/python3 -W ignore:setup.py install is deprecated -W ignore:easy_install command is deprecated setup.py egg_info --egg-base ../../build/kinematics build --build-base /home/jetson/SLAM_WS/build/kinematics/build install --record /home/jetson/SLAM_WS/build/kinematics/install.log --single-version-externally-managed install_data
