[3.055s] Invoking command in '/home/jetson/SLAM_WS/src/launcher': PYTHONPATH=/home/jetson/SLAM_WS/build/launcher/prefix_override:/usr/lib/python3/dist-packages/colcon_core/task/python/colcon_distutils_commands:/home/jetson/SLAM_WS/install/launcher/lib/python3.8/site-packages:${PYTHONPATH} /usr/bin/python3 -W ignore:setup.py install is deprecated -W ignore:easy_install command is deprecated setup.py egg_info --egg-base ../../build/launcher build --build-base /home/jetson/SLAM_WS/build/launcher/build install --record /home/jetson/SLAM_WS/build/launcher/install.log --single-version-externally-managed install_data
[4.242s] running egg_info
[4.245s] writing ../../build/launcher/launcher.egg-info/PKG-INFO
[4.246s] writing dependency_links to ../../build/launcher/launcher.egg-info/dependency_links.txt
[4.246s] writing requirements to ../../build/launcher/launcher.egg-info/requires.txt
[4.247s] writing top-level names to ../../build/launcher/launcher.egg-info/top_level.txt
[4.258s] reading manifest file '../../build/launcher/launcher.egg-info/SOURCES.txt'
[4.261s] writing manifest file '../../build/launcher/launcher.egg-info/SOURCES.txt'
[4.262s] running build
[4.263s] running build_py
[4.264s] copying launcher/__init__.py -> /home/jetson/SLAM_WS/build/launcher/build/lib/launcher
[4.264s] running install
[4.267s] running install_lib
[4.271s] copying /home/jetson/SLAM_WS/build/launcher/build/lib/launcher/__init__.py -> /home/jetson/SLAM_WS/install/launcher/lib/python3.8/site-packages/launcher
[4.273s] byte-compiling /home/jetson/SLAM_WS/install/launcher/lib/python3.8/site-packages/launcher/__init__.py to __init__.cpython-38.pyc
[4.274s] running install_data
[4.274s] copying launch/manual_launch.launch.py -> /home/jetson/SLAM_WS/install/launcher/share/launcher/launch
[4.275s] running install_egg_info
[4.283s] removing '/home/jetson/SLAM_WS/install/launcher/lib/python3.8/site-packages/launcher-0.0.0-py3.8.egg-info' (and everything under it)
[4.284s] Copying ../../build/launcher/launcher.egg-info to /home/jetson/SLAM_WS/install/launcher/lib/python3.8/site-packages/launcher-0.0.0-py3.8.egg-info
[4.286s] running install_scripts
[4.355s] writing list of installed files to '/home/jetson/SLAM_WS/build/launcher/install.log'
[4.453s] Invoked command in '/home/jetson/SLAM_WS/src/launcher' returned '0': PYTHONPATH=/home/jetson/SLAM_WS/build/launcher/prefix_override:/usr/lib/python3/dist-packages/colcon_core/task/python/colcon_distutils_commands:/home/jetson/SLAM_WS/install/launcher/lib/python3.8/site-packages:${PYTHONPATH} /usr/bin/python3 -W ignore:setup.py install is deprecated -W ignore:easy_install command is deprecated setup.py egg_info --egg-base ../../build/launcher build --build-base /home/jetson/SLAM_WS/build/launcher/build install --record /home/jetson/SLAM_WS/build/launcher/install.log --single-version-externally-managed install_data
