[7.782s] Invoking command in '/home/jetson/SLAM_WS/src/odom': PYTHONPATH=/home/jetson/SLAM_WS/build/odom/prefix_override:/usr/lib/python3/dist-packages/colcon_core/task/python/colcon_distutils_commands:/home/jetson/SLAM_WS/install/odom/lib/python3.8/site-packages:${PYTHONPATH} /usr/bin/python3 -W ignore:setup.py install is deprecated -W ignore:easy_install command is deprecated setup.py egg_info --egg-base ../../build/odom build --build-base /home/jetson/SLAM_WS/build/odom/build install --record /home/jetson/SLAM_WS/build/odom/install.log --single-version-externally-managed install_data
[9.719s] running egg_info
[9.722s] writing ../../build/odom/odom.egg-info/PKG-INFO
[9.726s] writing dependency_links to ../../build/odom/odom.egg-info/dependency_links.txt
[9.728s] writing entry points to ../../build/odom/odom.egg-info/entry_points.txt
[9.728s] writing requirements to ../../build/odom/odom.egg-info/requires.txt
[9.729s] writing top-level names to ../../build/odom/odom.egg-info/top_level.txt
[9.750s] reading manifest file '../../build/odom/odom.egg-info/SOURCES.txt'
[9.758s] writing manifest file '../../build/odom/odom.egg-info/SOURCES.txt'
[9.759s] running build
[9.760s] running build_py
[9.760s] copying odom/odom_node.py -> /home/jetson/SLAM_WS/build/odom/build/lib/odom
[9.761s] running install
[9.764s] running install_lib
[9.782s] copying /home/jetson/SLAM_WS/build/odom/build/lib/odom/odom_node.py -> /home/jetson/SLAM_WS/install/odom/lib/python3.8/site-packages/odom
[9.785s] byte-compiling /home/jetson/SLAM_WS/install/odom/lib/python3.8/site-packages/odom/odom_node.py to odom_node.cpython-38.pyc
[9.802s] running install_data
[9.803s] copying launch/odom.launch.py -> /home/jetson/SLAM_WS/install/odom/share/odom/launch
[9.804s] running install_egg_info
[9.821s] removing '/home/jetson/SLAM_WS/install/odom/lib/python3.8/site-packages/odom-0.0.0-py3.8.egg-info' (and everything under it)
[9.823s] Copying ../../build/odom/odom.egg-info to /home/jetson/SLAM_WS/install/odom/lib/python3.8/site-packages/odom-0.0.0-py3.8.egg-info
[9.828s] running install_scripts
[9.972s] Installing odom_node script to /home/jetson/SLAM_WS/install/odom/lib/odom
[9.979s] writing list of installed files to '/home/jetson/SLAM_WS/build/odom/install.log'
[10.178s] Invoked command in '/home/jetson/SLAM_WS/src/odom' returned '0': PYTHONPATH=/home/jetson/SLAM_WS/build/odom/prefix_override:/usr/lib/python3/dist-packages/colcon_core/task/python/colcon_distutils_commands:/home/jetson/SLAM_WS/install/odom/lib/python3.8/site-packages:${PYTHONPATH} /usr/bin/python3 -W ignore:setup.py install is deprecated -W ignore:easy_install command is deprecated setup.py egg_info --egg-base ../../build/odom build --build-base /home/jetson/SLAM_WS/build/odom/build install --record /home/jetson/SLAM_WS/build/odom/install.log --single-version-externally-managed install_data
