[0.882s] DEBUG:colcon:Command line arguments: ['/usr/bin/colcon', 'build']
[0.883s] DEBUG:colcon:Parsed command line arguments: Namespace(allow_overriding=[], ament_cmake_args=None, base_paths=['.'], build_base='build', catkin_cmake_args=None, catkin_skip_building_tests=False, cmake_args=None, cmake_clean_cache=False, cmake_clean_first=False, cmake_force_configure=False, cmake_target=None, cmake_target_skip_unavailable=False, continue_on_error=False, event_handlers=None, executor='parallel', ignore_user_meta=False, install_base='install', log_base=None, log_level=None, main=<bound method BuildVerb.main of <colcon_core.verb.build.BuildVerb object at 0x7f96efe8e0>>, merge_install=False, metas=['./colcon.meta'], mixin=None, mixin_files=None, mixin_verb=('build',), packages_above=None, packages_above_and_dependencies=None, packages_above_depth=None, packages_end=None, packages_ignore=None, packages_ignore_regex=None, packages_select=None, packages_select_build_failed=False, packages_select_by_dep=None, packages_select_regex=None, packages_select_test_failures=False, packages_skip=None, packages_skip_build_finished=False, packages_skip_by_dep=None, packages_skip_regex=None, packages_skip_test_passed=False, packages_skip_up_to=None, packages_start=None, packages_up_to=None, packages_up_to_regex=None, parallel_workers=4, paths=None, symlink_install=False, test_result_base=None, verb_extension=<colcon_core.verb.build.BuildVerb object at 0x7f96efe8e0>, verb_name='build', verb_parser=<colcon_mixin.mixin.mixin_argument.MixinArgumentDecorator object at 0x7f96e4ef40>)
[1.804s] Level 1:colcon.colcon_core.package_discovery:discover_packages(colcon_meta) check parameters
[1.805s] Level 1:colcon.colcon_core.package_discovery:discover_packages(recursive) check parameters
[1.811s] Level 1:colcon.colcon_core.package_discovery:discover_packages(ignore) check parameters
[1.812s] Level 1:colcon.colcon_core.package_discovery:discover_packages(path) check parameters
[1.812s] Level 1:colcon.colcon_core.package_discovery:discover_packages(colcon_meta) discover
[1.812s] Level 1:colcon.colcon_core.package_discovery:discover_packages(recursive) discover
[1.812s] INFO:colcon.colcon_core.package_discovery:Crawling recursively for packages in '/home/jetson/SLAM_WS'
[1.813s] Level 1:colcon.colcon_core.package_identification:_identify(.) by extensions ['ignore', 'ignore_ament_install']
[1.813s] Level 1:colcon.colcon_core.package_identification:_identify(.) by extension 'ignore'
[1.813s] Level 1:colcon.colcon_core.package_identification:_identify(.) by extension 'ignore_ament_install'
[1.814s] Level 1:colcon.colcon_core.package_identification:_identify(.) by extensions ['colcon_pkg']
[1.814s] Level 1:colcon.colcon_core.package_identification:_identify(.) by extension 'colcon_pkg'
[1.814s] Level 1:colcon.colcon_core.package_identification:_identify(.) by extensions ['colcon_meta']
[1.814s] Level 1:colcon.colcon_core.package_identification:_identify(.) by extension 'colcon_meta'
[1.814s] Level 1:colcon.colcon_core.package_identification:_identify(.) by extensions ['ros']
[1.814s] Level 1:colcon.colcon_core.package_identification:_identify(.) by extension 'ros'
[1.896s] Level 1:colcon.colcon_core.package_identification:_identify(.) by extensions ['cmake', 'python']
[1.896s] Level 1:colcon.colcon_core.package_identification:_identify(.) by extension 'cmake'
[1.897s] Level 1:colcon.colcon_core.package_identification:_identify(.) by extension 'python'
[1.897s] Level 1:colcon.colcon_core.package_identification:_identify(.) by extensions ['python_setup_py']
[1.897s] Level 1:colcon.colcon_core.package_identification:_identify(.) by extension 'python_setup_py'
[1.897s] Level 1:colcon.colcon_core.package_identification:_identify(build) by extensions ['ignore', 'ignore_ament_install']
[1.898s] Level 1:colcon.colcon_core.package_identification:_identify(build) by extension 'ignore'
[1.898s] Level 1:colcon.colcon_core.package_identification:_identify(build) ignored
[1.899s] Level 1:colcon.colcon_core.package_identification:_identify(install) by extensions ['ignore', 'ignore_ament_install']
[1.899s] Level 1:colcon.colcon_core.package_identification:_identify(install) by extension 'ignore'
[1.899s] Level 1:colcon.colcon_core.package_identification:_identify(install) ignored
[1.900s] Level 1:colcon.colcon_core.package_identification:_identify(log) by extensions ['ignore', 'ignore_ament_install']
[1.900s] Level 1:colcon.colcon_core.package_identification:_identify(log) by extension 'ignore'
[1.900s] Level 1:colcon.colcon_core.package_identification:_identify(log) ignored
[1.900s] Level 1:colcon.colcon_core.package_identification:_identify(src) by extensions ['ignore', 'ignore_ament_install']
[1.901s] Level 1:colcon.colcon_core.package_identification:_identify(src) by extension 'ignore'
[1.901s] Level 1:colcon.colcon_core.package_identification:_identify(src) by extension 'ignore_ament_install'
[1.901s] Level 1:colcon.colcon_core.package_identification:_identify(src) by extensions ['colcon_pkg']
[1.901s] Level 1:colcon.colcon_core.package_identification:_identify(src) by extension 'colcon_pkg'
[1.901s] Level 1:colcon.colcon_core.package_identification:_identify(src) by extensions ['colcon_meta']
[1.902s] Level 1:colcon.colcon_core.package_identification:_identify(src) by extension 'colcon_meta'
[1.902s] Level 1:colcon.colcon_core.package_identification:_identify(src) by extensions ['ros']
[1.902s] Level 1:colcon.colcon_core.package_identification:_identify(src) by extension 'ros'
[1.902s] Level 1:colcon.colcon_core.package_identification:_identify(src) by extensions ['cmake', 'python']
[1.902s] Level 1:colcon.colcon_core.package_identification:_identify(src) by extension 'cmake'
[1.903s] Level 1:colcon.colcon_core.package_identification:_identify(src) by extension 'python'
[1.903s] Level 1:colcon.colcon_core.package_identification:_identify(src) by extensions ['python_setup_py']
[1.903s] Level 1:colcon.colcon_core.package_identification:_identify(src) by extension 'python_setup_py'
[1.903s] Level 1:colcon.colcon_core.package_identification:_identify(src/omni_bot) by extensions ['ignore', 'ignore_ament_install']
[1.904s] Level 1:colcon.colcon_core.package_identification:_identify(src/omni_bot) by extension 'ignore'
[1.904s] Level 1:colcon.colcon_core.package_identification:_identify(src/omni_bot) by extension 'ignore_ament_install'
[1.904s] Level 1:colcon.colcon_core.package_identification:_identify(src/omni_bot) by extensions ['colcon_pkg']
[1.904s] Level 1:colcon.colcon_core.package_identification:_identify(src/omni_bot) by extension 'colcon_pkg'
[1.904s] Level 1:colcon.colcon_core.package_identification:_identify(src/omni_bot) by extensions ['colcon_meta']
[1.905s] Level 1:colcon.colcon_core.package_identification:_identify(src/omni_bot) by extension 'colcon_meta'
[1.905s] Level 1:colcon.colcon_core.package_identification:_identify(src/omni_bot) by extensions ['ros']
[1.905s] Level 1:colcon.colcon_core.package_identification:_identify(src/omni_bot) by extension 'ros'
[1.915s] DEBUG:colcon.colcon_core.package_identification:Package 'src/omni_bot' with type 'ros.ament_python' and name 'omni_bot'
[1.915s] Level 1:colcon.colcon_core.package_discovery:discover_packages(recursive) using defaults
[1.915s] Level 1:colcon.colcon_core.package_discovery:discover_packages(ignore) discover
[1.916s] Level 1:colcon.colcon_core.package_discovery:discover_packages(ignore) using defaults
[1.916s] Level 1:colcon.colcon_core.package_discovery:discover_packages(path) discover
[1.916s] Level 1:colcon.colcon_core.package_discovery:discover_packages(path) using defaults
[1.997s] Level 1:colcon.colcon_core.package_discovery:discover_packages(prefix_path) check parameters
[1.997s] Level 1:colcon.colcon_core.package_discovery:discover_packages(prefix_path) discover
[2.003s] DEBUG:colcon.colcon_installed_package_information.package_discovery:Found 1 installed packages in /home/jetson/SLAM_WS/install
[2.014s] DEBUG:colcon.colcon_installed_package_information.package_discovery:Found 257 installed packages in /opt/ros/foxy
[2.022s] Level 1:colcon.colcon_core.package_discovery:discover_packages(prefix_path) using defaults
[2.308s] Level 5:colcon.colcon_core.verb:set package 'omni_bot' build argument 'cmake_args' from command line to 'None'
[2.309s] Level 5:colcon.colcon_core.verb:set package 'omni_bot' build argument 'cmake_target' from command line to 'None'
[2.309s] Level 5:colcon.colcon_core.verb:set package 'omni_bot' build argument 'cmake_target_skip_unavailable' from command line to 'False'
[2.309s] Level 5:colcon.colcon_core.verb:set package 'omni_bot' build argument 'cmake_clean_cache' from command line to 'False'
[2.309s] Level 5:colcon.colcon_core.verb:set package 'omni_bot' build argument 'cmake_clean_first' from command line to 'False'
[2.309s] Level 5:colcon.colcon_core.verb:set package 'omni_bot' build argument 'cmake_force_configure' from command line to 'False'
[2.309s] Level 5:colcon.colcon_core.verb:set package 'omni_bot' build argument 'ament_cmake_args' from command line to 'None'
[2.309s] Level 5:colcon.colcon_core.verb:set package 'omni_bot' build argument 'catkin_cmake_args' from command line to 'None'
[2.310s] Level 5:colcon.colcon_core.verb:set package 'omni_bot' build argument 'catkin_skip_building_tests' from command line to 'False'
[2.310s] DEBUG:colcon.colcon_core.verb:Building package 'omni_bot' with the following arguments: {'ament_cmake_args': None, 'build_base': '/home/jetson/SLAM_WS/build/omni_bot', 'catkin_cmake_args': None, 'catkin_skip_building_tests': False, 'cmake_args': None, 'cmake_clean_cache': False, 'cmake_clean_first': False, 'cmake_force_configure': False, 'cmake_target': None, 'cmake_target_skip_unavailable': False, 'install_base': '/home/jetson/SLAM_WS/install/omni_bot', 'merge_install': False, 'path': '/home/jetson/SLAM_WS/src/omni_bot', 'symlink_install': False, 'test_result_base': None}
[2.310s] INFO:colcon.colcon_core.executor:Executing jobs using 'parallel' executor
[2.314s] DEBUG:colcon.colcon_parallel_executor.executor.parallel:run_until_complete
[2.314s] INFO:colcon.colcon_ros.task.ament_python.build:Building ROS package in '/home/jetson/SLAM_WS/src/omni_bot' with build type 'ament_python'
[2.315s] Level 1:colcon.colcon_core.shell:create_environment_hook('omni_bot', 'ament_prefix_path')
[2.323s] INFO:colcon.colcon_core.plugin_system:Skipping extension 'colcon_core.shell.bat': Not used on non-Windows systems
[2.324s] INFO:colcon.colcon_core.shell:Creating environment hook '/home/jetson/SLAM_WS/install/omni_bot/share/omni_bot/hook/ament_prefix_path.ps1'
[2.327s] INFO:colcon.colcon_core.shell:Creating environment descriptor '/home/jetson/SLAM_WS/install/omni_bot/share/omni_bot/hook/ament_prefix_path.dsv'
[2.328s] INFO:colcon.colcon_core.shell:Creating environment hook '/home/jetson/SLAM_WS/install/omni_bot/share/omni_bot/hook/ament_prefix_path.sh'
[2.332s] INFO:colcon.colcon_core.shell:Skip shell extension 'powershell' for command environment: Not usable outside of PowerShell
[2.332s] DEBUG:colcon.colcon_core.shell:Skip shell extension 'dsv' for command environment
[3.597s] INFO:colcon.colcon_core.task.python.build:Building Python package in '/home/jetson/SLAM_WS/src/omni_bot'
[3.599s] INFO:colcon.colcon_core.shell:Skip shell extension 'powershell' for command environment: Not usable outside of PowerShell
[3.599s] DEBUG:colcon.colcon_core.shell:Skip shell extension 'dsv' for command environment
[5.346s] DEBUG:colcon.colcon_core.event_handler.log_command:Invoking command in '/home/jetson/SLAM_WS/src/omni_bot': PYTHONPATH=/home/jetson/SLAM_WS/build/omni_bot/prefix_override:/usr/lib/python3/dist-packages/colcon_core/task/python/colcon_distutils_commands:/home/jetson/SLAM_WS/install/omni_bot/lib/python3.8/site-packages:${PYTHONPATH} /usr/bin/python3 -W ignore:setup.py install is deprecated -W ignore:easy_install command is deprecated setup.py egg_info --egg-base ../../build/omni_bot build --build-base /home/jetson/SLAM_WS/build/omni_bot/build install --record /home/jetson/SLAM_WS/build/omni_bot/install.log --single-version-externally-managed install_data
[6.724s] DEBUG:colcon.colcon_core.event_handler.log_command:Invoked command in '/home/jetson/SLAM_WS/src/omni_bot' returned '0': PYTHONPATH=/home/jetson/SLAM_WS/build/omni_bot/prefix_override:/usr/lib/python3/dist-packages/colcon_core/task/python/colcon_distutils_commands:/home/jetson/SLAM_WS/install/omni_bot/lib/python3.8/site-packages:${PYTHONPATH} /usr/bin/python3 -W ignore:setup.py install is deprecated -W ignore:easy_install command is deprecated setup.py egg_info --egg-base ../../build/omni_bot build --build-base /home/jetson/SLAM_WS/build/omni_bot/build install --record /home/jetson/SLAM_WS/build/omni_bot/install.log --single-version-externally-managed install_data
[6.730s] Level 1:colcon.colcon_core.environment:checking '/home/jetson/SLAM_WS/install/omni_bot' for CMake module files
[6.732s] Level 1:colcon.colcon_core.environment:checking '/home/jetson/SLAM_WS/install/omni_bot' for CMake config files
[6.735s] Level 1:colcon.colcon_core.environment:checking '/home/jetson/SLAM_WS/install/omni_bot/lib'
[6.735s] Level 1:colcon.colcon_core.environment:checking '/home/jetson/SLAM_WS/install/omni_bot/bin'
[6.735s] Level 1:colcon.colcon_core.environment:checking '/home/jetson/SLAM_WS/install/omni_bot/lib/pkgconfig/omni_bot.pc'
[6.736s] Level 1:colcon.colcon_core.environment:checking '/home/jetson/SLAM_WS/install/omni_bot/lib/python3.8/site-packages'
[6.737s] Level 1:colcon.colcon_core.shell:create_environment_hook('omni_bot', 'pythonpath')
[6.738s] INFO:colcon.colcon_core.shell:Creating environment hook '/home/jetson/SLAM_WS/install/omni_bot/share/omni_bot/hook/pythonpath.ps1'
[6.739s] INFO:colcon.colcon_core.shell:Creating environment descriptor '/home/jetson/SLAM_WS/install/omni_bot/share/omni_bot/hook/pythonpath.dsv'
[6.741s] INFO:colcon.colcon_core.shell:Creating environment hook '/home/jetson/SLAM_WS/install/omni_bot/share/omni_bot/hook/pythonpath.sh'
[6.743s] Level 1:colcon.colcon_core.environment:checking '/home/jetson/SLAM_WS/install/omni_bot/bin'
[6.743s] Level 1:colcon.colcon_core.environment:create_environment_scripts_only(omni_bot)
[6.745s] INFO:colcon.colcon_core.shell:Creating package script '/home/jetson/SLAM_WS/install/omni_bot/share/omni_bot/package.ps1'
[6.749s] INFO:colcon.colcon_core.shell:Creating package descriptor '/home/jetson/SLAM_WS/install/omni_bot/share/omni_bot/package.dsv'
[6.752s] INFO:colcon.colcon_core.shell:Creating package script '/home/jetson/SLAM_WS/install/omni_bot/share/omni_bot/package.sh'
[6.755s] INFO:colcon.colcon_core.shell:Creating package script '/home/jetson/SLAM_WS/install/omni_bot/share/omni_bot/package.bash'
[6.758s] INFO:colcon.colcon_core.shell:Creating package script '/home/jetson/SLAM_WS/install/omni_bot/share/omni_bot/package.zsh'
[6.761s] Level 1:colcon.colcon_core.environment:create_file_with_runtime_dependencies(/home/jetson/SLAM_WS/install/omni_bot/share/colcon-core/packages/omni_bot)
[6.762s] DEBUG:colcon.colcon_parallel_executor.executor.parallel:closing loop
[6.763s] DEBUG:colcon.colcon_parallel_executor.executor.parallel:loop closed
[6.764s] DEBUG:colcon.colcon_parallel_executor.executor.parallel:run_until_complete finished with '0'
[6.764s] DEBUG:colcon.colcon_core.event_reactor:joining thread
[6.785s] INFO:colcon.colcon_core.plugin_system:Skipping extension 'colcon_notification.desktop_notification.terminal_notifier': Not used on non-Darwin systems
[6.786s] INFO:colcon.colcon_core.plugin_system:Skipping extension 'colcon_notification.desktop_notification.win32': Not used on non-Windows systems
[6.786s] INFO:colcon.colcon_notification.desktop_notification:Sending desktop notification using 'notify2'
[6.823s] DEBUG:colcon.colcon_core.event_reactor:joined thread
[6.824s] INFO:colcon.colcon_core.shell:Creating prefix script '/home/jetson/SLAM_WS/install/local_setup.ps1'
[6.831s] INFO:colcon.colcon_core.shell:Creating prefix util module '/home/jetson/SLAM_WS/install/_local_setup_util_ps1.py'
[6.837s] INFO:colcon.colcon_core.shell:Creating prefix chain script '/home/jetson/SLAM_WS/install/setup.ps1'
[6.841s] INFO:colcon.colcon_core.shell:Creating prefix script '/home/jetson/SLAM_WS/install/local_setup.sh'
[6.844s] INFO:colcon.colcon_core.shell:Creating prefix util module '/home/jetson/SLAM_WS/install/_local_setup_util_sh.py'
[6.846s] INFO:colcon.colcon_core.shell:Creating prefix chain script '/home/jetson/SLAM_WS/install/setup.sh'
[6.850s] INFO:colcon.colcon_core.shell:Creating prefix script '/home/jetson/SLAM_WS/install/local_setup.bash'
[6.852s] INFO:colcon.colcon_core.shell:Creating prefix chain script '/home/jetson/SLAM_WS/install/setup.bash'
[6.856s] INFO:colcon.colcon_core.shell:Creating prefix script '/home/jetson/SLAM_WS/install/local_setup.zsh'
[6.858s] INFO:colcon.colcon_core.shell:Creating prefix chain script '/home/jetson/SLAM_WS/install/setup.zsh'
