[8.443s] Invoking command in '/home/jetson/SLAM_WS/build/odom': PYTHONPATH=/home/jetson/SLAM_WS/build/odom/prefix_override:/usr/lib/python3/dist-packages/colcon_core/task/python/colcon_distutils_commands:/home/jetson/SLAM_WS/install/odom/lib/python3.8/site-packages:${PYTHONPATH} /usr/bin/python3 -W ignore:setup.py install is deprecated -W ignore:easy_install command is deprecated setup.py develop --editable --build-directory /home/jetson/SLAM_WS/build/odom/build --no-deps symlink_data --force
[10.562s] running develop
[11.770s] running egg_info
[11.771s] writing odom.egg-info/PKG-INFO
[11.772s] writing dependency_links to odom.egg-info/dependency_links.txt
[11.773s] writing entry points to odom.egg-info/entry_points.txt
[11.773s] writing requirements to odom.egg-info/requires.txt
[11.776s] writing top-level names to odom.egg-info/top_level.txt
[11.785s] reading manifest file 'odom.egg-info/SOURCES.txt'
[11.791s] writing manifest file 'odom.egg-info/SOURCES.txt'
[12.026s] running build_ext
[12.026s] Creating /home/jetson/SLAM_WS/install/odom/lib/python3.8/site-packages/odom.egg-link (link to .)
[12.029s] Installing odom_node script to /home/jetson/SLAM_WS/install/odom/lib/odom
[12.031s] 
[12.035s] Installed /home/jetson/SLAM_WS/build/odom
[12.035s] running symlink_data
[12.036s] symbolically linking /home/jetson/SLAM_WS/build/odom/resource/odom -> /home/jetson/SLAM_WS/install/odom/share/ament_index/resource_index/packages
[12.036s] symbolically linking /home/jetson/SLAM_WS/build/odom/package.xml -> /home/jetson/SLAM_WS/install/odom/share/odom
[12.037s] symbolically linking /home/jetson/SLAM_WS/build/odom/launch/odom.launch.py -> /home/jetson/SLAM_WS/install/odom/share/odom/launch
[15.279s] Invoked command in '/home/jetson/SLAM_WS/build/odom' returned '0': PYTHONPATH=/home/jetson/SLAM_WS/build/odom/prefix_override:/usr/lib/python3/dist-packages/colcon_core/task/python/colcon_distutils_commands:/home/jetson/SLAM_WS/install/odom/lib/python3.8/site-packages:${PYTHONPATH} /usr/bin/python3 -W ignore:setup.py install is deprecated -W ignore:easy_install command is deprecated setup.py develop --editable --build-directory /home/jetson/SLAM_WS/build/odom/build --no-deps symlink_data --force
