[6.160s] Invoking command in '/home/jetson/SLAM_WS/src/kinematics': PYTHONPATH=/home/jetson/SLAM_WS/build/kinematics/prefix_override:/usr/lib/python3/dist-packages/colcon_core/task/python/colcon_distutils_commands:/home/jetson/SLAM_WS/install/kinematics/lib/python3.8/site-packages:${PYTHONPATH} /usr/bin/python3 -W ignore:setup.py install is deprecated -W ignore:easy_install command is deprecated setup.py egg_info --egg-base ../../build/kinematics build --build-base /home/jetson/SLAM_WS/build/kinematics/build install --record /home/jetson/SLAM_WS/build/kinematics/install.log --single-version-externally-managed install_data
[7.557s] running egg_info
[7.559s] creating ../../build/kinematics/kinematics.egg-info
[7.560s] writing ../../build/kinematics/kinematics.egg-info/PKG-INFO
[7.561s] writing dependency_links to ../../build/kinematics/kinematics.egg-info/dependency_links.txt
[7.562s] writing entry points to ../../build/kinematics/kinematics.egg-info/entry_points.txt
[7.562s] writing requirements to ../../build/kinematics/kinematics.egg-info/requires.txt
[7.563s] writing top-level names to ../../build/kinematics/kinematics.egg-info/top_level.txt
[7.575s] writing manifest file '../../build/kinematics/kinematics.egg-info/SOURCES.txt'
[7.582s] reading manifest file '../../build/kinematics/kinematics.egg-info/SOURCES.txt'
[7.589s] writing manifest file '../../build/kinematics/kinematics.egg-info/SOURCES.txt'
[7.590s] running build
[7.591s] running build_py
[7.593s] creating /home/jetson/SLAM_WS/build/kinematics/build
[7.594s] creating /home/jetson/SLAM_WS/build/kinematics/build/lib
[7.595s] creating /home/jetson/SLAM_WS/build/kinematics/build/lib/kinematics
[7.596s] copying kinematics/serial_driver_node.py -> /home/jetson/SLAM_WS/build/kinematics/build/lib/kinematics
[7.606s] copying kinematics/__init__.py -> /home/jetson/SLAM_WS/build/kinematics/build/lib/kinematics
[7.606s] copying kinematics/inverse_kinematic.py -> /home/jetson/SLAM_WS/build/kinematics/build/lib/kinematics
[7.607s] running install
[7.614s] running install_lib
[7.619s] creating /home/jetson/SLAM_WS/install/kinematics/lib/python3.8/site-packages/kinematics
[7.619s] copying /home/jetson/SLAM_WS/build/kinematics/build/lib/kinematics/serial_driver_node.py -> /home/jetson/SLAM_WS/install/kinematics/lib/python3.8/site-packages/kinematics
[7.620s] copying /home/jetson/SLAM_WS/build/kinematics/build/lib/kinematics/__init__.py -> /home/jetson/SLAM_WS/install/kinematics/lib/python3.8/site-packages/kinematics
[7.621s] copying /home/jetson/SLAM_WS/build/kinematics/build/lib/kinematics/inverse_kinematic.py -> /home/jetson/SLAM_WS/install/kinematics/lib/python3.8/site-packages/kinematics
[7.622s] byte-compiling /home/jetson/SLAM_WS/install/kinematics/lib/python3.8/site-packages/kinematics/serial_driver_node.py to serial_driver_node.cpython-38.pyc
[7.624s] byte-compiling /home/jetson/SLAM_WS/install/kinematics/lib/python3.8/site-packages/kinematics/__init__.py to __init__.cpython-38.pyc
[7.625s] byte-compiling /home/jetson/SLAM_WS/install/kinematics/lib/python3.8/site-packages/kinematics/inverse_kinematic.py to inverse_kinematic.cpython-38.pyc
[7.627s] running install_data
[7.628s] creating /home/jetson/SLAM_WS/install/kinematics/share/ament_index
[7.629s] creating /home/jetson/SLAM_WS/install/kinematics/share/ament_index/resource_index
[7.629s] creating /home/jetson/SLAM_WS/install/kinematics/share/ament_index/resource_index/packages
[7.630s] copying resource/kinematics -> /home/jetson/SLAM_WS/install/kinematics/share/ament_index/resource_index/packages
[7.630s] copying package.xml -> /home/jetson/SLAM_WS/install/kinematics/share/kinematics
[7.630s] creating /home/jetson/SLAM_WS/install/kinematics/share/kinematics/launch
[7.638s] copying launch/manual.launch.py -> /home/jetson/SLAM_WS/install/kinematics/share/kinematics/launch
[7.639s] running install_egg_info
[7.649s] Copying ../../build/kinematics/kinematics.egg-info to /home/jetson/SLAM_WS/install/kinematics/lib/python3.8/site-packages/kinematics-0.0.0-py3.8.egg-info
[7.654s] running install_scripts
[7.736s] Installing inverse_kinematic script to /home/jetson/SLAM_WS/install/kinematics/lib/kinematics
[7.739s] Installing serial_driver script to /home/jetson/SLAM_WS/install/kinematics/lib/kinematics
[7.743s] writing list of installed files to '/home/jetson/SLAM_WS/build/kinematics/install.log'
[7.967s] Invoked command in '/home/jetson/SLAM_WS/src/kinematics' returned '0': PYTHONPATH=/home/jetson/SLAM_WS/build/kinematics/prefix_override:/usr/lib/python3/dist-packages/colcon_core/task/python/colcon_distutils_commands:/home/jetson/SLAM_WS/install/kinematics/lib/python3.8/site-packages:${PYTHONPATH} /usr/bin/python3 -W ignore:setup.py install is deprecated -W ignore:easy_install command is deprecated setup.py egg_info --egg-base ../../build/kinematics build --build-base /home/jetson/SLAM_WS/build/kinematics/build install --record /home/jetson/SLAM_WS/build/kinematics/install.log --single-version-externally-managed install_data
