[2.688s] Invoking command in '/home/jetson/SLAM_WS/build/rplidar_ros': CMAKE_PREFIX_PATH=/home/jetson/SLAM_WS/install/kinematics:/home/jetson/SLAM_WS/install/teleop_omni:/home/jetson/SLAM_WS/install/omni_bot:/home/jetson/SLAM_WS/install/inverse_kinematic:/opt/ros/foxy:${CMAKE_PREFIX_PATH} /usr/bin/cmake --build /home/jetson/SLAM_WS/build/rplidar_ros -- -j4 -l4
[4.041s] [ 47%] Built target rplidar_node
[4.042s] [ 52%] Built target rplidar_client
[4.043s] [100%] Built target rplidar_composition
[4.049s] Invoked command in '/home/jetson/SLAM_WS/build/rplidar_ros' returned '0': CMAKE_PREFIX_PATH=/home/jetson/SLAM_WS/install/kinematics:/home/jetson/SLAM_WS/install/teleop_omni:/home/jetson/SLAM_WS/install/omni_bot:/home/jetson/SLAM_WS/install/inverse_kinematic:/opt/ros/foxy:${CMAKE_PREFIX_PATH} /usr/bin/cmake --build /home/jetson/SLAM_WS/build/rplidar_ros -- -j4 -l4
[4.091s] Invoking command in '/home/jetson/SLAM_WS/build/rplidar_ros': CMAKE_PREFIX_PATH=/home/jetson/SLAM_WS/install/kinematics:/home/jetson/SLAM_WS/install/teleop_omni:/home/jetson/SLAM_WS/install/omni_bot:/home/jetson/SLAM_WS/install/inverse_kinematic:/opt/ros/foxy:${CMAKE_PREFIX_PATH} /usr/bin/cmake --install /home/jetson/SLAM_WS/build/rplidar_ros
[4.151s] -- Install configuration: ""
[4.152s] -- Up-to-date: /home/jetson/SLAM_WS/install/rplidar_ros/share/rplidar_ros/launch
[4.152s] -- Up-to-date: /home/jetson/SLAM_WS/install/rplidar_ros/share/rplidar_ros/launch/view_rplidar_s3_launch.py
[4.153s] -- Up-to-date: /home/jetson/SLAM_WS/install/rplidar_ros/share/rplidar_ros/launch/rplidar_s3_launch.py
[4.153s] -- Up-to-date: /home/jetson/SLAM_WS/install/rplidar_ros/share/rplidar_ros/launch/view_rplidar_s1_tcp_launch.py
[4.153s] -- Up-to-date: /home/jetson/SLAM_WS/install/rplidar_ros/share/rplidar_ros/launch/view_rplidar_a2m8_launch.py
[4.154s] -- Up-to-date: /home/jetson/SLAM_WS/install/rplidar_ros/share/rplidar_ros/launch/rplidar_t1_launch.py
[4.154s] -- Up-to-date: /home/jetson/SLAM_WS/install/rplidar_ros/share/rplidar_ros/launch/view_rplidar_a2m12_launch.py
[4.154s] -- Up-to-date: /home/jetson/SLAM_WS/install/rplidar_ros/share/rplidar_ros/launch/rplidar_a2m12_launch.py
[4.155s] -- Up-to-date: /home/jetson/SLAM_WS/install/rplidar_ros/share/rplidar_ros/launch/rplidar_s2e_launch.py
[4.155s] -- Up-to-date: /home/jetson/SLAM_WS/install/rplidar_ros/share/rplidar_ros/launch/rplidar_s1_tcp_launch.py
[4.156s] -- Up-to-date: /home/jetson/SLAM_WS/install/rplidar_ros/share/rplidar_ros/launch/view_rplidar_t1_launch.py
[4.156s] -- Up-to-date: /home/jetson/SLAM_WS/install/rplidar_ros/share/rplidar_ros/launch/view_rplidar_s2e_launch.py
[4.156s] -- Up-to-date: /home/jetson/SLAM_WS/install/rplidar_ros/share/rplidar_ros/launch/rplidar_a2m8_launch.py
[4.157s] -- Up-to-date: /home/jetson/SLAM_WS/install/rplidar_ros/share/rplidar_ros/launch/rplidar_c1_launch.py
[4.157s] -- Up-to-date: /home/jetson/SLAM_WS/install/rplidar_ros/share/rplidar_ros/launch/rplidar_a2m7_launch.py
[4.158s] -- Up-to-date: /home/jetson/SLAM_WS/install/rplidar_ros/share/rplidar_ros/launch/rplidar_a3_launch.py
[4.158s] -- Up-to-date: /home/jetson/SLAM_WS/install/rplidar_ros/share/rplidar_ros/launch/view_rplidar_s1_launch.py
[4.164s] -- Up-to-date: /home/jetson/SLAM_WS/install/rplidar_ros/share/rplidar_ros/launch/view_rplidar_s2_launch.py
[4.165s] -- Up-to-date: /home/jetson/SLAM_WS/install/rplidar_ros/share/rplidar_ros/launch/view_rplidar_a2m7_launch.py
[4.165s] -- Up-to-date: /home/jetson/SLAM_WS/install/rplidar_ros/share/rplidar_ros/launch/rplidar_s1_launch.py
[4.166s] -- Up-to-date: /home/jetson/SLAM_WS/install/rplidar_ros/share/rplidar_ros/launch/rplidar_s2_launch.py
[4.166s] -- Up-to-date: /home/jetson/SLAM_WS/install/rplidar_ros/share/rplidar_ros/launch/view_rplidar_a3_launch.py
[4.166s] -- Up-to-date: /home/jetson/SLAM_WS/install/rplidar_ros/share/rplidar_ros/launch/view_rplidar_a1_launch.py
[4.167s] -- Up-to-date: /home/jetson/SLAM_WS/install/rplidar_ros/share/rplidar_ros/launch/view_rplidar_c1_launch.py
[4.167s] -- Up-to-date: /home/jetson/SLAM_WS/install/rplidar_ros/share/rplidar_ros/launch/rplidar_a1_launch.py
[4.168s] -- Up-to-date: /home/jetson/SLAM_WS/install/rplidar_ros/share/rplidar_ros/rviz
[4.168s] -- Up-to-date: /home/jetson/SLAM_WS/install/rplidar_ros/share/rplidar_ros/rviz/rplidar_ros.rviz
[4.169s] -- Up-to-date: /home/jetson/SLAM_WS/install/rplidar_ros/lib/rplidar_ros/rplidar_node
[4.169s] -- Up-to-date: /home/jetson/SLAM_WS/install/rplidar_ros/lib/rplidar_ros/rplidar_composition
[4.170s] -- Up-to-date: /home/jetson/SLAM_WS/install/rplidar_ros/lib/rplidar_ros/rplidar_client
[4.170s] -- Up-to-date: /home/jetson/SLAM_WS/install/rplidar_ros/share/ament_index/resource_index/package_run_dependencies/rplidar_ros
[4.171s] -- Up-to-date: /home/jetson/SLAM_WS/install/rplidar_ros/share/ament_index/resource_index/parent_prefix_path/rplidar_ros
[4.172s] -- Up-to-date: /home/jetson/SLAM_WS/install/rplidar_ros/share/rplidar_ros/environment/ament_prefix_path.sh
[4.172s] -- Up-to-date: /home/jetson/SLAM_WS/install/rplidar_ros/share/rplidar_ros/environment/ament_prefix_path.dsv
[4.173s] -- Up-to-date: /home/jetson/SLAM_WS/install/rplidar_ros/share/rplidar_ros/environment/path.sh
[4.174s] -- Up-to-date: /home/jetson/SLAM_WS/install/rplidar_ros/share/rplidar_ros/environment/path.dsv
[4.174s] -- Up-to-date: /home/jetson/SLAM_WS/install/rplidar_ros/share/rplidar_ros/local_setup.bash
[4.175s] -- Up-to-date: /home/jetson/SLAM_WS/install/rplidar_ros/share/rplidar_ros/local_setup.sh
[4.175s] -- Up-to-date: /home/jetson/SLAM_WS/install/rplidar_ros/share/rplidar_ros/local_setup.zsh
[4.175s] -- Up-to-date: /home/jetson/SLAM_WS/install/rplidar_ros/share/rplidar_ros/local_setup.dsv
[4.176s] -- Installing: /home/jetson/SLAM_WS/install/rplidar_ros/share/rplidar_ros/package.dsv
[4.176s] -- Up-to-date: /home/jetson/SLAM_WS/install/rplidar_ros/share/ament_index/resource_index/packages/rplidar_ros
[4.177s] -- Up-to-date: /home/jetson/SLAM_WS/install/rplidar_ros/share/rplidar_ros/cmake/ament_cmake_export_dependencies-extras.cmake
[4.177s] -- Up-to-date: /home/jetson/SLAM_WS/install/rplidar_ros/share/rplidar_ros/cmake/ament_cmake_export_include_directories-extras.cmake
[4.178s] -- Up-to-date: /home/jetson/SLAM_WS/install/rplidar_ros/share/rplidar_ros/cmake/rplidar_rosConfig.cmake
[4.179s] -- Up-to-date: /home/jetson/SLAM_WS/install/rplidar_ros/share/rplidar_ros/cmake/rplidar_rosConfig-version.cmake
[4.179s] -- Up-to-date: /home/jetson/SLAM_WS/install/rplidar_ros/share/rplidar_ros/package.xml
[4.187s] Invoked command in '/home/jetson/SLAM_WS/build/rplidar_ros' returned '0': CMAKE_PREFIX_PATH=/home/jetson/SLAM_WS/install/kinematics:/home/jetson/SLAM_WS/install/teleop_omni:/home/jetson/SLAM_WS/install/omni_bot:/home/jetson/SLAM_WS/install/inverse_kinematic:/opt/ros/foxy:${CMAKE_PREFIX_PATH} /usr/bin/cmake --install /home/jetson/SLAM_WS/build/rplidar_ros
