[4.213s] Invoking command in '/home/jetson/SLAM_WS/src/omnibot_description': PYTHONPATH=/home/jetson/SLAM_WS/build/omnibot_description/prefix_override:/usr/lib/python3/dist-packages/colcon_core/task/python/colcon_distutils_commands:/home/jetson/SLAM_WS/install/omnibot_description/lib/python3.8/site-packages:${PYTHONPATH} /usr/bin/python3 -W ignore:setup.py install is deprecated -W ignore:easy_install command is deprecated setup.py egg_info --egg-base ../../build/omnibot_description build --build-base /home/jetson/SLAM_WS/build/omnibot_description/build install --record /home/jetson/SLAM_WS/build/omnibot_description/install.log --single-version-externally-managed install_data
[5.948s] running egg_info
[5.955s] writing ../../build/omnibot_description/omnibot_description.egg-info/PKG-INFO
[5.960s] writing dependency_links to ../../build/omnibot_description/omnibot_description.egg-info/dependency_links.txt
[5.963s] writing entry points to ../../build/omnibot_description/omnibot_description.egg-info/entry_points.txt
[5.966s] writing requirements to ../../build/omnibot_description/omnibot_description.egg-info/requires.txt
[5.969s] writing top-level names to ../../build/omnibot_description/omnibot_description.egg-info/top_level.txt
[5.994s] reading manifest file '../../build/omnibot_description/omnibot_description.egg-info/SOURCES.txt'
[5.999s] writing manifest file '../../build/omnibot_description/omnibot_description.egg-info/SOURCES.txt'
[6.012s] running build
[6.012s] running build_py
[6.013s] running install
[6.013s] running install_lib
[6.014s] running install_data
[6.014s] running install_egg_info
[6.027s] removing '/home/jetson/SLAM_WS/install/omnibot_description/lib/python3.8/site-packages/omnibot_description-0.0.0-py3.8.egg-info' (and everything under it)
[6.028s] Copying ../../build/omnibot_description/omnibot_description.egg-info to /home/jetson/SLAM_WS/install/omnibot_description/lib/python3.8/site-packages/omnibot_description-0.0.0-py3.8.egg-info
[6.028s] running install_scripts
[6.144s] writing list of installed files to '/home/jetson/SLAM_WS/build/omnibot_description/install.log'
[6.259s] Invoked command in '/home/jetson/SLAM_WS/src/omnibot_description' returned '0': PYTHONPATH=/home/jetson/SLAM_WS/build/omnibot_description/prefix_override:/usr/lib/python3/dist-packages/colcon_core/task/python/colcon_distutils_commands:/home/jetson/SLAM_WS/install/omnibot_description/lib/python3.8/site-packages:${PYTHONPATH} /usr/bin/python3 -W ignore:setup.py install is deprecated -W ignore:easy_install command is deprecated setup.py egg_info --egg-base ../../build/omnibot_description build --build-base /home/jetson/SLAM_WS/build/omnibot_description/build install --record /home/jetson/SLAM_WS/build/omnibot_description/install.log --single-version-externally-managed install_data
