[3.228s] Invoking command in '/home/jetson/SLAM_WS/src/odom': PYTHONPATH=/home/jetson/SLAM_WS/build/odom/prefix_override:/usr/lib/python3/dist-packages/colcon_core/task/python/colcon_distutils_commands:/home/jetson/SLAM_WS/install/odom/lib/python3.8/site-packages:${PYTHONPATH} /usr/bin/python3 -W ignore:setup.py install is deprecated -W ignore:easy_install command is deprecated setup.py egg_info --egg-base ../../build/odom build --build-base /home/jetson/SLAM_WS/build/odom/build install --record /home/jetson/SLAM_WS/build/odom/install.log --single-version-externally-managed install_data
[4.486s] running egg_info
[4.489s] writing ../../build/odom/odom.egg-info/PKG-INFO
[4.491s] writing dependency_links to ../../build/odom/odom.egg-info/dependency_links.txt
[4.491s] writing entry points to ../../build/odom/odom.egg-info/entry_points.txt
[4.492s] writing requirements to ../../build/odom/odom.egg-info/requires.txt
[4.492s] writing top-level names to ../../build/odom/odom.egg-info/top_level.txt
[4.504s] reading manifest file '../../build/odom/odom.egg-info/SOURCES.txt'
[4.507s] writing manifest file '../../build/odom/odom.egg-info/SOURCES.txt'
[4.508s] running build
[4.508s] running build_py
[4.509s] copying odom/odom_node.py -> /home/jetson/SLAM_WS/build/odom/build/lib/odom
[4.509s] running install
[4.513s] running install_lib
[4.516s] copying /home/jetson/SLAM_WS/build/odom/build/lib/odom/odom_node.py -> /home/jetson/SLAM_WS/install/odom/lib/python3.8/site-packages/odom
[4.518s] byte-compiling /home/jetson/SLAM_WS/install/odom/lib/python3.8/site-packages/odom/odom_node.py to odom_node.cpython-38.pyc
[4.525s] running install_data
[4.526s] running install_egg_info
[4.534s] removing '/home/jetson/SLAM_WS/install/odom/lib/python3.8/site-packages/odom-0.0.0-py3.8.egg-info' (and everything under it)
[4.535s] Copying ../../build/odom/odom.egg-info to /home/jetson/SLAM_WS/install/odom/lib/python3.8/site-packages/odom-0.0.0-py3.8.egg-info
[4.539s] running install_scripts
[4.613s] Installing odom_node script to /home/jetson/SLAM_WS/install/odom/lib/odom
[4.614s] writing list of installed files to '/home/jetson/SLAM_WS/build/odom/install.log'
[4.713s] Invoked command in '/home/jetson/SLAM_WS/src/odom' returned '0': PYTHONPATH=/home/jetson/SLAM_WS/build/odom/prefix_override:/usr/lib/python3/dist-packages/colcon_core/task/python/colcon_distutils_commands:/home/jetson/SLAM_WS/install/odom/lib/python3.8/site-packages:${PYTHONPATH} /usr/bin/python3 -W ignore:setup.py install is deprecated -W ignore:easy_install command is deprecated setup.py egg_info --egg-base ../../build/odom build --build-base /home/jetson/SLAM_WS/build/odom/build install --record /home/jetson/SLAM_WS/build/odom/install.log --single-version-externally-managed install_data
