[7.217s] Invoking command in '/home/jetson/SLAM_WS/src/omnibot_description': PYTHONPATH=/home/jetson/SLAM_WS/build/omnibot_description/prefix_override:/usr/lib/python3/dist-packages/colcon_core/task/python/colcon_distutils_commands:/home/jetson/SLAM_WS/install/omnibot_description/lib/python3.8/site-packages:${PYTHONPATH} /usr/bin/python3 -W ignore:setup.py install is deprecated -W ignore:easy_install command is deprecated setup.py egg_info --egg-base ../../build/omnibot_description build --build-base /home/jetson/SLAM_WS/build/omnibot_description/build install --record /home/jetson/SLAM_WS/build/omnibot_description/install.log --single-version-externally-managed install_data
[8.646s] running egg_info
[8.650s] writing ../../build/omnibot_description/omnibot_description.egg-info/PKG-INFO
[8.653s] writing dependency_links to ../../build/omnibot_description/omnibot_description.egg-info/dependency_links.txt
[8.656s] writing entry points to ../../build/omnibot_description/omnibot_description.egg-info/entry_points.txt
[8.660s] writing requirements to ../../build/omnibot_description/omnibot_description.egg-info/requires.txt
[8.661s] writing top-level names to ../../build/omnibot_description/omnibot_description.egg-info/top_level.txt
[8.676s] reading manifest file '../../build/omnibot_description/omnibot_description.egg-info/SOURCES.txt'
[8.686s] writing manifest file '../../build/omnibot_description/omnibot_description.egg-info/SOURCES.txt'
[8.692s] running build
[8.694s] running build_py
[8.713s] running install
[8.713s] running install_lib
[8.716s] running install_data
[8.716s] copying urdf/omnibot.urdf.xacro -> /home/jetson/SLAM_WS/install/omnibot_description/share/omnibot_description/urdf
[8.717s] running install_egg_info
[8.746s] removing '/home/jetson/SLAM_WS/install/omnibot_description/lib/python3.8/site-packages/omnibot_description-0.0.0-py3.8.egg-info' (and everything under it)
[8.747s] Copying ../../build/omnibot_description/omnibot_description.egg-info to /home/jetson/SLAM_WS/install/omnibot_description/lib/python3.8/site-packages/omnibot_description-0.0.0-py3.8.egg-info
[8.766s] running install_scripts
[8.864s] writing list of installed files to '/home/jetson/SLAM_WS/build/omnibot_description/install.log'
[9.136s] Invoked command in '/home/jetson/SLAM_WS/src/omnibot_description' returned '0': PYTHONPATH=/home/jetson/SLAM_WS/build/omnibot_description/prefix_override:/usr/lib/python3/dist-packages/colcon_core/task/python/colcon_distutils_commands:/home/jetson/SLAM_WS/install/omnibot_description/lib/python3.8/site-packages:${PYTHONPATH} /usr/bin/python3 -W ignore:setup.py install is deprecated -W ignore:easy_install command is deprecated setup.py egg_info --egg-base ../../build/omnibot_description build --build-base /home/jetson/SLAM_WS/build/omnibot_description/build install --record /home/jetson/SLAM_WS/build/omnibot_description/install.log --single-version-externally-managed install_data
