[6.207s] Invoking command in '/home/jetson/SLAM_WS/src/kinematics': PYTHONPATH=/home/jetson/SLAM_WS/build/kinematics/prefix_override:/usr/lib/python3/dist-packages/colcon_core/task/python/colcon_distutils_commands:/home/jetson/SLAM_WS/install/kinematics/lib/python3.8/site-packages:${PYTHONPATH} /usr/bin/python3 -W ignore:setup.py install is deprecated -W ignore:easy_install command is deprecated setup.py egg_info --egg-base ../../build/kinematics build --build-base /home/jetson/SLAM_WS/build/kinematics/build install --record /home/jetson/SLAM_WS/build/kinematics/install.log --single-version-externally-managed install_data
[7.588s] running egg_info
[7.591s] creating ../../build/kinematics/kinematics.egg-info
[7.592s] writing ../../build/kinematics/kinematics.egg-info/PKG-INFO
[7.595s] writing dependency_links to ../../build/kinematics/kinematics.egg-info/dependency_links.txt
[7.596s] writing entry points to ../../build/kinematics/kinematics.egg-info/entry_points.txt
[7.596s] writing requirements to ../../build/kinematics/kinematics.egg-info/requires.txt
[7.597s] writing top-level names to ../../build/kinematics/kinematics.egg-info/top_level.txt
[7.600s] writing manifest file '../../build/kinematics/kinematics.egg-info/SOURCES.txt'
[7.608s] reading manifest file '../../build/kinematics/kinematics.egg-info/SOURCES.txt'
[7.611s] writing manifest file '../../build/kinematics/kinematics.egg-info/SOURCES.txt'
[7.613s] running build
[7.613s] running build_py
[7.613s] creating /home/jetson/SLAM_WS/build/kinematics/build
[7.614s] creating /home/jetson/SLAM_WS/build/kinematics/build/lib
[7.615s] creating /home/jetson/SLAM_WS/build/kinematics/build/lib/kinematics
[7.616s] copying kinematics/__init__.py -> /home/jetson/SLAM_WS/build/kinematics/build/lib/kinematics
[7.616s] copying kinematics/inverse_kinematic_node.py -> /home/jetson/SLAM_WS/build/kinematics/build/lib/kinematics
[7.616s] running install
[7.628s] running install_lib
[7.628s] creating /home/jetson/SLAM_WS/install/kinematics/lib/python3.8/site-packages/kinematics
[7.629s] copying /home/jetson/SLAM_WS/build/kinematics/build/lib/kinematics/__init__.py -> /home/jetson/SLAM_WS/install/kinematics/lib/python3.8/site-packages/kinematics
[7.629s] copying /home/jetson/SLAM_WS/build/kinematics/build/lib/kinematics/inverse_kinematic_node.py -> /home/jetson/SLAM_WS/install/kinematics/lib/python3.8/site-packages/kinematics
[7.630s] byte-compiling /home/jetson/SLAM_WS/install/kinematics/lib/python3.8/site-packages/kinematics/__init__.py to __init__.cpython-38.pyc
[7.630s] byte-compiling /home/jetson/SLAM_WS/install/kinematics/lib/python3.8/site-packages/kinematics/inverse_kinematic_node.py to inverse_kinematic_node.cpython-38.pyc
[7.631s] running install_data
[7.631s] error: can't copy 'resource/kinematics': doesn't exist or not a regular file
[7.725s] Invoked command in '/home/jetson/SLAM_WS/src/kinematics' returned '1': PYTHONPATH=/home/jetson/SLAM_WS/build/kinematics/prefix_override:/usr/lib/python3/dist-packages/colcon_core/task/python/colcon_distutils_commands:/home/jetson/SLAM_WS/install/kinematics/lib/python3.8/site-packages:${PYTHONPATH} /usr/bin/python3 -W ignore:setup.py install is deprecated -W ignore:easy_install command is deprecated setup.py egg_info --egg-base ../../build/kinematics build --build-base /home/jetson/SLAM_WS/build/kinematics/build install --record /home/jetson/SLAM_WS/build/kinematics/install.log --single-version-externally-managed install_data
