[9.697s] Invoking command in '/home/jetson/SLAM_WS/src/odom': PYTHONPATH=/home/jetson/SLAM_WS/build/odom/prefix_override:/usr/lib/python3/dist-packages/colcon_core/task/python/colcon_distutils_commands:/home/jetson/SLAM_WS/install/odom/lib/python3.8/site-packages:${PYTHONPATH} /usr/bin/python3 -W ignore:setup.py install is deprecated -W ignore:easy_install command is deprecated setup.py egg_info --egg-base ../../build/odom build --build-base /home/jetson/SLAM_WS/build/odom/build install --record /home/jetson/SLAM_WS/build/odom/install.log --single-version-externally-managed install_data
[12.451s] running egg_info
[12.453s] writing ../../build/odom/odom.egg-info/PKG-INFO
[12.456s] writing dependency_links to ../../build/odom/odom.egg-info/dependency_links.txt
[12.457s] writing entry points to ../../build/odom/odom.egg-info/entry_points.txt
[12.460s] writing requirements to ../../build/odom/odom.egg-info/requires.txt
[12.461s] writing top-level names to ../../build/odom/odom.egg-info/top_level.txt
[12.508s] reading manifest file '../../build/odom/odom.egg-info/SOURCES.txt'
[12.519s] writing manifest file '../../build/odom/odom.egg-info/SOURCES.txt'
[12.519s] running build
[12.521s] running build_py
[12.522s] running install
[12.524s] running install_lib
[12.532s] running install_data
[12.533s] running install_egg_info
[12.553s] removing '/home/jetson/SLAM_WS/install/odom/lib/python3.8/site-packages/odom-0.0.0-py3.8.egg-info' (and everything under it)
[12.558s] Copying ../../build/odom/odom.egg-info to /home/jetson/SLAM_WS/install/odom/lib/python3.8/site-packages/odom-0.0.0-py3.8.egg-info
[12.602s] running install_scripts
[12.783s] Installing odom_node script to /home/jetson/SLAM_WS/install/odom/lib/odom
[12.787s] writing list of installed files to '/home/jetson/SLAM_WS/build/odom/install.log'
[15.262s] Invoked command in '/home/jetson/SLAM_WS/src/odom' returned '0': PYTHONPATH=/home/jetson/SLAM_WS/build/odom/prefix_override:/usr/lib/python3/dist-packages/colcon_core/task/python/colcon_distutils_commands:/home/jetson/SLAM_WS/install/odom/lib/python3.8/site-packages:${PYTHONPATH} /usr/bin/python3 -W ignore:setup.py install is deprecated -W ignore:easy_install command is deprecated setup.py egg_info --egg-base ../../build/odom build --build-base /home/jetson/SLAM_WS/build/odom/build install --record /home/jetson/SLAM_WS/build/odom/install.log --single-version-externally-managed install_data
