[6.163s] Invoking command in '/home/jetson/SLAM_WS/src/kinematics': PYTHONPATH=/home/jetson/SLAM_WS/build/kinematics/prefix_override:/usr/lib/python3/dist-packages/colcon_core/task/python/colcon_distutils_commands:/home/jetson/SLAM_WS/install/kinematics/lib/python3.8/site-packages:${PYTHONPATH} /usr/bin/python3 -W ignore:setup.py install is deprecated -W ignore:easy_install command is deprecated setup.py egg_info --egg-base ../../build/kinematics build --build-base /home/jetson/SLAM_WS/build/kinematics/build install --record /home/jetson/SLAM_WS/build/kinematics/install.log --single-version-externally-managed install_data
[7.558s] running egg_info
[7.561s] writing ../../build/kinematics/kinematics.egg-info/PKG-INFO
[7.562s] writing dependency_links to ../../build/kinematics/kinematics.egg-info/dependency_links.txt
[7.566s] writing entry points to ../../build/kinematics/kinematics.egg-info/entry_points.txt
[7.566s] writing requirements to ../../build/kinematics/kinematics.egg-info/requires.txt
[7.567s] writing top-level names to ../../build/kinematics/kinematics.egg-info/top_level.txt
[7.578s] reading manifest file '../../build/kinematics/kinematics.egg-info/SOURCES.txt'
[7.583s] writing manifest file '../../build/kinematics/kinematics.egg-info/SOURCES.txt'
[7.584s] running build
[7.586s] running build_py
[7.587s] copying kinematics/serial_driver_node.py -> /home/jetson/SLAM_WS/build/kinematics/build/lib/kinematics
[7.589s] running install
[7.589s] running install_lib
[7.593s] copying /home/jetson/SLAM_WS/build/kinematics/build/lib/kinematics/serial_driver_node.py -> /home/jetson/SLAM_WS/install/kinematics/lib/python3.8/site-packages/kinematics
[7.595s] byte-compiling /home/jetson/SLAM_WS/install/kinematics/lib/python3.8/site-packages/kinematics/serial_driver_node.py to serial_driver_node.cpython-38.pyc
[7.598s] running install_data
[7.598s] running install_egg_info
[7.608s] removing '/home/jetson/SLAM_WS/install/kinematics/lib/python3.8/site-packages/kinematics-0.0.0-py3.8.egg-info' (and everything under it)
[7.609s] Copying ../../build/kinematics/kinematics.egg-info to /home/jetson/SLAM_WS/install/kinematics/lib/python3.8/site-packages/kinematics-0.0.0-py3.8.egg-info
[7.613s] running install_scripts
[7.694s] Installing inverse_kinematic script to /home/jetson/SLAM_WS/install/kinematics/lib/kinematics
[7.697s] Installing serial_driver script to /home/jetson/SLAM_WS/install/kinematics/lib/kinematics
[7.700s] writing list of installed files to '/home/jetson/SLAM_WS/build/kinematics/install.log'
[7.809s] Invoked command in '/home/jetson/SLAM_WS/src/kinematics' returned '0': PYTHONPATH=/home/jetson/SLAM_WS/build/kinematics/prefix_override:/usr/lib/python3/dist-packages/colcon_core/task/python/colcon_distutils_commands:/home/jetson/SLAM_WS/install/kinematics/lib/python3.8/site-packages:${PYTHONPATH} /usr/bin/python3 -W ignore:setup.py install is deprecated -W ignore:easy_install command is deprecated setup.py egg_info --egg-base ../../build/kinematics build --build-base /home/jetson/SLAM_WS/build/kinematics/build install --record /home/jetson/SLAM_WS/build/kinematics/install.log --single-version-externally-managed install_data
