[3.431s] Invoking command in '/home/jetson/SLAM_WS/src/omnibot_description': PYTHONPATH=/home/jetson/SLAM_WS/build/omnibot_description/prefix_override:/usr/lib/python3/dist-packages/colcon_core/task/python/colcon_distutils_commands:/home/jetson/SLAM_WS/install/omnibot_description/lib/python3.8/site-packages:${PYTHONPATH} /usr/bin/python3 -W ignore:setup.py install is deprecated -W ignore:easy_install command is deprecated setup.py egg_info --egg-base ../../build/omnibot_description build --build-base /home/jetson/SLAM_WS/build/omnibot_description/build install --record /home/jetson/SLAM_WS/build/omnibot_description/install.log --single-version-externally-managed install_data
[4.695s] running egg_info
[4.697s] writing ../../build/omnibot_description/omnibot_description.egg-info/PKG-INFO
[4.700s] writing dependency_links to ../../build/omnibot_description/omnibot_description.egg-info/dependency_links.txt
[4.701s] writing entry points to ../../build/omnibot_description/omnibot_description.egg-info/entry_points.txt
[4.701s] writing requirements to ../../build/omnibot_description/omnibot_description.egg-info/requires.txt
[4.702s] writing top-level names to ../../build/omnibot_description/omnibot_description.egg-info/top_level.txt
[4.724s] reading manifest file '../../build/omnibot_description/omnibot_description.egg-info/SOURCES.txt'
[4.729s] writing manifest file '../../build/omnibot_description/omnibot_description.egg-info/SOURCES.txt'
[4.730s] running build
[4.730s] running build_py
[4.732s] running install
[4.735s] running install_lib
[4.742s] running install_data
[4.742s] copying launch/omnibot_description.launch.py -> /home/jetson/SLAM_WS/install/omnibot_description/share/omnibot_description/launch
[4.744s] creating /home/jetson/SLAM_WS/install/omnibot_description/share/omnibot_description/urdf
[4.744s] copying urdf/omnibot.urdf.xacro -> /home/jetson/SLAM_WS/install/omnibot_description/share/omnibot_description/urdf
[4.745s] running install_egg_info
[4.753s] removing '/home/jetson/SLAM_WS/install/omnibot_description/lib/python3.8/site-packages/omnibot_description-0.0.0-py3.8.egg-info' (and everything under it)
[4.754s] Copying ../../build/omnibot_description/omnibot_description.egg-info to /home/jetson/SLAM_WS/install/omnibot_description/lib/python3.8/site-packages/omnibot_description-0.0.0-py3.8.egg-info
[4.759s] running install_scripts
[4.833s] writing list of installed files to '/home/jetson/SLAM_WS/build/omnibot_description/install.log'
[4.934s] Invoked command in '/home/jetson/SLAM_WS/src/omnibot_description' returned '0': PYTHONPATH=/home/jetson/SLAM_WS/build/omnibot_description/prefix_override:/usr/lib/python3/dist-packages/colcon_core/task/python/colcon_distutils_commands:/home/jetson/SLAM_WS/install/omnibot_description/lib/python3.8/site-packages:${PYTHONPATH} /usr/bin/python3 -W ignore:setup.py install is deprecated -W ignore:easy_install command is deprecated setup.py egg_info --egg-base ../../build/omnibot_description build --build-base /home/jetson/SLAM_WS/build/omnibot_description/build install --record /home/jetson/SLAM_WS/build/omnibot_description/install.log --single-version-externally-managed install_data
