[0.928s] DEBUG:colcon:Command line arguments: ['/usr/bin/colcon', 'build', '--packages-select', 'kinematics']
[0.928s] DEBUG:colcon:Parsed command line arguments: Namespace(allow_overriding=[], ament_cmake_args=None, base_paths=['.'], build_base='build', catkin_cmake_args=None, catkin_skip_building_tests=False, cmake_args=None, cmake_clean_cache=False, cmake_clean_first=False, cmake_force_configure=False, cmake_target=None, cmake_target_skip_unavailable=False, continue_on_error=False, event_handlers=None, executor='parallel', ignore_user_meta=False, install_base='install', log_base=None, log_level=None, main=<bound method BuildVerb.main of <colcon_core.verb.build.BuildVerb object at 0x7f7fd93d00>>, merge_install=False, metas=['./colcon.meta'], mixin=None, mixin_files=None, mixin_verb=('build',), packages_above=None, packages_above_and_dependencies=None, packages_above_depth=None, packages_end=None, packages_ignore=None, packages_ignore_regex=None, packages_select=['kinematics'], packages_select_build_failed=False, packages_select_by_dep=None, packages_select_regex=None, packages_select_test_failures=False, packages_skip=None, packages_skip_build_finished=False, packages_skip_by_dep=None, packages_skip_regex=None, packages_skip_test_passed=False, packages_skip_up_to=None, packages_start=None, packages_up_to=None, packages_up_to_regex=None, parallel_workers=4, paths=None, symlink_install=False, test_result_base=None, verb_extension=<colcon_core.verb.build.BuildVerb object at 0x7f7fd93d00>, verb_name='build', verb_parser=<colcon_mixin.mixin.mixin_argument.MixinArgumentDecorator object at 0x7f7fc753a0>)
[1.889s] Level 1:colcon.colcon_core.package_discovery:discover_packages(colcon_meta) check parameters
[1.889s] Level 1:colcon.colcon_core.package_discovery:discover_packages(recursive) check parameters
[1.889s] Level 1:colcon.colcon_core.package_discovery:discover_packages(ignore) check parameters
[1.889s] Level 1:colcon.colcon_core.package_discovery:discover_packages(path) check parameters
[1.890s] Level 1:colcon.colcon_core.package_discovery:discover_packages(colcon_meta) discover
[1.890s] Level 1:colcon.colcon_core.package_discovery:discover_packages(recursive) discover
[1.890s] INFO:colcon.colcon_core.package_discovery:Crawling recursively for packages in '/home/jetson/SLAM_WS'
[1.890s] Level 1:colcon.colcon_core.package_identification:_identify(.) by extensions ['ignore', 'ignore_ament_install']
[1.891s] Level 1:colcon.colcon_core.package_identification:_identify(.) by extension 'ignore'
[1.891s] Level 1:colcon.colcon_core.package_identification:_identify(.) by extension 'ignore_ament_install'
[1.891s] Level 1:colcon.colcon_core.package_identification:_identify(.) by extensions ['colcon_pkg']
[1.892s] Level 1:colcon.colcon_core.package_identification:_identify(.) by extension 'colcon_pkg'
[1.892s] Level 1:colcon.colcon_core.package_identification:_identify(.) by extensions ['colcon_meta']
[1.892s] Level 1:colcon.colcon_core.package_identification:_identify(.) by extension 'colcon_meta'
[1.892s] Level 1:colcon.colcon_core.package_identification:_identify(.) by extensions ['ros']
[1.892s] Level 1:colcon.colcon_core.package_identification:_identify(.) by extension 'ros'
[1.976s] Level 1:colcon.colcon_core.package_identification:_identify(.) by extensions ['cmake', 'python']
[1.976s] Level 1:colcon.colcon_core.package_identification:_identify(.) by extension 'cmake'
[1.977s] Level 1:colcon.colcon_core.package_identification:_identify(.) by extension 'python'
[1.977s] Level 1:colcon.colcon_core.package_identification:_identify(.) by extensions ['python_setup_py']
[1.977s] Level 1:colcon.colcon_core.package_identification:_identify(.) by extension 'python_setup_py'
[1.978s] Level 1:colcon.colcon_core.package_identification:_identify(build) by extensions ['ignore', 'ignore_ament_install']
[1.978s] Level 1:colcon.colcon_core.package_identification:_identify(build) by extension 'ignore'
[1.978s] Level 1:colcon.colcon_core.package_identification:_identify(build) ignored
[1.979s] Level 1:colcon.colcon_core.package_identification:_identify(install) by extensions ['ignore', 'ignore_ament_install']
[1.979s] Level 1:colcon.colcon_core.package_identification:_identify(install) by extension 'ignore'
[1.979s] Level 1:colcon.colcon_core.package_identification:_identify(install) ignored
[1.980s] Level 1:colcon.colcon_core.package_identification:_identify(log) by extensions ['ignore', 'ignore_ament_install']
[1.980s] Level 1:colcon.colcon_core.package_identification:_identify(log) by extension 'ignore'
[1.981s] Level 1:colcon.colcon_core.package_identification:_identify(log) ignored
[1.981s] Level 1:colcon.colcon_core.package_identification:_identify(src) by extensions ['ignore', 'ignore_ament_install']
[1.981s] Level 1:colcon.colcon_core.package_identification:_identify(src) by extension 'ignore'
[1.982s] Level 1:colcon.colcon_core.package_identification:_identify(src) by extension 'ignore_ament_install'
[1.982s] Level 1:colcon.colcon_core.package_identification:_identify(src) by extensions ['colcon_pkg']
[1.982s] Level 1:colcon.colcon_core.package_identification:_identify(src) by extension 'colcon_pkg'
[1.982s] Level 1:colcon.colcon_core.package_identification:_identify(src) by extensions ['colcon_meta']
[1.982s] Level 1:colcon.colcon_core.package_identification:_identify(src) by extension 'colcon_meta'
[1.983s] Level 1:colcon.colcon_core.package_identification:_identify(src) by extensions ['ros']
[1.983s] Level 1:colcon.colcon_core.package_identification:_identify(src) by extension 'ros'
[1.983s] Level 1:colcon.colcon_core.package_identification:_identify(src) by extensions ['cmake', 'python']
[1.983s] Level 1:colcon.colcon_core.package_identification:_identify(src) by extension 'cmake'
[1.983s] Level 1:colcon.colcon_core.package_identification:_identify(src) by extension 'python'
[1.984s] Level 1:colcon.colcon_core.package_identification:_identify(src) by extensions ['python_setup_py']
[1.984s] Level 1:colcon.colcon_core.package_identification:_identify(src) by extension 'python_setup_py'
[1.984s] Level 1:colcon.colcon_core.package_identification:_identify(src/build) by extensions ['ignore', 'ignore_ament_install']
[1.984s] Level 1:colcon.colcon_core.package_identification:_identify(src/build) by extension 'ignore'
[1.985s] Level 1:colcon.colcon_core.package_identification:_identify(src/build) ignored
[1.985s] Level 1:colcon.colcon_core.package_identification:_identify(src/install) by extensions ['ignore', 'ignore_ament_install']
[1.985s] Level 1:colcon.colcon_core.package_identification:_identify(src/install) by extension 'ignore'
[1.986s] Level 1:colcon.colcon_core.package_identification:_identify(src/install) ignored
[1.986s] Level 1:colcon.colcon_core.package_identification:_identify(src/kinematics) by extensions ['ignore', 'ignore_ament_install']
[1.986s] Level 1:colcon.colcon_core.package_identification:_identify(src/kinematics) by extension 'ignore'
[1.986s] Level 1:colcon.colcon_core.package_identification:_identify(src/kinematics) by extension 'ignore_ament_install'
[1.987s] Level 1:colcon.colcon_core.package_identification:_identify(src/kinematics) by extensions ['colcon_pkg']
[1.987s] Level 1:colcon.colcon_core.package_identification:_identify(src/kinematics) by extension 'colcon_pkg'
[1.987s] Level 1:colcon.colcon_core.package_identification:_identify(src/kinematics) by extensions ['colcon_meta']
[1.987s] Level 1:colcon.colcon_core.package_identification:_identify(src/kinematics) by extension 'colcon_meta'
[1.988s] Level 1:colcon.colcon_core.package_identification:_identify(src/kinematics) by extensions ['ros']
[1.988s] Level 1:colcon.colcon_core.package_identification:_identify(src/kinematics) by extension 'ros'
[1.998s] DEBUG:colcon.colcon_core.package_identification:Package 'src/kinematics' with type 'ros.ament_python' and name 'kinematics'
[1.999s] Level 1:colcon.colcon_core.package_identification:_identify(src/log) by extensions ['ignore', 'ignore_ament_install']
[1.999s] Level 1:colcon.colcon_core.package_identification:_identify(src/log) by extension 'ignore'
[2.000s] Level 1:colcon.colcon_core.package_identification:_identify(src/log) ignored
[2.000s] Level 1:colcon.colcon_core.package_identification:_identify(src/odom) by extensions ['ignore', 'ignore_ament_install']
[2.000s] Level 1:colcon.colcon_core.package_identification:_identify(src/odom) by extension 'ignore'
[2.001s] Level 1:colcon.colcon_core.package_identification:_identify(src/odom) by extension 'ignore_ament_install'
[2.001s] Level 1:colcon.colcon_core.package_identification:_identify(src/odom) by extensions ['colcon_pkg']
[2.001s] Level 1:colcon.colcon_core.package_identification:_identify(src/odom) by extension 'colcon_pkg'
[2.001s] Level 1:colcon.colcon_core.package_identification:_identify(src/odom) by extensions ['colcon_meta']
[2.001s] Level 1:colcon.colcon_core.package_identification:_identify(src/odom) by extension 'colcon_meta'
[2.002s] Level 1:colcon.colcon_core.package_identification:_identify(src/odom) by extensions ['ros']
[2.002s] Level 1:colcon.colcon_core.package_identification:_identify(src/odom) by extension 'ros'
[2.005s] DEBUG:colcon.colcon_core.package_identification:Package 'src/odom' with type 'ros.ament_python' and name 'odom'
[2.006s] Level 1:colcon.colcon_core.package_identification:_identify(src/omni_bot) by extensions ['ignore', 'ignore_ament_install']
[2.006s] Level 1:colcon.colcon_core.package_identification:_identify(src/omni_bot) by extension 'ignore'
[2.006s] Level 1:colcon.colcon_core.package_identification:_identify(src/omni_bot) by extension 'ignore_ament_install'
[2.007s] Level 1:colcon.colcon_core.package_identification:_identify(src/omni_bot) by extensions ['colcon_pkg']
[2.007s] Level 1:colcon.colcon_core.package_identification:_identify(src/omni_bot) by extension 'colcon_pkg'
[2.007s] Level 1:colcon.colcon_core.package_identification:_identify(src/omni_bot) by extensions ['colcon_meta']
[2.007s] Level 1:colcon.colcon_core.package_identification:_identify(src/omni_bot) by extension 'colcon_meta'
[2.007s] Level 1:colcon.colcon_core.package_identification:_identify(src/omni_bot) by extensions ['ros']
[2.008s] Level 1:colcon.colcon_core.package_identification:_identify(src/omni_bot) by extension 'ros'
[2.010s] DEBUG:colcon.colcon_core.package_identification:Package 'src/omni_bot' with type 'ros.ament_python' and name 'omni_bot'
[2.010s] Level 1:colcon.colcon_core.package_identification:_identify(src/omnibot_description) by extensions ['ignore', 'ignore_ament_install']
[2.011s] Level 1:colcon.colcon_core.package_identification:_identify(src/omnibot_description) by extension 'ignore'
[2.011s] Level 1:colcon.colcon_core.package_identification:_identify(src/omnibot_description) by extension 'ignore_ament_install'
[2.011s] Level 1:colcon.colcon_core.package_identification:_identify(src/omnibot_description) by extensions ['colcon_pkg']
[2.011s] Level 1:colcon.colcon_core.package_identification:_identify(src/omnibot_description) by extension 'colcon_pkg'
[2.012s] Level 1:colcon.colcon_core.package_identification:_identify(src/omnibot_description) by extensions ['colcon_meta']
[2.012s] Level 1:colcon.colcon_core.package_identification:_identify(src/omnibot_description) by extension 'colcon_meta'
[2.012s] Level 1:colcon.colcon_core.package_identification:_identify(src/omnibot_description) by extensions ['ros']
[2.012s] Level 1:colcon.colcon_core.package_identification:_identify(src/omnibot_description) by extension 'ros'
[2.015s] DEBUG:colcon.colcon_core.package_identification:Package 'src/omnibot_description' with type 'ros.ament_python' and name 'omnibot_description'
[2.015s] Level 1:colcon.colcon_core.package_identification:_identify(src/rplidar_ros) by extensions ['ignore', 'ignore_ament_install']
[2.016s] Level 1:colcon.colcon_core.package_identification:_identify(src/rplidar_ros) by extension 'ignore'
[2.016s] Level 1:colcon.colcon_core.package_identification:_identify(src/rplidar_ros) by extension 'ignore_ament_install'
[2.016s] Level 1:colcon.colcon_core.package_identification:_identify(src/rplidar_ros) by extensions ['colcon_pkg']
[2.016s] Level 1:colcon.colcon_core.package_identification:_identify(src/rplidar_ros) by extension 'colcon_pkg'
[2.016s] Level 1:colcon.colcon_core.package_identification:_identify(src/rplidar_ros) by extensions ['colcon_meta']
[2.017s] Level 1:colcon.colcon_core.package_identification:_identify(src/rplidar_ros) by extension 'colcon_meta'
[2.017s] Level 1:colcon.colcon_core.package_identification:_identify(src/rplidar_ros) by extensions ['ros']
[2.017s] Level 1:colcon.colcon_core.package_identification:_identify(src/rplidar_ros) by extension 'ros'
[2.020s] DEBUG:colcon.colcon_core.package_identification:Package 'src/rplidar_ros' with type 'ros.ament_cmake' and name 'rplidar_ros'
[2.020s] Level 1:colcon.colcon_core.package_identification:_identify(src/slam_launch) by extensions ['ignore', 'ignore_ament_install']
[2.021s] Level 1:colcon.colcon_core.package_identification:_identify(src/slam_launch) by extension 'ignore'
[2.021s] Level 1:colcon.colcon_core.package_identification:_identify(src/slam_launch) by extension 'ignore_ament_install'
[2.021s] Level 1:colcon.colcon_core.package_identification:_identify(src/slam_launch) by extensions ['colcon_pkg']
[2.021s] Level 1:colcon.colcon_core.package_identification:_identify(src/slam_launch) by extension 'colcon_pkg'
[2.022s] Level 1:colcon.colcon_core.package_identification:_identify(src/slam_launch) by extensions ['colcon_meta']
[2.022s] Level 1:colcon.colcon_core.package_identification:_identify(src/slam_launch) by extension 'colcon_meta'
[2.022s] Level 1:colcon.colcon_core.package_identification:_identify(src/slam_launch) by extensions ['ros']
[2.022s] Level 1:colcon.colcon_core.package_identification:_identify(src/slam_launch) by extension 'ros'
[2.027s] DEBUG:colcon.colcon_core.package_identification:Package 'src/slam_launch' with type 'ros.ament_python' and name 'slam_launch'
[2.028s] Level 1:colcon.colcon_core.package_identification:_identify(src/teleop_omni) by extensions ['ignore', 'ignore_ament_install']
[2.028s] Level 1:colcon.colcon_core.package_identification:_identify(src/teleop_omni) by extension 'ignore'
[2.028s] Level 1:colcon.colcon_core.package_identification:_identify(src/teleop_omni) by extension 'ignore_ament_install'
[2.028s] Level 1:colcon.colcon_core.package_identification:_identify(src/teleop_omni) by extensions ['colcon_pkg']
[2.029s] Level 1:colcon.colcon_core.package_identification:_identify(src/teleop_omni) by extension 'colcon_pkg'
[2.029s] Level 1:colcon.colcon_core.package_identification:_identify(src/teleop_omni) by extensions ['colcon_meta']
[2.029s] Level 1:colcon.colcon_core.package_identification:_identify(src/teleop_omni) by extension 'colcon_meta'
[2.029s] Level 1:colcon.colcon_core.package_identification:_identify(src/teleop_omni) by extensions ['ros']
[2.029s] Level 1:colcon.colcon_core.package_identification:_identify(src/teleop_omni) by extension 'ros'
[2.032s] DEBUG:colcon.colcon_core.package_identification:Package 'src/teleop_omni' with type 'ros.ament_python' and name 'teleop_omni'
[2.032s] Level 1:colcon.colcon_core.package_discovery:discover_packages(recursive) using defaults
[2.032s] Level 1:colcon.colcon_core.package_discovery:discover_packages(ignore) discover
[2.033s] Level 1:colcon.colcon_core.package_discovery:discover_packages(ignore) using defaults
[2.033s] Level 1:colcon.colcon_core.package_discovery:discover_packages(path) discover
[2.033s] Level 1:colcon.colcon_core.package_discovery:discover_packages(path) using defaults
[2.120s] INFO:colcon.colcon_core.package_selection:Skipping not selected package 'odom' in 'src/odom'
[2.121s] INFO:colcon.colcon_core.package_selection:Skipping not selected package 'omni_bot' in 'src/omni_bot'
[2.121s] INFO:colcon.colcon_core.package_selection:Skipping not selected package 'omnibot_description' in 'src/omnibot_description'
[2.121s] INFO:colcon.colcon_core.package_selection:Skipping not selected package 'rplidar_ros' in 'src/rplidar_ros'
[2.121s] INFO:colcon.colcon_core.package_selection:Skipping not selected package 'teleop_omni' in 'src/teleop_omni'
[2.121s] INFO:colcon.colcon_core.package_selection:Skipping not selected package 'slam_launch' in 'src/slam_launch'
[2.123s] Level 1:colcon.colcon_core.package_discovery:discover_packages(prefix_path) check parameters
[2.123s] Level 1:colcon.colcon_core.package_discovery:discover_packages(prefix_path) discover
[2.131s] DEBUG:colcon.colcon_installed_package_information.package_discovery:Found 7 installed packages in /home/jetson/SLAM_WS/install
[2.138s] DEBUG:colcon.colcon_installed_package_information.package_discovery:Found 264 installed packages in /opt/ros/foxy
[2.147s] Level 1:colcon.colcon_core.package_discovery:discover_packages(prefix_path) using defaults
[2.444s] WARNING:colcon.colcon_core.package_selection:Some selected packages are already built in one or more underlay workspaces:
	'kinematics' is in: /home/jetson/SLAM_WS/install/kinematics
If a package in a merged underlay workspace is overridden and it installs headers, then all packages in the overlay must sort their include directories by workspace order. Failure to do so may result in build failures or undefined behavior at run time.
If the overridden package is used by another package in any underlay, then the overriding package in the overlay must be API and ABI compatible or undefined behavior at run time may occur.

If you understand the risks and want to override a package anyways, add the following to the command line:
	--allow-overriding kinematics

This may be promoted to an error in a future release of colcon-override-check.
[2.448s] Level 5:colcon.colcon_core.verb:set package 'kinematics' build argument 'cmake_args' from command line to 'None'
[2.448s] Level 5:colcon.colcon_core.verb:set package 'kinematics' build argument 'cmake_target' from command line to 'None'
[2.449s] Level 5:colcon.colcon_core.verb:set package 'kinematics' build argument 'cmake_target_skip_unavailable' from command line to 'False'
[2.449s] Level 5:colcon.colcon_core.verb:set package 'kinematics' build argument 'cmake_clean_cache' from command line to 'False'
[2.449s] Level 5:colcon.colcon_core.verb:set package 'kinematics' build argument 'cmake_clean_first' from command line to 'False'
[2.449s] Level 5:colcon.colcon_core.verb:set package 'kinematics' build argument 'cmake_force_configure' from command line to 'False'
[2.449s] Level 5:colcon.colcon_core.verb:set package 'kinematics' build argument 'ament_cmake_args' from command line to 'None'
[2.449s] Level 5:colcon.colcon_core.verb:set package 'kinematics' build argument 'catkin_cmake_args' from command line to 'None'
[2.449s] Level 5:colcon.colcon_core.verb:set package 'kinematics' build argument 'catkin_skip_building_tests' from command line to 'False'
[2.450s] DEBUG:colcon.colcon_core.verb:Building package 'kinematics' with the following arguments: {'ament_cmake_args': None, 'build_base': '/home/jetson/SLAM_WS/build/kinematics', 'catkin_cmake_args': None, 'catkin_skip_building_tests': False, 'cmake_args': None, 'cmake_clean_cache': False, 'cmake_clean_first': False, 'cmake_force_configure': False, 'cmake_target': None, 'cmake_target_skip_unavailable': False, 'install_base': '/home/jetson/SLAM_WS/install/kinematics', 'merge_install': False, 'path': '/home/jetson/SLAM_WS/src/kinematics', 'symlink_install': False, 'test_result_base': None}
[2.450s] INFO:colcon.colcon_core.executor:Executing jobs using 'parallel' executor
[2.455s] DEBUG:colcon.colcon_parallel_executor.executor.parallel:run_until_complete
[2.456s] INFO:colcon.colcon_ros.task.ament_python.build:Building ROS package in '/home/jetson/SLAM_WS/src/kinematics' with build type 'ament_python'
[2.456s] Level 1:colcon.colcon_core.shell:create_environment_hook('kinematics', 'ament_prefix_path')
[2.464s] INFO:colcon.colcon_core.plugin_system:Skipping extension 'colcon_core.shell.bat': Not used on non-Windows systems
[2.465s] INFO:colcon.colcon_core.shell:Creating environment hook '/home/jetson/SLAM_WS/install/kinematics/share/kinematics/hook/ament_prefix_path.ps1'
[2.469s] INFO:colcon.colcon_core.shell:Creating environment descriptor '/home/jetson/SLAM_WS/install/kinematics/share/kinematics/hook/ament_prefix_path.dsv'
[2.471s] INFO:colcon.colcon_core.shell:Creating environment hook '/home/jetson/SLAM_WS/install/kinematics/share/kinematics/hook/ament_prefix_path.sh'
[2.474s] INFO:colcon.colcon_core.shell:Skip shell extension 'powershell' for command environment: Not usable outside of PowerShell
[2.475s] DEBUG:colcon.colcon_core.shell:Skip shell extension 'dsv' for command environment
[3.764s] INFO:colcon.colcon_core.task.python.build:Building Python package in '/home/jetson/SLAM_WS/src/kinematics'
[3.765s] INFO:colcon.colcon_core.shell:Skip shell extension 'powershell' for command environment: Not usable outside of PowerShell
[3.766s] DEBUG:colcon.colcon_core.shell:Skip shell extension 'dsv' for command environment
[5.564s] DEBUG:colcon.colcon_core.event_handler.log_command:Invoking command in '/home/jetson/SLAM_WS/src/kinematics': PYTHONPATH=/home/jetson/SLAM_WS/build/kinematics/prefix_override:/usr/lib/python3/dist-packages/colcon_core/task/python/colcon_distutils_commands:/home/jetson/SLAM_WS/install/kinematics/lib/python3.8/site-packages:${PYTHONPATH} /usr/bin/python3 -W ignore:setup.py install is deprecated -W ignore:easy_install command is deprecated setup.py egg_info --egg-base ../../build/kinematics build --build-base /home/jetson/SLAM_WS/build/kinematics/build install --record /home/jetson/SLAM_WS/build/kinematics/install.log --single-version-externally-managed install_data
[7.003s] DEBUG:colcon.colcon_core.event_handler.log_command:Invoked command in '/home/jetson/SLAM_WS/src/kinematics' returned '0': PYTHONPATH=/home/jetson/SLAM_WS/build/kinematics/prefix_override:/usr/lib/python3/dist-packages/colcon_core/task/python/colcon_distutils_commands:/home/jetson/SLAM_WS/install/kinematics/lib/python3.8/site-packages:${PYTHONPATH} /usr/bin/python3 -W ignore:setup.py install is deprecated -W ignore:easy_install command is deprecated setup.py egg_info --egg-base ../../build/kinematics build --build-base /home/jetson/SLAM_WS/build/kinematics/build install --record /home/jetson/SLAM_WS/build/kinematics/install.log --single-version-externally-managed install_data
[7.007s] Level 1:colcon.colcon_core.environment:checking '/home/jetson/SLAM_WS/install/kinematics' for CMake module files
[7.009s] Level 1:colcon.colcon_core.environment:checking '/home/jetson/SLAM_WS/install/kinematics' for CMake config files
[7.012s] Level 1:colcon.colcon_core.environment:checking '/home/jetson/SLAM_WS/install/kinematics/lib'
[7.012s] Level 1:colcon.colcon_core.environment:checking '/home/jetson/SLAM_WS/install/kinematics/bin'
[7.013s] Level 1:colcon.colcon_core.environment:checking '/home/jetson/SLAM_WS/install/kinematics/lib/pkgconfig/kinematics.pc'
[7.013s] Level 1:colcon.colcon_core.environment:checking '/home/jetson/SLAM_WS/install/kinematics/lib/python3.8/site-packages'
[7.014s] Level 1:colcon.colcon_core.shell:create_environment_hook('kinematics', 'pythonpath')
[7.015s] INFO:colcon.colcon_core.shell:Creating environment hook '/home/jetson/SLAM_WS/install/kinematics/share/kinematics/hook/pythonpath.ps1'
[7.017s] INFO:colcon.colcon_core.shell:Creating environment descriptor '/home/jetson/SLAM_WS/install/kinematics/share/kinematics/hook/pythonpath.dsv'
[7.018s] INFO:colcon.colcon_core.shell:Creating environment hook '/home/jetson/SLAM_WS/install/kinematics/share/kinematics/hook/pythonpath.sh'
[7.020s] Level 1:colcon.colcon_core.environment:checking '/home/jetson/SLAM_WS/install/kinematics/bin'
[7.020s] Level 1:colcon.colcon_core.environment:create_environment_scripts_only(kinematics)
[7.022s] INFO:colcon.colcon_core.shell:Creating package script '/home/jetson/SLAM_WS/install/kinematics/share/kinematics/package.ps1'
[7.026s] INFO:colcon.colcon_core.shell:Creating package descriptor '/home/jetson/SLAM_WS/install/kinematics/share/kinematics/package.dsv'
[7.028s] INFO:colcon.colcon_core.shell:Creating package script '/home/jetson/SLAM_WS/install/kinematics/share/kinematics/package.sh'
[7.031s] INFO:colcon.colcon_core.shell:Creating package script '/home/jetson/SLAM_WS/install/kinematics/share/kinematics/package.bash'
[7.034s] INFO:colcon.colcon_core.shell:Creating package script '/home/jetson/SLAM_WS/install/kinematics/share/kinematics/package.zsh'
[7.037s] Level 1:colcon.colcon_core.environment:create_file_with_runtime_dependencies(/home/jetson/SLAM_WS/install/kinematics/share/colcon-core/packages/kinematics)
[7.039s] DEBUG:colcon.colcon_parallel_executor.executor.parallel:closing loop
[7.040s] DEBUG:colcon.colcon_parallel_executor.executor.parallel:loop closed
[7.040s] DEBUG:colcon.colcon_parallel_executor.executor.parallel:run_until_complete finished with '0'
[7.040s] DEBUG:colcon.colcon_core.event_reactor:joining thread
[7.061s] INFO:colcon.colcon_core.plugin_system:Skipping extension 'colcon_notification.desktop_notification.terminal_notifier': Not used on non-Darwin systems
[7.061s] INFO:colcon.colcon_core.plugin_system:Skipping extension 'colcon_notification.desktop_notification.win32': Not used on non-Windows systems
[7.062s] INFO:colcon.colcon_notification.desktop_notification:Sending desktop notification using 'notify2'
[7.099s] DEBUG:colcon.colcon_notification.desktop_notification.notify2:Failed to initialize notify2: org.freedesktop.DBus.Error.Spawn.ChildExited: Process org.freedesktop.Notifications exited with status 1
[7.100s] DEBUG:colcon.colcon_core.event_reactor:joined thread
[7.101s] INFO:colcon.colcon_core.shell:Creating prefix script '/home/jetson/SLAM_WS/install/local_setup.ps1'
[7.105s] INFO:colcon.colcon_core.shell:Creating prefix util module '/home/jetson/SLAM_WS/install/_local_setup_util_ps1.py'
[7.111s] INFO:colcon.colcon_core.shell:Creating prefix chain script '/home/jetson/SLAM_WS/install/setup.ps1'
[7.117s] INFO:colcon.colcon_core.shell:Creating prefix script '/home/jetson/SLAM_WS/install/local_setup.sh'
[7.119s] INFO:colcon.colcon_core.shell:Creating prefix util module '/home/jetson/SLAM_WS/install/_local_setup_util_sh.py'
[7.121s] INFO:colcon.colcon_core.shell:Creating prefix chain script '/home/jetson/SLAM_WS/install/setup.sh'
[7.126s] INFO:colcon.colcon_core.shell:Creating prefix script '/home/jetson/SLAM_WS/install/local_setup.bash'
[7.128s] INFO:colcon.colcon_core.shell:Creating prefix chain script '/home/jetson/SLAM_WS/install/setup.bash'
[7.134s] INFO:colcon.colcon_core.shell:Creating prefix script '/home/jetson/SLAM_WS/install/local_setup.zsh'
[7.136s] INFO:colcon.colcon_core.shell:Creating prefix chain script '/home/jetson/SLAM_WS/install/setup.zsh'
