[8.365s] Invoking command in '/home/jetson/SLAM_WS/src/kinematics': PYTHONPATH=/home/jetson/SLAM_WS/build/kinematics/prefix_override:/usr/lib/python3/dist-packages/colcon_core/task/python/colcon_distutils_commands:/home/jetson/SLAM_WS/install/kinematics/lib/python3.8/site-packages:${PYTHONPATH} /usr/bin/python3 -W ignore:setup.py install is deprecated -W ignore:easy_install command is deprecated setup.py egg_info --egg-base ../../build/kinematics build --build-base /home/jetson/SLAM_WS/build/kinematics/build install --record /home/jetson/SLAM_WS/build/kinematics/install.log --single-version-externally-managed install_data
[10.327s] running egg_info
[10.333s] writing ../../build/kinematics/kinematics.egg-info/PKG-INFO
[10.334s] writing dependency_links to ../../build/kinematics/kinematics.egg-info/dependency_links.txt
[10.334s] writing entry points to ../../build/kinematics/kinematics.egg-info/entry_points.txt
[10.335s] writing requirements to ../../build/kinematics/kinematics.egg-info/requires.txt
[10.335s] writing top-level names to ../../build/kinematics/kinematics.egg-info/top_level.txt
[10.347s] reading manifest file '../../build/kinematics/kinematics.egg-info/SOURCES.txt'
[10.351s] writing manifest file '../../build/kinematics/kinematics.egg-info/SOURCES.txt'
[10.354s] running build
[10.355s] running build_py
[10.355s] running install
[10.359s] running install_lib
[10.364s] running install_data
[10.365s] running install_egg_info
[10.375s] removing '/home/jetson/SLAM_WS/install/kinematics/lib/python3.8/site-packages/kinematics-0.0.0-py3.8.egg-info' (and everything under it)
[10.375s] Copying ../../build/kinematics/kinematics.egg-info to /home/jetson/SLAM_WS/install/kinematics/lib/python3.8/site-packages/kinematics-0.0.0-py3.8.egg-info
[10.380s] running install_scripts
[10.503s] Installing inverse_kinematic script to /home/jetson/SLAM_WS/install/kinematics/lib/kinematics
[10.505s] Installing serial_driver script to /home/jetson/SLAM_WS/install/kinematics/lib/kinematics
[10.505s] writing list of installed files to '/home/jetson/SLAM_WS/build/kinematics/install.log'
[10.626s] Invoked command in '/home/jetson/SLAM_WS/src/kinematics' returned '0': PYTHONPATH=/home/jetson/SLAM_WS/build/kinematics/prefix_override:/usr/lib/python3/dist-packages/colcon_core/task/python/colcon_distutils_commands:/home/jetson/SLAM_WS/install/kinematics/lib/python3.8/site-packages:${PYTHONPATH} /usr/bin/python3 -W ignore:setup.py install is deprecated -W ignore:easy_install command is deprecated setup.py egg_info --egg-base ../../build/kinematics build --build-base /home/jetson/SLAM_WS/build/kinematics/build install --record /home/jetson/SLAM_WS/build/kinematics/install.log --single-version-externally-managed install_data
