running egg_info
creating ../../build/launcher/launcher.egg-info
writing ../../build/launcher/launcher.egg-info/PKG-INFO
writing dependency_links to ../../build/launcher/launcher.egg-info/dependency_links.txt
writing requirements to ../../build/launcher/launcher.egg-info/requires.txt
writing top-level names to ../../build/launcher/launcher.egg-info/top_level.txt
writing manifest file '../../build/launcher/launcher.egg-info/SOURCES.txt'
reading manifest file '../../build/launcher/launcher.egg-info/SOURCES.txt'
writing manifest file '../../build/launcher/launcher.egg-info/SOURCES.txt'
running build
running build_py
creating /home/jetson/SLAM_WS/build/launcher/build
creating /home/jetson/SLAM_WS/build/launcher/build/lib
creating /home/jetson/SLAM_WS/build/launcher/build/lib/launcher
copying launcher/manual_launch.launch.py -> /home/jetson/SLAM_WS/build/launcher/build/lib/launcher
copying launcher/__init__.py -> /home/jetson/SLAM_WS/build/launcher/build/lib/launcher
running install
running install_lib
creating /home/jetson/SLAM_WS/install/launcher/lib/python3.8/site-packages/launcher
copying /home/jetson/SLAM_WS/build/launcher/build/lib/launcher/manual_launch.launch.py -> /home/jetson/SLAM_WS/install/launcher/lib/python3.8/site-packages/launcher
copying /home/jetson/SLAM_WS/build/launcher/build/lib/launcher/__init__.py -> /home/jetson/SLAM_WS/install/launcher/lib/python3.8/site-packages/launcher
byte-compiling /home/jetson/SLAM_WS/install/launcher/lib/python3.8/site-packages/launcher/manual_launch.launch.py to manual_launch.launch.cpython-38.pyc
byte-compiling /home/jetson/SLAM_WS/install/launcher/lib/python3.8/site-packages/launcher/__init__.py to __init__.cpython-38.pyc
running install_data
creating /home/jetson/SLAM_WS/install/launcher/share/launcher/launch
