[2.995s] Invoking command in '/home/jetson/SLAM_WS/src/launcher': PYTHONPATH=/home/jetson/SLAM_WS/build/launcher/prefix_override:/usr/lib/python3/dist-packages/colcon_core/task/python/colcon_distutils_commands:/home/jetson/SLAM_WS/install/launcher/lib/python3.8/site-packages:${PYTHONPATH} /usr/bin/python3 -W ignore:setup.py install is deprecated -W ignore:easy_install command is deprecated setup.py egg_info --egg-base ../../build/launcher build --build-base /home/jetson/SLAM_WS/build/launcher/build install --record /home/jetson/SLAM_WS/build/launcher/install.log --install-scripts $base/lib/launcher --single-version-externally-managed install_data
[4.028s] /usr/local/lib/python3.8/dist-packages/setuptools/dist.py:717: UserWarning: Usage of dash-separated 'script-dir' will not be supported in future versions. Please use the underscore name 'script_dir' instead
[4.028s]   warnings.warn(
[4.152s] running egg_info
[4.155s] creating ../../build/launcher/launcher.egg-info
[4.155s] writing ../../build/launcher/launcher.egg-info/PKG-INFO
[4.156s] writing dependency_links to ../../build/launcher/launcher.egg-info/dependency_links.txt
[4.157s] writing requirements to ../../build/launcher/launcher.egg-info/requires.txt
[4.157s] writing top-level names to ../../build/launcher/launcher.egg-info/top_level.txt
[4.163s] writing manifest file '../../build/launcher/launcher.egg-info/SOURCES.txt'
[4.170s] reading manifest file '../../build/launcher/launcher.egg-info/SOURCES.txt'
[4.173s] writing manifest file '../../build/launcher/launcher.egg-info/SOURCES.txt'
[4.174s] running build
[4.175s] running build_py
[4.175s] creating /home/jetson/SLAM_WS/build/launcher/build
[4.176s] creating /home/jetson/SLAM_WS/build/launcher/build/lib
[4.176s] creating /home/jetson/SLAM_WS/build/launcher/build/lib/launcher
[4.176s] copying launcher/manual_launch.launch.py -> /home/jetson/SLAM_WS/build/launcher/build/lib/launcher
[4.177s] copying launcher/__init__.py -> /home/jetson/SLAM_WS/build/launcher/build/lib/launcher
[4.177s] running install
[4.178s] running install_lib
[4.182s] creating /home/jetson/SLAM_WS/install/launcher/lib/python3.8/site-packages/launcher
[4.183s] copying /home/jetson/SLAM_WS/build/launcher/build/lib/launcher/manual_launch.launch.py -> /home/jetson/SLAM_WS/install/launcher/lib/python3.8/site-packages/launcher
[4.183s] copying /home/jetson/SLAM_WS/build/launcher/build/lib/launcher/__init__.py -> /home/jetson/SLAM_WS/install/launcher/lib/python3.8/site-packages/launcher
[4.185s] byte-compiling /home/jetson/SLAM_WS/install/launcher/lib/python3.8/site-packages/launcher/manual_launch.launch.py to manual_launch.launch.cpython-38.pyc
[4.186s] byte-compiling /home/jetson/SLAM_WS/install/launcher/lib/python3.8/site-packages/launcher/__init__.py to __init__.cpython-38.pyc
[4.187s] running install_data
[4.187s] creating /home/jetson/SLAM_WS/install/launcher/share/launcher/launch
[4.188s] error: can't copy 'launch/manual_launch.launch.py': doesn't exist or not a regular file
[4.268s] Invoked command in '/home/jetson/SLAM_WS/src/launcher' returned '1': PYTHONPATH=/home/jetson/SLAM_WS/build/launcher/prefix_override:/usr/lib/python3/dist-packages/colcon_core/task/python/colcon_distutils_commands:/home/jetson/SLAM_WS/install/launcher/lib/python3.8/site-packages:${PYTHONPATH} /usr/bin/python3 -W ignore:setup.py install is deprecated -W ignore:easy_install command is deprecated setup.py egg_info --egg-base ../../build/launcher build --build-base /home/jetson/SLAM_WS/build/launcher/build install --record /home/jetson/SLAM_WS/build/launcher/install.log --install-scripts $base/lib/launcher --single-version-externally-managed install_data
