[6.244s] Invoking command in '/home/jetson/SLAM_WS/src/kinematics': PYTHONPATH=/home/jetson/SLAM_WS/build/kinematics/prefix_override:/usr/lib/python3/dist-packages/colcon_core/task/python/colcon_distutils_commands:/home/jetson/SLAM_WS/install/kinematics/lib/python3.8/site-packages:${PYTHONPATH} /usr/bin/python3 -W ignore:setup.py install is deprecated -W ignore:easy_install command is deprecated setup.py egg_info --egg-base ../../build/kinematics build --build-base /home/jetson/SLAM_WS/build/kinematics/build install --record /home/jetson/SLAM_WS/build/kinematics/install.log --single-version-externally-managed install_data
[7.733s] running egg_info
[7.748s] writing ../../build/kinematics/kinematics.egg-info/PKG-INFO
[7.749s] writing dependency_links to ../../build/kinematics/kinematics.egg-info/dependency_links.txt
[7.750s] writing entry points to ../../build/kinematics/kinematics.egg-info/entry_points.txt
[7.750s] writing requirements to ../../build/kinematics/kinematics.egg-info/requires.txt
[7.751s] writing top-level names to ../../build/kinematics/kinematics.egg-info/top_level.txt
[7.767s] reading manifest file '../../build/kinematics/kinematics.egg-info/SOURCES.txt'
[7.773s] writing manifest file '../../build/kinematics/kinematics.egg-info/SOURCES.txt'
[7.777s] running build
[7.779s] running build_py
[7.779s] copying kinematics/inverse_kinematic.py -> /home/jetson/SLAM_WS/build/kinematics/build/lib/kinematics
[7.782s] running install
[7.783s] running install_lib
[7.788s] copying /home/jetson/SLAM_WS/build/kinematics/build/lib/kinematics/inverse_kinematic.py -> /home/jetson/SLAM_WS/install/kinematics/lib/python3.8/site-packages/kinematics
[7.791s] byte-compiling /home/jetson/SLAM_WS/install/kinematics/lib/python3.8/site-packages/kinematics/inverse_kinematic.py to inverse_kinematic.cpython-38.pyc
[7.795s] running install_data
[7.797s] running install_egg_info
[7.808s] removing '/home/jetson/SLAM_WS/install/kinematics/lib/python3.8/site-packages/kinematics-0.0.0-py3.8.egg-info' (and everything under it)
[7.810s] Copying ../../build/kinematics/kinematics.egg-info to /home/jetson/SLAM_WS/install/kinematics/lib/python3.8/site-packages/kinematics-0.0.0-py3.8.egg-info
[7.816s] running install_scripts
[7.902s] Installing inverse_kinematic script to /home/jetson/SLAM_WS/install/kinematics/lib/kinematics
[7.902s] Installing serial_driver script to /home/jetson/SLAM_WS/install/kinematics/lib/kinematics
[7.904s] writing list of installed files to '/home/jetson/SLAM_WS/build/kinematics/install.log'
[8.013s] Invoked command in '/home/jetson/SLAM_WS/src/kinematics' returned '0': PYTHONPATH=/home/jetson/SLAM_WS/build/kinematics/prefix_override:/usr/lib/python3/dist-packages/colcon_core/task/python/colcon_distutils_commands:/home/jetson/SLAM_WS/install/kinematics/lib/python3.8/site-packages:${PYTHONPATH} /usr/bin/python3 -W ignore:setup.py install is deprecated -W ignore:easy_install command is deprecated setup.py egg_info --egg-base ../../build/kinematics build --build-base /home/jetson/SLAM_WS/build/kinematics/build install --record /home/jetson/SLAM_WS/build/kinematics/install.log --single-version-externally-managed install_data
