[5.894s] Invoking command in '/home/jetson/SLAM_WS/src/omni_bot': PYTHONPATH=/home/jetson/SLAM_WS/build/omni_bot/prefix_override:/usr/lib/python3/dist-packages/colcon_core/task/python/colcon_distutils_commands:/home/jetson/SLAM_WS/install/omni_bot/lib/python3.8/site-packages:${PYTHONPATH} /usr/bin/python3 -W ignore:setup.py install is deprecated -W ignore:easy_install command is deprecated setup.py egg_info --egg-base ../../build/omni_bot build --build-base /home/jetson/SLAM_WS/build/omni_bot/build install --record /home/jetson/SLAM_WS/build/omni_bot/install.log --single-version-externally-managed install_data
[7.172s] running egg_info
[7.177s] writing ../../build/omni_bot/omni_bot.egg-info/PKG-INFO
[7.177s] writing dependency_links to ../../build/omni_bot/omni_bot.egg-info/dependency_links.txt
[7.180s] writing entry points to ../../build/omni_bot/omni_bot.egg-info/entry_points.txt
[7.180s] writing requirements to ../../build/omni_bot/omni_bot.egg-info/requires.txt
[7.181s] writing top-level names to ../../build/omni_bot/omni_bot.egg-info/top_level.txt
[7.190s] reading manifest file '../../build/omni_bot/omni_bot.egg-info/SOURCES.txt'
[7.194s] writing manifest file '../../build/omni_bot/omni_bot.egg-info/SOURCES.txt'
[7.194s] running build
[7.195s] running build_py
[7.195s] running install
[7.198s] running install_lib
[7.204s] running install_data
[7.204s] running install_egg_info
[7.213s] removing '/home/jetson/SLAM_WS/install/omni_bot/lib/python3.8/site-packages/omni_bot-0.0.0-py3.8.egg-info' (and everything under it)
[7.214s] Copying ../../build/omni_bot/omni_bot.egg-info to /home/jetson/SLAM_WS/install/omni_bot/lib/python3.8/site-packages/omni_bot-0.0.0-py3.8.egg-info
[7.218s] running install_scripts
[7.297s] writing list of installed files to '/home/jetson/SLAM_WS/build/omni_bot/install.log'
[7.407s] Invoked command in '/home/jetson/SLAM_WS/src/omni_bot' returned '0': PYTHONPATH=/home/jetson/SLAM_WS/build/omni_bot/prefix_override:/usr/lib/python3/dist-packages/colcon_core/task/python/colcon_distutils_commands:/home/jetson/SLAM_WS/install/omni_bot/lib/python3.8/site-packages:${PYTHONPATH} /usr/bin/python3 -W ignore:setup.py install is deprecated -W ignore:easy_install command is deprecated setup.py egg_info --egg-base ../../build/omni_bot build --build-base /home/jetson/SLAM_WS/build/omni_bot/build install --record /home/jetson/SLAM_WS/build/omni_bot/install.log --single-version-externally-managed install_data
