[4.839s] Invoking command in '/home/jetson/SLAM_WS/build/teleop_omni': PYTHONPATH=/home/jetson/SLAM_WS/build/teleop_omni/prefix_override:/usr/lib/python3/dist-packages/colcon_core/task/python/colcon_distutils_commands:/home/jetson/SLAM_WS/install/teleop_omni/lib/python3.8/site-packages:${PYTHONPATH} /usr/bin/python3 -W ignore:setup.py install is deprecated -W ignore:easy_install command is deprecated setup.py develop --uninstall --editable --build-directory /home/jetson/SLAM_WS/build/teleop_omni/build
[6.236s] running develop
[7.009s] Removing /home/jetson/SLAM_WS/install/teleop_omni/lib/python3.8/site-packages/teleop-omni.egg-link (link to .)
[7.118s] Invoked command in '/home/jetson/SLAM_WS/build/teleop_omni' returned '0': PYTHONPATH=/home/jetson/SLAM_WS/build/teleop_omni/prefix_override:/usr/lib/python3/dist-packages/colcon_core/task/python/colcon_distutils_commands:/home/jetson/SLAM_WS/install/teleop_omni/lib/python3.8/site-packages:${PYTHONPATH} /usr/bin/python3 -W ignore:setup.py install is deprecated -W ignore:easy_install command is deprecated setup.py develop --uninstall --editable --build-directory /home/jetson/SLAM_WS/build/teleop_omni/build
[7.126s] Invoking command in '/home/jetson/SLAM_WS/src/teleop_omni': PYTHONPATH=/home/jetson/SLAM_WS/build/teleop_omni/prefix_override:/usr/lib/python3/dist-packages/colcon_core/task/python/colcon_distutils_commands:/home/jetson/SLAM_WS/install/teleop_omni/lib/python3.8/site-packages:${PYTHONPATH} /usr/bin/python3 -W ignore:setup.py install is deprecated -W ignore:easy_install command is deprecated setup.py egg_info --egg-base ../../build/teleop_omni build --build-base /home/jetson/SLAM_WS/build/teleop_omni/build install --record /home/jetson/SLAM_WS/build/teleop_omni/install.log --single-version-externally-managed install_data --force
[8.339s] running egg_info
[8.341s] writing ../../build/teleop_omni/teleop_omni.egg-info/PKG-INFO
[8.342s] writing dependency_links to ../../build/teleop_omni/teleop_omni.egg-info/dependency_links.txt
[8.343s] writing entry points to ../../build/teleop_omni/teleop_omni.egg-info/entry_points.txt
[8.343s] writing requirements to ../../build/teleop_omni/teleop_omni.egg-info/requires.txt
[8.344s] writing top-level names to ../../build/teleop_omni/teleop_omni.egg-info/top_level.txt
[8.356s] reading manifest file '../../build/teleop_omni/teleop_omni.egg-info/SOURCES.txt'
[8.360s] writing manifest file '../../build/teleop_omni/teleop_omni.egg-info/SOURCES.txt'
[8.361s] running build
[8.361s] running build_py
[8.361s] running install
[8.365s] running install_lib
[8.369s] creating /home/jetson/SLAM_WS/install/teleop_omni/lib/python3.8/site-packages/teleop_omni
[8.369s] copying /home/jetson/SLAM_WS/build/teleop_omni/build/lib/teleop_omni/__init__.py -> /home/jetson/SLAM_WS/install/teleop_omni/lib/python3.8/site-packages/teleop_omni
[8.369s] copying /home/jetson/SLAM_WS/build/teleop_omni/build/lib/teleop_omni/teleop_keyboard.py -> /home/jetson/SLAM_WS/install/teleop_omni/lib/python3.8/site-packages/teleop_omni
[8.376s] byte-compiling /home/jetson/SLAM_WS/install/teleop_omni/lib/python3.8/site-packages/teleop_omni/__init__.py to __init__.cpython-38.pyc
[8.376s] byte-compiling /home/jetson/SLAM_WS/install/teleop_omni/lib/python3.8/site-packages/teleop_omni/teleop_keyboard.py to teleop_keyboard.cpython-38.pyc
[8.379s] running install_data
[8.380s] copying resource/teleop_omni -> /home/jetson/SLAM_WS/install/teleop_omni/share/ament_index/resource_index/packages
[8.380s] copying package.xml -> /home/jetson/SLAM_WS/install/teleop_omni/share/teleop_omni
[8.381s] running install_egg_info
[8.389s] Copying ../../build/teleop_omni/teleop_omni.egg-info to /home/jetson/SLAM_WS/install/teleop_omni/lib/python3.8/site-packages/teleop_omni-0.0.0-py3.8.egg-info
[8.395s] running install_scripts
[8.471s] Installing teleop_keyboard script to /home/jetson/SLAM_WS/install/teleop_omni/lib/teleop_omni
[8.472s] writing list of installed files to '/home/jetson/SLAM_WS/build/teleop_omni/install.log'
[8.574s] Invoked command in '/home/jetson/SLAM_WS/src/teleop_omni' returned '0': PYTHONPATH=/home/jetson/SLAM_WS/build/teleop_omni/prefix_override:/usr/lib/python3/dist-packages/colcon_core/task/python/colcon_distutils_commands:/home/jetson/SLAM_WS/install/teleop_omni/lib/python3.8/site-packages:${PYTHONPATH} /usr/bin/python3 -W ignore:setup.py install is deprecated -W ignore:easy_install command is deprecated setup.py egg_info --egg-base ../../build/teleop_omni build --build-base /home/jetson/SLAM_WS/build/teleop_omni/build install --record /home/jetson/SLAM_WS/build/teleop_omni/install.log --single-version-externally-managed install_data --force
