[8.221s] Invoking command in '/home/jetson/SLAM_WS/src/kinematics': PYTHONPATH=/home/jetson/SLAM_WS/build/kinematics/prefix_override:/usr/lib/python3/dist-packages/colcon_core/task/python/colcon_distutils_commands:/home/jetson/SLAM_WS/install/kinematics/lib/python3.8/site-packages:${PYTHONPATH} /usr/bin/python3 -W ignore:setup.py install is deprecated -W ignore:easy_install command is deprecated setup.py egg_info --egg-base ../../build/kinematics build --build-base /home/jetson/SLAM_WS/build/kinematics/build install --record /home/jetson/SLAM_WS/build/kinematics/install.log --single-version-externally-managed install_data
[10.132s] running egg_info
[10.135s] writing ../../build/kinematics/kinematics.egg-info/PKG-INFO
[10.138s] writing dependency_links to ../../build/kinematics/kinematics.egg-info/dependency_links.txt
[10.139s] writing entry points to ../../build/kinematics/kinematics.egg-info/entry_points.txt
[10.139s] writing requirements to ../../build/kinematics/kinematics.egg-info/requires.txt
[10.140s] writing top-level names to ../../build/kinematics/kinematics.egg-info/top_level.txt
[10.174s] reading manifest file '../../build/kinematics/kinematics.egg-info/SOURCES.txt'
[10.179s] writing manifest file '../../build/kinematics/kinematics.egg-info/SOURCES.txt'
[10.181s] running build
[10.182s] running build_py
[10.184s] copying kinematics/inverse_kinematic.py -> /home/jetson/SLAM_WS/build/kinematics/build/lib/kinematics
[10.186s] running install
[10.195s] running install_lib
[10.211s] copying /home/jetson/SLAM_WS/build/kinematics/build/lib/kinematics/inverse_kinematic.py -> /home/jetson/SLAM_WS/install/kinematics/lib/python3.8/site-packages/kinematics
[10.215s] byte-compiling /home/jetson/SLAM_WS/install/kinematics/lib/python3.8/site-packages/kinematics/inverse_kinematic.py to inverse_kinematic.cpython-38.pyc
[10.219s] running install_data
[10.221s] running install_egg_info
[10.243s] removing '/home/jetson/SLAM_WS/install/kinematics/lib/python3.8/site-packages/kinematics-0.0.0-py3.8.egg-info' (and everything under it)
[10.245s] Copying ../../build/kinematics/kinematics.egg-info to /home/jetson/SLAM_WS/install/kinematics/lib/python3.8/site-packages/kinematics-0.0.0-py3.8.egg-info
[10.262s] running install_scripts
[10.519s] Installing inverse_kinematic script to /home/jetson/SLAM_WS/install/kinematics/lib/kinematics
[10.521s] Installing serial_driver script to /home/jetson/SLAM_WS/install/kinematics/lib/kinematics
[10.523s] writing list of installed files to '/home/jetson/SLAM_WS/build/kinematics/install.log'
[10.817s] Invoked command in '/home/jetson/SLAM_WS/src/kinematics' returned '0': PYTHONPATH=/home/jetson/SLAM_WS/build/kinematics/prefix_override:/usr/lib/python3/dist-packages/colcon_core/task/python/colcon_distutils_commands:/home/jetson/SLAM_WS/install/kinematics/lib/python3.8/site-packages:${PYTHONPATH} /usr/bin/python3 -W ignore:setup.py install is deprecated -W ignore:easy_install command is deprecated setup.py egg_info --egg-base ../../build/kinematics build --build-base /home/jetson/SLAM_WS/build/kinematics/build install --record /home/jetson/SLAM_WS/build/kinematics/install.log --single-version-externally-managed install_data
