[3.117s] Invoking command in '/home/jetson/SLAM_WS/src/kinematics': PYTHONPATH=/home/jetson/SLAM_WS/build/kinematics/prefix_override:/usr/lib/python3/dist-packages/colcon_core/task/python/colcon_distutils_commands:/home/jetson/SLAM_WS/install/kinematics/lib/python3.8/site-packages:${PYTHONPATH} /usr/bin/python3 -W ignore:setup.py install is deprecated -W ignore:easy_install command is deprecated setup.py egg_info --egg-base ../../build/kinematics build --build-base /home/jetson/SLAM_WS/build/kinematics/build install --record /home/jetson/SLAM_WS/build/kinematics/install.log --single-version-externally-managed install_data
[4.323s] running egg_info
[4.325s] writing ../../build/kinematics/kinematics.egg-info/PKG-INFO
[4.327s] writing dependency_links to ../../build/kinematics/kinematics.egg-info/dependency_links.txt
[4.327s] writing entry points to ../../build/kinematics/kinematics.egg-info/entry_points.txt
[4.328s] writing requirements to ../../build/kinematics/kinematics.egg-info/requires.txt
[4.328s] writing top-level names to ../../build/kinematics/kinematics.egg-info/top_level.txt
[4.339s] reading manifest file '../../build/kinematics/kinematics.egg-info/SOURCES.txt'
[4.343s] writing manifest file '../../build/kinematics/kinematics.egg-info/SOURCES.txt'
[4.344s] running build
[4.344s] running build_py
[4.345s] running install
[4.348s] running install_lib
[4.354s] running install_data
[4.355s] running install_egg_info
[4.363s] removing '/home/jetson/SLAM_WS/install/kinematics/lib/python3.8/site-packages/kinematics-0.0.0-py3.8.egg-info' (and everything under it)
[4.364s] Copying ../../build/kinematics/kinematics.egg-info to /home/jetson/SLAM_WS/install/kinematics/lib/python3.8/site-packages/kinematics-0.0.0-py3.8.egg-info
[4.368s] running install_scripts
[4.443s] Installing inverse_kinematic script to /home/jetson/SLAM_WS/install/kinematics/lib/kinematics
[4.445s] Installing serial_driver script to /home/jetson/SLAM_WS/install/kinematics/lib/kinematics
[4.445s] writing list of installed files to '/home/jetson/SLAM_WS/build/kinematics/install.log'
[4.545s] Invoked command in '/home/jetson/SLAM_WS/src/kinematics' returned '0': PYTHONPATH=/home/jetson/SLAM_WS/build/kinematics/prefix_override:/usr/lib/python3/dist-packages/colcon_core/task/python/colcon_distutils_commands:/home/jetson/SLAM_WS/install/kinematics/lib/python3.8/site-packages:${PYTHONPATH} /usr/bin/python3 -W ignore:setup.py install is deprecated -W ignore:easy_install command is deprecated setup.py egg_info --egg-base ../../build/kinematics build --build-base /home/jetson/SLAM_WS/build/kinematics/build install --record /home/jetson/SLAM_WS/build/kinematics/install.log --single-version-externally-managed install_data
