[5.942s] Invoking command in '/home/jetson/SLAM_WS/src/kinematics': PYTHONPATH=/home/jetson/SLAM_WS/build/kinematics/prefix_override:/usr/lib/python3/dist-packages/colcon_core/task/python/colcon_distutils_commands:/home/jetson/SLAM_WS/install/kinematics/lib/python3.8/site-packages:${PYTHONPATH} /usr/bin/python3 -W ignore:setup.py install is deprecated -W ignore:easy_install command is deprecated setup.py egg_info --egg-base ../../build/kinematics build --build-base /home/jetson/SLAM_WS/build/kinematics/build install --record /home/jetson/SLAM_WS/build/kinematics/install.log --single-version-externally-managed install_data
[7.355s] running egg_info
[7.357s] creating ../../build/kinematics/kinematics.egg-info
[7.359s] writing ../../build/kinematics/kinematics.egg-info/PKG-INFO
[7.362s] writing dependency_links to ../../build/kinematics/kinematics.egg-info/dependency_links.txt
[7.363s] writing entry points to ../../build/kinematics/kinematics.egg-info/entry_points.txt
[7.363s] writing requirements to ../../build/kinematics/kinematics.egg-info/requires.txt
[7.364s] writing top-level names to ../../build/kinematics/kinematics.egg-info/top_level.txt
[7.373s] writing manifest file '../../build/kinematics/kinematics.egg-info/SOURCES.txt'
[7.382s] reading manifest file '../../build/kinematics/kinematics.egg-info/SOURCES.txt'
[7.387s] writing manifest file '../../build/kinematics/kinematics.egg-info/SOURCES.txt'
[7.388s] running build
[7.388s] running build_py
[7.389s] creating /home/jetson/SLAM_WS/build/kinematics/build
[7.395s] creating /home/jetson/SLAM_WS/build/kinematics/build/lib
[7.396s] creating /home/jetson/SLAM_WS/build/kinematics/build/lib/kinematics
[7.397s] copying kinematics/serial_driver_node.py -> /home/jetson/SLAM_WS/build/kinematics/build/lib/kinematics
[7.398s] copying kinematics/__init__.py -> /home/jetson/SLAM_WS/build/kinematics/build/lib/kinematics
[7.399s] copying kinematics/inverse_kinematic.py -> /home/jetson/SLAM_WS/build/kinematics/build/lib/kinematics
[7.411s] running install
[7.418s] running install_lib
[7.425s] creating /home/jetson/SLAM_WS/install/kinematics/lib/python3.8/site-packages/kinematics
[7.426s] copying /home/jetson/SLAM_WS/build/kinematics/build/lib/kinematics/serial_driver_node.py -> /home/jetson/SLAM_WS/install/kinematics/lib/python3.8/site-packages/kinematics
[7.426s] copying /home/jetson/SLAM_WS/build/kinematics/build/lib/kinematics/__init__.py -> /home/jetson/SLAM_WS/install/kinematics/lib/python3.8/site-packages/kinematics
[7.427s] copying /home/jetson/SLAM_WS/build/kinematics/build/lib/kinematics/inverse_kinematic.py -> /home/jetson/SLAM_WS/install/kinematics/lib/python3.8/site-packages/kinematics
[7.427s] byte-compiling /home/jetson/SLAM_WS/install/kinematics/lib/python3.8/site-packages/kinematics/serial_driver_node.py to serial_driver_node.cpython-38.pyc
[7.429s] byte-compiling /home/jetson/SLAM_WS/install/kinematics/lib/python3.8/site-packages/kinematics/__init__.py to __init__.cpython-38.pyc
[7.429s] byte-compiling /home/jetson/SLAM_WS/install/kinematics/lib/python3.8/site-packages/kinematics/inverse_kinematic.py to inverse_kinematic.cpython-38.pyc
[7.430s] running install_data
[7.430s] creating /home/jetson/SLAM_WS/install/kinematics/share/ament_index
[7.431s] creating /home/jetson/SLAM_WS/install/kinematics/share/ament_index/resource_index
[7.442s] creating /home/jetson/SLAM_WS/install/kinematics/share/ament_index/resource_index/packages
[7.443s] copying resource/kinematics -> /home/jetson/SLAM_WS/install/kinematics/share/ament_index/resource_index/packages
[7.443s] copying package.xml -> /home/jetson/SLAM_WS/install/kinematics/share/kinematics
[7.444s] creating /home/jetson/SLAM_WS/install/kinematics/share/kinematics/launch
[7.445s] copying launch/manual.launch.py -> /home/jetson/SLAM_WS/install/kinematics/share/kinematics/launch
[7.445s] running install_egg_info
[7.449s] Copying ../../build/kinematics/kinematics.egg-info to /home/jetson/SLAM_WS/install/kinematics/lib/python3.8/site-packages/kinematics-0.0.0-py3.8.egg-info
[7.461s] running install_scripts
[7.544s] Installing inverse_kinematic script to /home/jetson/SLAM_WS/install/kinematics/lib/kinematics
[7.546s] Installing serial_driver script to /home/jetson/SLAM_WS/install/kinematics/lib/kinematics
[7.549s] writing list of installed files to '/home/jetson/SLAM_WS/build/kinematics/install.log'
[7.724s] Invoked command in '/home/jetson/SLAM_WS/src/kinematics' returned '0': PYTHONPATH=/home/jetson/SLAM_WS/build/kinematics/prefix_override:/usr/lib/python3/dist-packages/colcon_core/task/python/colcon_distutils_commands:/home/jetson/SLAM_WS/install/kinematics/lib/python3.8/site-packages:${PYTHONPATH} /usr/bin/python3 -W ignore:setup.py install is deprecated -W ignore:easy_install command is deprecated setup.py egg_info --egg-base ../../build/kinematics build --build-base /home/jetson/SLAM_WS/build/kinematics/build install --record /home/jetson/SLAM_WS/build/kinematics/install.log --single-version-externally-managed install_data
