[5.884s] Invoking command in '/home/jetson/SLAM_WS/src/omni_bot': PYTHONPATH=/home/jetson/SLAM_WS/build/omni_bot/prefix_override:/usr/lib/python3/dist-packages/colcon_core/task/python/colcon_distutils_commands:/home/jetson/SLAM_WS/install/omni_bot/lib/python3.8/site-packages:${PYTHONPATH} /usr/bin/python3 -W ignore:setup.py install is deprecated -W ignore:easy_install command is deprecated setup.py egg_info --egg-base ../../build/omni_bot build --build-base /home/jetson/SLAM_WS/build/omni_bot/build install --record /home/jetson/SLAM_WS/build/omni_bot/install.log --single-version-externally-managed install_data
[7.149s] running egg_info
[7.152s] writing ../../build/omni_bot/omni_bot.egg-info/PKG-INFO
[7.154s] writing dependency_links to ../../build/omni_bot/omni_bot.egg-info/dependency_links.txt
[7.156s] writing entry points to ../../build/omni_bot/omni_bot.egg-info/entry_points.txt
[7.157s] writing requirements to ../../build/omni_bot/omni_bot.egg-info/requires.txt
[7.159s] writing top-level names to ../../build/omni_bot/omni_bot.egg-info/top_level.txt
[7.169s] reading manifest file '../../build/omni_bot/omni_bot.egg-info/SOURCES.txt'
[7.173s] writing manifest file '../../build/omni_bot/omni_bot.egg-info/SOURCES.txt'
[7.174s] running build
[7.174s] running build_py
[7.175s] running install
[7.178s] running install_lib
[7.184s] running install_data
[7.185s] running install_egg_info
[7.194s] removing '/home/jetson/SLAM_WS/install/omni_bot/lib/python3.8/site-packages/omni_bot-0.0.0-py3.8.egg-info' (and everything under it)
[7.195s] Copying ../../build/omni_bot/omni_bot.egg-info to /home/jetson/SLAM_WS/install/omni_bot/lib/python3.8/site-packages/omni_bot-0.0.0-py3.8.egg-info
[7.201s] running install_scripts
[7.279s] writing list of installed files to '/home/jetson/SLAM_WS/build/omni_bot/install.log'
[7.396s] Invoked command in '/home/jetson/SLAM_WS/src/omni_bot' returned '0': PYTHONPATH=/home/jetson/SLAM_WS/build/omni_bot/prefix_override:/usr/lib/python3/dist-packages/colcon_core/task/python/colcon_distutils_commands:/home/jetson/SLAM_WS/install/omni_bot/lib/python3.8/site-packages:${PYTHONPATH} /usr/bin/python3 -W ignore:setup.py install is deprecated -W ignore:easy_install command is deprecated setup.py egg_info --egg-base ../../build/omni_bot build --build-base /home/jetson/SLAM_WS/build/omni_bot/build install --record /home/jetson/SLAM_WS/build/omni_bot/install.log --single-version-externally-managed install_data
