[7.346s] Invoking command in '/home/jetson/SLAM_WS/src/omni_bot': PYTHONPATH=/home/jetson/SLAM_WS/build/omni_bot/prefix_override:/usr/lib/python3/dist-packages/colcon_core/task/python/colcon_distutils_commands:/home/jetson/SLAM_WS/install/omni_bot/lib/python3.8/site-packages:${PYTHONPATH} /usr/bin/python3 -W ignore:setup.py install is deprecated -W ignore:easy_install command is deprecated setup.py egg_info --egg-base ../../build/omni_bot build --build-base /home/jetson/SLAM_WS/build/omni_bot/build install --record /home/jetson/SLAM_WS/build/omni_bot/install.log --single-version-externally-managed install_data
[8.714s] running egg_info
[8.718s] writing ../../build/omni_bot/omni_bot.egg-info/PKG-INFO
[8.718s] writing dependency_links to ../../build/omni_bot/omni_bot.egg-info/dependency_links.txt
[8.720s] writing entry points to ../../build/omni_bot/omni_bot.egg-info/entry_points.txt
[8.723s] writing requirements to ../../build/omni_bot/omni_bot.egg-info/requires.txt
[8.725s] writing top-level names to ../../build/omni_bot/omni_bot.egg-info/top_level.txt
[8.745s] reading manifest file '../../build/omni_bot/omni_bot.egg-info/SOURCES.txt'
[8.747s] writing manifest file '../../build/omni_bot/omni_bot.egg-info/SOURCES.txt'
[8.748s] running build
[8.749s] running build_py
[8.750s] running install
[8.755s] running install_lib
[8.759s] running install_data
[8.775s] running install_egg_info
[8.776s] removing '/home/jetson/SLAM_WS/install/omni_bot/lib/python3.8/site-packages/omni_bot-0.0.0-py3.8.egg-info' (and everything under it)
[8.776s] Copying ../../build/omni_bot/omni_bot.egg-info to /home/jetson/SLAM_WS/install/omni_bot/lib/python3.8/site-packages/omni_bot-0.0.0-py3.8.egg-info
[8.778s] running install_scripts
[8.860s] writing list of installed files to '/home/jetson/SLAM_WS/build/omni_bot/install.log'
[8.986s] Invoked command in '/home/jetson/SLAM_WS/src/omni_bot' returned '0': PYTHONPATH=/home/jetson/SLAM_WS/build/omni_bot/prefix_override:/usr/lib/python3/dist-packages/colcon_core/task/python/colcon_distutils_commands:/home/jetson/SLAM_WS/install/omni_bot/lib/python3.8/site-packages:${PYTHONPATH} /usr/bin/python3 -W ignore:setup.py install is deprecated -W ignore:easy_install command is deprecated setup.py egg_info --egg-base ../../build/omni_bot build --build-base /home/jetson/SLAM_WS/build/omni_bot/build install --record /home/jetson/SLAM_WS/build/omni_bot/install.log --single-version-externally-managed install_data
