[7.349s] Invoking command in '/home/jetson/SLAM_WS/src/kinematics': PYTHONPATH=/home/jetson/SLAM_WS/build/kinematics/prefix_override:/usr/lib/python3/dist-packages/colcon_core/task/python/colcon_distutils_commands:/home/jetson/SLAM_WS/install/kinematics/lib/python3.8/site-packages:${PYTHONPATH} /usr/bin/python3 -W ignore:setup.py install is deprecated -W ignore:easy_install command is deprecated setup.py egg_info --egg-base ../../build/kinematics build --build-base /home/jetson/SLAM_WS/build/kinematics/build install --record /home/jetson/SLAM_WS/build/kinematics/install.log --single-version-externally-managed install_data
[8.756s] running egg_info
[8.760s] writing ../../build/kinematics/kinematics.egg-info/PKG-INFO
[8.763s] writing dependency_links to ../../build/kinematics/kinematics.egg-info/dependency_links.txt
[8.764s] writing entry points to ../../build/kinematics/kinematics.egg-info/entry_points.txt
[8.765s] writing requirements to ../../build/kinematics/kinematics.egg-info/requires.txt
[8.767s] writing top-level names to ../../build/kinematics/kinematics.egg-info/top_level.txt
[8.782s] reading manifest file '../../build/kinematics/kinematics.egg-info/SOURCES.txt'
[8.788s] writing manifest file '../../build/kinematics/kinematics.egg-info/SOURCES.txt'
[8.790s] running build
[8.791s] running build_py
[8.792s] running install
[8.796s] running install_lib
[8.811s] running install_data
[8.811s] running install_egg_info
[8.816s] removing '/home/jetson/SLAM_WS/install/kinematics/lib/python3.8/site-packages/kinematics-0.0.0-py3.8.egg-info' (and everything under it)
[8.818s] Copying ../../build/kinematics/kinematics.egg-info to /home/jetson/SLAM_WS/install/kinematics/lib/python3.8/site-packages/kinematics-0.0.0-py3.8.egg-info
[8.841s] running install_scripts
[8.922s] Installing inverse_kinematic script to /home/jetson/SLAM_WS/install/kinematics/lib/kinematics
[8.923s] Installing serial_driver script to /home/jetson/SLAM_WS/install/kinematics/lib/kinematics
[8.925s] writing list of installed files to '/home/jetson/SLAM_WS/build/kinematics/install.log'
[9.135s] Invoked command in '/home/jetson/SLAM_WS/src/kinematics' returned '0': PYTHONPATH=/home/jetson/SLAM_WS/build/kinematics/prefix_override:/usr/lib/python3/dist-packages/colcon_core/task/python/colcon_distutils_commands:/home/jetson/SLAM_WS/install/kinematics/lib/python3.8/site-packages:${PYTHONPATH} /usr/bin/python3 -W ignore:setup.py install is deprecated -W ignore:easy_install command is deprecated setup.py egg_info --egg-base ../../build/kinematics build --build-base /home/jetson/SLAM_WS/build/kinematics/build install --record /home/jetson/SLAM_WS/build/kinematics/install.log --single-version-externally-managed install_data
