[6.915s] Invoking command in '/home/jetson/SLAM_WS/src/odom': PYTHONPATH=/home/jetson/SLAM_WS/build/odom/prefix_override:/usr/lib/python3/dist-packages/colcon_core/task/python/colcon_distutils_commands:/home/jetson/SLAM_WS/install/odom/lib/python3.8/site-packages:${PYTHONPATH} /usr/bin/python3 -W ignore:setup.py install is deprecated -W ignore:easy_install command is deprecated setup.py egg_info --egg-base ../../build/odom build --build-base /home/jetson/SLAM_WS/build/odom/build install --record /home/jetson/SLAM_WS/build/odom/install.log --single-version-externally-managed install_data
[8.258s] running egg_info
[8.260s] creating ../../build/odom/odom.egg-info
[8.262s] writing ../../build/odom/odom.egg-info/PKG-INFO
[8.265s] writing dependency_links to ../../build/odom/odom.egg-info/dependency_links.txt
[8.267s] writing entry points to ../../build/odom/odom.egg-info/entry_points.txt
[8.269s] writing requirements to ../../build/odom/odom.egg-info/requires.txt
[8.271s] writing top-level names to ../../build/odom/odom.egg-info/top_level.txt
[8.282s] writing manifest file '../../build/odom/odom.egg-info/SOURCES.txt'
[8.290s] reading manifest file '../../build/odom/odom.egg-info/SOURCES.txt'
[8.295s] writing manifest file '../../build/odom/odom.egg-info/SOURCES.txt'
[8.295s] running build
[8.296s] running build_py
[8.298s] creating /home/jetson/SLAM_WS/build/odom/build
[8.298s] creating /home/jetson/SLAM_WS/build/odom/build/lib
[8.300s] creating /home/jetson/SLAM_WS/build/odom/build/lib/odom
[8.301s] copying odom/odom_node.py -> /home/jetson/SLAM_WS/build/odom/build/lib/odom
[8.302s] copying odom/__init__.py -> /home/jetson/SLAM_WS/build/odom/build/lib/odom
[8.308s] running install
[8.321s] running install_lib
[8.328s] creating /home/jetson/SLAM_WS/install/odom/lib/python3.8/site-packages/odom
[8.329s] copying /home/jetson/SLAM_WS/build/odom/build/lib/odom/odom_node.py -> /home/jetson/SLAM_WS/install/odom/lib/python3.8/site-packages/odom
[8.330s] copying /home/jetson/SLAM_WS/build/odom/build/lib/odom/__init__.py -> /home/jetson/SLAM_WS/install/odom/lib/python3.8/site-packages/odom
[8.330s] byte-compiling /home/jetson/SLAM_WS/install/odom/lib/python3.8/site-packages/odom/odom_node.py to odom_node.cpython-38.pyc
[8.336s] byte-compiling /home/jetson/SLAM_WS/install/odom/lib/python3.8/site-packages/odom/__init__.py to __init__.cpython-38.pyc
[8.337s] running install_data
[8.338s] creating /home/jetson/SLAM_WS/install/odom/share/ament_index
[8.338s] creating /home/jetson/SLAM_WS/install/odom/share/ament_index/resource_index
[8.345s] creating /home/jetson/SLAM_WS/install/odom/share/ament_index/resource_index/packages
[8.345s] copying resource/odom -> /home/jetson/SLAM_WS/install/odom/share/ament_index/resource_index/packages
[8.346s] copying package.xml -> /home/jetson/SLAM_WS/install/odom/share/odom
[8.347s] creating /home/jetson/SLAM_WS/install/odom/share/odom/launch
[8.347s] copying launch/odom.launch.py -> /home/jetson/SLAM_WS/install/odom/share/odom/launch
[8.351s] running install_egg_info
[8.355s] Copying ../../build/odom/odom.egg-info to /home/jetson/SLAM_WS/install/odom/lib/python3.8/site-packages/odom-0.0.0-py3.8.egg-info
[8.360s] running install_scripts
[8.426s] Installing odom_node script to /home/jetson/SLAM_WS/install/odom/lib/odom
[8.428s] writing list of installed files to '/home/jetson/SLAM_WS/build/odom/install.log'
[8.549s] Invoked command in '/home/jetson/SLAM_WS/src/odom' returned '0': PYTHONPATH=/home/jetson/SLAM_WS/build/odom/prefix_override:/usr/lib/python3/dist-packages/colcon_core/task/python/colcon_distutils_commands:/home/jetson/SLAM_WS/install/odom/lib/python3.8/site-packages:${PYTHONPATH} /usr/bin/python3 -W ignore:setup.py install is deprecated -W ignore:easy_install command is deprecated setup.py egg_info --egg-base ../../build/odom build --build-base /home/jetson/SLAM_WS/build/odom/build install --record /home/jetson/SLAM_WS/build/odom/install.log --single-version-externally-managed install_data
