[3.782s] Invoking command in '/home/jetson/SLAM_WS/src/teleop_omni': PYTHONPATH=/home/jetson/SLAM_WS/build/teleop_omni/prefix_override:/usr/lib/python3/dist-packages/colcon_core/task/python/colcon_distutils_commands:/home/jetson/SLAM_WS/install/teleop_omni/lib/python3.8/site-packages:${PYTHONPATH} /usr/bin/python3 -W ignore:setup.py install is deprecated -W ignore:easy_install command is deprecated setup.py egg_info --egg-base ../../build/teleop_omni build --build-base /home/jetson/SLAM_WS/build/teleop_omni/build install --record /home/jetson/SLAM_WS/build/teleop_omni/install.log --single-version-externally-managed install_data
[4.961s] running egg_info
[4.964s] writing ../../build/teleop_omni/teleop_omni.egg-info/PKG-INFO
[4.966s] writing dependency_links to ../../build/teleop_omni/teleop_omni.egg-info/dependency_links.txt
[4.966s] writing entry points to ../../build/teleop_omni/teleop_omni.egg-info/entry_points.txt
[4.966s] writing requirements to ../../build/teleop_omni/teleop_omni.egg-info/requires.txt
[4.967s] writing top-level names to ../../build/teleop_omni/teleop_omni.egg-info/top_level.txt
[4.978s] reading manifest file '../../build/teleop_omni/teleop_omni.egg-info/SOURCES.txt'
[4.982s] writing manifest file '../../build/teleop_omni/teleop_omni.egg-info/SOURCES.txt'
[4.983s] running build
[4.983s] running build_py
[4.984s] copying teleop_omni/teleop_keyboard.py -> /home/jetson/SLAM_WS/build/teleop_omni/build/lib/teleop_omni
[4.984s] running install
[4.987s] running install_lib
[4.991s] copying /home/jetson/SLAM_WS/build/teleop_omni/build/lib/teleop_omni/teleop_keyboard.py -> /home/jetson/SLAM_WS/install/teleop_omni/lib/python3.8/site-packages/teleop_omni
[4.994s] byte-compiling /home/jetson/SLAM_WS/install/teleop_omni/lib/python3.8/site-packages/teleop_omni/teleop_keyboard.py to teleop_keyboard.cpython-38.pyc
[4.996s] running install_data
[4.997s] running install_egg_info
[5.005s] removing '/home/jetson/SLAM_WS/install/teleop_omni/lib/python3.8/site-packages/teleop_omni-0.0.0-py3.8.egg-info' (and everything under it)
[5.006s] Copying ../../build/teleop_omni/teleop_omni.egg-info to /home/jetson/SLAM_WS/install/teleop_omni/lib/python3.8/site-packages/teleop_omni-0.0.0-py3.8.egg-info
[5.011s] running install_scripts
[5.083s] Installing teleop_keyboard script to /home/jetson/SLAM_WS/install/teleop_omni/lib/teleop_omni
[5.084s] writing list of installed files to '/home/jetson/SLAM_WS/build/teleop_omni/install.log'
[5.180s] Invoked command in '/home/jetson/SLAM_WS/src/teleop_omni' returned '0': PYTHONPATH=/home/jetson/SLAM_WS/build/teleop_omni/prefix_override:/usr/lib/python3/dist-packages/colcon_core/task/python/colcon_distutils_commands:/home/jetson/SLAM_WS/install/teleop_omni/lib/python3.8/site-packages:${PYTHONPATH} /usr/bin/python3 -W ignore:setup.py install is deprecated -W ignore:easy_install command is deprecated setup.py egg_info --egg-base ../../build/teleop_omni build --build-base /home/jetson/SLAM_WS/build/teleop_omni/build install --record /home/jetson/SLAM_WS/build/teleop_omni/install.log --single-version-externally-managed install_data
