[0.066s] Invoking command in '/home/jetson/SLAM_WS/build/ldlidar_stl_ros2': CMAKE_PREFIX_PATH=/home/jetson/SLAM_WS/install/omni_bot:/opt/ros/foxy /usr/bin/cmake /home/jetson/SLAM_WS/src/ldlidar_stl_ros2 -DCMAKE_INSTALL_PREFIX=/home/jetson/SLAM_WS/install/ldlidar_stl_ros2
[0.701s] -- The C compiler identification is GNU 8.4.0
[1.166s] -- The CXX compiler identification is GNU 8.4.0
[1.199s] -- Check for working C compiler: /usr/bin/cc
[1.449s] -- Check for working C compiler: /usr/bin/cc -- works
[1.458s] -- Detecting C compiler ABI info
[1.708s] -- Detecting C compiler ABI info - done
[1.758s] -- Detecting C compile features
[1.759s] -- Detecting C compile features - done
[1.772s] -- Check for working CXX compiler: /usr/bin/c++
[2.050s] -- Check for working CXX compiler: /usr/bin/c++ -- works
[2.054s] -- Detecting CXX compiler ABI info
[2.329s] -- Detecting CXX compiler ABI info - done
[2.378s] -- Detecting CXX compile features
[2.381s] -- Detecting CXX compile features - done
[2.410s] -- Found ament_cmake: 0.9.12 (/opt/ros/foxy/share/ament_cmake/cmake)
[2.529s] -- Found PythonInterp: /usr/bin/python3 (found suitable version "3.8.10", minimum required is "3") 
[2.530s] -- Using PYTHON_EXECUTABLE: /usr/bin/python3
[3.712s] -- Found rclcpp: 2.4.3 (/opt/ros/foxy/share/rclcpp/cmake)
[3.986s] -- Using all available rosidl_typesupport_c: rosidl_typesupport_fastrtps_c;rosidl_typesupport_introspection_c
[4.030s] -- Found rosidl_adapter: 1.3.1 (/opt/ros/foxy/share/rosidl_adapter/cmake)
[4.440s] -- Found OpenSSL: /usr/lib/aarch64-linux-gnu/libcrypto.so (found version "1.1.1f")  
[4.559s] -- Found FastRTPS: /opt/ros/foxy/include  
[4.968s] -- Using all available rosidl_typesupport_cpp: rosidl_typesupport_fastrtps_cpp;rosidl_typesupport_introspection_cpp
[5.256s] -- Found rmw_implementation_cmake: 1.0.4 (/opt/ros/foxy/share/rmw_implementation_cmake/cmake)
[5.266s] -- Using RMW implementation 'rmw_fastrtps_cpp' as default
[5.272s] -- Looking for pthread.h
[5.538s] -- Looking for pthread.h - found
[5.538s] -- Performing Test CMAKE_HAVE_LIBC_PTHREAD
[5.779s] -- Performing Test CMAKE_HAVE_LIBC_PTHREAD - Failed
[5.780s] -- Looking for pthread_create in pthreads
[5.974s] -- Looking for pthread_create in pthreads - not found
[5.974s] -- Looking for pthread_create in pthread
[6.206s] -- Looking for pthread_create in pthread - found
[6.210s] -- Found Threads: TRUE  
[6.953s] -- Found sensor_msgs: 2.0.5 (/opt/ros/foxy/share/sensor_msgs/cmake)
[7.489s] -- Found ament_lint_auto: 0.9.8 (/opt/ros/foxy/share/ament_lint_auto/cmake)
[7.836s] -- Added test 'copyright' to check source files copyright and LICENSE
[7.862s] -- Added test 'cppcheck' to perform static code analysis on C / C++ code
[7.866s] -- Configured cppcheck include dirs: /home/jetson/SLAM_WS/src/ldlidar_stl_ros2/include;/home/jetson/SLAM_WS/src/ldlidar_stl_ros2/ldlidar_driver/include/core;/home/jetson/SLAM_WS/src/ldlidar_stl_ros2/ldlidar_driver/include/dataprocess;/home/jetson/SLAM_WS/src/ldlidar_stl_ros2/ldlidar_driver/include/filter;/home/jetson/SLAM_WS/src/ldlidar_stl_ros2/ldlidar_driver/include/logger;/home/jetson/SLAM_WS/src/ldlidar_stl_ros2/ldlidar_driver/include/networkcom;/home/jetson/SLAM_WS/src/ldlidar_stl_ros2/ldlidar_driver/include/serialcom
[7.866s] -- Configured cppcheck exclude dirs and/or files: 
[7.892s] -- Added test 'cpplint' to check C / C++ code against the Google style
[7.892s] -- Configured cpplint exclude dirs and/or files: 
[7.897s] -- Added test 'flake8' to check Python code syntax and style conventions
[7.905s] -- Added test 'lint_cmake' to check CMake code style
[7.910s] -- Added test 'pep257' to check Python code against some of the style conventions in PEP 257
[7.935s] -- Added test 'uncrustify' to check C / C++ code style
[7.935s] -- Configured uncrustify additional arguments: 
[7.940s] -- Added test 'xmllint' to check XML markup files
[7.956s] -- Configuring done
[7.991s] -- Generating done
[8.006s] -- Build files have been written to: /home/jetson/SLAM_WS/build/ldlidar_stl_ros2
[8.042s] Invoked command in '/home/jetson/SLAM_WS/build/ldlidar_stl_ros2' returned '0': CMAKE_PREFIX_PATH=/home/jetson/SLAM_WS/install/omni_bot:/opt/ros/foxy /usr/bin/cmake /home/jetson/SLAM_WS/src/ldlidar_stl_ros2 -DCMAKE_INSTALL_PREFIX=/home/jetson/SLAM_WS/install/ldlidar_stl_ros2
[8.046s] Invoking command in '/home/jetson/SLAM_WS/build/ldlidar_stl_ros2': CMAKE_PREFIX_PATH=/home/jetson/SLAM_WS/install/omni_bot:/opt/ros/foxy /usr/bin/cmake --build /home/jetson/SLAM_WS/build/ldlidar_stl_ros2 -- -j4 -l4
[8.180s] [35m[1mScanning dependencies of target ldlidar_stl_ros2_node[0m
[8.610s] [ 50%] [32mBuilding CXX object CMakeFiles/ldlidar_stl_ros2_node.dir/src/demo.cpp.o[0m
[8.611s] [ 50%] [32mBuilding CXX object CMakeFiles/ldlidar_stl_ros2_node.dir/ldlidar_driver/src/filter/tofbf.cpp.o[0m
[8.611s] [ 50%] [32mBuilding CXX object CMakeFiles/ldlidar_stl_ros2_node.dir/ldlidar_driver/src/dataprocess/lipkg.cpp.o[0m
[8.613s] [ 50%] [32mBuilding CXX object CMakeFiles/ldlidar_stl_ros2_node.dir/ldlidar_driver/src/core/ldlidar_driver.cpp.o[0m
[10.833s] [ 62%] [32mBuilding CXX object CMakeFiles/ldlidar_stl_ros2_node.dir/ldlidar_driver/src/logger/log_module.cpp.o[0m
[11.000s] [ 75%] [32mBuilding CXX object CMakeFiles/ldlidar_stl_ros2_node.dir/ldlidar_driver/src/networkcom/network_socket_interface_linux.cpp.o[0m
[11.556s] [ 87%] [32mBuilding CXX object CMakeFiles/ldlidar_stl_ros2_node.dir/ldlidar_driver/src/serialcom/serial_interface_linux.cpp.o[0m
[19.979s] [100%] [32m[1mLinking CXX executable ldlidar_stl_ros2_node[0m
[20.837s] [100%] Built target ldlidar_stl_ros2_node
[20.876s] Invoked command in '/home/jetson/SLAM_WS/build/ldlidar_stl_ros2' returned '0': CMAKE_PREFIX_PATH=/home/jetson/SLAM_WS/install/omni_bot:/opt/ros/foxy /usr/bin/cmake --build /home/jetson/SLAM_WS/build/ldlidar_stl_ros2 -- -j4 -l4
[20.919s] Invoking command in '/home/jetson/SLAM_WS/build/ldlidar_stl_ros2': CMAKE_PREFIX_PATH=/home/jetson/SLAM_WS/install/omni_bot:/opt/ros/foxy /usr/bin/cmake --install /home/jetson/SLAM_WS/build/ldlidar_stl_ros2
[20.946s] -- Install configuration: ""
[20.947s] -- Installing: /home/jetson/SLAM_WS/install/ldlidar_stl_ros2/lib/ldlidar_stl_ros2/ldlidar_stl_ros2_node
[20.952s] -- Set runtime path of "/home/jetson/SLAM_WS/install/ldlidar_stl_ros2/lib/ldlidar_stl_ros2/ldlidar_stl_ros2_node" to ""
[20.953s] -- Installing: /home/jetson/SLAM_WS/install/ldlidar_stl_ros2/share/ldlidar_stl_ros2//launch
[20.953s] -- Installing: /home/jetson/SLAM_WS/install/ldlidar_stl_ros2/share/ldlidar_stl_ros2//launch/ld06.launch.py
[20.954s] -- Installing: /home/jetson/SLAM_WS/install/ldlidar_stl_ros2/share/ldlidar_stl_ros2//launch/stl27l.launch.py
[20.954s] -- Installing: /home/jetson/SLAM_WS/install/ldlidar_stl_ros2/share/ldlidar_stl_ros2//launch/viewer_stl27l.launch.py
[20.955s] -- Installing: /home/jetson/SLAM_WS/install/ldlidar_stl_ros2/share/ldlidar_stl_ros2//launch/viewer_ld19.launch.py
[20.955s] -- Installing: /home/jetson/SLAM_WS/install/ldlidar_stl_ros2/share/ldlidar_stl_ros2//launch/viewer_ld06.launch.py
[20.956s] -- Installing: /home/jetson/SLAM_WS/install/ldlidar_stl_ros2/share/ldlidar_stl_ros2//launch/ld19.launch.py
[20.956s] -- Installing: /home/jetson/SLAM_WS/install/ldlidar_stl_ros2/share/ldlidar_stl_ros2//launch/launch_lidar.launch.py
[20.956s] -- Installing: /home/jetson/SLAM_WS/install/ldlidar_stl_ros2/share/ldlidar_stl_ros2//rviz2
[20.957s] -- Installing: /home/jetson/SLAM_WS/install/ldlidar_stl_ros2/share/ldlidar_stl_ros2//rviz2/ldlidar.rviz
[20.957s] -- Installing: /home/jetson/SLAM_WS/install/ldlidar_stl_ros2/share/ament_index/resource_index/package_run_dependencies/ldlidar_stl_ros2
[20.958s] -- Installing: /home/jetson/SLAM_WS/install/ldlidar_stl_ros2/share/ament_index/resource_index/parent_prefix_path/ldlidar_stl_ros2
[20.958s] -- Installing: /home/jetson/SLAM_WS/install/ldlidar_stl_ros2/share/ldlidar_stl_ros2/environment/ament_prefix_path.sh
[20.959s] -- Installing: /home/jetson/SLAM_WS/install/ldlidar_stl_ros2/share/ldlidar_stl_ros2/environment/ament_prefix_path.dsv
[20.959s] -- Installing: /home/jetson/SLAM_WS/install/ldlidar_stl_ros2/share/ldlidar_stl_ros2/environment/path.sh
[20.960s] -- Installing: /home/jetson/SLAM_WS/install/ldlidar_stl_ros2/share/ldlidar_stl_ros2/environment/path.dsv
[20.960s] -- Installing: /home/jetson/SLAM_WS/install/ldlidar_stl_ros2/share/ldlidar_stl_ros2/local_setup.bash
[20.961s] -- Installing: /home/jetson/SLAM_WS/install/ldlidar_stl_ros2/share/ldlidar_stl_ros2/local_setup.sh
[20.961s] -- Installing: /home/jetson/SLAM_WS/install/ldlidar_stl_ros2/share/ldlidar_stl_ros2/local_setup.zsh
[20.962s] -- Installing: /home/jetson/SLAM_WS/install/ldlidar_stl_ros2/share/ldlidar_stl_ros2/local_setup.dsv
[20.962s] -- Installing: /home/jetson/SLAM_WS/install/ldlidar_stl_ros2/share/ldlidar_stl_ros2/package.dsv
[20.963s] -- Installing: /home/jetson/SLAM_WS/install/ldlidar_stl_ros2/share/ament_index/resource_index/packages/ldlidar_stl_ros2
[20.964s] -- Installing: /home/jetson/SLAM_WS/install/ldlidar_stl_ros2/share/ldlidar_stl_ros2/cmake/ldlidar_stl_ros2Config.cmake
[20.964s] -- Installing: /home/jetson/SLAM_WS/install/ldlidar_stl_ros2/share/ldlidar_stl_ros2/cmake/ldlidar_stl_ros2Config-version.cmake
[20.965s] -- Installing: /home/jetson/SLAM_WS/install/ldlidar_stl_ros2/share/ldlidar_stl_ros2/package.xml
[20.972s] Invoked command in '/home/jetson/SLAM_WS/build/ldlidar_stl_ros2' returned '0': CMAKE_PREFIX_PATH=/home/jetson/SLAM_WS/install/omni_bot:/opt/ros/foxy /usr/bin/cmake --install /home/jetson/SLAM_WS/build/ldlidar_stl_ros2
