[11.161s] Invoking command in '/home/jetson/SLAM_WS/src/omni_bot': PYTHONPATH=/home/jetson/SLAM_WS/build/omni_bot/prefix_override:/usr/lib/python3/dist-packages/colcon_core/task/python/colcon_distutils_commands:/home/jetson/SLAM_WS/install/omni_bot/lib/python3.8/site-packages:${PYTHONPATH} /usr/bin/python3 -W ignore:setup.py install is deprecated -W ignore:easy_install command is deprecated setup.py egg_info --egg-base ../../build/omni_bot build --build-base /home/jetson/SLAM_WS/build/omni_bot/build install --record /home/jetson/SLAM_WS/build/omni_bot/install.log --single-version-externally-managed install_data
[14.389s] running egg_info
[14.393s] writing ../../build/omni_bot/omni_bot.egg-info/PKG-INFO
[14.395s] writing dependency_links to ../../build/omni_bot/omni_bot.egg-info/dependency_links.txt
[14.421s] writing entry points to ../../build/omni_bot/omni_bot.egg-info/entry_points.txt
[14.422s] writing requirements to ../../build/omni_bot/omni_bot.egg-info/requires.txt
[14.423s] writing top-level names to ../../build/omni_bot/omni_bot.egg-info/top_level.txt
[14.494s] reading manifest file '../../build/omni_bot/omni_bot.egg-info/SOURCES.txt'
[14.495s] writing manifest file '../../build/omni_bot/omni_bot.egg-info/SOURCES.txt'
[14.496s] running build
[14.496s] running build_py
[14.497s] running install
[14.497s] running install_lib
[14.514s] running install_data
[14.514s] running install_egg_info
[14.523s] removing '/home/jetson/SLAM_WS/install/omni_bot/lib/python3.8/site-packages/omni_bot-0.0.0-py3.8.egg-info' (and everything under it)
[14.525s] Copying ../../build/omni_bot/omni_bot.egg-info to /home/jetson/SLAM_WS/install/omni_bot/lib/python3.8/site-packages/omni_bot-0.0.0-py3.8.egg-info
[14.543s] running install_scripts
[14.685s] writing list of installed files to '/home/jetson/SLAM_WS/build/omni_bot/install.log'
[18.727s] Invoked command in '/home/jetson/SLAM_WS/src/omni_bot' returned '0': PYTHONPATH=/home/jetson/SLAM_WS/build/omni_bot/prefix_override:/usr/lib/python3/dist-packages/colcon_core/task/python/colcon_distutils_commands:/home/jetson/SLAM_WS/install/omni_bot/lib/python3.8/site-packages:${PYTHONPATH} /usr/bin/python3 -W ignore:setup.py install is deprecated -W ignore:easy_install command is deprecated setup.py egg_info --egg-base ../../build/omni_bot build --build-base /home/jetson/SLAM_WS/build/omni_bot/build install --record /home/jetson/SLAM_WS/build/omni_bot/install.log --single-version-externally-managed install_data
