[3.063s] Invoking command in '/home/jetson/SLAM_WS/src/omnibot_description': PYTHONPATH=/home/jetson/SLAM_WS/build/omnibot_description/prefix_override:/usr/lib/python3/dist-packages/colcon_core/task/python/colcon_distutils_commands:/home/jetson/SLAM_WS/install/omnibot_description/lib/python3.8/site-packages:${PYTHONPATH} /usr/bin/python3 -W ignore:setup.py install is deprecated -W ignore:easy_install command is deprecated setup.py egg_info --egg-base ../../build/omnibot_description build --build-base /home/jetson/SLAM_WS/build/omnibot_description/build install --record /home/jetson/SLAM_WS/build/omnibot_description/install.log --single-version-externally-managed install_data
[4.257s] running egg_info
[4.261s] writing ../../build/omnibot_description/omnibot_description.egg-info/PKG-INFO
[4.262s] writing dependency_links to ../../build/omnibot_description/omnibot_description.egg-info/dependency_links.txt
[4.262s] writing entry points to ../../build/omnibot_description/omnibot_description.egg-info/entry_points.txt
[4.263s] writing requirements to ../../build/omnibot_description/omnibot_description.egg-info/requires.txt
[4.263s] writing top-level names to ../../build/omnibot_description/omnibot_description.egg-info/top_level.txt
[4.275s] reading manifest file '../../build/omnibot_description/omnibot_description.egg-info/SOURCES.txt'
[4.279s] writing manifest file '../../build/omnibot_description/omnibot_description.egg-info/SOURCES.txt'
[4.279s] running build
[4.280s] running build_py
[4.280s] running install
[4.283s] running install_lib
[4.288s] running install_data
[4.288s] copying launch/omnibot_description.launch.py -> /home/jetson/SLAM_WS/install/omnibot_description/share/omnibot_description/launch
[4.289s] running install_egg_info
[4.297s] removing '/home/jetson/SLAM_WS/install/omnibot_description/lib/python3.8/site-packages/omnibot_description-0.0.0-py3.8.egg-info' (and everything under it)
[4.298s] Copying ../../build/omnibot_description/omnibot_description.egg-info to /home/jetson/SLAM_WS/install/omnibot_description/lib/python3.8/site-packages/omnibot_description-0.0.0-py3.8.egg-info
[4.301s] running install_scripts
[4.372s] writing list of installed files to '/home/jetson/SLAM_WS/build/omnibot_description/install.log'
[4.470s] Invoked command in '/home/jetson/SLAM_WS/src/omnibot_description' returned '0': PYTHONPATH=/home/jetson/SLAM_WS/build/omnibot_description/prefix_override:/usr/lib/python3/dist-packages/colcon_core/task/python/colcon_distutils_commands:/home/jetson/SLAM_WS/install/omnibot_description/lib/python3.8/site-packages:${PYTHONPATH} /usr/bin/python3 -W ignore:setup.py install is deprecated -W ignore:easy_install command is deprecated setup.py egg_info --egg-base ../../build/omnibot_description build --build-base /home/jetson/SLAM_WS/build/omnibot_description/build install --record /home/jetson/SLAM_WS/build/omnibot_description/install.log --single-version-externally-managed install_data
