[0.040s] Invoking command in '/home/jetson/SLAM_WS/build/rplidar_ros': CMAKE_PREFIX_PATH=${CMAKE_PREFIX_PATH}:/home/jetson/SLAM_WS/install/teleop_omni:/home/jetson/SLAM_WS/install/omni_bot:/home/jetson/SLAM_WS/install/odom:/home/jetson/SLAM_WS/install/kinematics:/opt/ros/foxy /usr/bin/cmake --build /home/jetson/SLAM_WS/build/rplidar_ros -- -j4 -l4
[0.282s] [  5%] Built target rplidar_client
[0.301s] [100%] Built target rplidar_composition
[0.301s] [100%] Built target rplidar_node
[0.340s] Invoked command in '/home/jetson/SLAM_WS/build/rplidar_ros' returned '0': CMAKE_PREFIX_PATH=${CMAKE_PREFIX_PATH}:/home/jetson/SLAM_WS/install/teleop_omni:/home/jetson/SLAM_WS/install/omni_bot:/home/jetson/SLAM_WS/install/odom:/home/jetson/SLAM_WS/install/kinematics:/opt/ros/foxy /usr/bin/cmake --build /home/jetson/SLAM_WS/build/rplidar_ros -- -j4 -l4
[0.382s] Invoking command in '/home/jetson/SLAM_WS/build/rplidar_ros': CMAKE_PREFIX_PATH=${CMAKE_PREFIX_PATH}:/home/jetson/SLAM_WS/install/teleop_omni:/home/jetson/SLAM_WS/install/omni_bot:/home/jetson/SLAM_WS/install/odom:/home/jetson/SLAM_WS/install/kinematics:/opt/ros/foxy /usr/bin/cmake --install /home/jetson/SLAM_WS/build/rplidar_ros
[0.410s] -- Install configuration: ""
[0.411s] -- Up-to-date: /home/jetson/SLAM_WS/install/rplidar_ros/share/rplidar_ros/launch
[0.411s] -- Up-to-date: /home/jetson/SLAM_WS/install/rplidar_ros/share/rplidar_ros/launch/view_rplidar_s3_launch.py
[0.412s] -- Up-to-date: /home/jetson/SLAM_WS/install/rplidar_ros/share/rplidar_ros/launch/rplidar_s3_launch.py
[0.412s] -- Up-to-date: /home/jetson/SLAM_WS/install/rplidar_ros/share/rplidar_ros/launch/view_rplidar_s1_tcp_launch.py
[0.413s] -- Up-to-date: /home/jetson/SLAM_WS/install/rplidar_ros/share/rplidar_ros/launch/view_rplidar_a2m8_launch.py
[0.413s] -- Up-to-date: /home/jetson/SLAM_WS/install/rplidar_ros/share/rplidar_ros/launch/rplidar_t1_launch.py
[0.414s] -- Up-to-date: /home/jetson/SLAM_WS/install/rplidar_ros/share/rplidar_ros/launch/view_rplidar_a2m12_launch.py
[0.414s] -- Up-to-date: /home/jetson/SLAM_WS/install/rplidar_ros/share/rplidar_ros/launch/rplidar_a2m12_launch.py
[0.415s] -- Up-to-date: /home/jetson/SLAM_WS/install/rplidar_ros/share/rplidar_ros/launch/rplidar_s2e_launch.py
[0.415s] -- Up-to-date: /home/jetson/SLAM_WS/install/rplidar_ros/share/rplidar_ros/launch/rplidar_s1_tcp_launch.py
[0.415s] -- Up-to-date: /home/jetson/SLAM_WS/install/rplidar_ros/share/rplidar_ros/launch/view_rplidar_t1_launch.py
[0.416s] -- Up-to-date: /home/jetson/SLAM_WS/install/rplidar_ros/share/rplidar_ros/launch/view_rplidar_s2e_launch.py
[0.416s] -- Up-to-date: /home/jetson/SLAM_WS/install/rplidar_ros/share/rplidar_ros/launch/rplidar_a2m8_launch.py
[0.416s] -- Installing: /home/jetson/SLAM_WS/install/rplidar_ros/share/rplidar_ros/launch/rplidar_c1_launch.py
[0.417s] -- Up-to-date: /home/jetson/SLAM_WS/install/rplidar_ros/share/rplidar_ros/launch/rplidar_a2m7_launch.py
[0.417s] -- Up-to-date: /home/jetson/SLAM_WS/install/rplidar_ros/share/rplidar_ros/launch/rplidar_a3_launch.py
[0.418s] -- Up-to-date: /home/jetson/SLAM_WS/install/rplidar_ros/share/rplidar_ros/launch/view_rplidar_s1_launch.py
[0.418s] -- Up-to-date: /home/jetson/SLAM_WS/install/rplidar_ros/share/rplidar_ros/launch/view_rplidar_s2_launch.py
[0.418s] -- Up-to-date: /home/jetson/SLAM_WS/install/rplidar_ros/share/rplidar_ros/launch/view_rplidar_a2m7_launch.py
[0.419s] -- Up-to-date: /home/jetson/SLAM_WS/install/rplidar_ros/share/rplidar_ros/launch/rplidar_s1_launch.py
[0.419s] -- Up-to-date: /home/jetson/SLAM_WS/install/rplidar_ros/share/rplidar_ros/launch/rplidar_s2_launch.py
[0.420s] -- Up-to-date: /home/jetson/SLAM_WS/install/rplidar_ros/share/rplidar_ros/launch/view_rplidar_a3_launch.py
[0.420s] -- Up-to-date: /home/jetson/SLAM_WS/install/rplidar_ros/share/rplidar_ros/launch/view_rplidar_a1_launch.py
[0.421s] -- Up-to-date: /home/jetson/SLAM_WS/install/rplidar_ros/share/rplidar_ros/launch/view_rplidar_c1_launch.py
[0.423s] -- Up-to-date: /home/jetson/SLAM_WS/install/rplidar_ros/share/rplidar_ros/launch/rplidar_a1_launch.py
[0.423s] -- Up-to-date: /home/jetson/SLAM_WS/install/rplidar_ros/share/rplidar_ros/rviz
[0.424s] -- Up-to-date: /home/jetson/SLAM_WS/install/rplidar_ros/share/rplidar_ros/rviz/rplidar_ros.rviz
[0.425s] -- Up-to-date: /home/jetson/SLAM_WS/install/rplidar_ros/lib/rplidar_ros/rplidar_node
[0.425s] -- Up-to-date: /home/jetson/SLAM_WS/install/rplidar_ros/lib/rplidar_ros/rplidar_composition
[0.426s] -- Up-to-date: /home/jetson/SLAM_WS/install/rplidar_ros/lib/rplidar_ros/rplidar_client
[0.427s] -- Up-to-date: /home/jetson/SLAM_WS/install/rplidar_ros/share/ament_index/resource_index/package_run_dependencies/rplidar_ros
[0.429s] -- Up-to-date: /home/jetson/SLAM_WS/install/rplidar_ros/share/ament_index/resource_index/parent_prefix_path/rplidar_ros
[0.430s] -- Up-to-date: /home/jetson/SLAM_WS/install/rplidar_ros/share/rplidar_ros/environment/ament_prefix_path.sh
[0.430s] -- Up-to-date: /home/jetson/SLAM_WS/install/rplidar_ros/share/rplidar_ros/environment/ament_prefix_path.dsv
[0.431s] -- Up-to-date: /home/jetson/SLAM_WS/install/rplidar_ros/share/rplidar_ros/environment/path.sh
[0.432s] -- Up-to-date: /home/jetson/SLAM_WS/install/rplidar_ros/share/rplidar_ros/environment/path.dsv
[0.432s] -- Up-to-date: /home/jetson/SLAM_WS/install/rplidar_ros/share/rplidar_ros/local_setup.bash
[0.433s] -- Up-to-date: /home/jetson/SLAM_WS/install/rplidar_ros/share/rplidar_ros/local_setup.sh
[0.434s] -- Up-to-date: /home/jetson/SLAM_WS/install/rplidar_ros/share/rplidar_ros/local_setup.zsh
[0.435s] -- Up-to-date: /home/jetson/SLAM_WS/install/rplidar_ros/share/rplidar_ros/local_setup.dsv
[0.435s] -- Installing: /home/jetson/SLAM_WS/install/rplidar_ros/share/rplidar_ros/package.dsv
[0.436s] -- Up-to-date: /home/jetson/SLAM_WS/install/rplidar_ros/share/ament_index/resource_index/packages/rplidar_ros
[0.436s] -- Up-to-date: /home/jetson/SLAM_WS/install/rplidar_ros/share/rplidar_ros/cmake/ament_cmake_export_dependencies-extras.cmake
[0.437s] -- Up-to-date: /home/jetson/SLAM_WS/install/rplidar_ros/share/rplidar_ros/cmake/ament_cmake_export_include_directories-extras.cmake
[0.437s] -- Up-to-date: /home/jetson/SLAM_WS/install/rplidar_ros/share/rplidar_ros/cmake/rplidar_rosConfig.cmake
[0.438s] -- Up-to-date: /home/jetson/SLAM_WS/install/rplidar_ros/share/rplidar_ros/cmake/rplidar_rosConfig-version.cmake
[0.439s] -- Up-to-date: /home/jetson/SLAM_WS/install/rplidar_ros/share/rplidar_ros/package.xml
[0.439s] Invoked command in '/home/jetson/SLAM_WS/build/rplidar_ros' returned '0': CMAKE_PREFIX_PATH=${CMAKE_PREFIX_PATH}:/home/jetson/SLAM_WS/install/teleop_omni:/home/jetson/SLAM_WS/install/omni_bot:/home/jetson/SLAM_WS/install/odom:/home/jetson/SLAM_WS/install/kinematics:/opt/ros/foxy /usr/bin/cmake --install /home/jetson/SLAM_WS/build/rplidar_ros
