[7.990s] Invoking command in '/home/jetson/SLAM_WS/src/omni_bot': PYTHONPATH=/home/jetson/SLAM_WS/build/omni_bot/prefix_override:/usr/lib/python3/dist-packages/colcon_core/task/python/colcon_distutils_commands:/home/jetson/SLAM_WS/install/omni_bot/lib/python3.8/site-packages:${PYTHONPATH} /usr/bin/python3 -W ignore:setup.py install is deprecated -W ignore:easy_install command is deprecated setup.py egg_info --egg-base ../../build/omni_bot build --build-base /home/jetson/SLAM_WS/build/omni_bot/build install --record /home/jetson/SLAM_WS/build/omni_bot/install.log --single-version-externally-managed install_data
[9.835s] running egg_info
[9.839s] writing ../../build/omni_bot/omni_bot.egg-info/PKG-INFO
[9.852s] writing dependency_links to ../../build/omni_bot/omni_bot.egg-info/dependency_links.txt
[9.854s] writing entry points to ../../build/omni_bot/omni_bot.egg-info/entry_points.txt
[9.855s] writing requirements to ../../build/omni_bot/omni_bot.egg-info/requires.txt
[9.855s] writing top-level names to ../../build/omni_bot/omni_bot.egg-info/top_level.txt
[9.870s] reading manifest file '../../build/omni_bot/omni_bot.egg-info/SOURCES.txt'
[9.877s] writing manifest file '../../build/omni_bot/omni_bot.egg-info/SOURCES.txt'
[9.878s] running build
[9.878s] running build_py
[9.879s] running install
[9.887s] running install_lib
[9.896s] running install_data
[9.896s] running install_egg_info
[9.906s] removing '/home/jetson/SLAM_WS/install/omni_bot/lib/python3.8/site-packages/omni_bot-0.0.0-py3.8.egg-info' (and everything under it)
[9.908s] Copying ../../build/omni_bot/omni_bot.egg-info to /home/jetson/SLAM_WS/install/omni_bot/lib/python3.8/site-packages/omni_bot-0.0.0-py3.8.egg-info
[9.928s] running install_scripts
[10.073s] writing list of installed files to '/home/jetson/SLAM_WS/build/omni_bot/install.log'
[10.331s] Invoked command in '/home/jetson/SLAM_WS/src/omni_bot' returned '0': PYTHONPATH=/home/jetson/SLAM_WS/build/omni_bot/prefix_override:/usr/lib/python3/dist-packages/colcon_core/task/python/colcon_distutils_commands:/home/jetson/SLAM_WS/install/omni_bot/lib/python3.8/site-packages:${PYTHONPATH} /usr/bin/python3 -W ignore:setup.py install is deprecated -W ignore:easy_install command is deprecated setup.py egg_info --egg-base ../../build/omni_bot build --build-base /home/jetson/SLAM_WS/build/omni_bot/build install --record /home/jetson/SLAM_WS/build/omni_bot/install.log --single-version-externally-managed install_data
