[6.176s] Invoking command in '/home/jetson/SLAM_WS/src/omni_bot': PYTHONPATH=/home/jetson/SLAM_WS/build/omni_bot/prefix_override:/usr/lib/python3/dist-packages/colcon_core/task/python/colcon_distutils_commands:/home/jetson/SLAM_WS/install/omni_bot/lib/python3.8/site-packages:${PYTHONPATH} /usr/bin/python3 -W ignore:setup.py install is deprecated -W ignore:easy_install command is deprecated setup.py egg_info --egg-base ../../build/omni_bot build --build-base /home/jetson/SLAM_WS/build/omni_bot/build install --record /home/jetson/SLAM_WS/build/omni_bot/install.log --single-version-externally-managed install_data
[7.684s] running egg_info
[7.687s] writing ../../build/omni_bot/omni_bot.egg-info/PKG-INFO
[7.690s] writing dependency_links to ../../build/omni_bot/omni_bot.egg-info/dependency_links.txt
[7.691s] writing entry points to ../../build/omni_bot/omni_bot.egg-info/entry_points.txt
[7.691s] writing requirements to ../../build/omni_bot/omni_bot.egg-info/requires.txt
[7.691s] writing top-level names to ../../build/omni_bot/omni_bot.egg-info/top_level.txt
[7.704s] reading manifest file '../../build/omni_bot/omni_bot.egg-info/SOURCES.txt'
[7.710s] writing manifest file '../../build/omni_bot/omni_bot.egg-info/SOURCES.txt'
[7.711s] running build
[7.712s] running build_py
[7.712s] running install
[7.715s] running install_lib
[7.720s] running install_data
[7.721s] running install_egg_info
[7.731s] removing '/home/jetson/SLAM_WS/install/omni_bot/lib/python3.8/site-packages/omni_bot-0.0.0-py3.8.egg-info' (and everything under it)
[7.732s] Copying ../../build/omni_bot/omni_bot.egg-info to /home/jetson/SLAM_WS/install/omni_bot/lib/python3.8/site-packages/omni_bot-0.0.0-py3.8.egg-info
[7.737s] running install_scripts
[7.827s] writing list of installed files to '/home/jetson/SLAM_WS/build/omni_bot/install.log'
[7.943s] Invoked command in '/home/jetson/SLAM_WS/src/omni_bot' returned '0': PYTHONPATH=/home/jetson/SLAM_WS/build/omni_bot/prefix_override:/usr/lib/python3/dist-packages/colcon_core/task/python/colcon_distutils_commands:/home/jetson/SLAM_WS/install/omni_bot/lib/python3.8/site-packages:${PYTHONPATH} /usr/bin/python3 -W ignore:setup.py install is deprecated -W ignore:easy_install command is deprecated setup.py egg_info --egg-base ../../build/omni_bot build --build-base /home/jetson/SLAM_WS/build/omni_bot/build install --record /home/jetson/SLAM_WS/build/omni_bot/install.log --single-version-externally-managed install_data
