[6.258s] Invoking command in '/home/jetson/SLAM_WS/src/teleop_omni': PYTHONPATH=/home/jetson/SLAM_WS/build/teleop_omni/prefix_override:/usr/lib/python3/dist-packages/colcon_core/task/python/colcon_distutils_commands:/home/jetson/SLAM_WS/install/teleop_omni/lib/python3.8/site-packages:${PYTHONPATH} /usr/bin/python3 -W ignore:setup.py install is deprecated -W ignore:easy_install command is deprecated setup.py egg_info --egg-base ../../build/teleop_omni build --build-base /home/jetson/SLAM_WS/build/teleop_omni/build install --record /home/jetson/SLAM_WS/build/teleop_omni/install.log --single-version-externally-managed install_data
[7.617s] running egg_info
[7.620s] writing ../../build/teleop_omni/teleop_omni.egg-info/PKG-INFO
[7.623s] writing dependency_links to ../../build/teleop_omni/teleop_omni.egg-info/dependency_links.txt
[7.626s] writing entry points to ../../build/teleop_omni/teleop_omni.egg-info/entry_points.txt
[7.626s] writing requirements to ../../build/teleop_omni/teleop_omni.egg-info/requires.txt
[7.628s] writing top-level names to ../../build/teleop_omni/teleop_omni.egg-info/top_level.txt
[7.643s] reading manifest file '../../build/teleop_omni/teleop_omni.egg-info/SOURCES.txt'
[7.647s] writing manifest file '../../build/teleop_omni/teleop_omni.egg-info/SOURCES.txt'
[7.649s] running build
[7.650s] running build_py
[7.652s] running install
[7.656s] running install_lib
[7.663s] running install_data
[7.664s] running install_egg_info
[7.674s] removing '/home/jetson/SLAM_WS/install/teleop_omni/lib/python3.8/site-packages/teleop_omni-0.0.0-py3.8.egg-info' (and everything under it)
[7.676s] Copying ../../build/teleop_omni/teleop_omni.egg-info to /home/jetson/SLAM_WS/install/teleop_omni/lib/python3.8/site-packages/teleop_omni-0.0.0-py3.8.egg-info
[7.681s] running install_scripts
[7.767s] Installing teleop_keyboard script to /home/jetson/SLAM_WS/install/teleop_omni/lib/teleop_omni
[7.769s] writing list of installed files to '/home/jetson/SLAM_WS/build/teleop_omni/install.log'
[7.887s] Invoked command in '/home/jetson/SLAM_WS/src/teleop_omni' returned '0': PYTHONPATH=/home/jetson/SLAM_WS/build/teleop_omni/prefix_override:/usr/lib/python3/dist-packages/colcon_core/task/python/colcon_distutils_commands:/home/jetson/SLAM_WS/install/teleop_omni/lib/python3.8/site-packages:${PYTHONPATH} /usr/bin/python3 -W ignore:setup.py install is deprecated -W ignore:easy_install command is deprecated setup.py egg_info --egg-base ../../build/teleop_omni build --build-base /home/jetson/SLAM_WS/build/teleop_omni/build install --record /home/jetson/SLAM_WS/build/teleop_omni/install.log --single-version-externally-managed install_data
