[3.088s] Invoking command in '/home/jetson/SLAM_WS/src/odom': PYTHONPATH=/home/jetson/SLAM_WS/build/odom/prefix_override:/usr/lib/python3/dist-packages/colcon_core/task/python/colcon_distutils_commands:/home/jetson/SLAM_WS/install/odom/lib/python3.8/site-packages:${PYTHONPATH} /usr/bin/python3 -W ignore:setup.py install is deprecated -W ignore:easy_install command is deprecated setup.py egg_info --egg-base ../../build/odom build --build-base /home/jetson/SLAM_WS/build/odom/build install --record /home/jetson/SLAM_WS/build/odom/install.log --single-version-externally-managed install_data
[4.284s] running egg_info
[4.286s] writing ../../build/odom/odom.egg-info/PKG-INFO
[4.288s] writing dependency_links to ../../build/odom/odom.egg-info/dependency_links.txt
[4.288s] writing entry points to ../../build/odom/odom.egg-info/entry_points.txt
[4.288s] writing requirements to ../../build/odom/odom.egg-info/requires.txt
[4.289s] writing top-level names to ../../build/odom/odom.egg-info/top_level.txt
[4.300s] reading manifest file '../../build/odom/odom.egg-info/SOURCES.txt'
[4.304s] writing manifest file '../../build/odom/odom.egg-info/SOURCES.txt'
[4.304s] running build
[4.304s] running build_py
[4.305s] copying odom/odom_node.py -> /home/jetson/SLAM_WS/build/odom/build/lib/odom
[4.305s] running install
[4.309s] running install_lib
[4.312s] copying /home/jetson/SLAM_WS/build/odom/build/lib/odom/odom_node.py -> /home/jetson/SLAM_WS/install/odom/lib/python3.8/site-packages/odom
[4.314s] byte-compiling /home/jetson/SLAM_WS/install/odom/lib/python3.8/site-packages/odom/odom_node.py to odom_node.cpython-38.pyc
[4.319s] running install_data
[4.320s] running install_egg_info
[4.328s] removing '/home/jetson/SLAM_WS/install/odom/lib/python3.8/site-packages/odom-0.0.0-py3.8.egg-info' (and everything under it)
[4.329s] Copying ../../build/odom/odom.egg-info to /home/jetson/SLAM_WS/install/odom/lib/python3.8/site-packages/odom-0.0.0-py3.8.egg-info
[4.332s] running install_scripts
[4.404s] Installing odom_node script to /home/jetson/SLAM_WS/install/odom/lib/odom
[4.405s] writing list of installed files to '/home/jetson/SLAM_WS/build/odom/install.log'
[4.504s] Invoked command in '/home/jetson/SLAM_WS/src/odom' returned '0': PYTHONPATH=/home/jetson/SLAM_WS/build/odom/prefix_override:/usr/lib/python3/dist-packages/colcon_core/task/python/colcon_distutils_commands:/home/jetson/SLAM_WS/install/odom/lib/python3.8/site-packages:${PYTHONPATH} /usr/bin/python3 -W ignore:setup.py install is deprecated -W ignore:easy_install command is deprecated setup.py egg_info --egg-base ../../build/odom build --build-base /home/jetson/SLAM_WS/build/odom/build install --record /home/jetson/SLAM_WS/build/odom/install.log --single-version-externally-managed install_data
