[3.110s] Invoking command in '/home/jetson/SLAM_WS/src/omni_bot': PYTHONPATH=/home/jetson/SLAM_WS/build/omni_bot/prefix_override:/usr/lib/python3/dist-packages/colcon_core/task/python/colcon_distutils_commands:/home/jetson/SLAM_WS/install/omni_bot/lib/python3.8/site-packages:${PYTHONPATH} /usr/bin/python3 -W ignore:setup.py install is deprecated -W ignore:easy_install command is deprecated setup.py egg_info --egg-base ../../build/omni_bot build --build-base /home/jetson/SLAM_WS/build/omni_bot/build install --record /home/jetson/SLAM_WS/build/omni_bot/install.log --single-version-externally-managed install_data
[4.260s] running egg_info
[4.262s] writing ../../build/omni_bot/omni_bot.egg-info/PKG-INFO
[4.264s] writing dependency_links to ../../build/omni_bot/omni_bot.egg-info/dependency_links.txt
[4.264s] writing entry points to ../../build/omni_bot/omni_bot.egg-info/entry_points.txt
[4.265s] writing requirements to ../../build/omni_bot/omni_bot.egg-info/requires.txt
[4.265s] writing top-level names to ../../build/omni_bot/omni_bot.egg-info/top_level.txt
[4.276s] reading manifest file '../../build/omni_bot/omni_bot.egg-info/SOURCES.txt'
[4.279s] writing manifest file '../../build/omni_bot/omni_bot.egg-info/SOURCES.txt'
[4.280s] running build
[4.280s] running build_py
[4.281s] running install
[4.283s] running install_lib
[4.288s] running install_data
[4.289s] running install_egg_info
[4.296s] removing '/home/jetson/SLAM_WS/install/omni_bot/lib/python3.8/site-packages/omni_bot-0.0.0-py3.8.egg-info' (and everything under it)
[4.298s] Copying ../../build/omni_bot/omni_bot.egg-info to /home/jetson/SLAM_WS/install/omni_bot/lib/python3.8/site-packages/omni_bot-0.0.0-py3.8.egg-info
[4.301s] running install_scripts
[4.369s] writing list of installed files to '/home/jetson/SLAM_WS/build/omni_bot/install.log'
[4.465s] Invoked command in '/home/jetson/SLAM_WS/src/omni_bot' returned '0': PYTHONPATH=/home/jetson/SLAM_WS/build/omni_bot/prefix_override:/usr/lib/python3/dist-packages/colcon_core/task/python/colcon_distutils_commands:/home/jetson/SLAM_WS/install/omni_bot/lib/python3.8/site-packages:${PYTHONPATH} /usr/bin/python3 -W ignore:setup.py install is deprecated -W ignore:easy_install command is deprecated setup.py egg_info --egg-base ../../build/omni_bot build --build-base /home/jetson/SLAM_WS/build/omni_bot/build install --record /home/jetson/SLAM_WS/build/omni_bot/install.log --single-version-externally-managed install_data
