/usr/local/lib/python3.8/dist-packages/setuptools/dist.py:717: UserWarning: Usage of dash-separated 'script-dir' will not be supported in future versions. Please use the underscore name 'script_dir' instead
  warnings.warn(
running egg_info
creating ../../build/omnibot_description/omnibot_description.egg-info
writing ../../build/omnibot_description/omnibot_description.egg-info/PKG-INFO
writing dependency_links to ../../build/omnibot_description/omnibot_description.egg-info/dependency_links.txt
writing entry points to ../../build/omnibot_description/omnibot_description.egg-info/entry_points.txt
writing requirements to ../../build/omnibot_description/omnibot_description.egg-info/requires.txt
writing top-level names to ../../build/omnibot_description/omnibot_description.egg-info/top_level.txt
writing manifest file '../../build/omnibot_description/omnibot_description.egg-info/SOURCES.txt'
reading manifest file '../../build/omnibot_description/omnibot_description.egg-info/SOURCES.txt'
writing manifest file '../../build/omnibot_description/omnibot_description.egg-info/SOURCES.txt'
running build
running build_py
creating /home/jetson/SLAM_WS/build/omnibot_description/build
creating /home/jetson/SLAM_WS/build/omnibot_description/build/lib
creating /home/jetson/SLAM_WS/build/omnibot_description/build/lib/omnibot_description
copying omnibot_description/__init__.py -> /home/jetson/SLAM_WS/build/omnibot_description/build/lib/omnibot_description
running install
running install_lib
creating /home/jetson/SLAM_WS/install/omnibot_description/lib/python3.8/site-packages/omnibot_description
copying /home/jetson/SLAM_WS/build/omnibot_description/build/lib/omnibot_description/__init__.py -> /home/jetson/SLAM_WS/install/omnibot_description/lib/python3.8/site-packages/omnibot_description
byte-compiling /home/jetson/SLAM_WS/install/omnibot_description/lib/python3.8/site-packages/omnibot_description/__init__.py to __init__.cpython-38.pyc
running install_data
creating /home/jetson/SLAM_WS/install/omnibot_description/share/ament_index
creating /home/jetson/SLAM_WS/install/omnibot_description/share/ament_index/resource_index
creating /home/jetson/SLAM_WS/install/omnibot_description/share/ament_index/resource_index/packages
copying resource/omnibot_description -> /home/jetson/SLAM_WS/install/omnibot_description/share/ament_index/resource_index/packages
copying package.xml -> /home/jetson/SLAM_WS/install/omnibot_description/share/omnibot_description
running install_egg_info
Copying ../../build/omnibot_description/omnibot_description.egg-info to /home/jetson/SLAM_WS/install/omnibot_description/lib/python3.8/site-packages/omnibot_description-0.0.0-py3.8.egg-info
running install_scripts
writing list of installed files to '/home/jetson/SLAM_WS/build/omnibot_description/install.log'
