[3.054s] Invoking command in '/home/jetson/SLAM_WS/src/omnibot_description': PYTHONPATH=/home/jetson/SLAM_WS/build/omnibot_description/prefix_override:/usr/lib/python3/dist-packages/colcon_core/task/python/colcon_distutils_commands:/home/jetson/SLAM_WS/install/omnibot_description/lib/python3.8/site-packages:${PYTHONPATH} /usr/bin/python3 -W ignore:setup.py install is deprecated -W ignore:easy_install command is deprecated setup.py egg_info --egg-base ../../build/omnibot_description build --build-base /home/jetson/SLAM_WS/build/omnibot_description/build install --record /home/jetson/SLAM_WS/build/omnibot_description/install.log --install-scripts $base/lib/omnibot_description --single-version-externally-managed install_data
[4.123s] /usr/local/lib/python3.8/dist-packages/setuptools/dist.py:717: UserWarning: Usage of dash-separated 'script-dir' will not be supported in future versions. Please use the underscore name 'script_dir' instead
[4.123s]   warnings.warn(
[4.251s] running egg_info
[4.253s] creating ../../build/omnibot_description/omnibot_description.egg-info
[4.253s] writing ../../build/omnibot_description/omnibot_description.egg-info/PKG-INFO
[4.254s] writing dependency_links to ../../build/omnibot_description/omnibot_description.egg-info/dependency_links.txt
[4.255s] writing entry points to ../../build/omnibot_description/omnibot_description.egg-info/entry_points.txt
[4.255s] writing requirements to ../../build/omnibot_description/omnibot_description.egg-info/requires.txt
[4.255s] writing top-level names to ../../build/omnibot_description/omnibot_description.egg-info/top_level.txt
[4.261s] writing manifest file '../../build/omnibot_description/omnibot_description.egg-info/SOURCES.txt'
[4.268s] reading manifest file '../../build/omnibot_description/omnibot_description.egg-info/SOURCES.txt'
[4.272s] writing manifest file '../../build/omnibot_description/omnibot_description.egg-info/SOURCES.txt'
[4.273s] running build
[4.273s] running build_py
[4.274s] creating /home/jetson/SLAM_WS/build/omnibot_description/build
[4.274s] creating /home/jetson/SLAM_WS/build/omnibot_description/build/lib
[4.275s] creating /home/jetson/SLAM_WS/build/omnibot_description/build/lib/omnibot_description
[4.275s] copying omnibot_description/__init__.py -> /home/jetson/SLAM_WS/build/omnibot_description/build/lib/omnibot_description
[4.275s] running install
[4.277s] running install_lib
[4.281s] creating /home/jetson/SLAM_WS/install/omnibot_description/lib/python3.8/site-packages/omnibot_description
[4.281s] copying /home/jetson/SLAM_WS/build/omnibot_description/build/lib/omnibot_description/__init__.py -> /home/jetson/SLAM_WS/install/omnibot_description/lib/python3.8/site-packages/omnibot_description
[4.283s] byte-compiling /home/jetson/SLAM_WS/install/omnibot_description/lib/python3.8/site-packages/omnibot_description/__init__.py to __init__.cpython-38.pyc
[4.284s] running install_data
[4.284s] creating /home/jetson/SLAM_WS/install/omnibot_description/share/ament_index
[4.285s] creating /home/jetson/SLAM_WS/install/omnibot_description/share/ament_index/resource_index
[4.285s] creating /home/jetson/SLAM_WS/install/omnibot_description/share/ament_index/resource_index/packages
[4.286s] copying resource/omnibot_description -> /home/jetson/SLAM_WS/install/omnibot_description/share/ament_index/resource_index/packages
[4.286s] copying package.xml -> /home/jetson/SLAM_WS/install/omnibot_description/share/omnibot_description
[4.286s] running install_egg_info
[4.293s] Copying ../../build/omnibot_description/omnibot_description.egg-info to /home/jetson/SLAM_WS/install/omnibot_description/lib/python3.8/site-packages/omnibot_description-0.0.0-py3.8.egg-info
[4.297s] running install_scripts
[4.369s] writing list of installed files to '/home/jetson/SLAM_WS/build/omnibot_description/install.log'
[4.480s] Invoked command in '/home/jetson/SLAM_WS/src/omnibot_description' returned '0': PYTHONPATH=/home/jetson/SLAM_WS/build/omnibot_description/prefix_override:/usr/lib/python3/dist-packages/colcon_core/task/python/colcon_distutils_commands:/home/jetson/SLAM_WS/install/omnibot_description/lib/python3.8/site-packages:${PYTHONPATH} /usr/bin/python3 -W ignore:setup.py install is deprecated -W ignore:easy_install command is deprecated setup.py egg_info --egg-base ../../build/omnibot_description build --build-base /home/jetson/SLAM_WS/build/omnibot_description/build install --record /home/jetson/SLAM_WS/build/omnibot_description/install.log --install-scripts $base/lib/omnibot_description --single-version-externally-managed install_data
