[5.802s] Invoking command in '/home/jetson/SLAM_WS/src/teleop_omni': PYTHONPATH=/home/jetson/SLAM_WS/build/teleop_omni/prefix_override:/usr/lib/python3/dist-packages/colcon_core/task/python/colcon_distutils_commands:/home/jetson/SLAM_WS/install/teleop_omni/lib/python3.8/site-packages:${PYTHONPATH} /usr/bin/python3 -W ignore:setup.py install is deprecated -W ignore:easy_install command is deprecated setup.py egg_info --egg-base ../../build/teleop_omni build --build-base /home/jetson/SLAM_WS/build/teleop_omni/build install --record /home/jetson/SLAM_WS/build/teleop_omni/install.log --single-version-externally-managed install_data
[7.050s] running egg_info
[7.059s] writing ../../build/teleop_omni/teleop_omni.egg-info/PKG-INFO
[7.060s] writing dependency_links to ../../build/teleop_omni/teleop_omni.egg-info/dependency_links.txt
[7.060s] writing entry points to ../../build/teleop_omni/teleop_omni.egg-info/entry_points.txt
[7.061s] writing requirements to ../../build/teleop_omni/teleop_omni.egg-info/requires.txt
[7.062s] writing top-level names to ../../build/teleop_omni/teleop_omni.egg-info/top_level.txt
[7.071s] reading manifest file '../../build/teleop_omni/teleop_omni.egg-info/SOURCES.txt'
[7.077s] writing manifest file '../../build/teleop_omni/teleop_omni.egg-info/SOURCES.txt'
[7.078s] running build
[7.080s] running build_py
[7.094s] copying teleop_omni/teleop_keyboard.py -> /home/jetson/SLAM_WS/build/teleop_omni/build/lib/teleop_omni
[7.095s] running install
[7.097s] running install_lib
[7.098s] copying /home/jetson/SLAM_WS/build/teleop_omni/build/lib/teleop_omni/teleop_keyboard.py -> /home/jetson/SLAM_WS/install/teleop_omni/lib/python3.8/site-packages/teleop_omni
[7.099s] byte-compiling /home/jetson/SLAM_WS/install/teleop_omni/lib/python3.8/site-packages/teleop_omni/teleop_keyboard.py to teleop_keyboard.cpython-38.pyc
[7.101s] running install_data
[7.102s] running install_egg_info
[7.115s] removing '/home/jetson/SLAM_WS/install/teleop_omni/lib/python3.8/site-packages/teleop_omni-0.0.0-py3.8.egg-info' (and everything under it)
[7.116s] Copying ../../build/teleop_omni/teleop_omni.egg-info to /home/jetson/SLAM_WS/install/teleop_omni/lib/python3.8/site-packages/teleop_omni-0.0.0-py3.8.egg-info
[7.117s] running install_scripts
[7.191s] Installing teleop_keyboard script to /home/jetson/SLAM_WS/install/teleop_omni/lib/teleop_omni
[7.193s] writing list of installed files to '/home/jetson/SLAM_WS/build/teleop_omni/install.log'
[7.342s] Invoked command in '/home/jetson/SLAM_WS/src/teleop_omni' returned '0': PYTHONPATH=/home/jetson/SLAM_WS/build/teleop_omni/prefix_override:/usr/lib/python3/dist-packages/colcon_core/task/python/colcon_distutils_commands:/home/jetson/SLAM_WS/install/teleop_omni/lib/python3.8/site-packages:${PYTHONPATH} /usr/bin/python3 -W ignore:setup.py install is deprecated -W ignore:easy_install command is deprecated setup.py egg_info --egg-base ../../build/teleop_omni build --build-base /home/jetson/SLAM_WS/build/teleop_omni/build install --record /home/jetson/SLAM_WS/build/teleop_omni/install.log --single-version-externally-managed install_data
