[2.521s] Invoking command in '/home/jetson/SLAM_WS/src/build/rplidar_ros': CMAKE_PREFIX_PATH=/home/jetson/SLAM_WS/install/teleop_omni:/home/jetson/SLAM_WS/install/omni_bot:/opt/ros/foxy:${CMAKE_PREFIX_PATH} /usr/bin/cmake /home/jetson/SLAM_WS/src/rplidar_ros -DCMAKE_INSTALL_PREFIX=/home/jetson/SLAM_WS/src/install/rplidar_ros
[3.918s] -- The C compiler identification is GNU 8.4.0
[3.920s] -- The CXX compiler identification is GNU 8.4.0
[3.920s] -- Check for working C compiler: /usr/bin/cc
[3.921s] -- Check for working C compiler: /usr/bin/cc -- works
[3.922s] -- Detecting C compiler ABI info
[4.117s] -- Detecting C compiler ABI info - done
[4.177s] -- Detecting C compile features
[4.180s] -- Detecting C compile features - done
[4.197s] -- Check for working CXX compiler: /usr/bin/c++
[4.519s] -- Check for working CXX compiler: /usr/bin/c++ -- works
[4.528s] -- Detecting CXX compiler ABI info
[4.851s] -- Detecting CXX compiler ABI info - done
[4.914s] -- Detecting CXX compile features
[4.917s] -- Detecting CXX compile features - done
[4.945s] -- Found ament_cmake: 0.9.12 (/opt/ros/foxy/share/ament_cmake/cmake)
[5.087s] -- Found PythonInterp: /usr/bin/python3 (found suitable version "3.8.10", minimum required is "3") 
[5.088s] -- Using PYTHON_EXECUTABLE: /usr/bin/python3
[6.441s] -- Found rclcpp: 2.4.3 (/opt/ros/foxy/share/rclcpp/cmake)
[6.730s] -- Using all available rosidl_typesupport_c: rosidl_typesupport_fastrtps_c;rosidl_typesupport_introspection_c
[6.776s] -- Found rosidl_adapter: 1.3.1 (/opt/ros/foxy/share/rosidl_adapter/cmake)
[7.211s] -- Found OpenSSL: /usr/lib/aarch64-linux-gnu/libcrypto.so (found version "1.1.1f")  
[7.352s] -- Found FastRTPS: /opt/ros/foxy/include  
[7.811s] -- Using all available rosidl_typesupport_cpp: rosidl_typesupport_fastrtps_cpp;rosidl_typesupport_introspection_cpp
[8.099s] -- Found rmw_implementation_cmake: 1.0.4 (/opt/ros/foxy/share/rmw_implementation_cmake/cmake)
[8.108s] -- Using RMW implementation 'rmw_fastrtps_cpp' as default
[8.113s] -- Looking for pthread.h
[8.373s] -- Looking for pthread.h - found
[8.374s] -- Performing Test CMAKE_HAVE_LIBC_PTHREAD
[8.616s] -- Performing Test CMAKE_HAVE_LIBC_PTHREAD - Failed
[8.617s] -- Looking for pthread_create in pthreads
[8.810s] -- Looking for pthread_create in pthreads - not found
[8.810s] -- Looking for pthread_create in pthread
[9.042s] -- Looking for pthread_create in pthread - found
[9.046s] -- Found Threads: TRUE  
[9.781s] -- Found sensor_msgs: 2.0.5 (/opt/ros/foxy/share/sensor_msgs/cmake)
[10.314s] -- Found std_srvs: 2.0.5 (/opt/ros/foxy/share/std_srvs/cmake)
[10.664s] -- Configuring done
[10.744s] -- Generating done
[10.777s] -- Build files have been written to: /home/jetson/SLAM_WS/src/build/rplidar_ros
[10.806s] Invoked command in '/home/jetson/SLAM_WS/src/build/rplidar_ros' returned '0': CMAKE_PREFIX_PATH=/home/jetson/SLAM_WS/install/teleop_omni:/home/jetson/SLAM_WS/install/omni_bot:/opt/ros/foxy:${CMAKE_PREFIX_PATH} /usr/bin/cmake /home/jetson/SLAM_WS/src/rplidar_ros -DCMAKE_INSTALL_PREFIX=/home/jetson/SLAM_WS/src/install/rplidar_ros
[10.815s] Invoking command in '/home/jetson/SLAM_WS/src/build/rplidar_ros': CMAKE_PREFIX_PATH=/home/jetson/SLAM_WS/install/teleop_omni:/home/jetson/SLAM_WS/install/omni_bot:/opt/ros/foxy:${CMAKE_PREFIX_PATH} /usr/bin/cmake --build /home/jetson/SLAM_WS/src/build/rplidar_ros -- -j4 -l4
[10.955s] [35m[1mScanning dependencies of target rplidar_client[0m
[10.955s] [35m[1mScanning dependencies of target rplidar_composition[0m
[10.956s] [35m[1mScanning dependencies of target rplidar_node[0m
[11.270s] [  2%] [32mBuilding CXX object CMakeFiles/rplidar_client.dir/src/rplidar_client.cpp.o[0m
[11.279s] [  5%] [32mBuilding CXX object CMakeFiles/rplidar_node.dir/src/rplidar_node.cpp.o[0m
[11.297s] [  7%] [32mBuilding CXX object CMakeFiles/rplidar_composition.dir/src/rplidar_node.cpp.o[0m
[11.303s] [ 10%] [32mBuilding CXX object CMakeFiles/rplidar_node.dir/sdk/src/arch/linux/net_serial.cpp.o[0m
[12.383s] [01m[K/home/jetson/SLAM_WS/src/rplidar_ros/sdk/src/arch/linux/net_serial.cpp:[m[K In member function ‘[01m[Kbool rp::arch::net::raw_serial::open(const char*, uint32_t, uint32_t)[m[K’:
[12.384s] [01m[K/home/jetson/SLAM_WS/src/rplidar_ros/sdk/src/arch/linux/net_serial.cpp:97:74:[m[K [01;35m[Kwarning: [m[Kunused parameter ‘[01m[Kflags[m[K’ [[01;35m[K-Wunused-parameter[m[K]
[12.385s]  bool raw_serial::open(const char * portname, uint32_t baudrate, [01;35m[Kuint32_t flags[m[K)
[12.385s]                                                                  [01;35m[K~~~~~~~~~^~~~~[m[K
[12.386s] [01m[K/home/jetson/SLAM_WS/src/rplidar_ros/sdk/src/arch/linux/net_serial.cpp:[m[K In member function ‘[01m[Kvirtual void rp::arch::net::raw_serial::flush(_u32)[m[K’:
[12.387s] [01m[K/home/jetson/SLAM_WS/src/rplidar_ros/sdk/src/arch/linux/net_serial.cpp:281:30:[m[K [01;35m[Kwarning: [m[Kunused parameter ‘[01m[Kflags[m[K’ [[01;35m[K-Wunused-parameter[m[K]
[12.387s]  void raw_serial::flush( [01;35m[K_u32 flags[m[K)
[12.387s]                          [01;35m[K~~~~~^~~~~[m[K
[12.388s] [01m[K/home/jetson/SLAM_WS/src/rplidar_ros/sdk/src/arch/linux/net_serial.cpp:[m[K In member function ‘[01m[Kvirtual int rp::arch::net::raw_serial::waitforsent(_u32, size_t*)[m[K’:
[12.388s] [01m[K/home/jetson/SLAM_WS/src/rplidar_ros/sdk/src/arch/linux/net_serial.cpp:286:34:[m[K [01;35m[Kwarning: [m[Kunused parameter ‘[01m[Ktimeout[m[K’ [[01;35m[K-Wunused-parameter[m[K]
[12.389s]  int raw_serial::waitforsent([01;35m[K_u32 timeout[m[K, size_t * returned_size)
[12.389s]                              [01;35m[K~~~~~^~~~~~~[m[K
[12.389s] [01m[K/home/jetson/SLAM_WS/src/rplidar_ros/sdk/src/arch/linux/net_serial.cpp:[m[K In member function ‘[01m[Kvirtual int rp::arch::net::raw_serial::waitforrecv(_u32, size_t*)[m[K’:
[12.390s] [01m[K/home/jetson/SLAM_WS/src/rplidar_ros/sdk/src/arch/linux/net_serial.cpp:292:34:[m[K [01;35m[Kwarning: [m[Kunused parameter ‘[01m[Ktimeout[m[K’ [[01;35m[K-Wunused-parameter[m[K]
[12.391s]  int raw_serial::waitforrecv([01;35m[K_u32 timeout[m[K, size_t * returned_size)
[12.391s]                              [01;35m[K~~~~~^~~~~~~[m[K
[12.391s] [01m[K/home/jetson/SLAM_WS/src/rplidar_ros/sdk/src/arch/linux/net_serial.cpp:[m[K In member function ‘[01m[Kvirtual void rp::arch::net::raw_serial::cancelOperation()[m[K’:
[12.392s] [01m[K/home/jetson/SLAM_WS/src/rplidar_ros/sdk/src/arch/linux/net_serial.cpp:427:5:[m[K [01;35m[Kwarning: [m[Kvalue computed is not used [[01;35m[K-Wunused-value[m[K]
[12.392s]      [01;35m[K(int)::write(_selfpipe[1], "x", 1)[m[K;
[12.393s]      [01;35m[K^~~~~~~~~~~~~~~~~~~~~~~~~~~~~~~~~~[m[K
[12.809s] [ 13%] [32mBuilding CXX object CMakeFiles/rplidar_composition.dir/sdk/src/arch/linux/net_serial.cpp.o[0m
[13.818s] [01m[K/home/jetson/SLAM_WS/src/rplidar_ros/sdk/src/arch/linux/net_serial.cpp:[m[K In member function ‘[01m[Kbool rp::arch::net::raw_serial::open(const char*, uint32_t, uint32_t)[m[K’:
[13.819s] [01m[K/home/jetson/SLAM_WS/src/rplidar_ros/sdk/src/arch/linux/net_serial.cpp:97:74:[m[K [01;35m[Kwarning: [m[Kunused parameter ‘[01m[Kflags[m[K’ [[01;35m[K-Wunused-parameter[m[K]
[13.819s]  bool raw_serial::open(const char * portname, uint32_t baudrate, [01;35m[Kuint32_t flags[m[K)
[13.820s]                                                                  [01;35m[K~~~~~~~~~^~~~~[m[K
[13.820s] [01m[K/home/jetson/SLAM_WS/src/rplidar_ros/sdk/src/arch/linux/net_serial.cpp:[m[K In member function ‘[01m[Kvirtual void rp::arch::net::raw_serial::flush(_u32)[m[K’:
[13.821s] [01m[K/home/jetson/SLAM_WS/src/rplidar_ros/sdk/src/arch/linux/net_serial.cpp:281:30:[m[K [01;35m[Kwarning: [m[Kunused parameter ‘[01m[Kflags[m[K’ [[01;35m[K-Wunused-parameter[m[K]
[13.821s]  void raw_serial::flush( [01;35m[K_u32 flags[m[K)
[13.822s]                          [01;35m[K~~~~~^~~~~[m[K
[13.823s] [01m[K/home/jetson/SLAM_WS/src/rplidar_ros/sdk/src/arch/linux/net_serial.cpp:[m[K In member function ‘[01m[Kvirtual int rp::arch::net::raw_serial::waitforsent(_u32, size_t*)[m[K’:
[13.823s] [01m[K/home/jetson/SLAM_WS/src/rplidar_ros/sdk/src/arch/linux/net_serial.cpp:286:34:[m[K [01;35m[Kwarning: [m[Kunused parameter ‘[01m[Ktimeout[m[K’ [[01;35m[K-Wunused-parameter[m[K]
[13.824s]  int raw_serial::waitforsent([01;35m[K_u32 timeout[m[K, size_t * returned_size)
[13.824s]                              [01;35m[K~~~~~^~~~~~~[m[K
[13.825s] [01m[K/home/jetson/SLAM_WS/src/rplidar_ros/sdk/src/arch/linux/net_serial.cpp:[m[K In member function ‘[01m[Kvirtual int rp::arch::net::raw_serial::waitforrecv(_u32, size_t*)[m[K’:
[13.826s] [01m[K/home/jetson/SLAM_WS/src/rplidar_ros/sdk/src/arch/linux/net_serial.cpp:292:34:[m[K [01;35m[Kwarning: [m[Kunused parameter ‘[01m[Ktimeout[m[K’ [[01;35m[K-Wunused-parameter[m[K]
[13.826s]  int raw_serial::waitforrecv([01;35m[K_u32 timeout[m[K, size_t * returned_size)
[13.827s]                              [01;35m[K~~~~~^~~~~~~[m[K
[13.827s] [01m[K/home/jetson/SLAM_WS/src/rplidar_ros/sdk/src/arch/linux/net_serial.cpp:[m[K In member function ‘[01m[Kvirtual void rp::arch::net::raw_serial::cancelOperation()[m[K’:
[13.828s] [01m[K/home/jetson/SLAM_WS/src/rplidar_ros/sdk/src/arch/linux/net_serial.cpp:427:5:[m[K [01;35m[Kwarning: [m[Kvalue computed is not used [[01;35m[K-Wunused-value[m[K]
[13.828s]      [01;35m[K(int)::write(_selfpipe[1], "x", 1)[m[K;
[13.828s]      [01;35m[K^~~~~~~~~~~~~~~~~~~~~~~~~~~~~~~~~~[m[K
[14.101s] [ 15%] [32mBuilding CXX object CMakeFiles/rplidar_composition.dir/sdk/src/arch/linux/net_socket.cpp.o[0m
[15.524s] In file included from [01m[K/home/jetson/SLAM_WS/src/rplidar_ros/sdk/include/rplidar_protocol.h:36[m[K,
[15.524s]                  from [01m[K/home/jetson/SLAM_WS/src/rplidar_ros/sdk/include/rplidar.h:39[m[K,
[15.525s]                  from [01m[K/home/jetson/SLAM_WS/src/rplidar_ros/sdk/src/sdkcommon.h:49[m[K,
[15.525s]                  from [01m[K/home/jetson/SLAM_WS/src/rplidar_ros/sdk/src/arch/linux/net_socket.cpp:10[m[K:
[15.526s] [01m[K/home/jetson/SLAM_WS/src/rplidar_ros/sdk/include/sl_lidar_protocol.h:66:17:[m[K [01;35m[Kwarning: [m[KISO C++ forbids zero-size array ‘[01m[Kdata[m[K’ [[01;35m[K-Wpedantic[m[K]
[15.526s]      sl_u8 data[0[01;35m[K][m[K;
[15.527s]                  [01;35m[K^[m[K
[15.528s] In file included from [01m[K/home/jetson/SLAM_WS/src/rplidar_ros/sdk/include/rplidar_cmd.h:36[m[K,
[15.528s]                  from [01m[K/home/jetson/SLAM_WS/src/rplidar_ros/sdk/include/rplidar.h:40[m[K,
[15.529s]                  from [01m[K/home/jetson/SLAM_WS/src/rplidar_ros/sdk/src/sdkcommon.h:49[m[K,
[15.529s]                  from [01m[K/home/jetson/SLAM_WS/src/rplidar_ros/sdk/src/arch/linux/net_socket.cpp:10[m[K:
[15.529s] [01m[K/home/jetson/SLAM_WS/src/rplidar_ros/sdk/include/sl_lidar_cmd.h:324:21:[m[K [01;35m[Kwarning: [m[KISO C++ forbids zero-size array ‘[01m[Kpayload[m[K’ [[01;35m[K-Wpedantic[m[K]
[15.530s]      sl_u8  payload[0[01;35m[K][m[K;
[15.530s]                      [01;35m[K^[m[K
[15.817s] In file included from [01m[K/home/jetson/SLAM_WS/src/rplidar_ros/sdk/src/arch/linux/arch_linux.h:42[m[K,
[15.817s]                  from [01m[K/home/jetson/SLAM_WS/src/rplidar_ros/sdk/src/sdkcommon.h:41[m[K,
[15.818s]                  from [01m[K/home/jetson/SLAM_WS/src/rplidar_ros/sdk/src/arch/linux/net_socket.cpp:10[m[K:
[15.819s] [01m[K/home/jetson/SLAM_WS/src/rplidar_ros/sdk/src/arch/linux/net_socket.cpp:[m[K In member function ‘[01m[Kvirtual u_result rp::arch::net::DGramSocketImpl::sendTo(const rp::net::SocketAddress*, const void*, size_t)[m[K’:
[15.820s] [01m[K/home/jetson/SLAM_WS/src/rplidar_ros/sdk/src/arch/linux/net_socket.cpp:733:24:[m[K [01;35m[Kwarning: [m[Kcomparison of integer expressions of different signedness: ‘[01m[Kint[m[K’ and ‘[01m[Ksize_t[m[K’ {aka ‘[01m[Klong unsigned int[m[K’} [[01;35m[K-Wsign-compare[m[K]
[15.821s]              assert([01;35m[Kans == len[m[K);
[15.822s]                     [01;35m[K~~~~^~~~~~[m[K
[16.552s] [ 18%] [32mBuilding CXX object CMakeFiles/rplidar_composition.dir/sdk/src/arch/linux/timer.cpp.o[0m
[16.916s] In file included from [01m[K/home/jetson/SLAM_WS/src/rplidar_ros/sdk/include/sl_lidar_cmd.h:41[m[K,
[16.916s]                  from [01m[K/home/jetson/SLAM_WS/src/rplidar_ros/sdk/include/sl_lidar_driver.h:54[m[K,
[16.917s]                  from [01m[K/home/jetson/SLAM_WS/src/rplidar_ros/sdk/include/sl_lidar.h:36[m[K,
[16.917s]                  from [01m[K/home/jetson/SLAM_WS/src/rplidar_ros/src/rplidar_node.cpp:38[m[K:
[16.918s] [01m[K/home/jetson/SLAM_WS/src/rplidar_ros/sdk/include/sl_lidar_protocol.h:66:17:[m[K [01;35m[Kwarning: [m[KISO C++ forbids zero-size array ‘[01m[Kdata[m[K’ [[01;35m[K-Wpedantic[m[K]
[16.919s]      sl_u8 data[0[01;35m[K][m[K;
[16.919s]                  [01;35m[K^[m[K
[16.920s] In file included from [01m[K/home/jetson/SLAM_WS/src/rplidar_ros/sdk/include/sl_lidar_driver.h:54[m[K,
[16.920s]                  from [01m[K/home/jetson/SLAM_WS/src/rplidar_ros/sdk/include/sl_lidar.h:36[m[K,
[16.921s]                  from [01m[K/home/jetson/SLAM_WS/src/rplidar_ros/src/rplidar_node.cpp:38[m[K:
[16.921s] [01m[K/home/jetson/SLAM_WS/src/rplidar_ros/sdk/include/sl_lidar_cmd.h:324:21:[m[K [01;35m[Kwarning: [m[KISO C++ forbids zero-size array ‘[01m[Kpayload[m[K’ [[01;35m[K-Wpedantic[m[K]
[16.921s]      sl_u8  payload[0[01;35m[K][m[K;
[16.922s]                      [01;35m[K^[m[K
[17.208s] In file included from [01m[K/home/jetson/SLAM_WS/src/rplidar_ros/sdk/include/sl_lidar_cmd.h:41[m[K,
[17.208s]                  from [01m[K/home/jetson/SLAM_WS/src/rplidar_ros/sdk/include/sl_lidar_driver.h:54[m[K,
[17.209s]                  from [01m[K/home/jetson/SLAM_WS/src/rplidar_ros/sdk/include/sl_lidar.h:36[m[K,
[17.210s]                  from [01m[K/home/jetson/SLAM_WS/src/rplidar_ros/src/rplidar_node.cpp:38[m[K:
[17.211s] [01m[K/home/jetson/SLAM_WS/src/rplidar_ros/sdk/include/sl_lidar_protocol.h:66:17:[m[K [01;35m[Kwarning: [m[KISO C++ forbids zero-size array ‘[01m[Kdata[m[K’ [[01;35m[K-Wpedantic[m[K]
[17.212s]      sl_u8 data[0[01;35m[K][m[K;
[17.212s]                  [01;35m[K^[m[K
[17.215s] In file included from [01m[K/home/jetson/SLAM_WS/src/rplidar_ros/sdk/include/sl_lidar_driver.h:54[m[K,
[17.216s]                  from [01m[K/home/jetson/SLAM_WS/src/rplidar_ros/sdk/include/sl_lidar.h:36[m[K,
[17.217s]                  from [01m[K/home/jetson/SLAM_WS/src/rplidar_ros/src/rplidar_node.cpp:38[m[K:
[17.217s] [01m[K/home/jetson/SLAM_WS/src/rplidar_ros/sdk/include/sl_lidar_cmd.h:324:21:[m[K [01;35m[Kwarning: [m[KISO C++ forbids zero-size array ‘[01m[Kpayload[m[K’ [[01;35m[K-Wpedantic[m[K]
[17.218s]      sl_u8  payload[0[01;35m[K][m[K;
[17.219s]                      [01;35m[K^[m[K
[17.832s] [ 21%] [32mBuilding CXX object CMakeFiles/rplidar_composition.dir/sdk/src/dataunpacker/dataunpacker.cpp.o[0m
[18.818s] In file included from [01m[K/home/jetson/SLAM_WS/src/rplidar_ros/sdk/include/rplidar_protocol.h:36[m[K,
[18.818s]                  from [01m[K/home/jetson/SLAM_WS/src/rplidar_ros/sdk/include/rplidar.h:39[m[K,
[18.819s]                  from [01m[K/home/jetson/SLAM_WS/src/rplidar_ros/sdk/src/sdkcommon.h:49[m[K,
[18.820s]                  from [01m[K/home/jetson/SLAM_WS/src/rplidar_ros/sdk/src/dataunpacker/dataunnpacker_commondef.h:41[m[K,
[18.820s]                  from [01m[K/home/jetson/SLAM_WS/src/rplidar_ros/sdk/src/dataunpacker/dataunpacker.cpp:39[m[K:
[18.821s] [01m[K/home/jetson/SLAM_WS/src/rplidar_ros/sdk/include/sl_lidar_protocol.h:66:17:[m[K [01;35m[Kwarning: [m[KISO C++ forbids zero-size array ‘[01m[Kdata[m[K’ [[01;35m[K-Wpedantic[m[K]
[18.821s]      sl_u8 data[0[01;35m[K][m[K;
[18.821s]                  [01;35m[K^[m[K
[18.823s] In file included from [01m[K/home/jetson/SLAM_WS/src/rplidar_ros/sdk/include/rplidar_cmd.h:36[m[K,
[18.823s]                  from [01m[K/home/jetson/SLAM_WS/src/rplidar_ros/sdk/include/rplidar.h:40[m[K,
[18.824s]                  from [01m[K/home/jetson/SLAM_WS/src/rplidar_ros/sdk/src/sdkcommon.h:49[m[K,
[18.824s]                  from [01m[K/home/jetson/SLAM_WS/src/rplidar_ros/sdk/src/dataunpacker/dataunnpacker_commondef.h:41[m[K,
[18.825s]                  from [01m[K/home/jetson/SLAM_WS/src/rplidar_ros/sdk/src/dataunpacker/dataunpacker.cpp:39[m[K:
[18.825s] [01m[K/home/jetson/SLAM_WS/src/rplidar_ros/sdk/include/sl_lidar_cmd.h:324:21:[m[K [01;35m[Kwarning: [m[KISO C++ forbids zero-size array ‘[01m[Kpayload[m[K’ [[01;35m[K-Wpedantic[m[K]
[18.826s]      sl_u8  payload[0[01;35m[K][m[K;
[18.826s]                      [01;35m[K^[m[K
[19.210s] In file included from [01m[K/home/jetson/SLAM_WS/src/rplidar_ros/sdk/src/dataunpacker/dataunpacker.cpp:40[m[K:
[19.211s] [01m[K/home/jetson/SLAM_WS/src/rplidar_ros/sdk/src/dataunpacker/dataunpacker.h:[m[K In member function ‘[01m[Kvirtual void sl::internal::LIDARSampleDataListener::onCustomSampleDataDecoded(_u8, _u32, const void*, size_t)[m[K’:
[19.212s] [01m[K/home/jetson/SLAM_WS/src/rplidar_ros/sdk/src/dataunpacker/dataunpacker.h:54:45:[m[K [01;35m[Kwarning: [m[Kunused parameter ‘[01m[KansType[m[K’ [[01;35m[K-Wunused-parameter[m[K]
[19.213s]   virtual void onCustomSampleDataDecoded([01;35m[K_u8 ansType[m[K, _u32 customCode, const void* data, size_t size) {}
[19.214s]                                          [01;35m[K~~~~^~~~~~~[m[K
[19.215s] [01m[K/home/jetson/SLAM_WS/src/rplidar_ros/sdk/src/dataunpacker/dataunpacker.h:54:59:[m[K [01;35m[Kwarning: [m[Kunused parameter ‘[01m[KcustomCode[m[K’ [[01;35m[K-Wunused-parameter[m[K]
[19.216s]   virtual void onCustomSampleDataDecoded(_u8 ansType, [01;35m[K_u32 customCode[m[K, const void* data, size_t size) {}
[19.216s]                                                       [01;35m[K~~~~~^~~~~~~~~~[m[K
[19.217s] [01m[K/home/jetson/SLAM_WS/src/rplidar_ros/sdk/src/dataunpacker/dataunpacker.h:54:83:[m[K [01;35m[Kwarning: [m[Kunused parameter ‘[01m[Kdata[m[K’ [[01;35m[K-Wunused-parameter[m[K]
[19.218s]   virtual void onCustomSampleDataDecoded(_u8 ansType, _u32 customCode, [01;35m[Kconst void* data[m[K, size_t size) {}
[19.219s]                                                                        [01;35m[K~~~~~~~~~~~~^~~~[m[K
[19.220s] [01m[K/home/jetson/SLAM_WS/src/rplidar_ros/sdk/src/dataunpacker/dataunpacker.h:54:96:[m[K [01;35m[Kwarning: [m[Kunused parameter ‘[01m[Ksize[m[K’ [[01;35m[K-Wunused-parameter[m[K]
[19.221s]   virtual void onCustomSampleDataDecoded(_u8 ansType, _u32 customCode, const void* data, [01;35m[Ksize_t size[m[K) {}
[19.222s]                                                                                          [01;35m[K~~~~~~~^~~~[m[K
[19.223s] [01m[K/home/jetson/SLAM_WS/src/rplidar_ros/sdk/src/dataunpacker/dataunpacker.h:[m[K In member function ‘[01m[Kvirtual void sl::internal::LIDARSampleDataListener::onDecodingError(int, _u8, const void*, size_t)[m[K’:
[19.235s] [01m[K/home/jetson/SLAM_WS/src/rplidar_ros/sdk/src/dataunpacker/dataunpacker.h:56:35:[m[K [01;35m[Kwarning: [m[Kunused parameter ‘[01m[KerrMsg[m[K’ [[01;35m[K-Wunused-parameter[m[K]
[19.235s]   virtual void onDecodingError([01;35m[Kint errMsg[m[K, _u8 ansType, const void* payload, size_t size) {}
[19.236s]                                [01;35m[K~~~~^~~~~~[m[K
[19.236s] [01m[K/home/jetson/SLAM_WS/src/rplidar_ros/sdk/src/dataunpacker/dataunpacker.h:56:47:[m[K [01;35m[Kwarning: [m[Kunused parameter ‘[01m[KansType[m[K’ [[01;35m[K-Wunused-parameter[m[K]
[19.237s]   virtual void onDecodingError(int errMsg, [01;35m[K_u8 ansType[m[K, const void* payload, size_t size) {}
[19.237s]                                            [01;35m[K~~~~^~~~~~~[m[K
[19.238s] [01m[K/home/jetson/SLAM_WS/src/rplidar_ros/sdk/src/dataunpacker/dataunpacker.h:56:68:[m[K [01;35m[Kwarning: [m[Kunused parameter ‘[01m[Kpayload[m[K’ [[01;35m[K-Wunused-parameter[m[K]
[19.238s]   virtual void onDecodingError(int errMsg, _u8 ansType, [01;35m[Kconst void* payload[m[K, size_t size) {}
[19.239s]                                                         [01;35m[K~~~~~~~~~~~~^~~~~~~[m[K
[19.239s] [01m[K/home/jetson/SLAM_WS/src/rplidar_ros/sdk/src/dataunpacker/dataunpacker.h:56:84:[m[K [01;35m[Kwarning: [m[Kunused parameter ‘[01m[Ksize[m[K’ [[01;35m[K-Wunused-parameter[m[K]
[19.240s]   virtual void onDecodingError(int errMsg, _u8 ansType, const void* payload, [01;35m[Ksize_t size[m[K) {}
[19.240s]                                                                              [01;35m[K~~~~~~~^~~~[m[K
[19.997s] [ 23%] [32mBuilding CXX object CMakeFiles/rplidar_composition.dir/sdk/src/dataunpacker/unpacker/handler_capsules.cpp.o[0m
[21.028s] In file included from [01m[K/home/jetson/SLAM_WS/src/rplidar_ros/sdk/include/rplidar_protocol.h:36[m[K,
[21.029s]                  from [01m[K/home/jetson/SLAM_WS/src/rplidar_ros/sdk/include/rplidar.h:39[m[K,
[21.030s]                  from [01m[K/home/jetson/SLAM_WS/src/rplidar_ros/sdk/src/sdkcommon.h:49[m[K,
[21.031s]                  from [01m[K/home/jetson/SLAM_WS/src/rplidar_ros/sdk/src/dataunpacker/unpacker/../dataunnpacker_commondef.h:41[m[K,
[21.032s]                  from [01m[K/home/jetson/SLAM_WS/src/rplidar_ros/sdk/src/dataunpacker/unpacker/handler_capsules.cpp:39[m[K:
[21.033s] [01m[K/home/jetson/SLAM_WS/src/rplidar_ros/sdk/include/sl_lidar_protocol.h:66:17:[m[K [01;35m[Kwarning: [m[KISO C++ forbids zero-size array ‘[01m[Kdata[m[K’ [[01;35m[K-Wpedantic[m[K]
[21.033s]      sl_u8 data[0[01;35m[K][m[K;
[21.034s]                  [01;35m[K^[m[K
[21.035s] In file included from [01m[K/home/jetson/SLAM_WS/src/rplidar_ros/sdk/include/rplidar_cmd.h:36[m[K,
[21.036s]                  from [01m[K/home/jetson/SLAM_WS/src/rplidar_ros/sdk/include/rplidar.h:40[m[K,
[21.037s]                  from [01m[K/home/jetson/SLAM_WS/src/rplidar_ros/sdk/src/sdkcommon.h:49[m[K,
[21.037s]                  from [01m[K/home/jetson/SLAM_WS/src/rplidar_ros/sdk/src/dataunpacker/unpacker/../dataunnpacker_commondef.h:41[m[K,
[21.038s]                  from [01m[K/home/jetson/SLAM_WS/src/rplidar_ros/sdk/src/dataunpacker/unpacker/handler_capsules.cpp:39[m[K:
[21.038s] [01m[K/home/jetson/SLAM_WS/src/rplidar_ros/sdk/include/sl_lidar_cmd.h:324:21:[m[K [01;35m[Kwarning: [m[KISO C++ forbids zero-size array ‘[01m[Kpayload[m[K’ [[01;35m[K-Wpedantic[m[K]
[21.039s]      sl_u8  payload[0[01;35m[K][m[K;
[21.039s]                      [01;35m[K^[m[K
[21.445s] In file included from [01m[K/home/jetson/SLAM_WS/src/rplidar_ros/sdk/src/dataunpacker/unpacker/handler_capsules.cpp:40[m[K:
[21.446s] [01m[K/home/jetson/SLAM_WS/src/rplidar_ros/sdk/src/dataunpacker/unpacker/../dataunpacker.h:[m[K In member function ‘[01m[Kvirtual void sl::internal::LIDARSampleDataListener::onCustomSampleDataDecoded(_u8, _u32, const void*, size_t)[m[K’:
[21.447s] [01m[K/home/jetson/SLAM_WS/src/rplidar_ros/sdk/src/dataunpacker/unpacker/../dataunpacker.h:54:45:[m[K [01;35m[Kwarning: [m[Kunused parameter ‘[01m[KansType[m[K’ [[01;35m[K-Wunused-parameter[m[K]
[21.447s]   virtual void onCustomSampleDataDecoded([01;35m[K_u8 ansType[m[K, _u32 customCode, const void* data, size_t size) {}
[21.448s]                                          [01;35m[K~~~~^~~~~~~[m[K
[21.448s] [01m[K/home/jetson/SLAM_WS/src/rplidar_ros/sdk/src/dataunpacker/unpacker/../dataunpacker.h:54:59:[m[K [01;35m[Kwarning: [m[Kunused parameter ‘[01m[KcustomCode[m[K’ [[01;35m[K-Wunused-parameter[m[K]
[21.449s]   virtual void onCustomSampleDataDecoded(_u8 ansType, [01;35m[K_u32 customCode[m[K, const void* data, size_t size) {}
[21.449s]                                                       [01;35m[K~~~~~^~~~~~~~~~[m[K
[21.450s] [01m[K/home/jetson/SLAM_WS/src/rplidar_ros/sdk/src/dataunpacker/unpacker/../dataunpacker.h:54:83:[m[K [01;35m[Kwarning: [m[Kunused parameter ‘[01m[Kdata[m[K’ [[01;35m[K-Wunused-parameter[m[K]
[21.450s]   virtual void onCustomSampleDataDecoded(_u8 ansType, _u32 customCode, [01;35m[Kconst void* data[m[K, size_t size) {}
[21.451s]                                                                        [01;35m[K~~~~~~~~~~~~^~~~[m[K
[21.451s] [01m[K/home/jetson/SLAM_WS/src/rplidar_ros/sdk/src/dataunpacker/unpacker/../dataunpacker.h:54:96:[m[K [01;35m[Kwarning: [m[Kunused parameter ‘[01m[Ksize[m[K’ [[01;35m[K-Wunused-parameter[m[K]
[21.452s]   virtual void onCustomSampleDataDecoded(_u8 ansType, _u32 customCode, const void* data, [01;35m[Ksize_t size[m[K) {}
[21.452s]                                                                                          [01;35m[K~~~~~~~^~~~[m[K
[21.453s] [01m[K/home/jetson/SLAM_WS/src/rplidar_ros/sdk/src/dataunpacker/unpacker/../dataunpacker.h:[m[K In member function ‘[01m[Kvirtual void sl::internal::LIDARSampleDataListener::onDecodingError(int, _u8, const void*, size_t)[m[K’:
[21.454s] [01m[K/home/jetson/SLAM_WS/src/rplidar_ros/sdk/src/dataunpacker/unpacker/../dataunpacker.h:56:35:[m[K [01;35m[Kwarning: [m[Kunused parameter ‘[01m[KerrMsg[m[K’ [[01;35m[K-Wunused-parameter[m[K]
[21.454s]   virtual void onDecodingError([01;35m[Kint errMsg[m[K, _u8 ansType, const void* payload, size_t size) {}
[21.455s]                                [01;35m[K~~~~^~~~~~[m[K
[21.455s] [01m[K/home/jetson/SLAM_WS/src/rplidar_ros/sdk/src/dataunpacker/unpacker/../dataunpacker.h:56:47:[m[K [01;35m[Kwarning: [m[Kunused parameter ‘[01m[KansType[m[K’ [[01;35m[K-Wunused-parameter[m[K]
[21.456s]   virtual void onDecodingError(int errMsg, [01;35m[K_u8 ansType[m[K, const void* payload, size_t size) {}
[21.456s]                                            [01;35m[K~~~~^~~~~~~[m[K
[21.457s] [01m[K/home/jetson/SLAM_WS/src/rplidar_ros/sdk/src/dataunpacker/unpacker/../dataunpacker.h:56:68:[m[K [01;35m[Kwarning: [m[Kunused parameter ‘[01m[Kpayload[m[K’ [[01;35m[K-Wunused-parameter[m[K]
[21.457s]   virtual void onDecodingError(int errMsg, _u8 ansType, [01;35m[Kconst void* payload[m[K, size_t size) {}
[21.457s]                                                         [01;35m[K~~~~~~~~~~~~^~~~~~~[m[K
[21.458s] [01m[K/home/jetson/SLAM_WS/src/rplidar_ros/sdk/src/dataunpacker/unpacker/../dataunpacker.h:56:84:[m[K [01;35m[Kwarning: [m[Kunused parameter ‘[01m[Ksize[m[K’ [[01;35m[K-Wunused-parameter[m[K]
[21.471s]   virtual void onDecodingError(int errMsg, _u8 ansType, const void* payload, [01;35m[Ksize_t size[m[K) {}
[21.471s]                                                                              [01;35m[K~~~~~~~^~~~[m[K
[21.484s] [01m[K/home/jetson/SLAM_WS/src/rplidar_ros/sdk/src/dataunpacker/unpacker/handler_capsules.cpp:[m[K In member function ‘[01m[Kvoid sl::internal::unpacker::UnpackerHandler_DenseCapsuleNode::_onScanNodeDenseCapsuleData(rplidar_response_dense_capsule_measurement_nodes_t&, sl::internal::LIDARSampleDataUnpackerInner*)[m[K’:
[21.485s] [01m[K/home/jetson/SLAM_WS/src/rplidar_ros/sdk/src/dataunpacker/unpacker/handler_capsules.cpp:763:108:[m[K [01;35m[Kwarning: [m[Ktype qualifiers ignored on cast result type [[01;35m[K-Wignored-qualifiers[m[K]
[21.486s]              const int dist = static_cast<const int>(_cached_previous_dense_capsuledata.cabins[pos].distance[01;35m[K)[m[K;
[21.486s]                                                                                                             [01;35m[K^[m[K
[22.032s] [ 26%] [32mBuilding CXX object CMakeFiles/rplidar_composition.dir/sdk/src/dataunpacker/unpacker/handler_hqnode.cpp.o[0m
[23.103s] In file included from [01m[K/home/jetson/SLAM_WS/src/rplidar_ros/sdk/include/rplidar_protocol.h:36[m[K,
[23.104s]                  from [01m[K/home/jetson/SLAM_WS/src/rplidar_ros/sdk/include/rplidar.h:39[m[K,
[23.105s]                  from [01m[K/home/jetson/SLAM_WS/src/rplidar_ros/sdk/src/sdkcommon.h:49[m[K,
[23.106s]                  from [01m[K/home/jetson/SLAM_WS/src/rplidar_ros/sdk/src/dataunpacker/unpacker/../dataunnpacker_commondef.h:41[m[K,
[23.107s]                  from [01m[K/home/jetson/SLAM_WS/src/rplidar_ros/sdk/src/dataunpacker/unpacker/handler_hqnode.cpp:39[m[K:
[23.108s] [01m[K/home/jetson/SLAM_WS/src/rplidar_ros/sdk/include/sl_lidar_protocol.h:66:17:[m[K [01;35m[Kwarning: [m[KISO C++ forbids zero-size array ‘[01m[Kdata[m[K’ [[01;35m[K-Wpedantic[m[K]
[23.109s]      sl_u8 data[0[01;35m[K][m[K;
[23.109s]                  [01;35m[K^[m[K
[23.113s] In file included from [01m[K/home/jetson/SLAM_WS/src/rplidar_ros/sdk/include/rplidar_cmd.h:36[m[K,
[23.113s]                  from [01m[K/home/jetson/SLAM_WS/src/rplidar_ros/sdk/include/rplidar.h:40[m[K,
[23.114s]                  from [01m[K/home/jetson/SLAM_WS/src/rplidar_ros/sdk/src/sdkcommon.h:49[m[K,
[23.115s]                  from [01m[K/home/jetson/SLAM_WS/src/rplidar_ros/sdk/src/dataunpacker/unpacker/../dataunnpacker_commondef.h:41[m[K,
[23.116s]                  from [01m[K/home/jetson/SLAM_WS/src/rplidar_ros/sdk/src/dataunpacker/unpacker/handler_hqnode.cpp:39[m[K:
[23.117s] [01m[K/home/jetson/SLAM_WS/src/rplidar_ros/sdk/include/sl_lidar_cmd.h:324:21:[m[K [01;35m[Kwarning: [m[KISO C++ forbids zero-size array ‘[01m[Kpayload[m[K’ [[01;35m[K-Wpedantic[m[K]
[23.118s]      sl_u8  payload[0[01;35m[K][m[K;
[23.118s]                      [01;35m[K^[m[K
[23.547s] In file included from [01m[K/home/jetson/SLAM_WS/src/rplidar_ros/sdk/src/dataunpacker/unpacker/handler_hqnode.cpp:40[m[K:
[23.547s] [01m[K/home/jetson/SLAM_WS/src/rplidar_ros/sdk/src/dataunpacker/unpacker/../dataunpacker.h:[m[K In member function ‘[01m[Kvirtual void sl::internal::LIDARSampleDataListener::onCustomSampleDataDecoded(_u8, _u32, const void*, size_t)[m[K’:
[23.548s] [01m[K/home/jetson/SLAM_WS/src/rplidar_ros/sdk/src/dataunpacker/unpacker/../dataunpacker.h:54:45:[m[K [01;35m[Kwarning: [m[Kunused parameter ‘[01m[KansType[m[K’ [[01;35m[K-Wunused-parameter[m[K]
[23.548s]   virtual void onCustomSampleDataDecoded([01;35m[K_u8 ansType[m[K, _u32 customCode, const void* data, size_t size) {}
[23.549s]                                          [01;35m[K~~~~^~~~~~~[m[K
[23.550s] [01m[K/home/jetson/SLAM_WS/src/rplidar_ros/sdk/src/dataunpacker/unpacker/../dataunpacker.h:54:59:[m[K [01;35m[Kwarning: [m[Kunused parameter ‘[01m[KcustomCode[m[K’ [[01;35m[K-Wunused-parameter[m[K]
[23.551s]   virtual void onCustomSampleDataDecoded(_u8 ansType, [01;35m[K_u32 customCode[m[K, const void* data, size_t size) {}
[23.551s]                                                       [01;35m[K~~~~~^~~~~~~~~~[m[K
[23.552s] [01m[K/home/jetson/SLAM_WS/src/rplidar_ros/sdk/src/dataunpacker/unpacker/../dataunpacker.h:54:83:[m[K [01;35m[Kwarning: [m[Kunused parameter ‘[01m[Kdata[m[K’ [[01;35m[K-Wunused-parameter[m[K]
[23.552s]   virtual void onCustomSampleDataDecoded(_u8 ansType, _u32 customCode, [01;35m[Kconst void* data[m[K, size_t size) {}
[23.553s]                                                                        [01;35m[K~~~~~~~~~~~~^~~~[m[K
[23.553s] [01m[K/home/jetson/SLAM_WS/src/rplidar_ros/sdk/src/dataunpacker/unpacker/../dataunpacker.h:54:96:[m[K [01;35m[Kwarning: [m[Kunused parameter ‘[01m[Ksize[m[K’ [[01;35m[K-Wunused-parameter[m[K]
[23.554s]   virtual void onCustomSampleDataDecoded(_u8 ansType, _u32 customCode, const void* data, [01;35m[Ksize_t size[m[K) {}
[23.554s]                                                                                          [01;35m[K~~~~~~~^~~~[m[K
[23.555s] [01m[K/home/jetson/SLAM_WS/src/rplidar_ros/sdk/src/dataunpacker/unpacker/../dataunpacker.h:[m[K In member function ‘[01m[Kvirtual void sl::internal::LIDARSampleDataListener::onDecodingError(int, _u8, const void*, size_t)[m[K’:
[23.555s] [01m[K/home/jetson/SLAM_WS/src/rplidar_ros/sdk/src/dataunpacker/unpacker/../dataunpacker.h:56:35:[m[K [01;35m[Kwarning: [m[Kunused parameter ‘[01m[KerrMsg[m[K’ [[01;35m[K-Wunused-parameter[m[K]
[23.556s]   virtual void onDecodingError([01;35m[Kint errMsg[m[K, _u8 ansType, const void* payload, size_t size) {}
[23.556s]                                [01;35m[K~~~~^~~~~~[m[K
[23.557s] [01m[K/home/jetson/SLAM_WS/src/rplidar_ros/sdk/src/dataunpacker/unpacker/../dataunpacker.h:56:47:[m[K [01;35m[Kwarning: [m[Kunused parameter ‘[01m[KansType[m[K’ [[01;35m[K-Wunused-parameter[m[K]
[23.557s]   virtual void onDecodingError(int errMsg, [01;35m[K_u8 ansType[m[K, const void* payload, size_t size) {}
[23.558s]                                            [01;35m[K~~~~^~~~~~~[m[K
[23.558s] [01m[K/home/jetson/SLAM_WS/src/rplidar_ros/sdk/src/dataunpacker/unpacker/../dataunpacker.h:56:68:[m[K [01;35m[Kwarning: [m[Kunused parameter ‘[01m[Kpayload[m[K’ [[01;35m[K-Wunused-parameter[m[K]
[23.559s]   virtual void onDecodingError(int errMsg, _u8 ansType, [01;35m[Kconst void* payload[m[K, size_t size) {}
[23.559s]                                                         [01;35m[K~~~~~~~~~~~~^~~~~~~[m[K
[23.560s] [01m[K/home/jetson/SLAM_WS/src/rplidar_ros/sdk/src/dataunpacker/unpacker/../dataunpacker.h:56:84:[m[K [01;35m[Kwarning: [m[Kunused parameter ‘[01m[Ksize[m[K’ [[01;35m[K-Wunused-parameter[m[K]
[23.560s]   virtual void onDecodingError(int errMsg, _u8 ansType, const void* payload, [01;35m[Ksize_t size[m[K) {}
[23.561s]                                                                              [01;35m[K~~~~~~~^~~~[m[K
[23.944s] [ 28%] [32mBuilding CXX object CMakeFiles/rplidar_composition.dir/sdk/src/dataunpacker/unpacker/handler_normalnode.cpp.o[0m
[25.016s] In file included from [01m[K/home/jetson/SLAM_WS/src/rplidar_ros/sdk/include/rplidar_protocol.h:36[m[K,
[25.017s]                  from [01m[K/home/jetson/SLAM_WS/src/rplidar_ros/sdk/include/rplidar.h:39[m[K,
[25.018s]                  from [01m[K/home/jetson/SLAM_WS/src/rplidar_ros/sdk/src/sdkcommon.h:49[m[K,
[25.019s]                  from [01m[K/home/jetson/SLAM_WS/src/rplidar_ros/sdk/src/dataunpacker/unpacker/../dataunnpacker_commondef.h:41[m[K,
[25.019s]                  from [01m[K/home/jetson/SLAM_WS/src/rplidar_ros/sdk/src/dataunpacker/unpacker/handler_normalnode.cpp:39[m[K:
[25.020s] [01m[K/home/jetson/SLAM_WS/src/rplidar_ros/sdk/include/sl_lidar_protocol.h:66:17:[m[K [01;35m[Kwarning: [m[KISO C++ forbids zero-size array ‘[01m[Kdata[m[K’ [[01;35m[K-Wpedantic[m[K]
[25.021s]      sl_u8 data[0[01;35m[K][m[K;
[25.022s]                  [01;35m[K^[m[K
[25.025s] In file included from [01m[K/home/jetson/SLAM_WS/src/rplidar_ros/sdk/include/rplidar_cmd.h:36[m[K,
[25.026s]                  from [01m[K/home/jetson/SLAM_WS/src/rplidar_ros/sdk/include/rplidar.h:40[m[K,
[25.027s]                  from [01m[K/home/jetson/SLAM_WS/src/rplidar_ros/sdk/src/sdkcommon.h:49[m[K,
[25.028s]                  from [01m[K/home/jetson/SLAM_WS/src/rplidar_ros/sdk/src/dataunpacker/unpacker/../dataunnpacker_commondef.h:41[m[K,
[25.028s]                  from [01m[K/home/jetson/SLAM_WS/src/rplidar_ros/sdk/src/dataunpacker/unpacker/handler_normalnode.cpp:39[m[K:
[25.029s] [01m[K/home/jetson/SLAM_WS/src/rplidar_ros/sdk/include/sl_lidar_cmd.h:324:21:[m[K [01;35m[Kwarning: [m[KISO C++ forbids zero-size array ‘[01m[Kpayload[m[K’ [[01;35m[K-Wpedantic[m[K]
[25.030s]      sl_u8  payload[0[01;35m[K][m[K;
[25.031s]                      [01;35m[K^[m[K
[25.448s] In file included from [01m[K/home/jetson/SLAM_WS/src/rplidar_ros/sdk/src/dataunpacker/unpacker/handler_normalnode.cpp:40[m[K:
[25.448s] [01m[K/home/jetson/SLAM_WS/src/rplidar_ros/sdk/src/dataunpacker/unpacker/../dataunpacker.h:[m[K In member function ‘[01m[Kvirtual void sl::internal::LIDARSampleDataListener::onCustomSampleDataDecoded(_u8, _u32, const void*, size_t)[m[K’:
[25.449s] [01m[K/home/jetson/SLAM_WS/src/rplidar_ros/sdk/src/dataunpacker/unpacker/../dataunpacker.h:54:45:[m[K [01;35m[Kwarning: [m[Kunused parameter ‘[01m[KansType[m[K’ [[01;35m[K-Wunused-parameter[m[K]
[25.450s]   virtual void onCustomSampleDataDecoded([01;35m[K_u8 ansType[m[K, _u32 customCode, const void* data, size_t size) {}
[25.450s]                                          [01;35m[K~~~~^~~~~~~[m[K
[25.451s] [01m[K/home/jetson/SLAM_WS/src/rplidar_ros/sdk/src/dataunpacker/unpacker/../dataunpacker.h:54:59:[m[K [01;35m[Kwarning: [m[Kunused parameter ‘[01m[KcustomCode[m[K’ [[01;35m[K-Wunused-parameter[m[K]
[25.451s]   virtual void onCustomSampleDataDecoded(_u8 ansType, [01;35m[K_u32 customCode[m[K, const void* data, size_t size) {}
[25.452s]                                                       [01;35m[K~~~~~^~~~~~~~~~[m[K
[25.452s] [01m[K/home/jetson/SLAM_WS/src/rplidar_ros/sdk/src/dataunpacker/unpacker/../dataunpacker.h:54:83:[m[K [01;35m[Kwarning: [m[Kunused parameter ‘[01m[Kdata[m[K’ [[01;35m[K-Wunused-parameter[m[K]
[25.452s]   virtual void onCustomSampleDataDecoded(_u8 ansType, _u32 customCode, [01;35m[Kconst void* data[m[K, size_t size) {}
[25.453s]                                                                        [01;35m[K~~~~~~~~~~~~^~~~[m[K
[25.453s] [01m[K/home/jetson/SLAM_WS/src/rplidar_ros/sdk/src/dataunpacker/unpacker/../dataunpacker.h:54:96:[m[K [01;35m[Kwarning: [m[Kunused parameter ‘[01m[Ksize[m[K’ [[01;35m[K-Wunused-parameter[m[K]
[25.454s]   virtual void onCustomSampleDataDecoded(_u8 ansType, _u32 customCode, const void* data, [01;35m[Ksize_t size[m[K) {}
[25.454s]                                                                                          [01;35m[K~~~~~~~^~~~[m[K
[25.455s] [01m[K/home/jetson/SLAM_WS/src/rplidar_ros/sdk/src/dataunpacker/unpacker/../dataunpacker.h:[m[K In member function ‘[01m[Kvirtual void sl::internal::LIDARSampleDataListener::onDecodingError(int, _u8, const void*, size_t)[m[K’:
[25.455s] [01m[K/home/jetson/SLAM_WS/src/rplidar_ros/sdk/src/dataunpacker/unpacker/../dataunpacker.h:56:35:[m[K [01;35m[Kwarning: [m[Kunused parameter ‘[01m[KerrMsg[m[K’ [[01;35m[K-Wunused-parameter[m[K]
[25.456s]   virtual void onDecodingError([01;35m[Kint errMsg[m[K, _u8 ansType, const void* payload, size_t size) {}
[25.457s]                                [01;35m[K~~~~^~~~~~[m[K
[25.457s] [01m[K/home/jetson/SLAM_WS/src/rplidar_ros/sdk/src/dataunpacker/unpacker/../dataunpacker.h:56:47:[m[K [01;35m[Kwarning: [m[Kunused parameter ‘[01m[KansType[m[K’ [[01;35m[K-Wunused-parameter[m[K]
[25.458s]   virtual void onDecodingError(int errMsg, [01;35m[K_u8 ansType[m[K, const void* payload, size_t size) {}
[25.470s]                                            [01;35m[K~~~~^~~~~~~[m[K
[25.471s] [01m[K/home/jetson/SLAM_WS/src/rplidar_ros/sdk/src/dataunpacker/unpacker/../dataunpacker.h:56:68:[m[K [01;35m[Kwarning: [m[Kunused parameter ‘[01m[Kpayload[m[K’ [[01;35m[K-Wunused-parameter[m[K]
[25.471s]   virtual void onDecodingError(int errMsg, _u8 ansType, [01;35m[Kconst void* payload[m[K, size_t size) {}
[25.472s]                                                         [01;35m[K~~~~~~~~~~~~^~~~~~~[m[K
[25.472s] [01m[K/home/jetson/SLAM_WS/src/rplidar_ros/sdk/src/dataunpacker/unpacker/../dataunpacker.h:56:84:[m[K [01;35m[Kwarning: [m[Kunused parameter ‘[01m[Ksize[m[K’ [[01;35m[K-Wunused-parameter[m[K]
[25.473s]   virtual void onDecodingError(int errMsg, _u8 ansType, const void* payload, [01;35m[Ksize_t size[m[K) {}
[25.473s]                                                                              [01;35m[K~~~~~~~^~~~[m[K
[25.822s] [ 31%] [32mBuilding CXX object CMakeFiles/rplidar_composition.dir/sdk/src/hal/thread.cpp.o[0m
[26.240s] [ 34%] [32mBuilding CXX object CMakeFiles/rplidar_node.dir/sdk/src/arch/linux/net_socket.cpp.o[0m
[26.547s] [ 36%] [32mBuilding CXX object CMakeFiles/rplidar_node.dir/sdk/src/arch/linux/timer.cpp.o[0m
[26.845s] In file included from [01m[K/home/jetson/SLAM_WS/src/rplidar_ros/sdk/include/rplidar_protocol.h:36[m[K,
[26.846s]                  from [01m[K/home/jetson/SLAM_WS/src/rplidar_ros/sdk/include/rplidar.h:39[m[K,
[26.846s]                  from [01m[K/home/jetson/SLAM_WS/src/rplidar_ros/sdk/src/sdkcommon.h:49[m[K,
[26.847s]                  from [01m[K/home/jetson/SLAM_WS/src/rplidar_ros/sdk/src/hal/thread.cpp:35[m[K:
[26.847s] [01m[K/home/jetson/SLAM_WS/src/rplidar_ros/sdk/include/sl_lidar_protocol.h:66:17:[m[K [01;35m[Kwarning: [m[KISO C++ forbids zero-size array ‘[01m[Kdata[m[K’ [[01;35m[K-Wpedantic[m[K]
[26.848s]      sl_u8 data[0[01;35m[K][m[K;
[26.848s]                  [01;35m[K^[m[K
[26.849s] In file included from [01m[K/home/jetson/SLAM_WS/src/rplidar_ros/sdk/include/rplidar_cmd.h:36[m[K,
[26.850s]                  from [01m[K/home/jetson/SLAM_WS/src/rplidar_ros/sdk/include/rplidar.h:40[m[K,
[26.850s]                  from [01m[K/home/jetson/SLAM_WS/src/rplidar_ros/sdk/src/sdkcommon.h:49[m[K,
[26.851s]                  from [01m[K/home/jetson/SLAM_WS/src/rplidar_ros/sdk/src/hal/thread.cpp:35[m[K:
[26.851s] [01m[K/home/jetson/SLAM_WS/src/rplidar_ros/sdk/include/sl_lidar_cmd.h:324:21:[m[K [01;35m[Kwarning: [m[KISO C++ forbids zero-size array ‘[01m[Kpayload[m[K’ [[01;35m[K-Wpedantic[m[K]
[26.852s]      sl_u8  payload[0[01;35m[K][m[K;
[26.852s]                      [01;35m[K^[m[K
[26.997s] In file included from [01m[K/home/jetson/SLAM_WS/src/rplidar_ros/sdk/src/hal/thread.cpp:43[m[K:
[26.998s] [01m[K/home/jetson/SLAM_WS/src/rplidar_ros/sdk/src/arch/linux/thread.hpp:[m[K In static member function ‘[01m[Kstatic rp::hal::Thread rp::hal::Thread::create(thread_proc_t, void*)[m[K’:
[26.999s] [01m[K/home/jetson/SLAM_WS/src/rplidar_ros/sdk/src/arch/linux/thread.hpp:52:77:[m[K [01;35m[Kwarning: [m[Kcast between incompatible function types from ‘[01m[Kthread_proc_t[m[K’ {aka ‘[01m[Klong unsigned int (*)(void*)[m[K’} to ‘[01m[Kvoid* (*)(void*)[m[K’ [[01;35m[K-Wcast-function-type[m[K]
[26.999s]      pthread_create((pthread_t *)&newborn._handle, NULL, (void * (*)(void *))[01;35m[Kproc[m[K, data);
[27.000s]                                                                              [01;35m[K^~~~[m[K
[27.004s] [01m[K/home/jetson/SLAM_WS/src/rplidar_ros/sdk/src/arch/linux/thread.hpp:[m[K In member function ‘[01m[Ku_result rp::hal::Thread::join(long unsigned int)[m[K’:
[27.005s] [01m[K/home/jetson/SLAM_WS/src/rplidar_ros/sdk/src/arch/linux/thread.hpp:176:37:[m[K [01;35m[Kwarning: [m[Kunused parameter ‘[01m[Ktimeout[m[K’ [[01;35m[K-Wunused-parameter[m[K]
[27.006s]  u_result Thread::join([01;35m[Kunsigned long timeout[m[K)
[27.007s]                        [01;35m[K~~~~~~~~~~~~~~^~~~~~~[m[K
[27.217s] [ 39%] [32mBuilding CXX object CMakeFiles/rplidar_composition.dir/sdk/src/rplidar_driver.cpp.o[0m
[27.277s] In file included from [01m[K/home/jetson/SLAM_WS/src/rplidar_ros/sdk/include/rplidar_protocol.h:36[m[K,
[27.277s]                  from [01m[K/home/jetson/SLAM_WS/src/rplidar_ros/sdk/include/rplidar.h:39[m[K,
[27.278s]                  from [01m[K/home/jetson/SLAM_WS/src/rplidar_ros/sdk/src/sdkcommon.h:49[m[K,
[27.279s]                  from [01m[K/home/jetson/SLAM_WS/src/rplidar_ros/sdk/src/arch/linux/net_socket.cpp:10[m[K:
[27.279s] [01m[K/home/jetson/SLAM_WS/src/rplidar_ros/sdk/include/sl_lidar_protocol.h:66:17:[m[K [01;35m[Kwarning: [m[KISO C++ forbids zero-size array ‘[01m[Kdata[m[K’ [[01;35m[K-Wpedantic[m[K]
[27.280s]      sl_u8 data[0[01;35m[K][m[K;
[27.280s]                  [01;35m[K^[m[K
[27.283s] In file included from [01m[K/home/jetson/SLAM_WS/src/rplidar_ros/sdk/include/rplidar_cmd.h:36[m[K,
[27.284s]                  from [01m[K/home/jetson/SLAM_WS/src/rplidar_ros/sdk/include/rplidar.h:40[m[K,
[27.284s]                  from [01m[K/home/jetson/SLAM_WS/src/rplidar_ros/sdk/src/sdkcommon.h:49[m[K,
[27.285s]                  from [01m[K/home/jetson/SLAM_WS/src/rplidar_ros/sdk/src/arch/linux/net_socket.cpp:10[m[K:
[27.286s] [01m[K/home/jetson/SLAM_WS/src/rplidar_ros/sdk/include/sl_lidar_cmd.h:324:21:[m[K [01;35m[Kwarning: [m[KISO C++ forbids zero-size array ‘[01m[Kpayload[m[K’ [[01;35m[K-Wpedantic[m[K]
[27.287s]      sl_u8  payload[0[01;35m[K][m[K;
[27.288s]                      [01;35m[K^[m[K
[27.490s] In file included from [01m[K/home/jetson/SLAM_WS/src/rplidar_ros/sdk/src/arch/linux/arch_linux.h:42[m[K,
[27.491s]                  from [01m[K/home/jetson/SLAM_WS/src/rplidar_ros/sdk/src/sdkcommon.h:41[m[K,
[27.492s]                  from [01m[K/home/jetson/SLAM_WS/src/rplidar_ros/sdk/src/arch/linux/net_socket.cpp:10[m[K:
[27.493s] [01m[K/home/jetson/SLAM_WS/src/rplidar_ros/sdk/src/arch/linux/net_socket.cpp:[m[K In member function ‘[01m[Kvirtual u_result rp::arch::net::DGramSocketImpl::sendTo(const rp::net::SocketAddress*, const void*, size_t)[m[K’:
[27.494s] [01m[K/home/jetson/SLAM_WS/src/rplidar_ros/sdk/src/arch/linux/net_socket.cpp:733:24:[m[K [01;35m[Kwarning: [m[Kcomparison of integer expressions of different signedness: ‘[01m[Kint[m[K’ and ‘[01m[Ksize_t[m[K’ {aka ‘[01m[Klong unsigned int[m[K’} [[01;35m[K-Wsign-compare[m[K]
[27.495s]              assert([01;35m[Kans == len[m[K);
[27.496s]                     [01;35m[K~~~~^~~~~~[m[K
[27.636s] [ 42%] [32mBuilding CXX object CMakeFiles/rplidar_composition.dir/sdk/src/sl_async_transceiver.cpp.o[0m
[28.018s] [ 44%] [32mBuilding CXX object CMakeFiles/rplidar_node.dir/sdk/src/dataunpacker/dataunpacker.cpp.o[0m
[28.245s] In file included from [01m[K/home/jetson/SLAM_WS/src/rplidar_ros/sdk/include/rplidar_protocol.h:36[m[K,
[28.246s]                  from [01m[K/home/jetson/SLAM_WS/src/rplidar_ros/sdk/include/rplidar.h:39[m[K,
[28.246s]                  from [01m[K/home/jetson/SLAM_WS/src/rplidar_ros/sdk/src/sdkcommon.h:49[m[K,
[28.247s]                  from [01m[K/home/jetson/SLAM_WS/src/rplidar_ros/sdk/src/rplidar_driver.cpp:33[m[K:
[28.248s] [01m[K/home/jetson/SLAM_WS/src/rplidar_ros/sdk/include/sl_lidar_protocol.h:66:17:[m[K [01;35m[Kwarning: [m[KISO C++ forbids zero-size array ‘[01m[Kdata[m[K’ [[01;35m[K-Wpedantic[m[K]
[28.249s]      sl_u8 data[0[01;35m[K][m[K;
[28.250s]                  [01;35m[K^[m[K
[28.253s] In file included from [01m[K/home/jetson/SLAM_WS/src/rplidar_ros/sdk/include/rplidar_cmd.h:36[m[K,
[28.254s]                  from [01m[K/home/jetson/SLAM_WS/src/rplidar_ros/sdk/include/rplidar.h:40[m[K,
[28.255s]                  from [01m[K/home/jetson/SLAM_WS/src/rplidar_ros/sdk/src/sdkcommon.h:49[m[K,
[28.256s]                  from [01m[K/home/jetson/SLAM_WS/src/rplidar_ros/sdk/src/rplidar_driver.cpp:33[m[K:
[28.257s] [01m[K/home/jetson/SLAM_WS/src/rplidar_ros/sdk/include/sl_lidar_cmd.h:324:21:[m[K [01;35m[Kwarning: [m[KISO C++ forbids zero-size array ‘[01m[Kpayload[m[K’ [[01;35m[K-Wpedantic[m[K]
[28.258s]      sl_u8  payload[0[01;35m[K][m[K;
[28.259s]                      [01;35m[K^[m[K
[28.516s] [01m[K/home/jetson/SLAM_WS/src/rplidar_ros/sdk/src/rplidar_driver.cpp:[m[K In member function ‘[01m[Ku_result rp::standalone::rplidar::RPlidarDriver::connect(const char*, _u32, _u32)[m[K’:
[28.517s] [01m[K/home/jetson/SLAM_WS/src/rplidar_ros/sdk/src/rplidar_driver.cpp:67:77:[m[K [01;35m[Kwarning: [m[Kunused parameter ‘[01m[Kflag[m[K’ [[01;35m[K-Wunused-parameter[m[K]
[28.518s]      u_result RPlidarDriver::connect(const char *path, _u32 portOrBaud, [01;35m[K_u32 flag[m[K)
[28.519s]                                                                         [01;35m[K~~~~~^~~~[m[K
[28.520s] [01m[K/home/jetson/SLAM_WS/src/rplidar_ros/sdk/src/rplidar_driver.cpp:[m[K In member function ‘[01m[Ku_result rp::standalone::rplidar::RPlidarDriver::reset(_u32)[m[K’:
[28.521s] [01m[K/home/jetson/SLAM_WS/src/rplidar_ros/sdk/src/rplidar_driver.cpp:101:40:[m[K [01;35m[Kwarning: [m[Kunused parameter ‘[01m[Ktimeout[m[K’ [[01;35m[K-Wunused-parameter[m[K]
[28.522s]      u_result RPlidarDriver::reset([01;35m[K_u32 timeout[m[K)
[28.523s]                                    [01;35m[K~~~~~^~~~~~~[m[K
[28.527s] [01m[K/home/jetson/SLAM_WS/src/rplidar_ros/sdk/src/rplidar_driver.cpp:[m[K In member function ‘[01m[Ku_result rp::standalone::rplidar::RPlidarDriver::getScanDataWithInterval(rplidar_response_measurement_node_t*, size_t&)[m[K’:
[28.528s] [01m[K/home/jetson/SLAM_WS/src/rplidar_ros/sdk/src/rplidar_driver.cpp:180:91:[m[K [01;35m[Kwarning: [m[Kunused parameter ‘[01m[Knodebuffer[m[K’ [[01;35m[K-Wunused-parameter[m[K]
[28.529s]      u_result RPlidarDriver::getScanDataWithInterval([01;35m[Krplidar_response_measurement_node_t * nodebuffer[m[K, size_t & count)
[28.530s]                                                      [01;35m[K~~~~~~~~~~~~~~~~~~~~~~~~~~~~~~~~~~~~~~^~~~~~~~~~[m[K
[28.531s] [01m[K/home/jetson/SLAM_WS/src/rplidar_ros/sdk/src/rplidar_driver.cpp:180:112:[m[K [01;35m[Kwarning: [m[Kunused parameter ‘[01m[Kcount[m[K’ [[01;35m[K-Wunused-parameter[m[K]
[28.532s]      u_result RPlidarDriver::getScanDataWithInterval(rplidar_response_measurement_node_t * nodebuffer, [01;35m[Ksize_t & count[m[K)
[28.532s]                                                                                                        [01;35m[K~~~~~~~~~^~~~~[m[K
[28.675s] In file included from [01m[K/home/jetson/SLAM_WS/src/rplidar_ros/sdk/include/rplidar_protocol.h:36[m[K,
[28.676s]                  from [01m[K/home/jetson/SLAM_WS/src/rplidar_ros/sdk/include/rplidar.h:39[m[K,
[28.677s]                  from [01m[K/home/jetson/SLAM_WS/src/rplidar_ros/sdk/src/sdkcommon.h:49[m[K,
[28.677s]                  from [01m[K/home/jetson/SLAM_WS/src/rplidar_ros/sdk/src/sl_async_transceiver.cpp:35[m[K:
[28.678s] [01m[K/home/jetson/SLAM_WS/src/rplidar_ros/sdk/include/sl_lidar_protocol.h:66:17:[m[K [01;35m[Kwarning: [m[KISO C++ forbids zero-size array ‘[01m[Kdata[m[K’ [[01;35m[K-Wpedantic[m[K]
[28.679s]      sl_u8 data[0[01;35m[K][m[K;
[28.680s]                  [01;35m[K^[m[K
[28.683s] In file included from [01m[K/home/jetson/SLAM_WS/src/rplidar_ros/sdk/include/rplidar_cmd.h:36[m[K,
[28.684s]                  from [01m[K/home/jetson/SLAM_WS/src/rplidar_ros/sdk/include/rplidar.h:40[m[K,
[28.685s]                  from [01m[K/home/jetson/SLAM_WS/src/rplidar_ros/sdk/src/sdkcommon.h:49[m[K,
[28.686s]                  from [01m[K/home/jetson/SLAM_WS/src/rplidar_ros/sdk/src/sl_async_transceiver.cpp:35[m[K:
[28.687s] [01m[K/home/jetson/SLAM_WS/src/rplidar_ros/sdk/include/sl_lidar_cmd.h:324:21:[m[K [01;35m[Kwarning: [m[KISO C++ forbids zero-size array ‘[01m[Kpayload[m[K’ [[01;35m[K-Wpedantic[m[K]
[28.687s]      sl_u8  payload[0[01;35m[K][m[K;
[28.688s]                      [01;35m[K^[m[K
[28.801s] [ 47%] [32mBuilding CXX object CMakeFiles/rplidar_composition.dir/sdk/src/sl_crc.cpp.o[0m
[28.843s] In file included from [01m[K/home/jetson/SLAM_WS/src/rplidar_ros/sdk/include/sl_lidar_cmd.h:41[m[K,
[28.843s]                  from [01m[K/home/jetson/SLAM_WS/src/rplidar_ros/sdk/include/sl_crc.h:36[m[K,
[28.844s]                  from [01m[K/home/jetson/SLAM_WS/src/rplidar_ros/sdk/src/sl_crc.cpp:33[m[K:
[28.844s] [01m[K/home/jetson/SLAM_WS/src/rplidar_ros/sdk/include/sl_lidar_protocol.h:66:17:[m[K [01;35m[Kwarning: [m[KISO C++ forbids zero-size array ‘[01m[Kdata[m[K’ [[01;35m[K-Wpedantic[m[K]
[28.845s]      sl_u8 data[0[01;35m[K][m[K;
[28.845s]                  [01;35m[K^[m[K
[28.846s] In file included from [01m[K/home/jetson/SLAM_WS/src/rplidar_ros/sdk/include/sl_crc.h:36[m[K,
[28.847s]                  from [01m[K/home/jetson/SLAM_WS/src/rplidar_ros/sdk/src/sl_crc.cpp:33[m[K:
[28.847s] [01m[K/home/jetson/SLAM_WS/src/rplidar_ros/sdk/include/sl_lidar_cmd.h:324:21:[m[K [01;35m[Kwarning: [m[KISO C++ forbids zero-size array ‘[01m[Kpayload[m[K’ [[01;35m[K-Wpedantic[m[K]
[28.848s]      sl_u8  payload[0[01;35m[K][m[K;
[28.848s]                      [01;35m[K^[m[K
[28.926s] [ 50%] [32mBuilding CXX object CMakeFiles/rplidar_composition.dir/sdk/src/sl_lidar_driver.cpp.o[0m
[29.044s] In file included from [01m[K/home/jetson/SLAM_WS/src/rplidar_ros/sdk/src/sl_async_transceiver.cpp:44[m[K:
[29.045s] [01m[K/home/jetson/SLAM_WS/src/rplidar_ros/sdk/src/sl_async_transceiver.h:[m[K In member function ‘[01m[Kvirtual void sl::internal::IAsyncProtocolCodec::onChannelError(u_result)[m[K’:
[29.045s] [01m[K/home/jetson/SLAM_WS/src/rplidar_ros/sdk/src/sl_async_transceiver.h:90:41:[m[K [01;35m[Kwarning: [m[Kunused parameter ‘[01m[KerrCode[m[K’ [[01;35m[K-Wunused-parameter[m[K]
[29.046s]   virtual void   onChannelError([01;35m[Ku_result errCode[m[K) {}
[29.046s]                                 [01;35m[K~~~~~~~~~^~~~~~~[m[K
[29.073s] In file included from [01m[K/home/jetson/SLAM_WS/src/rplidar_ros/sdk/include/rplidar_protocol.h:36[m[K,
[29.073s]                  from [01m[K/home/jetson/SLAM_WS/src/rplidar_ros/sdk/include/rplidar.h:39[m[K,
[29.074s]                  from [01m[K/home/jetson/SLAM_WS/src/rplidar_ros/sdk/src/sdkcommon.h:49[m[K,
[29.075s]                  from [01m[K/home/jetson/SLAM_WS/src/rplidar_ros/sdk/src/dataunpacker/dataunnpacker_commondef.h:41[m[K,
[29.075s]                  from [01m[K/home/jetson/SLAM_WS/src/rplidar_ros/sdk/src/dataunpacker/dataunpacker.cpp:39[m[K:
[29.076s] [01m[K/home/jetson/SLAM_WS/src/rplidar_ros/sdk/include/sl_lidar_protocol.h:66:17:[m[K [01;35m[Kwarning: [m[KISO C++ forbids zero-size array ‘[01m[Kdata[m[K’ [[01;35m[K-Wpedantic[m[K]
[29.076s]      sl_u8 data[0[01;35m[K][m[K;
[29.077s]                  [01;35m[K^[m[K
[29.077s] In file included from [01m[K/home/jetson/SLAM_WS/src/rplidar_ros/sdk/include/rplidar_cmd.h:36[m[K,
[29.078s]                  from [01m[K/home/jetson/SLAM_WS/src/rplidar_ros/sdk/include/rplidar.h:40[m[K,
[29.078s]                  from [01m[K/home/jetson/SLAM_WS/src/rplidar_ros/sdk/src/sdkcommon.h:49[m[K,
[29.079s]                  from [01m[K/home/jetson/SLAM_WS/src/rplidar_ros/sdk/src/dataunpacker/dataunnpacker_commondef.h:41[m[K,
[29.079s]                  from [01m[K/home/jetson/SLAM_WS/src/rplidar_ros/sdk/src/dataunpacker/dataunpacker.cpp:39[m[K:
[29.080s] [01m[K/home/jetson/SLAM_WS/src/rplidar_ros/sdk/include/sl_lidar_cmd.h:324:21:[m[K [01;35m[Kwarning: [m[KISO C++ forbids zero-size array ‘[01m[Kpayload[m[K’ [[01;35m[K-Wpedantic[m[K]
[29.080s]      sl_u8  payload[0[01;35m[K][m[K;
[29.081s]                      [01;35m[K^[m[K
[29.482s] In file included from [01m[K/home/jetson/SLAM_WS/src/rplidar_ros/sdk/src/dataunpacker/dataunpacker.cpp:40[m[K:
[29.483s] [01m[K/home/jetson/SLAM_WS/src/rplidar_ros/sdk/src/dataunpacker/dataunpacker.h:[m[K In member function ‘[01m[Kvirtual void sl::internal::LIDARSampleDataListener::onCustomSampleDataDecoded(_u8, _u32, const void*, size_t)[m[K’:
[29.484s] [01m[K/home/jetson/SLAM_WS/src/rplidar_ros/sdk/src/dataunpacker/dataunpacker.h:54:45:[m[K [01;35m[Kwarning: [m[Kunused parameter ‘[01m[KansType[m[K’ [[01;35m[K-Wunused-parameter[m[K]
[29.484s]   virtual void onCustomSampleDataDecoded([01;35m[K_u8 ansType[m[K, _u32 customCode, const void* data, size_t size) {}
[29.485s]                                          [01;35m[K~~~~^~~~~~~[m[K
[29.486s] [01m[K/home/jetson/SLAM_WS/src/rplidar_ros/sdk/src/dataunpacker/dataunpacker.h:54:59:[m[K [01;35m[Kwarning: [m[Kunused parameter ‘[01m[KcustomCode[m[K’ [[01;35m[K-Wunused-parameter[m[K]
[29.487s]   virtual void onCustomSampleDataDecoded(_u8 ansType, [01;35m[K_u32 customCode[m[K, const void* data, size_t size) {}
[29.488s]                                                       [01;35m[K~~~~~^~~~~~~~~~[m[K
[29.489s] [01m[K/home/jetson/SLAM_WS/src/rplidar_ros/sdk/src/dataunpacker/dataunpacker.h:54:83:[m[K [01;35m[Kwarning: [m[Kunused parameter ‘[01m[Kdata[m[K’ [[01;35m[K-Wunused-parameter[m[K]
[29.490s]   virtual void onCustomSampleDataDecoded(_u8 ansType, _u32 customCode, [01;35m[Kconst void* data[m[K, size_t size) {}
[29.491s]                                                                        [01;35m[K~~~~~~~~~~~~^~~~[m[K
[29.492s] [01m[K/home/jetson/SLAM_WS/src/rplidar_ros/sdk/src/dataunpacker/dataunpacker.h:54:96:[m[K [01;35m[Kwarning: [m[Kunused parameter ‘[01m[Ksize[m[K’ [[01;35m[K-Wunused-parameter[m[K]
[29.493s]   virtual void onCustomSampleDataDecoded(_u8 ansType, _u32 customCode, const void* data, [01;35m[Ksize_t size[m[K) {}
[29.494s]                                                                                          [01;35m[K~~~~~~~^~~~[m[K
[29.495s] [01m[K/home/jetson/SLAM_WS/src/rplidar_ros/sdk/src/dataunpacker/dataunpacker.h:[m[K In member function ‘[01m[Kvirtual void sl::internal::LIDARSampleDataListener::onDecodingError(int, _u8, const void*, size_t)[m[K’:
[29.503s] [01m[K/home/jetson/SLAM_WS/src/rplidar_ros/sdk/src/dataunpacker/dataunpacker.h:56:35:[m[K [01;35m[Kwarning: [m[Kunused parameter ‘[01m[KerrMsg[m[K’ [[01;35m[K-Wunused-parameter[m[K]
[29.504s]   virtual void onDecodingError([01;35m[Kint errMsg[m[K, _u8 ansType, const void* payload, size_t size) {}
[29.505s]                                [01;35m[K~~~~^~~~~~[m[K
[29.505s] [01m[K/home/jetson/SLAM_WS/src/rplidar_ros/sdk/src/dataunpacker/dataunpacker.h:56:47:[m[K [01;35m[Kwarning: [m[Kunused parameter ‘[01m[KansType[m[K’ [[01;35m[K-Wunused-parameter[m[K]
[29.505s]   virtual void onDecodingError(int errMsg, [01;35m[K_u8 ansType[m[K, const void* payload, size_t size) {}
[29.506s]                                            [01;35m[K~~~~^~~~~~~[m[K
[29.506s] [01m[K/home/jetson/SLAM_WS/src/rplidar_ros/sdk/src/dataunpacker/dataunpacker.h:56:68:[m[K [01;35m[Kwarning: [m[Kunused parameter ‘[01m[Kpayload[m[K’ [[01;35m[K-Wunused-parameter[m[K]
[29.507s]   virtual void onDecodingError(int errMsg, _u8 ansType, [01;35m[Kconst void* payload[m[K, size_t size) {}
[29.507s]                                                         [01;35m[K~~~~~~~~~~~~^~~~~~~[m[K
[29.508s] [01m[K/home/jetson/SLAM_WS/src/rplidar_ros/sdk/src/dataunpacker/dataunpacker.h:56:84:[m[K [01;35m[Kwarning: [m[Kunused parameter ‘[01m[Ksize[m[K’ [[01;35m[K-Wunused-parameter[m[K]
[29.508s]   virtual void onDecodingError(int errMsg, _u8 ansType, const void* payload, [01;35m[Ksize_t size[m[K) {}
[29.509s]                                                                              [01;35m[K~~~~~~~^~~~[m[K
[29.523s] [ 52%] [32mBuilding CXX object CMakeFiles/rplidar_composition.dir/sdk/src/sl_lidarprotocol_codec.cpp.o[0m
[29.951s] In file included from [01m[K/home/jetson/SLAM_WS/src/rplidar_ros/sdk/include/rplidar_protocol.h:36[m[K,
[29.951s]                  from [01m[K/home/jetson/SLAM_WS/src/rplidar_ros/sdk/include/rplidar.h:39[m[K,
[29.951s]                  from [01m[K/home/jetson/SLAM_WS/src/rplidar_ros/sdk/src/sdkcommon.h:49[m[K,
[29.952s]                  from [01m[K/home/jetson/SLAM_WS/src/rplidar_ros/sdk/src/sl_lidar_driver.cpp:33[m[K:
[29.952s] [01m[K/home/jetson/SLAM_WS/src/rplidar_ros/sdk/include/sl_lidar_protocol.h:66:17:[m[K [01;35m[Kwarning: [m[KISO C++ forbids zero-size array ‘[01m[Kdata[m[K’ [[01;35m[K-Wpedantic[m[K]
[29.953s]      sl_u8 data[0[01;35m[K][m[K;
[29.953s]                  [01;35m[K^[m[K
[29.954s] In file included from [01m[K/home/jetson/SLAM_WS/src/rplidar_ros/sdk/include/rplidar_cmd.h:36[m[K,
[29.954s]                  from [01m[K/home/jetson/SLAM_WS/src/rplidar_ros/sdk/include/rplidar.h:40[m[K,
[29.955s]                  from [01m[K/home/jetson/SLAM_WS/src/rplidar_ros/sdk/src/sdkcommon.h:49[m[K,
[29.955s]                  from [01m[K/home/jetson/SLAM_WS/src/rplidar_ros/sdk/src/sl_lidar_driver.cpp:33[m[K:
[29.956s] [01m[K/home/jetson/SLAM_WS/src/rplidar_ros/sdk/include/sl_lidar_cmd.h:324:21:[m[K [01;35m[Kwarning: [m[KISO C++ forbids zero-size array ‘[01m[Kpayload[m[K’ [[01;35m[K-Wpedantic[m[K]
[29.956s]      sl_u8  payload[0[01;35m[K][m[K;
[29.957s]                      [01;35m[K^[m[K
[30.272s] [ 55%] [32mBuilding CXX object CMakeFiles/rplidar_node.dir/sdk/src/dataunpacker/unpacker/handler_capsules.cpp.o[0m
[30.432s] In file included from [01m[K/home/jetson/SLAM_WS/src/rplidar_ros/sdk/src/sl_lidar_driver.cpp:50[m[K:
[30.432s] [01m[K/home/jetson/SLAM_WS/src/rplidar_ros/sdk/src/dataunpacker/dataunpacker.h:[m[K In member function ‘[01m[Kvirtual void sl::internal::LIDARSampleDataListener::onCustomSampleDataDecoded(_u8, _u32, const void*, size_t)[m[K’:
[30.433s] [01m[K/home/jetson/SLAM_WS/src/rplidar_ros/sdk/src/dataunpacker/dataunpacker.h:54:45:[m[K [01;35m[Kwarning: [m[Kunused parameter ‘[01m[KansType[m[K’ [[01;35m[K-Wunused-parameter[m[K]
[30.433s]   virtual void onCustomSampleDataDecoded([01;35m[K_u8 ansType[m[K, _u32 customCode, const void* data, size_t size) {}
[30.434s]                                          [01;35m[K~~~~^~~~~~~[m[K
[30.434s] [01m[K/home/jetson/SLAM_WS/src/rplidar_ros/sdk/src/dataunpacker/dataunpacker.h:54:59:[m[K [01;35m[Kwarning: [m[Kunused parameter ‘[01m[KcustomCode[m[K’ [[01;35m[K-Wunused-parameter[m[K]
[30.435s]   virtual void onCustomSampleDataDecoded(_u8 ansType, [01;35m[K_u32 customCode[m[K, const void* data, size_t size) {}
[30.435s]                                                       [01;35m[K~~~~~^~~~~~~~~~[m[K
[30.436s] [01m[K/home/jetson/SLAM_WS/src/rplidar_ros/sdk/src/dataunpacker/dataunpacker.h:54:83:[m[K [01;35m[Kwarning: [m[Kunused parameter ‘[01m[Kdata[m[K’ [[01;35m[K-Wunused-parameter[m[K]
[30.436s]   virtual void onCustomSampleDataDecoded(_u8 ansType, _u32 customCode, [01;35m[Kconst void* data[m[K, size_t size) {}
[30.436s]                                                                        [01;35m[K~~~~~~~~~~~~^~~~[m[K
[30.437s] [01m[K/home/jetson/SLAM_WS/src/rplidar_ros/sdk/src/dataunpacker/dataunpacker.h:54:96:[m[K [01;35m[Kwarning: [m[Kunused parameter ‘[01m[Ksize[m[K’ [[01;35m[K-Wunused-parameter[m[K]
[30.437s]   virtual void onCustomSampleDataDecoded(_u8 ansType, _u32 customCode, const void* data, [01;35m[Ksize_t size[m[K) {}
[30.438s]                                                                                          [01;35m[K~~~~~~~^~~~[m[K
[30.438s] [01m[K/home/jetson/SLAM_WS/src/rplidar_ros/sdk/src/dataunpacker/dataunpacker.h:[m[K In member function ‘[01m[Kvirtual void sl::internal::LIDARSampleDataListener::onDecodingError(int, _u8, const void*, size_t)[m[K’:
[30.438s] [01m[K/home/jetson/SLAM_WS/src/rplidar_ros/sdk/src/dataunpacker/dataunpacker.h:56:35:[m[K [01;35m[Kwarning: [m[Kunused parameter ‘[01m[KerrMsg[m[K’ [[01;35m[K-Wunused-parameter[m[K]
[30.439s]   virtual void onDecodingError([01;35m[Kint errMsg[m[K, _u8 ansType, const void* payload, size_t size) {}
[30.439s]                                [01;35m[K~~~~^~~~~~[m[K
[30.440s] [01m[K/home/jetson/SLAM_WS/src/rplidar_ros/sdk/src/dataunpacker/dataunpacker.h:56:47:[m[K [01;35m[Kwarning: [m[Kunused parameter ‘[01m[KansType[m[K’ [[01;35m[K-Wunused-parameter[m[K]
[30.440s]   virtual void onDecodingError(int errMsg, [01;35m[K_u8 ansType[m[K, const void* payload, size_t size) {}
[30.441s]                                            [01;35m[K~~~~^~~~~~~[m[K
[30.441s] [01m[K/home/jetson/SLAM_WS/src/rplidar_ros/sdk/src/dataunpacker/dataunpacker.h:56:68:[m[K [01;35m[Kwarning: [m[Kunused parameter ‘[01m[Kpayload[m[K’ [[01;35m[K-Wunused-parameter[m[K]
[30.442s]   virtual void onDecodingError(int errMsg, _u8 ansType, [01;35m[Kconst void* payload[m[K, size_t size) {}
[30.442s]                                                         [01;35m[K~~~~~~~~~~~~^~~~~~~[m[K
[30.442s] [01m[K/home/jetson/SLAM_WS/src/rplidar_ros/sdk/src/dataunpacker/dataunpacker.h:56:84:[m[K [01;35m[Kwarning: [m[Kunused parameter ‘[01m[Ksize[m[K’ [[01;35m[K-Wunused-parameter[m[K]
[30.443s]   virtual void onDecodingError(int errMsg, _u8 ansType, const void* payload, [01;35m[Ksize_t size[m[K) {}
[30.443s]                                                                              [01;35m[K~~~~~~~^~~~[m[K
[30.465s] In file included from [01m[K/home/jetson/SLAM_WS/src/rplidar_ros/sdk/src/sl_lidar_driver.cpp:51[m[K:
[30.465s] [01m[K/home/jetson/SLAM_WS/src/rplidar_ros/sdk/src/sl_async_transceiver.h:[m[K In member function ‘[01m[Kvirtual void sl::internal::IAsyncProtocolCodec::onChannelError(u_result)[m[K’:
[30.466s] [01m[K/home/jetson/SLAM_WS/src/rplidar_ros/sdk/src/sl_async_transceiver.h:90:41:[m[K [01;35m[Kwarning: [m[Kunused parameter ‘[01m[KerrCode[m[K’ [[01;35m[K-Wunused-parameter[m[K]
[30.466s]   virtual void   onChannelError([01;35m[Ku_result errCode[m[K) {}
[30.467s]                                 [01;35m[K~~~~~~~~~^~~~~~~[m[K
[30.510s] In file included from [01m[K/home/jetson/SLAM_WS/src/rplidar_ros/sdk/include/rplidar_protocol.h:36[m[K,
[30.511s]                  from [01m[K/home/jetson/SLAM_WS/src/rplidar_ros/sdk/include/rplidar.h:39[m[K,
[30.512s]                  from [01m[K/home/jetson/SLAM_WS/src/rplidar_ros/sdk/src/sdkcommon.h:49[m[K,
[30.513s]                  from [01m[K/home/jetson/SLAM_WS/src/rplidar_ros/sdk/src/sl_lidarprotocol_codec.cpp:35[m[K:
[30.513s] [01m[K/home/jetson/SLAM_WS/src/rplidar_ros/sdk/include/sl_lidar_protocol.h:66:17:[m[K [01;35m[Kwarning: [m[KISO C++ forbids zero-size array ‘[01m[Kdata[m[K’ [[01;35m[K-Wpedantic[m[K]
[30.514s]      sl_u8 data[0[01;35m[K][m[K;
[30.514s]                  [01;35m[K^[m[K
[30.514s] In file included from [01m[K/home/jetson/SLAM_WS/src/rplidar_ros/sdk/include/rplidar_cmd.h:36[m[K,
[30.515s]                  from [01m[K/home/jetson/SLAM_WS/src/rplidar_ros/sdk/include/rplidar.h:40[m[K,
[30.516s]                  from [01m[K/home/jetson/SLAM_WS/src/rplidar_ros/sdk/src/sdkcommon.h:49[m[K,
[30.516s]                  from [01m[K/home/jetson/SLAM_WS/src/rplidar_ros/sdk/src/sl_lidarprotocol_codec.cpp:35[m[K:
[30.517s] [01m[K/home/jetson/SLAM_WS/src/rplidar_ros/sdk/include/sl_lidar_cmd.h:324:21:[m[K [01;35m[Kwarning: [m[KISO C++ forbids zero-size array ‘[01m[Kpayload[m[K’ [[01;35m[K-Wpedantic[m[K]
[30.518s]      sl_u8  payload[0[01;35m[K][m[K;
[30.518s]                      [01;35m[K^[m[K
[30.559s] [01m[K/home/jetson/SLAM_WS/src/rplidar_ros/sdk/src/sl_lidar_driver.cpp:[m[K In member function ‘[01m[Kvirtual sl_result sl::SlamtecLidarDriver::reset(sl_u32)[m[K’:
[30.559s] [01m[K/home/jetson/SLAM_WS/src/rplidar_ros/sdk/src/sl_lidar_driver.cpp:511:32:[m[K [01;35m[Kwarning: [m[Kunused parameter ‘[01m[KtimeoutInMs[m[K’ [[01;35m[K-Wunused-parameter[m[K]
[30.560s]          sl_result reset([01;35m[Ksl_u32 timeoutInMs = DEFAULT_TIMEOUT[m[K)
[30.560s]                          [01;35m[K~~~~~~~^~~~~~~~~~~~~~~~~~~~~~~~~~~~~[m[K
[30.571s] [01m[K/home/jetson/SLAM_WS/src/rplidar_ros/sdk/src/sl_lidar_driver.cpp:[m[K In member function ‘[01m[Kvirtual sl_result sl::SlamtecLidarDriver::startScan(bool, bool, sl_u32, sl::LidarScanMode*)[m[K’:
[30.572s] [01m[K/home/jetson/SLAM_WS/src/rplidar_ros/sdk/src/sl_lidar_driver.cpp:586:69:[m[K [01;35m[Kwarning: [m[Kunused parameter ‘[01m[Koptions[m[K’ [[01;35m[K-Wunused-parameter[m[K]
[30.572s]          sl_result startScan(bool force, bool useTypicalScan, [01;35m[Ksl_u32 options = 0[m[K, LidarScanMode* outUsedScanMode = nullptr)
[30.572s]                                                               [01;35m[K~~~~~~~^~~~~~~~~~~[m[K
[30.579s] [01m[K/home/jetson/SLAM_WS/src/rplidar_ros/sdk/src/sl_lidar_driver.cpp:[m[K In member function ‘[01m[Kvirtual sl_result sl::SlamtecLidarDriver::stop(sl_u32)[m[K’:
[30.579s] [01m[K/home/jetson/SLAM_WS/src/rplidar_ros/sdk/src/sl_lidar_driver.cpp:763:31:[m[K [01;35m[Kwarning: [m[Kunused parameter ‘[01m[Ktimeout[m[K’ [[01;35m[K-Wunused-parameter[m[K]
[30.580s]          sl_result stop([01;35m[Ksl_u32 timeout = DEFAULT_TIMEOUT[m[K)
[30.580s]                         [01;35m[K~~~~~~~^~~~~~~~~~~~~~~~~~~~~~~~~[m[K
[30.587s] [01m[K/home/jetson/SLAM_WS/src/rplidar_ros/sdk/src/sl_lidar_driver.cpp:[m[K In member function ‘[01m[Kvirtual sl_result sl::SlamtecLidarDriver::getFrequency(const sl::LidarScanMode&, const sl_lidar_response_measurement_node_hq_t*, size_t, float&)[m[K’:
[30.587s] [01m[K/home/jetson/SLAM_WS/src/rplidar_ros/sdk/src/sl_lidar_driver.cpp:880:110:[m[K [01;35m[Kwarning: [m[Kunused parameter ‘[01m[Knodes[m[K’ [[01;35m[K-Wunused-parameter[m[K]
[30.587s]          sl_result getFrequency(const LidarScanMode& scanMode, [01;35m[Kconst sl_lidar_response_measurement_node_hq_t* nodes[m[K, size_t count, float& frequency)
[30.588s]                                                                [01;35m[K~~~~~~~~~~~~~~~~~~~~~~~~~~~~~~~~~~~~~~~~~~~~~~~^~~~~[m[K
[30.596s] [01m[K/home/jetson/SLAM_WS/src/rplidar_ros/sdk/src/sl_lidar_driver.cpp:[m[K In member function ‘[01m[Kvirtual sl_result sl::SlamtecLidarDriver::getMotorInfo(sl::LidarMotorInfo&, sl_u32)[m[K’:
[30.596s] [01m[K/home/jetson/SLAM_WS/src/rplidar_ros/sdk/src/sl_lidar_driver.cpp:1023:66:[m[K [01;35m[Kwarning: [m[Kunused parameter ‘[01m[KtimeoutInMs[m[K’ [[01;35m[K-Wunused-parameter[m[K]
[30.597s]          sl_result getMotorInfo(LidarMotorInfo &motorInfo, [01;35m[Ksl_u32 timeoutInMs[m[K)
[30.597s]                                                            [01;35m[K~~~~~~~^~~~~~~~~~~[m[K
[30.600s] [01m[K/home/jetson/SLAM_WS/src/rplidar_ros/sdk/src/sl_lidar_driver.cpp:[m[K In member function ‘[01m[Ku_result sl::SlamtecLidarDriver::getScanModeCount(sl_u16&, sl_u32)[m[K’:
[30.601s] [01m[K/home/jetson/SLAM_WS/src/rplidar_ros/sdk/src/sl_lidar_driver.cpp:1199:61:[m[K [01;35m[Kwarning: [m[Kunused parameter ‘[01m[KtimeoutInMs[m[K’ [[01;35m[K-Wunused-parameter[m[K]
[30.601s]          u_result getScanModeCount(sl_u16& modeCount, [01;35m[Ksl_u32 timeoutInMs = DEFAULT_TIMEOUT[m[K)
[30.602s]                                                       [01;35m[K~~~~~~~^~~~~~~~~~~~~~~~~~~~~~~~~~~~~[m[K
[30.707s] /home/jetson/SLAM_WS/src/rplidar_ros/sdk/src/sl_lidar_driver.cpp: In instantiation of ‘[01m[Kvoid sl::RawSampleNodeHolder<T>::pushNode(_u64, const T*) [with T = sl_lidar_response_measurement_node_hq_t; _u64 = long unsigned int][m[K’:
[30.707s] [01m[K/home/jetson/SLAM_WS/src/rplidar_ros/sdk/src/sl_lidar_driver.cpp:1648:61:[m[K   required from here
[30.708s] [01m[K/home/jetson/SLAM_WS/src/rplidar_ros/sdk/src/sl_lidar_driver.cpp:202:28:[m[K [01;35m[Kwarning: [m[Kunused parameter ‘[01m[Ktimestamp_uS[m[K’ [[01;35m[K-Wunused-parameter[m[K]
[30.709s]          void pushNode([01;35m[K_u64 timestamp_uS[m[K, const T* node)
[30.709s]                        [01;35m[K~~~~~^~~~~~~~~~~~[m[K
[30.945s] In file included from [01m[K/home/jetson/SLAM_WS/src/rplidar_ros/sdk/src/sl_lidarprotocol_codec.cpp:49[m[K:
[30.945s] [01m[K/home/jetson/SLAM_WS/src/rplidar_ros/sdk/src/sl_async_transceiver.h:[m[K In member function ‘[01m[Kvirtual void sl::internal::IAsyncProtocolCodec::onChannelError(u_result)[m[K’:
[30.946s] [01m[K/home/jetson/SLAM_WS/src/rplidar_ros/sdk/src/sl_async_transceiver.h:90:41:[m[K [01;35m[Kwarning: [m[Kunused parameter ‘[01m[KerrCode[m[K’ [[01;35m[K-Wunused-parameter[m[K]
[30.947s]   virtual void   onChannelError([01;35m[Ku_result errCode[m[K) {}
[30.948s]                                 [01;35m[K~~~~~~~~~^~~~~~~[m[K
[31.089s] [01m[K/home/jetson/SLAM_WS/src/rplidar_ros/sdk/src/sl_lidar_driver.cpp:[m[K At global scope:
[31.090s] [01m[K/home/jetson/SLAM_WS/src/rplidar_ros/sdk/src/sl_lidar_driver.cpp:83:17:[m[K [01;35m[Kwarning: [m[K‘[01m[Kvoid sl::convert(const sl_lidar_response_measurement_node_hq_t&, sl_lidar_response_measurement_node_t&)[m[K’ defined but not used [[01;35m[K-Wunused-function[m[K]
[31.091s]      static void [01;35m[Kconvert[m[K(const sl_lidar_response_measurement_node_hq_t& from, sl_lidar_response_measurement_node_t& to)
[31.092s]                  [01;35m[K^~~~~~~[m[K
[31.092s] [01m[K/home/jetson/SLAM_WS/src/rplidar_ros/sdk/src/sl_lidar_driver.cpp:75:17:[m[K [01;35m[Kwarning: [m[K‘[01m[Kvoid sl::convert(const sl_lidar_response_measurement_node_t&, sl_lidar_response_measurement_node_hq_t&)[m[K’ defined but not used [[01;35m[K-Wunused-function[m[K]
[31.093s]      static void [01;35m[Kconvert[m[K(const sl_lidar_response_measurement_node_t& from, sl_lidar_response_measurement_node_hq_t& to)
[31.093s]                  [01;35m[K^~~~~~~[m[K
[31.094s] [01m[K/home/jetson/SLAM_WS/src/rplidar_ros/sdk/src/sl_lidar_driver.cpp:70:17:[m[K [01;35m[Kwarning: [m[K‘[01m[Kvoid sl::printDeprecationWarn(const char*, const char*)[m[K’ defined but not used [[01;35m[K-Wunused-function[m[K]
[31.095s]      static void [01;35m[KprintDeprecationWarn[m[K(const char* fn, const char* replacement)
[31.095s]                  [01;35m[K^~~~~~~~~~~~~~~~~~~~[m[K
[31.150s] [ 57%] [32m[1mLinking CXX executable rplidar_client[0m
[31.277s] [ 60%] [32mBuilding CXX object CMakeFiles/rplidar_composition.dir/sdk/src/sl_serial_channel.cpp.o[0m
[31.329s] In file included from [01m[K/home/jetson/SLAM_WS/src/rplidar_ros/sdk/include/rplidar_protocol.h:36[m[K,
[31.330s]                  from [01m[K/home/jetson/SLAM_WS/src/rplidar_ros/sdk/include/rplidar.h:39[m[K,
[31.332s]                  from [01m[K/home/jetson/SLAM_WS/src/rplidar_ros/sdk/src/sdkcommon.h:49[m[K,
[31.333s]                  from [01m[K/home/jetson/SLAM_WS/src/rplidar_ros/sdk/src/dataunpacker/unpacker/../dataunnpacker_commondef.h:41[m[K,
[31.334s]                  from [01m[K/home/jetson/SLAM_WS/src/rplidar_ros/sdk/src/dataunpacker/unpacker/handler_capsules.cpp:39[m[K:
[31.334s] [01m[K/home/jetson/SLAM_WS/src/rplidar_ros/sdk/include/sl_lidar_protocol.h:66:17:[m[K [01;35m[Kwarning: [m[KISO C++ forbids zero-size array ‘[01m[Kdata[m[K’ [[01;35m[K-Wpedantic[m[K]
[31.335s]      sl_u8 data[0[01;35m[K][m[K;
[31.335s]                  [01;35m[K^[m[K
[31.336s] In file included from [01m[K/home/jetson/SLAM_WS/src/rplidar_ros/sdk/include/rplidar_cmd.h:36[m[K,
[31.336s]                  from [01m[K/home/jetson/SLAM_WS/src/rplidar_ros/sdk/include/rplidar.h:40[m[K,
[31.337s]                  from [01m[K/home/jetson/SLAM_WS/src/rplidar_ros/sdk/src/sdkcommon.h:49[m[K,
[31.337s]                  from [01m[K/home/jetson/SLAM_WS/src/rplidar_ros/sdk/src/dataunpacker/unpacker/../dataunnpacker_commondef.h:41[m[K,
[31.338s]                  from [01m[K/home/jetson/SLAM_WS/src/rplidar_ros/sdk/src/dataunpacker/unpacker/handler_capsules.cpp:39[m[K:
[31.338s] [01m[K/home/jetson/SLAM_WS/src/rplidar_ros/sdk/include/sl_lidar_cmd.h:324:21:[m[K [01;35m[Kwarning: [m[KISO C++ forbids zero-size array ‘[01m[Kpayload[m[K’ [[01;35m[K-Wpedantic[m[K]
[31.339s]      sl_u8  payload[0[01;35m[K][m[K;
[31.340s]                      [01;35m[K^[m[K
[31.781s] In file included from [01m[K/home/jetson/SLAM_WS/src/rplidar_ros/sdk/src/dataunpacker/unpacker/handler_capsules.cpp:40[m[K:
[31.782s] [01m[K/home/jetson/SLAM_WS/src/rplidar_ros/sdk/src/dataunpacker/unpacker/../dataunpacker.h:[m[K In member function ‘[01m[Kvirtual void sl::internal::LIDARSampleDataListener::onCustomSampleDataDecoded(_u8, _u32, const void*, size_t)[m[K’:
[31.783s] [01m[K/home/jetson/SLAM_WS/src/rplidar_ros/sdk/src/dataunpacker/unpacker/../dataunpacker.h:54:45:[m[K [01;35m[Kwarning: [m[Kunused parameter ‘[01m[KansType[m[K’ [[01;35m[K-Wunused-parameter[m[K]
[31.784s]   virtual void onCustomSampleDataDecoded([01;35m[K_u8 ansType[m[K, _u32 customCode, const void* data, size_t size) {}
[31.786s]                                          [01;35m[K~~~~^~~~~~~[m[K
[31.787s] [01m[K/home/jetson/SLAM_WS/src/rplidar_ros/sdk/src/dataunpacker/unpacker/../dataunpacker.h:54:59:[m[K [01;35m[Kwarning: [m[Kunused parameter ‘[01m[KcustomCode[m[K’ [[01;35m[K-Wunused-parameter[m[K]
[31.788s]   virtual void onCustomSampleDataDecoded(_u8 ansType, [01;35m[K_u32 customCode[m[K, const void* data, size_t size) {}
[31.789s]                                                       [01;35m[K~~~~~^~~~~~~~~~[m[K
[31.790s] [01m[K/home/jetson/SLAM_WS/src/rplidar_ros/sdk/src/dataunpacker/unpacker/../dataunpacker.h:54:83:[m[K [01;35m[Kwarning: [m[Kunused parameter ‘[01m[Kdata[m[K’ [[01;35m[K-Wunused-parameter[m[K]
[31.791s]   virtual void onCustomSampleDataDecoded(_u8 ansType, _u32 customCode, [01;35m[Kconst void* data[m[K, size_t size) {}
[31.792s]                                                                        [01;35m[K~~~~~~~~~~~~^~~~[m[K
[31.793s] [01m[K/home/jetson/SLAM_WS/src/rplidar_ros/sdk/src/dataunpacker/unpacker/../dataunpacker.h:54:96:[m[K [01;35m[Kwarning: [m[Kunused parameter ‘[01m[Ksize[m[K’ [[01;35m[K-Wunused-parameter[m[K]
[31.794s]   virtual void onCustomSampleDataDecoded(_u8 ansType, _u32 customCode, const void* data, [01;35m[Ksize_t size[m[K) {}
[31.797s]                                                                                          [01;35m[K~~~~~~~^~~~[m[K
[31.797s] [01m[K/home/jetson/SLAM_WS/src/rplidar_ros/sdk/src/dataunpacker/unpacker/../dataunpacker.h:[m[K In member function ‘[01m[Kvirtual void sl::internal::LIDARSampleDataListener::onDecodingError(int, _u8, const void*, size_t)[m[K’:
[31.798s] [01m[K/home/jetson/SLAM_WS/src/rplidar_ros/sdk/src/dataunpacker/unpacker/../dataunpacker.h:56:35:[m[K [01;35m[Kwarning: [m[Kunused parameter ‘[01m[KerrMsg[m[K’ [[01;35m[K-Wunused-parameter[m[K]
[31.798s]   virtual void onDecodingError([01;35m[Kint errMsg[m[K, _u8 ansType, const void* payload, size_t size) {}
[31.799s]                                [01;35m[K~~~~^~~~~~[m[K
[31.800s] [01m[K/home/jetson/SLAM_WS/src/rplidar_ros/sdk/src/dataunpacker/unpacker/../dataunpacker.h:56:47:[m[K [01;35m[Kwarning: [m[Kunused parameter ‘[01m[KansType[m[K’ [[01;35m[K-Wunused-parameter[m[K]
[31.806s]   virtual void onDecodingError(int errMsg, [01;35m[K_u8 ansType[m[K, const void* payload, size_t size) {}
[31.807s]                                            [01;35m[K~~~~^~~~~~~[m[K
[31.808s] [01m[K/home/jetson/SLAM_WS/src/rplidar_ros/sdk/src/dataunpacker/unpacker/../dataunpacker.h:56:68:[m[K [01;35m[Kwarning: [m[Kunused parameter ‘[01m[Kpayload[m[K’ [[01;35m[K-Wunused-parameter[m[K]
[31.808s]   virtual void onDecodingError(int errMsg, _u8 ansType, [01;35m[Kconst void* payload[m[K, size_t size) {}
[31.809s]                                                         [01;35m[K~~~~~~~~~~~~^~~~~~~[m[K
[31.810s] [01m[K/home/jetson/SLAM_WS/src/rplidar_ros/sdk/src/dataunpacker/unpacker/../dataunpacker.h:56:84:[m[K [01;35m[Kwarning: [m[Kunused parameter ‘[01m[Ksize[m[K’ [[01;35m[K-Wunused-parameter[m[K]
[31.810s]   virtual void onDecodingError(int errMsg, _u8 ansType, const void* payload, [01;35m[Ksize_t size[m[K) {}
[31.811s]                                                                              [01;35m[K~~~~~~~^~~~[m[K
[31.850s] [01m[K/home/jetson/SLAM_WS/src/rplidar_ros/sdk/src/dataunpacker/unpacker/handler_capsules.cpp:[m[K In member function ‘[01m[Kvoid sl::internal::unpacker::UnpackerHandler_DenseCapsuleNode::_onScanNodeDenseCapsuleData(rplidar_response_dense_capsule_measurement_nodes_t&, sl::internal::LIDARSampleDataUnpackerInner*)[m[K’:
[31.851s] [01m[K/home/jetson/SLAM_WS/src/rplidar_ros/sdk/src/dataunpacker/unpacker/handler_capsules.cpp:763:108:[m[K [01;35m[Kwarning: [m[Ktype qualifiers ignored on cast result type [[01;35m[K-Wignored-qualifiers[m[K]
[31.852s]              const int dist = static_cast<const int>(_cached_previous_dense_capsuledata.cabins[pos].distance[01;35m[K)[m[K;
[31.853s]                                                                                                             [01;35m[K^[m[K
[32.072s] In file included from [01m[K/home/jetson/SLAM_WS/src/rplidar_ros/sdk/include/sl_lidar_cmd.h:41[m[K,
[32.073s]                  from [01m[K/home/jetson/SLAM_WS/src/rplidar_ros/sdk/include/sl_lidar_driver.h:54[m[K,
[32.074s]                  from [01m[K/home/jetson/SLAM_WS/src/rplidar_ros/sdk/src/sl_serial_channel.cpp:33[m[K:
[32.075s] [01m[K/home/jetson/SLAM_WS/src/rplidar_ros/sdk/include/sl_lidar_protocol.h:66:17:[m[K [01;35m[Kwarning: [m[KISO C++ forbids zero-size array ‘[01m[Kdata[m[K’ [[01;35m[K-Wpedantic[m[K]
[32.075s]      sl_u8 data[0[01;35m[K][m[K;
[32.076s]                  [01;35m[K^[m[K
[32.080s] In file included from [01m[K/home/jetson/SLAM_WS/src/rplidar_ros/sdk/include/sl_lidar_driver.h:54[m[K,
[32.081s]                  from [01m[K/home/jetson/SLAM_WS/src/rplidar_ros/sdk/src/sl_serial_channel.cpp:33[m[K:
[32.082s] [01m[K/home/jetson/SLAM_WS/src/rplidar_ros/sdk/include/sl_lidar_cmd.h:324:21:[m[K [01;35m[Kwarning: [m[KISO C++ forbids zero-size array ‘[01m[Kpayload[m[K’ [[01;35m[K-Wpedantic[m[K]
[32.083s]      sl_u8  payload[0[01;35m[K][m[K;
[32.083s]                      [01;35m[K^[m[K
[32.346s] [ 63%] [32mBuilding CXX object CMakeFiles/rplidar_composition.dir/sdk/src/sl_tcp_channel.cpp.o[0m
[32.396s] [ 63%] Built target rplidar_client
[32.410s] [ 65%] [32mBuilding CXX object CMakeFiles/rplidar_node.dir/sdk/src/dataunpacker/unpacker/handler_hqnode.cpp.o[0m
[32.435s] [ 68%] [32mBuilding CXX object CMakeFiles/rplidar_node.dir/sdk/src/dataunpacker/unpacker/handler_normalnode.cpp.o[0m
[32.808s] [ 71%] [32mBuilding CXX object CMakeFiles/rplidar_composition.dir/sdk/src/sl_udp_channel.cpp.o[0m
[33.024s] In file included from [01m[K/home/jetson/SLAM_WS/src/rplidar_ros/sdk/include/sl_lidar_cmd.h:41[m[K,
[33.025s]                  from [01m[K/home/jetson/SLAM_WS/src/rplidar_ros/sdk/include/sl_lidar_driver.h:54[m[K,
[33.025s]                  from [01m[K/home/jetson/SLAM_WS/src/rplidar_ros/sdk/src/sl_tcp_channel.cpp:33[m[K:
[33.026s] [01m[K/home/jetson/SLAM_WS/src/rplidar_ros/sdk/include/sl_lidar_protocol.h:66:17:[m[K [01;35m[Kwarning: [m[KISO C++ forbids zero-size array ‘[01m[Kdata[m[K’ [[01;35m[K-Wpedantic[m[K]
[33.027s]      sl_u8 data[0[01;35m[K][m[K;
[33.028s]                  [01;35m[K^[m[K
[33.031s] In file included from [01m[K/home/jetson/SLAM_WS/src/rplidar_ros/sdk/include/sl_lidar_driver.h:54[m[K,
[33.032s]                  from [01m[K/home/jetson/SLAM_WS/src/rplidar_ros/sdk/src/sl_tcp_channel.cpp:33[m[K:
[33.033s] [01m[K/home/jetson/SLAM_WS/src/rplidar_ros/sdk/include/sl_lidar_cmd.h:324:21:[m[K [01;35m[Kwarning: [m[KISO C++ forbids zero-size array ‘[01m[Kpayload[m[K’ [[01;35m[K-Wpedantic[m[K]
[33.034s]      sl_u8  payload[0[01;35m[K][m[K;
[33.035s]                      [01;35m[K^[m[K
[33.050s] [01m[K/home/jetson/SLAM_WS/src/rplidar_ros/sdk/src/sl_tcp_channel.cpp:[m[K In member function ‘[01m[Kvoid sl::TcpChannel::setStatus(_u32)[m[K’:
[33.051s] [01m[K/home/jetson/SLAM_WS/src/rplidar_ros/sdk/src/sl_tcp_channel.cpp:109:29:[m[K [01;35m[Kwarning: [m[Kunused parameter ‘[01m[Kflag[m[K’ [[01;35m[K-Wunused-parameter[m[K]
[33.052s]          void setStatus([01;35m[K_u32 flag[m[K){}
[33.053s]                         [01;35m[K~~~~~^~~~[m[K
[33.265s] [ 73%] [32mBuilding CXX object CMakeFiles/rplidar_node.dir/sdk/src/hal/thread.cpp.o[0m
[33.303s] make[2]: *** [CMakeFiles/rplidar_node.dir/build.make:141: CMakeFiles/rplidar_node.dir/sdk/src/dataunpacker/unpacker/handler_hqnode.cpp.o] Interrupt
[33.304s] make[2]: *** [CMakeFiles/rplidar_node.dir/build.make:154: CMakeFiles/rplidar_node.dir/sdk/src/dataunpacker/unpacker/handler_normalnode.cpp.o] Interrupt
[33.305s] make[2]: *** [CMakeFiles/rplidar_node.dir/build.make:167: CMakeFiles/rplidar_node.dir/sdk/src/hal/thread.cpp.o] Interrupt
[33.305s] make[1]: *** [CMakeFiles/Makefile2:136: CMakeFiles/rplidar_node.dir/all] Interrupt
[33.306s] make[2]: *** wait: No child processes.  Stop.
[33.306s] make[2]: *** Waiting for unfinished jobs....
[33.307s] make[2]: *** wait: No child processes.  Stop.
[33.307s] make[1]: *** [CMakeFiles/Makefile2:109: CMakeFiles/rplidar_composition.dir/all] Error 2
[33.309s] make: *** [Makefile:141: all] Interrupt
[33.315s] Invoked command in '/home/jetson/SLAM_WS/src/build/rplidar_ros' returned '-2': CMAKE_PREFIX_PATH=/home/jetson/SLAM_WS/install/teleop_omni:/home/jetson/SLAM_WS/install/omni_bot:/opt/ros/foxy:${CMAKE_PREFIX_PATH} /usr/bin/cmake --build /home/jetson/SLAM_WS/src/build/rplidar_ros -- -j4 -l4
