[4.689s] Invoking command in '/home/jetson/SLAM_WS/src/slam_launch': AMENT_PREFIX_PATH=/home/jetson/SLAM_WS/install/odom:/home/jetson/SLAM_WS/install/kinematics:/home/jetson/SLAM_WS/install/teleop_omni:/home/jetson/SLAM_WS/install/slam_launch:/home/jetson/SLAM_WS/install/rplidar_ros:/home/jetson/SLAM_WS/install/omnibot_description:/home/jetson/SLAM_WS/install/omni_bot:/opt/ros/foxy PYTHONPATH=/home/jetson/SLAM_WS/build/slam_launch/prefix_override:/usr/lib/python3/dist-packages/colcon_core/task/python/colcon_distutils_commands:/home/jetson/SLAM_WS/install/slam_launch/lib/python3.8/site-packages:/home/jetson/SLAM_WS/install/odom/lib/python3.8/site-packages:/home/jetson/SLAM_WS/install/kinematics/lib/python3.8/site-packages:/home/jetson/SLAM_WS/install/teleop_omni/lib/python3.8/site-packages:/home/jetson/SLAM_WS/install/slam_launch/lib/python3.8/site-packages:/home/jetson/SLAM_WS/install/omnibot_description/lib/python3.8/site-packages:/home/jetson/SLAM_WS/install/omni_bot/lib/python3.8/site-packages:/opt/ros/foxy/lib/python3.8/site-packages /usr/bin/python3 -W ignore:setup.py install is deprecated -W ignore:easy_install command is deprecated setup.py egg_info --egg-base ../../build/slam_launch build --build-base /home/jetson/SLAM_WS/build/slam_launch/build install --record /home/jetson/SLAM_WS/build/slam_launch/install.log --single-version-externally-managed install_data
[6.444s] running egg_info
[6.447s] writing ../../build/slam_launch/slam_launch.egg-info/PKG-INFO
[6.449s] writing dependency_links to ../../build/slam_launch/slam_launch.egg-info/dependency_links.txt
[6.451s] writing requirements to ../../build/slam_launch/slam_launch.egg-info/requires.txt
[6.453s] writing top-level names to ../../build/slam_launch/slam_launch.egg-info/top_level.txt
[6.483s] reading manifest file '../../build/slam_launch/slam_launch.egg-info/SOURCES.txt'
[6.489s] writing manifest file '../../build/slam_launch/slam_launch.egg-info/SOURCES.txt'
[6.491s] running build
[6.493s] running build_py
[6.495s] running install
[6.501s] running install_lib
[6.510s] running install_data
[6.513s] copying launch/navigation.launch.py -> /home/jetson/SLAM_WS/install/slam_launch/share/slam_launch/launch
[6.517s] running install_egg_info
[6.527s] removing '/home/jetson/SLAM_WS/install/slam_launch/lib/python3.8/site-packages/slam_launch-0.0.0-py3.8.egg-info' (and everything under it)
[6.528s] Copying ../../build/slam_launch/slam_launch.egg-info to /home/jetson/SLAM_WS/install/slam_launch/lib/python3.8/site-packages/slam_launch-0.0.0-py3.8.egg-info
[6.531s] running install_scripts
[6.615s] writing list of installed files to '/home/jetson/SLAM_WS/build/slam_launch/install.log'
[6.728s] Invoked command in '/home/jetson/SLAM_WS/src/slam_launch' returned '0': AMENT_PREFIX_PATH=/home/jetson/SLAM_WS/install/odom:/home/jetson/SLAM_WS/install/kinematics:/home/jetson/SLAM_WS/install/teleop_omni:/home/jetson/SLAM_WS/install/slam_launch:/home/jetson/SLAM_WS/install/rplidar_ros:/home/jetson/SLAM_WS/install/omnibot_description:/home/jetson/SLAM_WS/install/omni_bot:/opt/ros/foxy PYTHONPATH=/home/jetson/SLAM_WS/build/slam_launch/prefix_override:/usr/lib/python3/dist-packages/colcon_core/task/python/colcon_distutils_commands:/home/jetson/SLAM_WS/install/slam_launch/lib/python3.8/site-packages:/home/jetson/SLAM_WS/install/odom/lib/python3.8/site-packages:/home/jetson/SLAM_WS/install/kinematics/lib/python3.8/site-packages:/home/jetson/SLAM_WS/install/teleop_omni/lib/python3.8/site-packages:/home/jetson/SLAM_WS/install/slam_launch/lib/python3.8/site-packages:/home/jetson/SLAM_WS/install/omnibot_description/lib/python3.8/site-packages:/home/jetson/SLAM_WS/install/omni_bot/lib/python3.8/site-packages:/opt/ros/foxy/lib/python3.8/site-packages /usr/bin/python3 -W ignore:setup.py install is deprecated -W ignore:easy_install command is deprecated setup.py egg_info --egg-base ../../build/slam_launch build --build-base /home/jetson/SLAM_WS/build/slam_launch/build install --record /home/jetson/SLAM_WS/build/slam_launch/install.log --single-version-externally-managed install_data
