[6.192s] Invoking command in '/home/jetson/SLAM_WS/src/teleop_omni': PYTHONPATH=/home/jetson/SLAM_WS/build/teleop_omni/prefix_override:/usr/lib/python3/dist-packages/colcon_core/task/python/colcon_distutils_commands:/home/jetson/SLAM_WS/install/teleop_omni/lib/python3.8/site-packages:${PYTHONPATH} /usr/bin/python3 -W ignore:setup.py install is deprecated -W ignore:easy_install command is deprecated setup.py egg_info --egg-base ../../build/teleop_omni build --build-base /home/jetson/SLAM_WS/build/teleop_omni/build install --record /home/jetson/SLAM_WS/build/teleop_omni/install.log --single-version-externally-managed install_data
[7.602s] running egg_info
[7.606s] writing ../../build/teleop_omni/teleop_omni.egg-info/PKG-INFO
[7.608s] writing dependency_links to ../../build/teleop_omni/teleop_omni.egg-info/dependency_links.txt
[7.610s] writing entry points to ../../build/teleop_omni/teleop_omni.egg-info/entry_points.txt
[7.611s] writing requirements to ../../build/teleop_omni/teleop_omni.egg-info/requires.txt
[7.613s] writing top-level names to ../../build/teleop_omni/teleop_omni.egg-info/top_level.txt
[7.634s] reading manifest file '../../build/teleop_omni/teleop_omni.egg-info/SOURCES.txt'
[7.636s] writing manifest file '../../build/teleop_omni/teleop_omni.egg-info/SOURCES.txt'
[7.637s] running build
[7.639s] running build_py
[7.640s] running install
[7.641s] running install_lib
[7.646s] running install_data
[7.647s] running install_egg_info
[7.654s] removing '/home/jetson/SLAM_WS/install/teleop_omni/lib/python3.8/site-packages/teleop_omni-0.0.0-py3.8.egg-info' (and everything under it)
[7.656s] Copying ../../build/teleop_omni/teleop_omni.egg-info to /home/jetson/SLAM_WS/install/teleop_omni/lib/python3.8/site-packages/teleop_omni-0.0.0-py3.8.egg-info
[7.660s] running install_scripts
[7.738s] Installing teleop_keyboard script to /home/jetson/SLAM_WS/install/teleop_omni/lib/teleop_omni
[7.741s] writing list of installed files to '/home/jetson/SLAM_WS/build/teleop_omni/install.log'
