[0.938s] DEBUG:colcon:Command line arguments: ['/usr/bin/colcon', 'build', '--packages-select', 'slam_launch']
[0.938s] DEBUG:colcon:Parsed command line arguments: Namespace(allow_overriding=[], ament_cmake_args=None, base_paths=['.'], build_base='build', catkin_cmake_args=None, catkin_skip_building_tests=False, cmake_args=None, cmake_clean_cache=False, cmake_clean_first=False, cmake_force_configure=False, cmake_target=None, cmake_target_skip_unavailable=False, continue_on_error=False, event_handlers=None, executor='parallel', ignore_user_meta=False, install_base='install', log_base=None, log_level=None, main=<bound method BuildVerb.main of <colcon_core.verb.build.BuildVerb object at 0x7f9aaf6cd0>>, merge_install=False, metas=['./colcon.meta'], mixin=None, mixin_files=None, mixin_verb=('build',), packages_above=None, packages_above_and_dependencies=None, packages_above_depth=None, packages_end=None, packages_ignore=None, packages_ignore_regex=None, packages_select=['slam_launch'], packages_select_build_failed=False, packages_select_by_dep=None, packages_select_regex=None, packages_select_test_failures=False, packages_skip=None, packages_skip_build_finished=False, packages_skip_by_dep=None, packages_skip_regex=None, packages_skip_test_passed=False, packages_skip_up_to=None, packages_start=None, packages_up_to=None, packages_up_to_regex=None, parallel_workers=4, paths=None, symlink_install=False, test_result_base=None, verb_extension=<colcon_core.verb.build.BuildVerb object at 0x7f9aaf6cd0>, verb_name='build', verb_parser=<colcon_mixin.mixin.mixin_argument.MixinArgumentDecorator object at 0x7f9a9d8370>)
[1.875s] Level 1:colcon.colcon_core.package_discovery:discover_packages(colcon_meta) check parameters
[1.876s] Level 1:colcon.colcon_core.package_discovery:discover_packages(recursive) check parameters
[1.876s] Level 1:colcon.colcon_core.package_discovery:discover_packages(ignore) check parameters
[1.876s] Level 1:colcon.colcon_core.package_discovery:discover_packages(path) check parameters
[1.876s] Level 1:colcon.colcon_core.package_discovery:discover_packages(colcon_meta) discover
[1.876s] Level 1:colcon.colcon_core.package_discovery:discover_packages(recursive) discover
[1.877s] INFO:colcon.colcon_core.package_discovery:Crawling recursively for packages in '/home/jetson/SLAM_WS'
[1.877s] Level 1:colcon.colcon_core.package_identification:_identify(.) by extensions ['ignore', 'ignore_ament_install']
[1.877s] Level 1:colcon.colcon_core.package_identification:_identify(.) by extension 'ignore'
[1.878s] Level 1:colcon.colcon_core.package_identification:_identify(.) by extension 'ignore_ament_install'
[1.878s] Level 1:colcon.colcon_core.package_identification:_identify(.) by extensions ['colcon_pkg']
[1.878s] Level 1:colcon.colcon_core.package_identification:_identify(.) by extension 'colcon_pkg'
[1.878s] Level 1:colcon.colcon_core.package_identification:_identify(.) by extensions ['colcon_meta']
[1.878s] Level 1:colcon.colcon_core.package_identification:_identify(.) by extension 'colcon_meta'
[1.879s] Level 1:colcon.colcon_core.package_identification:_identify(.) by extensions ['ros']
[1.879s] Level 1:colcon.colcon_core.package_identification:_identify(.) by extension 'ros'
[1.962s] Level 1:colcon.colcon_core.package_identification:_identify(.) by extensions ['cmake', 'python']
[1.962s] Level 1:colcon.colcon_core.package_identification:_identify(.) by extension 'cmake'
[1.963s] Level 1:colcon.colcon_core.package_identification:_identify(.) by extension 'python'
[1.963s] Level 1:colcon.colcon_core.package_identification:_identify(.) by extensions ['python_setup_py']
[1.963s] Level 1:colcon.colcon_core.package_identification:_identify(.) by extension 'python_setup_py'
[1.964s] Level 1:colcon.colcon_core.package_identification:_identify(build) by extensions ['ignore', 'ignore_ament_install']
[1.964s] Level 1:colcon.colcon_core.package_identification:_identify(build) by extension 'ignore'
[1.965s] Level 1:colcon.colcon_core.package_identification:_identify(build) ignored
[1.965s] Level 1:colcon.colcon_core.package_identification:_identify(install) by extensions ['ignore', 'ignore_ament_install']
[1.965s] Level 1:colcon.colcon_core.package_identification:_identify(install) by extension 'ignore'
[1.966s] Level 1:colcon.colcon_core.package_identification:_identify(install) ignored
[1.966s] Level 1:colcon.colcon_core.package_identification:_identify(log) by extensions ['ignore', 'ignore_ament_install']
[1.967s] Level 1:colcon.colcon_core.package_identification:_identify(log) by extension 'ignore'
[1.967s] Level 1:colcon.colcon_core.package_identification:_identify(log) ignored
[1.967s] Level 1:colcon.colcon_core.package_identification:_identify(src) by extensions ['ignore', 'ignore_ament_install']
[1.967s] Level 1:colcon.colcon_core.package_identification:_identify(src) by extension 'ignore'
[1.968s] Level 1:colcon.colcon_core.package_identification:_identify(src) by extension 'ignore_ament_install'
[1.968s] Level 1:colcon.colcon_core.package_identification:_identify(src) by extensions ['colcon_pkg']
[1.968s] Level 1:colcon.colcon_core.package_identification:_identify(src) by extension 'colcon_pkg'
[1.968s] Level 1:colcon.colcon_core.package_identification:_identify(src) by extensions ['colcon_meta']
[1.968s] Level 1:colcon.colcon_core.package_identification:_identify(src) by extension 'colcon_meta'
[1.969s] Level 1:colcon.colcon_core.package_identification:_identify(src) by extensions ['ros']
[1.969s] Level 1:colcon.colcon_core.package_identification:_identify(src) by extension 'ros'
[1.969s] Level 1:colcon.colcon_core.package_identification:_identify(src) by extensions ['cmake', 'python']
[1.969s] Level 1:colcon.colcon_core.package_identification:_identify(src) by extension 'cmake'
[1.969s] Level 1:colcon.colcon_core.package_identification:_identify(src) by extension 'python'
[1.970s] Level 1:colcon.colcon_core.package_identification:_identify(src) by extensions ['python_setup_py']
[1.970s] Level 1:colcon.colcon_core.package_identification:_identify(src) by extension 'python_setup_py'
[1.970s] Level 1:colcon.colcon_core.package_identification:_identify(src/build) by extensions ['ignore', 'ignore_ament_install']
[1.971s] Level 1:colcon.colcon_core.package_identification:_identify(src/build) by extension 'ignore'
[1.971s] Level 1:colcon.colcon_core.package_identification:_identify(src/build) ignored
[1.971s] Level 1:colcon.colcon_core.package_identification:_identify(src/install) by extensions ['ignore', 'ignore_ament_install']
[1.972s] Level 1:colcon.colcon_core.package_identification:_identify(src/install) by extension 'ignore'
[1.972s] Level 1:colcon.colcon_core.package_identification:_identify(src/install) ignored
[1.972s] Level 1:colcon.colcon_core.package_identification:_identify(src/kinematics) by extensions ['ignore', 'ignore_ament_install']
[1.972s] Level 1:colcon.colcon_core.package_identification:_identify(src/kinematics) by extension 'ignore'
[1.973s] Level 1:colcon.colcon_core.package_identification:_identify(src/kinematics) by extension 'ignore_ament_install'
[1.973s] Level 1:colcon.colcon_core.package_identification:_identify(src/kinematics) by extensions ['colcon_pkg']
[1.973s] Level 1:colcon.colcon_core.package_identification:_identify(src/kinematics) by extension 'colcon_pkg'
[1.973s] Level 1:colcon.colcon_core.package_identification:_identify(src/kinematics) by extensions ['colcon_meta']
[1.973s] Level 1:colcon.colcon_core.package_identification:_identify(src/kinematics) by extension 'colcon_meta'
[1.974s] Level 1:colcon.colcon_core.package_identification:_identify(src/kinematics) by extensions ['ros']
[1.974s] Level 1:colcon.colcon_core.package_identification:_identify(src/kinematics) by extension 'ros'
[1.984s] DEBUG:colcon.colcon_core.package_identification:Package 'src/kinematics' with type 'ros.ament_python' and name 'kinematics'
[1.985s] Level 1:colcon.colcon_core.package_identification:_identify(src/log) by extensions ['ignore', 'ignore_ament_install']
[1.985s] Level 1:colcon.colcon_core.package_identification:_identify(src/log) by extension 'ignore'
[1.985s] Level 1:colcon.colcon_core.package_identification:_identify(src/log) ignored
[1.986s] Level 1:colcon.colcon_core.package_identification:_identify(src/odom) by extensions ['ignore', 'ignore_ament_install']
[1.986s] Level 1:colcon.colcon_core.package_identification:_identify(src/odom) by extension 'ignore'
[1.986s] Level 1:colcon.colcon_core.package_identification:_identify(src/odom) by extension 'ignore_ament_install'
[1.987s] Level 1:colcon.colcon_core.package_identification:_identify(src/odom) by extensions ['colcon_pkg']
[1.987s] Level 1:colcon.colcon_core.package_identification:_identify(src/odom) by extension 'colcon_pkg'
[1.987s] Level 1:colcon.colcon_core.package_identification:_identify(src/odom) by extensions ['colcon_meta']
[1.987s] Level 1:colcon.colcon_core.package_identification:_identify(src/odom) by extension 'colcon_meta'
[1.987s] Level 1:colcon.colcon_core.package_identification:_identify(src/odom) by extensions ['ros']
[1.988s] Level 1:colcon.colcon_core.package_identification:_identify(src/odom) by extension 'ros'
[1.991s] DEBUG:colcon.colcon_core.package_identification:Package 'src/odom' with type 'ros.ament_python' and name 'odom'
[1.992s] Level 1:colcon.colcon_core.package_identification:_identify(src/omni_bot) by extensions ['ignore', 'ignore_ament_install']
[1.992s] Level 1:colcon.colcon_core.package_identification:_identify(src/omni_bot) by extension 'ignore'
[1.992s] Level 1:colcon.colcon_core.package_identification:_identify(src/omni_bot) by extension 'ignore_ament_install'
[1.992s] Level 1:colcon.colcon_core.package_identification:_identify(src/omni_bot) by extensions ['colcon_pkg']
[1.993s] Level 1:colcon.colcon_core.package_identification:_identify(src/omni_bot) by extension 'colcon_pkg'
[1.993s] Level 1:colcon.colcon_core.package_identification:_identify(src/omni_bot) by extensions ['colcon_meta']
[1.993s] Level 1:colcon.colcon_core.package_identification:_identify(src/omni_bot) by extension 'colcon_meta'
[1.993s] Level 1:colcon.colcon_core.package_identification:_identify(src/omni_bot) by extensions ['ros']
[1.993s] Level 1:colcon.colcon_core.package_identification:_identify(src/omni_bot) by extension 'ros'
[1.996s] DEBUG:colcon.colcon_core.package_identification:Package 'src/omni_bot' with type 'ros.ament_python' and name 'omni_bot'
[1.996s] Level 1:colcon.colcon_core.package_identification:_identify(src/omnibot_description) by extensions ['ignore', 'ignore_ament_install']
[1.997s] Level 1:colcon.colcon_core.package_identification:_identify(src/omnibot_description) by extension 'ignore'
[1.997s] Level 1:colcon.colcon_core.package_identification:_identify(src/omnibot_description) by extension 'ignore_ament_install'
[1.997s] Level 1:colcon.colcon_core.package_identification:_identify(src/omnibot_description) by extensions ['colcon_pkg']
[1.997s] Level 1:colcon.colcon_core.package_identification:_identify(src/omnibot_description) by extension 'colcon_pkg'
[1.998s] Level 1:colcon.colcon_core.package_identification:_identify(src/omnibot_description) by extensions ['colcon_meta']
[1.998s] Level 1:colcon.colcon_core.package_identification:_identify(src/omnibot_description) by extension 'colcon_meta'
[1.998s] Level 1:colcon.colcon_core.package_identification:_identify(src/omnibot_description) by extensions ['ros']
[1.998s] Level 1:colcon.colcon_core.package_identification:_identify(src/omnibot_description) by extension 'ros'
[2.001s] DEBUG:colcon.colcon_core.package_identification:Package 'src/omnibot_description' with type 'ros.ament_python' and name 'omnibot_description'
[2.001s] Level 1:colcon.colcon_core.package_identification:_identify(src/rplidar_ros) by extensions ['ignore', 'ignore_ament_install']
[2.002s] Level 1:colcon.colcon_core.package_identification:_identify(src/rplidar_ros) by extension 'ignore'
[2.002s] Level 1:colcon.colcon_core.package_identification:_identify(src/rplidar_ros) by extension 'ignore_ament_install'
[2.002s] Level 1:colcon.colcon_core.package_identification:_identify(src/rplidar_ros) by extensions ['colcon_pkg']
[2.002s] Level 1:colcon.colcon_core.package_identification:_identify(src/rplidar_ros) by extension 'colcon_pkg'
[2.003s] Level 1:colcon.colcon_core.package_identification:_identify(src/rplidar_ros) by extensions ['colcon_meta']
[2.003s] Level 1:colcon.colcon_core.package_identification:_identify(src/rplidar_ros) by extension 'colcon_meta'
[2.003s] Level 1:colcon.colcon_core.package_identification:_identify(src/rplidar_ros) by extensions ['ros']
[2.003s] Level 1:colcon.colcon_core.package_identification:_identify(src/rplidar_ros) by extension 'ros'
[2.006s] DEBUG:colcon.colcon_core.package_identification:Package 'src/rplidar_ros' with type 'ros.ament_cmake' and name 'rplidar_ros'
[2.006s] Level 1:colcon.colcon_core.package_identification:_identify(src/slam_launch) by extensions ['ignore', 'ignore_ament_install']
[2.007s] Level 1:colcon.colcon_core.package_identification:_identify(src/slam_launch) by extension 'ignore'
[2.007s] Level 1:colcon.colcon_core.package_identification:_identify(src/slam_launch) by extension 'ignore_ament_install'
[2.007s] Level 1:colcon.colcon_core.package_identification:_identify(src/slam_launch) by extensions ['colcon_pkg']
[2.007s] Level 1:colcon.colcon_core.package_identification:_identify(src/slam_launch) by extension 'colcon_pkg'
[2.007s] Level 1:colcon.colcon_core.package_identification:_identify(src/slam_launch) by extensions ['colcon_meta']
[2.008s] Level 1:colcon.colcon_core.package_identification:_identify(src/slam_launch) by extension 'colcon_meta'
[2.008s] Level 1:colcon.colcon_core.package_identification:_identify(src/slam_launch) by extensions ['ros']
[2.008s] Level 1:colcon.colcon_core.package_identification:_identify(src/slam_launch) by extension 'ros'
[2.013s] DEBUG:colcon.colcon_core.package_identification:Package 'src/slam_launch' with type 'ros.ament_python' and name 'slam_launch'
[2.013s] Level 1:colcon.colcon_core.package_identification:_identify(src/teleop_omni) by extensions ['ignore', 'ignore_ament_install']
[2.013s] Level 1:colcon.colcon_core.package_identification:_identify(src/teleop_omni) by extension 'ignore'
[2.014s] Level 1:colcon.colcon_core.package_identification:_identify(src/teleop_omni) by extension 'ignore_ament_install'
[2.014s] Level 1:colcon.colcon_core.package_identification:_identify(src/teleop_omni) by extensions ['colcon_pkg']
[2.014s] Level 1:colcon.colcon_core.package_identification:_identify(src/teleop_omni) by extension 'colcon_pkg'
[2.014s] Level 1:colcon.colcon_core.package_identification:_identify(src/teleop_omni) by extensions ['colcon_meta']
[2.015s] Level 1:colcon.colcon_core.package_identification:_identify(src/teleop_omni) by extension 'colcon_meta'
[2.015s] Level 1:colcon.colcon_core.package_identification:_identify(src/teleop_omni) by extensions ['ros']
[2.015s] Level 1:colcon.colcon_core.package_identification:_identify(src/teleop_omni) by extension 'ros'
[2.018s] DEBUG:colcon.colcon_core.package_identification:Package 'src/teleop_omni' with type 'ros.ament_python' and name 'teleop_omni'
[2.018s] Level 1:colcon.colcon_core.package_discovery:discover_packages(recursive) using defaults
[2.018s] Level 1:colcon.colcon_core.package_discovery:discover_packages(ignore) discover
[2.018s] Level 1:colcon.colcon_core.package_discovery:discover_packages(ignore) using defaults
[2.018s] Level 1:colcon.colcon_core.package_discovery:discover_packages(path) discover
[2.018s] Level 1:colcon.colcon_core.package_discovery:discover_packages(path) using defaults
[2.105s] INFO:colcon.colcon_core.package_selection:Skipping not selected package 'kinematics' in 'src/kinematics'
[2.106s] INFO:colcon.colcon_core.package_selection:Skipping not selected package 'odom' in 'src/odom'
[2.106s] INFO:colcon.colcon_core.package_selection:Skipping not selected package 'omni_bot' in 'src/omni_bot'
[2.106s] INFO:colcon.colcon_core.package_selection:Skipping not selected package 'omnibot_description' in 'src/omnibot_description'
[2.106s] INFO:colcon.colcon_core.package_selection:Skipping not selected package 'rplidar_ros' in 'src/rplidar_ros'
[2.106s] INFO:colcon.colcon_core.package_selection:Skipping not selected package 'teleop_omni' in 'src/teleop_omni'
[2.108s] Level 1:colcon.colcon_core.package_discovery:discover_packages(prefix_path) check parameters
[2.108s] Level 1:colcon.colcon_core.package_discovery:discover_packages(prefix_path) discover
[2.116s] DEBUG:colcon.colcon_installed_package_information.package_discovery:Found 7 installed packages in /home/jetson/SLAM_WS/install
[2.123s] DEBUG:colcon.colcon_installed_package_information.package_discovery:Found 264 installed packages in /opt/ros/foxy
[2.131s] Level 1:colcon.colcon_core.package_discovery:discover_packages(prefix_path) using defaults
[2.427s] Level 5:colcon.colcon_core.verb:set package 'slam_launch' build argument 'cmake_args' from command line to 'None'
[2.427s] Level 5:colcon.colcon_core.verb:set package 'slam_launch' build argument 'cmake_target' from command line to 'None'
[2.427s] Level 5:colcon.colcon_core.verb:set package 'slam_launch' build argument 'cmake_target_skip_unavailable' from command line to 'False'
[2.428s] Level 5:colcon.colcon_core.verb:set package 'slam_launch' build argument 'cmake_clean_cache' from command line to 'False'
[2.428s] Level 5:colcon.colcon_core.verb:set package 'slam_launch' build argument 'cmake_clean_first' from command line to 'False'
[2.428s] Level 5:colcon.colcon_core.verb:set package 'slam_launch' build argument 'cmake_force_configure' from command line to 'False'
[2.428s] Level 5:colcon.colcon_core.verb:set package 'slam_launch' build argument 'ament_cmake_args' from command line to 'None'
[2.428s] Level 5:colcon.colcon_core.verb:set package 'slam_launch' build argument 'catkin_cmake_args' from command line to 'None'
[2.428s] Level 5:colcon.colcon_core.verb:set package 'slam_launch' build argument 'catkin_skip_building_tests' from command line to 'False'
[2.428s] DEBUG:colcon.colcon_core.verb:Building package 'slam_launch' with the following arguments: {'ament_cmake_args': None, 'build_base': '/home/jetson/SLAM_WS/build/slam_launch', 'catkin_cmake_args': None, 'catkin_skip_building_tests': False, 'cmake_args': None, 'cmake_clean_cache': False, 'cmake_clean_first': False, 'cmake_force_configure': False, 'cmake_target': None, 'cmake_target_skip_unavailable': False, 'install_base': '/home/jetson/SLAM_WS/install/slam_launch', 'merge_install': False, 'path': '/home/jetson/SLAM_WS/src/slam_launch', 'symlink_install': False, 'test_result_base': None}
[2.429s] INFO:colcon.colcon_core.executor:Executing jobs using 'parallel' executor
[2.432s] DEBUG:colcon.colcon_parallel_executor.executor.parallel:run_until_complete
[2.433s] INFO:colcon.colcon_ros.task.ament_python.build:Building ROS package in '/home/jetson/SLAM_WS/src/slam_launch' with build type 'ament_python'
[2.434s] Level 1:colcon.colcon_core.shell:create_environment_hook('slam_launch', 'ament_prefix_path')
[2.444s] INFO:colcon.colcon_core.plugin_system:Skipping extension 'colcon_core.shell.bat': Not used on non-Windows systems
[2.445s] INFO:colcon.colcon_core.shell:Creating environment hook '/home/jetson/SLAM_WS/install/slam_launch/share/slam_launch/hook/ament_prefix_path.ps1'
[2.447s] INFO:colcon.colcon_core.shell:Creating environment descriptor '/home/jetson/SLAM_WS/install/slam_launch/share/slam_launch/hook/ament_prefix_path.dsv'
[2.449s] INFO:colcon.colcon_core.shell:Creating environment hook '/home/jetson/SLAM_WS/install/slam_launch/share/slam_launch/hook/ament_prefix_path.sh'
[2.452s] INFO:colcon.colcon_core.shell:Skip shell extension 'powershell' for command environment: Not usable outside of PowerShell
[2.453s] DEBUG:colcon.colcon_core.shell:Skip shell extension 'dsv' for command environment
[3.738s] INFO:colcon.colcon_core.task.python.build:Building Python package in '/home/jetson/SLAM_WS/src/slam_launch'
[3.740s] INFO:colcon.colcon_core.shell:Skip shell extension 'powershell' for command environment: Not usable outside of PowerShell
[3.743s] DEBUG:colcon.colcon_core.shell:Skip shell extension 'dsv' for command environment
[5.542s] DEBUG:colcon.colcon_core.event_handler.log_command:Invoking command in '/home/jetson/SLAM_WS/src/slam_launch': AMENT_PREFIX_PATH=/home/jetson/SLAM_WS/install/odom:/home/jetson/SLAM_WS/install/kinematics:/home/jetson/SLAM_WS/install/slam_launch:/home/jetson/SLAM_WS/install/teleop_omni:/home/jetson/SLAM_WS/install/rplidar_ros:/home/jetson/SLAM_WS/install/omnibot_description:/home/jetson/SLAM_WS/install/omni_bot:/opt/ros/foxy PYTHONPATH=/home/jetson/SLAM_WS/build/slam_launch/prefix_override:/usr/lib/python3/dist-packages/colcon_core/task/python/colcon_distutils_commands:/home/jetson/SLAM_WS/install/slam_launch/lib/python3.8/site-packages:/home/jetson/SLAM_WS/install/odom/lib/python3.8/site-packages:/home/jetson/SLAM_WS/install/kinematics/lib/python3.8/site-packages:/home/jetson/SLAM_WS/install/slam_launch/lib/python3.8/site-packages:/home/jetson/SLAM_WS/install/teleop_omni/lib/python3.8/site-packages:/home/jetson/SLAM_WS/install/omnibot_description/lib/python3.8/site-packages:/home/jetson/SLAM_WS/install/omni_bot/lib/python3.8/site-packages:/opt/ros/foxy/lib/python3.8/site-packages /usr/bin/python3 -W ignore:setup.py install is deprecated -W ignore:easy_install command is deprecated setup.py egg_info --egg-base ../../build/slam_launch build --build-base /home/jetson/SLAM_WS/build/slam_launch/build install --record /home/jetson/SLAM_WS/build/slam_launch/install.log --single-version-externally-managed install_data
[6.960s] DEBUG:colcon.colcon_core.event_handler.log_command:Invoked command in '/home/jetson/SLAM_WS/src/slam_launch' returned '0': AMENT_PREFIX_PATH=/home/jetson/SLAM_WS/install/odom:/home/jetson/SLAM_WS/install/kinematics:/home/jetson/SLAM_WS/install/slam_launch:/home/jetson/SLAM_WS/install/teleop_omni:/home/jetson/SLAM_WS/install/rplidar_ros:/home/jetson/SLAM_WS/install/omnibot_description:/home/jetson/SLAM_WS/install/omni_bot:/opt/ros/foxy PYTHONPATH=/home/jetson/SLAM_WS/build/slam_launch/prefix_override:/usr/lib/python3/dist-packages/colcon_core/task/python/colcon_distutils_commands:/home/jetson/SLAM_WS/install/slam_launch/lib/python3.8/site-packages:/home/jetson/SLAM_WS/install/odom/lib/python3.8/site-packages:/home/jetson/SLAM_WS/install/kinematics/lib/python3.8/site-packages:/home/jetson/SLAM_WS/install/slam_launch/lib/python3.8/site-packages:/home/jetson/SLAM_WS/install/teleop_omni/lib/python3.8/site-packages:/home/jetson/SLAM_WS/install/omnibot_description/lib/python3.8/site-packages:/home/jetson/SLAM_WS/install/omni_bot/lib/python3.8/site-packages:/opt/ros/foxy/lib/python3.8/site-packages /usr/bin/python3 -W ignore:setup.py install is deprecated -W ignore:easy_install command is deprecated setup.py egg_info --egg-base ../../build/slam_launch build --build-base /home/jetson/SLAM_WS/build/slam_launch/build install --record /home/jetson/SLAM_WS/build/slam_launch/install.log --single-version-externally-managed install_data
[6.968s] Level 1:colcon.colcon_core.environment:checking '/home/jetson/SLAM_WS/install/slam_launch' for CMake module files
[6.970s] Level 1:colcon.colcon_core.environment:checking '/home/jetson/SLAM_WS/install/slam_launch' for CMake config files
[6.973s] Level 1:colcon.colcon_core.environment:checking '/home/jetson/SLAM_WS/install/slam_launch/lib'
[6.974s] Level 1:colcon.colcon_core.environment:checking '/home/jetson/SLAM_WS/install/slam_launch/bin'
[6.974s] Level 1:colcon.colcon_core.environment:checking '/home/jetson/SLAM_WS/install/slam_launch/lib/pkgconfig/slam_launch.pc'
[6.975s] Level 1:colcon.colcon_core.environment:checking '/home/jetson/SLAM_WS/install/slam_launch/lib/python3.8/site-packages'
[6.976s] Level 1:colcon.colcon_core.shell:create_environment_hook('slam_launch', 'pythonpath')
[6.977s] INFO:colcon.colcon_core.shell:Creating environment hook '/home/jetson/SLAM_WS/install/slam_launch/share/slam_launch/hook/pythonpath.ps1'
[6.978s] INFO:colcon.colcon_core.shell:Creating environment descriptor '/home/jetson/SLAM_WS/install/slam_launch/share/slam_launch/hook/pythonpath.dsv'
[6.980s] INFO:colcon.colcon_core.shell:Creating environment hook '/home/jetson/SLAM_WS/install/slam_launch/share/slam_launch/hook/pythonpath.sh'
[6.982s] Level 1:colcon.colcon_core.environment:checking '/home/jetson/SLAM_WS/install/slam_launch/bin'
[6.982s] Level 1:colcon.colcon_core.environment:create_environment_scripts_only(slam_launch)
[6.984s] INFO:colcon.colcon_core.shell:Creating package script '/home/jetson/SLAM_WS/install/slam_launch/share/slam_launch/package.ps1'
[6.987s] INFO:colcon.colcon_core.shell:Creating package descriptor '/home/jetson/SLAM_WS/install/slam_launch/share/slam_launch/package.dsv'
[6.989s] INFO:colcon.colcon_core.shell:Creating package script '/home/jetson/SLAM_WS/install/slam_launch/share/slam_launch/package.sh'
[6.993s] INFO:colcon.colcon_core.shell:Creating package script '/home/jetson/SLAM_WS/install/slam_launch/share/slam_launch/package.bash'
[6.996s] INFO:colcon.colcon_core.shell:Creating package script '/home/jetson/SLAM_WS/install/slam_launch/share/slam_launch/package.zsh'
[7.000s] Level 1:colcon.colcon_core.environment:create_file_with_runtime_dependencies(/home/jetson/SLAM_WS/install/slam_launch/share/colcon-core/packages/slam_launch)
[7.001s] DEBUG:colcon.colcon_parallel_executor.executor.parallel:closing loop
[7.002s] DEBUG:colcon.colcon_parallel_executor.executor.parallel:loop closed
[7.003s] DEBUG:colcon.colcon_parallel_executor.executor.parallel:run_until_complete finished with '0'
[7.003s] DEBUG:colcon.colcon_core.event_reactor:joining thread
[7.025s] INFO:colcon.colcon_core.plugin_system:Skipping extension 'colcon_notification.desktop_notification.terminal_notifier': Not used on non-Darwin systems
[7.025s] INFO:colcon.colcon_core.plugin_system:Skipping extension 'colcon_notification.desktop_notification.win32': Not used on non-Windows systems
[7.025s] INFO:colcon.colcon_notification.desktop_notification:Sending desktop notification using 'notify2'
[7.063s] DEBUG:colcon.colcon_core.event_reactor:joined thread
[7.065s] INFO:colcon.colcon_core.shell:Creating prefix script '/home/jetson/SLAM_WS/install/local_setup.ps1'
[7.069s] INFO:colcon.colcon_core.shell:Creating prefix util module '/home/jetson/SLAM_WS/install/_local_setup_util_ps1.py'
[7.075s] INFO:colcon.colcon_core.shell:Creating prefix chain script '/home/jetson/SLAM_WS/install/setup.ps1'
[7.080s] INFO:colcon.colcon_core.shell:Creating prefix script '/home/jetson/SLAM_WS/install/local_setup.sh'
[7.083s] INFO:colcon.colcon_core.shell:Creating prefix util module '/home/jetson/SLAM_WS/install/_local_setup_util_sh.py'
[7.085s] INFO:colcon.colcon_core.shell:Creating prefix chain script '/home/jetson/SLAM_WS/install/setup.sh'
[7.090s] INFO:colcon.colcon_core.shell:Creating prefix script '/home/jetson/SLAM_WS/install/local_setup.bash'
[7.092s] INFO:colcon.colcon_core.shell:Creating prefix chain script '/home/jetson/SLAM_WS/install/setup.bash'
[7.098s] INFO:colcon.colcon_core.shell:Creating prefix script '/home/jetson/SLAM_WS/install/local_setup.zsh'
[7.100s] INFO:colcon.colcon_core.shell:Creating prefix chain script '/home/jetson/SLAM_WS/install/setup.zsh'
