[0.876s] DEBUG:colcon:Command line arguments: ['/usr/bin/colcon', 'build']
[0.877s] DEBUG:colcon:Parsed command line arguments: Namespace(allow_overriding=[], ament_cmake_args=None, base_paths=['.'], build_base='build', catkin_cmake_args=None, catkin_skip_building_tests=False, cmake_args=None, cmake_clean_cache=False, cmake_clean_first=False, cmake_force_configure=False, cmake_target=None, cmake_target_skip_unavailable=False, continue_on_error=False, event_handlers=None, executor='parallel', ignore_user_meta=False, install_base='install', log_base=None, log_level=None, main=<bound method BuildVerb.main of <colcon_core.verb.build.BuildVerb object at 0x7fb5f4b9a0>>, merge_install=False, metas=['./colcon.meta'], mixin=None, mixin_files=None, mixin_verb=('build',), packages_above=None, packages_above_and_dependencies=None, packages_above_depth=None, packages_end=None, packages_ignore=None, packages_ignore_regex=None, packages_select=None, packages_select_build_failed=False, packages_select_by_dep=None, packages_select_regex=None, packages_select_test_failures=False, packages_skip=None, packages_skip_build_finished=False, packages_skip_by_dep=None, packages_skip_regex=None, packages_skip_test_passed=False, packages_skip_up_to=None, packages_start=None, packages_up_to=None, packages_up_to_regex=None, parallel_workers=4, paths=None, symlink_install=False, test_result_base=None, verb_extension=<colcon_core.verb.build.BuildVerb object at 0x7fb5f4b9a0>, verb_name='build', verb_parser=<colcon_mixin.mixin.mixin_argument.MixinArgumentDecorator object at 0x7fb5ee3220>)
[1.795s] Level 1:colcon.colcon_core.package_discovery:discover_packages(colcon_meta) check parameters
[1.795s] Level 1:colcon.colcon_core.package_discovery:discover_packages(recursive) check parameters
[1.795s] Level 1:colcon.colcon_core.package_discovery:discover_packages(ignore) check parameters
[1.795s] Level 1:colcon.colcon_core.package_discovery:discover_packages(path) check parameters
[1.795s] Level 1:colcon.colcon_core.package_discovery:discover_packages(colcon_meta) discover
[1.796s] Level 1:colcon.colcon_core.package_discovery:discover_packages(recursive) discover
[1.796s] INFO:colcon.colcon_core.package_discovery:Crawling recursively for packages in '/home/jetson/SLAM_WS/src'
[1.796s] Level 1:colcon.colcon_core.package_identification:_identify(.) by extensions ['ignore', 'ignore_ament_install']
[1.797s] Level 1:colcon.colcon_core.package_identification:_identify(.) by extension 'ignore'
[1.797s] Level 1:colcon.colcon_core.package_identification:_identify(.) by extension 'ignore_ament_install'
[1.797s] Level 1:colcon.colcon_core.package_identification:_identify(.) by extensions ['colcon_pkg']
[1.797s] Level 1:colcon.colcon_core.package_identification:_identify(.) by extension 'colcon_pkg'
[1.797s] Level 1:colcon.colcon_core.package_identification:_identify(.) by extensions ['colcon_meta']
[1.797s] Level 1:colcon.colcon_core.package_identification:_identify(.) by extension 'colcon_meta'
[1.798s] Level 1:colcon.colcon_core.package_identification:_identify(.) by extensions ['ros']
[1.798s] Level 1:colcon.colcon_core.package_identification:_identify(.) by extension 'ros'
[1.882s] Level 1:colcon.colcon_core.package_identification:_identify(.) by extensions ['cmake', 'python']
[1.883s] Level 1:colcon.colcon_core.package_identification:_identify(.) by extension 'cmake'
[1.883s] Level 1:colcon.colcon_core.package_identification:_identify(.) by extension 'python'
[1.883s] Level 1:colcon.colcon_core.package_identification:_identify(.) by extensions ['python_setup_py']
[1.883s] Level 1:colcon.colcon_core.package_identification:_identify(.) by extension 'python_setup_py'
[1.884s] Level 1:colcon.colcon_core.package_identification:_identify(build) by extensions ['ignore', 'ignore_ament_install']
[1.884s] Level 1:colcon.colcon_core.package_identification:_identify(build) by extension 'ignore'
[1.884s] Level 1:colcon.colcon_core.package_identification:_identify(build) ignored
[1.885s] Level 1:colcon.colcon_core.package_identification:_identify(install) by extensions ['ignore', 'ignore_ament_install']
[1.885s] Level 1:colcon.colcon_core.package_identification:_identify(install) by extension 'ignore'
[1.885s] Level 1:colcon.colcon_core.package_identification:_identify(install) ignored
[1.885s] Level 1:colcon.colcon_core.package_identification:_identify(inverse_kinematic) by extensions ['ignore', 'ignore_ament_install']
[1.886s] Level 1:colcon.colcon_core.package_identification:_identify(inverse_kinematic) by extension 'ignore'
[1.886s] Level 1:colcon.colcon_core.package_identification:_identify(inverse_kinematic) by extension 'ignore_ament_install'
[1.886s] Level 1:colcon.colcon_core.package_identification:_identify(inverse_kinematic) by extensions ['colcon_pkg']
[1.886s] Level 1:colcon.colcon_core.package_identification:_identify(inverse_kinematic) by extension 'colcon_pkg'
[1.887s] Level 1:colcon.colcon_core.package_identification:_identify(inverse_kinematic) by extensions ['colcon_meta']
[1.887s] Level 1:colcon.colcon_core.package_identification:_identify(inverse_kinematic) by extension 'colcon_meta'
[1.887s] Level 1:colcon.colcon_core.package_identification:_identify(inverse_kinematic) by extensions ['ros']
[1.887s] Level 1:colcon.colcon_core.package_identification:_identify(inverse_kinematic) by extension 'ros'
[1.897s] DEBUG:colcon.colcon_core.package_identification:Package 'inverse_kinematic' with type 'ros.ament_python' and name 'inverse_kinematic'
[1.898s] Level 1:colcon.colcon_core.package_identification:_identify(log) by extensions ['ignore', 'ignore_ament_install']
[1.898s] Level 1:colcon.colcon_core.package_identification:_identify(log) by extension 'ignore'
[1.898s] Level 1:colcon.colcon_core.package_identification:_identify(log) ignored
[1.899s] Level 1:colcon.colcon_core.package_identification:_identify(omni_bot) by extensions ['ignore', 'ignore_ament_install']
[1.899s] Level 1:colcon.colcon_core.package_identification:_identify(omni_bot) by extension 'ignore'
[1.899s] Level 1:colcon.colcon_core.package_identification:_identify(omni_bot) by extension 'ignore_ament_install'
[1.900s] Level 1:colcon.colcon_core.package_identification:_identify(omni_bot) by extensions ['colcon_pkg']
[1.900s] Level 1:colcon.colcon_core.package_identification:_identify(omni_bot) by extension 'colcon_pkg'
[1.900s] Level 1:colcon.colcon_core.package_identification:_identify(omni_bot) by extensions ['colcon_meta']
[1.900s] Level 1:colcon.colcon_core.package_identification:_identify(omni_bot) by extension 'colcon_meta'
[1.900s] Level 1:colcon.colcon_core.package_identification:_identify(omni_bot) by extensions ['ros']
[1.900s] Level 1:colcon.colcon_core.package_identification:_identify(omni_bot) by extension 'ros'
[1.903s] DEBUG:colcon.colcon_core.package_identification:Package 'omni_bot' with type 'ros.ament_python' and name 'omni_bot'
[1.903s] Level 1:colcon.colcon_core.package_identification:_identify(rplidar_ros) by extensions ['ignore', 'ignore_ament_install']
[1.904s] Level 1:colcon.colcon_core.package_identification:_identify(rplidar_ros) by extension 'ignore'
[1.904s] Level 1:colcon.colcon_core.package_identification:_identify(rplidar_ros) by extension 'ignore_ament_install'
[1.904s] Level 1:colcon.colcon_core.package_identification:_identify(rplidar_ros) by extensions ['colcon_pkg']
[1.904s] Level 1:colcon.colcon_core.package_identification:_identify(rplidar_ros) by extension 'colcon_pkg'
[1.904s] Level 1:colcon.colcon_core.package_identification:_identify(rplidar_ros) by extensions ['colcon_meta']
[1.904s] Level 1:colcon.colcon_core.package_identification:_identify(rplidar_ros) by extension 'colcon_meta'
[1.905s] Level 1:colcon.colcon_core.package_identification:_identify(rplidar_ros) by extensions ['ros']
[1.905s] Level 1:colcon.colcon_core.package_identification:_identify(rplidar_ros) by extension 'ros'
[1.907s] DEBUG:colcon.colcon_core.package_identification:Package 'rplidar_ros' with type 'ros.ament_cmake' and name 'rplidar_ros'
[1.908s] Level 1:colcon.colcon_core.package_identification:_identify(teleop_omni) by extensions ['ignore', 'ignore_ament_install']
[1.908s] Level 1:colcon.colcon_core.package_identification:_identify(teleop_omni) by extension 'ignore'
[1.908s] Level 1:colcon.colcon_core.package_identification:_identify(teleop_omni) by extension 'ignore_ament_install'
[1.908s] Level 1:colcon.colcon_core.package_identification:_identify(teleop_omni) by extensions ['colcon_pkg']
[1.909s] Level 1:colcon.colcon_core.package_identification:_identify(teleop_omni) by extension 'colcon_pkg'
[1.909s] Level 1:colcon.colcon_core.package_identification:_identify(teleop_omni) by extensions ['colcon_meta']
[1.909s] Level 1:colcon.colcon_core.package_identification:_identify(teleop_omni) by extension 'colcon_meta'
[1.909s] Level 1:colcon.colcon_core.package_identification:_identify(teleop_omni) by extensions ['ros']
[1.909s] Level 1:colcon.colcon_core.package_identification:_identify(teleop_omni) by extension 'ros'
[1.911s] DEBUG:colcon.colcon_core.package_identification:Package 'teleop_omni' with type 'ros.ament_python' and name 'teleop_omni'
[1.911s] Level 1:colcon.colcon_core.package_discovery:discover_packages(recursive) using defaults
[1.912s] Level 1:colcon.colcon_core.package_discovery:discover_packages(ignore) discover
[1.912s] Level 1:colcon.colcon_core.package_discovery:discover_packages(ignore) using defaults
[1.912s] Level 1:colcon.colcon_core.package_discovery:discover_packages(path) discover
[1.912s] Level 1:colcon.colcon_core.package_discovery:discover_packages(path) using defaults
[1.992s] Level 1:colcon.colcon_core.package_discovery:discover_packages(prefix_path) check parameters
[1.992s] Level 1:colcon.colcon_core.package_discovery:discover_packages(prefix_path) discover
[2.000s] DEBUG:colcon.colcon_installed_package_information.package_discovery:Found 4 installed packages in /home/jetson/SLAM_WS/install
[2.007s] DEBUG:colcon.colcon_installed_package_information.package_discovery:Found 256 installed packages in /opt/ros/foxy
[2.015s] Level 1:colcon.colcon_core.package_discovery:discover_packages(prefix_path) using defaults
[2.297s] Level 5:colcon.colcon_core.verb:set package 'inverse_kinematic' build argument 'cmake_args' from command line to 'None'
[2.298s] Level 5:colcon.colcon_core.verb:set package 'inverse_kinematic' build argument 'cmake_target' from command line to 'None'
[2.298s] Level 5:colcon.colcon_core.verb:set package 'inverse_kinematic' build argument 'cmake_target_skip_unavailable' from command line to 'False'
[2.298s] Level 5:colcon.colcon_core.verb:set package 'inverse_kinematic' build argument 'cmake_clean_cache' from command line to 'False'
[2.298s] Level 5:colcon.colcon_core.verb:set package 'inverse_kinematic' build argument 'cmake_clean_first' from command line to 'False'
[2.298s] Level 5:colcon.colcon_core.verb:set package 'inverse_kinematic' build argument 'cmake_force_configure' from command line to 'False'
[2.298s] Level 5:colcon.colcon_core.verb:set package 'inverse_kinematic' build argument 'ament_cmake_args' from command line to 'None'
[2.298s] Level 5:colcon.colcon_core.verb:set package 'inverse_kinematic' build argument 'catkin_cmake_args' from command line to 'None'
[2.298s] Level 5:colcon.colcon_core.verb:set package 'inverse_kinematic' build argument 'catkin_skip_building_tests' from command line to 'False'
[2.299s] DEBUG:colcon.colcon_core.verb:Building package 'inverse_kinematic' with the following arguments: {'ament_cmake_args': None, 'build_base': '/home/jetson/SLAM_WS/src/build/inverse_kinematic', 'catkin_cmake_args': None, 'catkin_skip_building_tests': False, 'cmake_args': None, 'cmake_clean_cache': False, 'cmake_clean_first': False, 'cmake_force_configure': False, 'cmake_target': None, 'cmake_target_skip_unavailable': False, 'install_base': '/home/jetson/SLAM_WS/src/install/inverse_kinematic', 'merge_install': False, 'path': '/home/jetson/SLAM_WS/src/inverse_kinematic', 'symlink_install': False, 'test_result_base': None}
[2.300s] Level 5:colcon.colcon_core.verb:set package 'omni_bot' build argument 'cmake_args' from command line to 'None'
[2.301s] Level 5:colcon.colcon_core.verb:set package 'omni_bot' build argument 'cmake_target' from command line to 'None'
[2.301s] Level 5:colcon.colcon_core.verb:set package 'omni_bot' build argument 'cmake_target_skip_unavailable' from command line to 'False'
[2.301s] Level 5:colcon.colcon_core.verb:set package 'omni_bot' build argument 'cmake_clean_cache' from command line to 'False'
[2.301s] Level 5:colcon.colcon_core.verb:set package 'omni_bot' build argument 'cmake_clean_first' from command line to 'False'
[2.301s] Level 5:colcon.colcon_core.verb:set package 'omni_bot' build argument 'cmake_force_configure' from command line to 'False'
[2.301s] Level 5:colcon.colcon_core.verb:set package 'omni_bot' build argument 'ament_cmake_args' from command line to 'None'
[2.301s] Level 5:colcon.colcon_core.verb:set package 'omni_bot' build argument 'catkin_cmake_args' from command line to 'None'
[2.301s] Level 5:colcon.colcon_core.verb:set package 'omni_bot' build argument 'catkin_skip_building_tests' from command line to 'False'
[2.302s] DEBUG:colcon.colcon_core.verb:Building package 'omni_bot' with the following arguments: {'ament_cmake_args': None, 'build_base': '/home/jetson/SLAM_WS/src/build/omni_bot', 'catkin_cmake_args': None, 'catkin_skip_building_tests': False, 'cmake_args': None, 'cmake_clean_cache': False, 'cmake_clean_first': False, 'cmake_force_configure': False, 'cmake_target': None, 'cmake_target_skip_unavailable': False, 'install_base': '/home/jetson/SLAM_WS/src/install/omni_bot', 'merge_install': False, 'path': '/home/jetson/SLAM_WS/src/omni_bot', 'symlink_install': False, 'test_result_base': None}
[2.303s] Level 5:colcon.colcon_core.verb:set package 'rplidar_ros' build argument 'cmake_args' from command line to 'None'
[2.303s] Level 5:colcon.colcon_core.verb:set package 'rplidar_ros' build argument 'cmake_target' from command line to 'None'
[2.304s] Level 5:colcon.colcon_core.verb:set package 'rplidar_ros' build argument 'cmake_target_skip_unavailable' from command line to 'False'
[2.304s] Level 5:colcon.colcon_core.verb:set package 'rplidar_ros' build argument 'cmake_clean_cache' from command line to 'False'
[2.304s] Level 5:colcon.colcon_core.verb:set package 'rplidar_ros' build argument 'cmake_clean_first' from command line to 'False'
[2.304s] Level 5:colcon.colcon_core.verb:set package 'rplidar_ros' build argument 'cmake_force_configure' from command line to 'False'
[2.304s] Level 5:colcon.colcon_core.verb:set package 'rplidar_ros' build argument 'ament_cmake_args' from command line to 'None'
[2.304s] Level 5:colcon.colcon_core.verb:set package 'rplidar_ros' build argument 'catkin_cmake_args' from command line to 'None'
[2.304s] Level 5:colcon.colcon_core.verb:set package 'rplidar_ros' build argument 'catkin_skip_building_tests' from command line to 'False'
[2.304s] DEBUG:colcon.colcon_core.verb:Building package 'rplidar_ros' with the following arguments: {'ament_cmake_args': None, 'build_base': '/home/jetson/SLAM_WS/src/build/rplidar_ros', 'catkin_cmake_args': None, 'catkin_skip_building_tests': False, 'cmake_args': None, 'cmake_clean_cache': False, 'cmake_clean_first': False, 'cmake_force_configure': False, 'cmake_target': None, 'cmake_target_skip_unavailable': False, 'install_base': '/home/jetson/SLAM_WS/src/install/rplidar_ros', 'merge_install': False, 'path': '/home/jetson/SLAM_WS/src/rplidar_ros', 'symlink_install': False, 'test_result_base': None}
[2.306s] Level 5:colcon.colcon_core.verb:set package 'teleop_omni' build argument 'cmake_args' from command line to 'None'
[2.306s] Level 5:colcon.colcon_core.verb:set package 'teleop_omni' build argument 'cmake_target' from command line to 'None'
[2.306s] Level 5:colcon.colcon_core.verb:set package 'teleop_omni' build argument 'cmake_target_skip_unavailable' from command line to 'False'
[2.307s] Level 5:colcon.colcon_core.verb:set package 'teleop_omni' build argument 'cmake_clean_cache' from command line to 'False'
[2.307s] Level 5:colcon.colcon_core.verb:set package 'teleop_omni' build argument 'cmake_clean_first' from command line to 'False'
[2.307s] Level 5:colcon.colcon_core.verb:set package 'teleop_omni' build argument 'cmake_force_configure' from command line to 'False'
[2.307s] Level 5:colcon.colcon_core.verb:set package 'teleop_omni' build argument 'ament_cmake_args' from command line to 'None'
[2.307s] Level 5:colcon.colcon_core.verb:set package 'teleop_omni' build argument 'catkin_cmake_args' from command line to 'None'
[2.307s] Level 5:colcon.colcon_core.verb:set package 'teleop_omni' build argument 'catkin_skip_building_tests' from command line to 'False'
[2.307s] DEBUG:colcon.colcon_core.verb:Building package 'teleop_omni' with the following arguments: {'ament_cmake_args': None, 'build_base': '/home/jetson/SLAM_WS/src/build/teleop_omni', 'catkin_cmake_args': None, 'catkin_skip_building_tests': False, 'cmake_args': None, 'cmake_clean_cache': False, 'cmake_clean_first': False, 'cmake_force_configure': False, 'cmake_target': None, 'cmake_target_skip_unavailable': False, 'install_base': '/home/jetson/SLAM_WS/src/install/teleop_omni', 'merge_install': False, 'path': '/home/jetson/SLAM_WS/src/teleop_omni', 'symlink_install': False, 'test_result_base': None}
[2.308s] INFO:colcon.colcon_core.executor:Executing jobs using 'parallel' executor
[2.316s] DEBUG:colcon.colcon_parallel_executor.executor.parallel:run_until_complete
[2.317s] INFO:colcon.colcon_ros.task.ament_python.build:Building ROS package in '/home/jetson/SLAM_WS/src/inverse_kinematic' with build type 'ament_python'
[2.318s] Level 1:colcon.colcon_core.shell:create_environment_hook('inverse_kinematic', 'ament_prefix_path')
[2.326s] INFO:colcon.colcon_core.plugin_system:Skipping extension 'colcon_core.shell.bat': Not used on non-Windows systems
[2.326s] INFO:colcon.colcon_core.shell:Creating environment hook '/home/jetson/SLAM_WS/src/install/inverse_kinematic/share/inverse_kinematic/hook/ament_prefix_path.ps1'
[2.329s] INFO:colcon.colcon_core.shell:Creating environment descriptor '/home/jetson/SLAM_WS/src/install/inverse_kinematic/share/inverse_kinematic/hook/ament_prefix_path.dsv'
[2.331s] INFO:colcon.colcon_core.shell:Creating environment hook '/home/jetson/SLAM_WS/src/install/inverse_kinematic/share/inverse_kinematic/hook/ament_prefix_path.sh'
[2.334s] INFO:colcon.colcon_core.shell:Skip shell extension 'powershell' for command environment: Not usable outside of PowerShell
[2.334s] DEBUG:colcon.colcon_core.shell:Skip shell extension 'dsv' for command environment
[2.353s] INFO:colcon.colcon_ros.task.ament_python.build:Building ROS package in '/home/jetson/SLAM_WS/src/omni_bot' with build type 'ament_python'
[2.354s] Level 1:colcon.colcon_core.shell:create_environment_hook('omni_bot', 'ament_prefix_path')
[2.356s] INFO:colcon.colcon_core.shell:Creating environment hook '/home/jetson/SLAM_WS/src/install/omni_bot/share/omni_bot/hook/ament_prefix_path.ps1'
[2.359s] INFO:colcon.colcon_core.shell:Creating environment descriptor '/home/jetson/SLAM_WS/src/install/omni_bot/share/omni_bot/hook/ament_prefix_path.dsv'
[2.360s] INFO:colcon.colcon_core.shell:Creating environment hook '/home/jetson/SLAM_WS/src/install/omni_bot/share/omni_bot/hook/ament_prefix_path.sh'
[2.362s] INFO:colcon.colcon_core.shell:Skip shell extension 'powershell' for command environment: Not usable outside of PowerShell
[2.363s] DEBUG:colcon.colcon_core.shell:Skip shell extension 'dsv' for command environment
[2.381s] INFO:colcon.colcon_ros.task.ament_cmake.build:Building ROS package in '/home/jetson/SLAM_WS/src/rplidar_ros' with build type 'ament_cmake'
[2.381s] INFO:colcon.colcon_cmake.task.cmake.build:Building CMake package in '/home/jetson/SLAM_WS/src/rplidar_ros'
[2.383s] INFO:colcon.colcon_core.shell:Skip shell extension 'powershell' for command environment: Not usable outside of PowerShell
[2.383s] DEBUG:colcon.colcon_core.shell:Skip shell extension 'dsv' for command environment
[2.402s] INFO:colcon.colcon_ros.task.ament_python.build:Building ROS package in '/home/jetson/SLAM_WS/src/teleop_omni' with build type 'ament_python'
[2.403s] Level 1:colcon.colcon_core.shell:create_environment_hook('teleop_omni', 'ament_prefix_path')
[2.405s] INFO:colcon.colcon_core.shell:Creating environment hook '/home/jetson/SLAM_WS/src/install/teleop_omni/share/teleop_omni/hook/ament_prefix_path.ps1'
[2.408s] INFO:colcon.colcon_core.shell:Creating environment descriptor '/home/jetson/SLAM_WS/src/install/teleop_omni/share/teleop_omni/hook/ament_prefix_path.dsv'
[2.410s] INFO:colcon.colcon_core.shell:Creating environment hook '/home/jetson/SLAM_WS/src/install/teleop_omni/share/teleop_omni/hook/ament_prefix_path.sh'
[2.413s] INFO:colcon.colcon_core.shell:Skip shell extension 'powershell' for command environment: Not usable outside of PowerShell
[2.414s] DEBUG:colcon.colcon_core.shell:Skip shell extension 'dsv' for command environment
[3.640s] INFO:colcon.colcon_core.task.python.build:Building Python package in '/home/jetson/SLAM_WS/src/inverse_kinematic'
[3.641s] INFO:colcon.colcon_core.shell:Skip shell extension 'powershell' for command environment: Not usable outside of PowerShell
[3.642s] DEBUG:colcon.colcon_core.shell:Skip shell extension 'dsv' for command environment
[4.878s] INFO:colcon.colcon_core.task.python.build:Building Python package in '/home/jetson/SLAM_WS/src/omni_bot'
[4.879s] INFO:colcon.colcon_core.shell:Skip shell extension 'powershell' for command environment: Not usable outside of PowerShell
[4.880s] DEBUG:colcon.colcon_core.shell:Skip shell extension 'dsv' for command environment
[4.906s] DEBUG:colcon.colcon_core.event_handler.log_command:Invoking command in '/home/jetson/SLAM_WS/src/build/rplidar_ros': CMAKE_PREFIX_PATH=/home/jetson/SLAM_WS/install/teleop_omni:/home/jetson/SLAM_WS/install/omni_bot:/opt/ros/foxy:${CMAKE_PREFIX_PATH} /usr/bin/cmake /home/jetson/SLAM_WS/src/rplidar_ros -DCMAKE_INSTALL_PREFIX=/home/jetson/SLAM_WS/src/install/rplidar_ros
[6.274s] INFO:colcon.colcon_core.task.python.build:Building Python package in '/home/jetson/SLAM_WS/src/teleop_omni'
[6.276s] INFO:colcon.colcon_core.shell:Skip shell extension 'powershell' for command environment: Not usable outside of PowerShell
[6.276s] DEBUG:colcon.colcon_core.shell:Skip shell extension 'dsv' for command environment
[8.388s] DEBUG:colcon.colcon_core.event_handler.log_command:Invoking command in '/home/jetson/SLAM_WS/src/teleop_omni': PYTHONPATH=/home/jetson/SLAM_WS/src/build/teleop_omni/prefix_override:/usr/lib/python3/dist-packages/colcon_core/task/python/colcon_distutils_commands:/home/jetson/SLAM_WS/src/install/teleop_omni/lib/python3.8/site-packages:${PYTHONPATH} /usr/bin/python3 -W ignore:setup.py install is deprecated -W ignore:easy_install command is deprecated setup.py egg_info --egg-base ../build/teleop_omni build --build-base /home/jetson/SLAM_WS/src/build/teleop_omni/build install --record /home/jetson/SLAM_WS/src/build/teleop_omni/install.log --single-version-externally-managed install_data
[8.402s] DEBUG:colcon.colcon_core.event_handler.log_command:Invoking command in '/home/jetson/SLAM_WS/src/omni_bot': PYTHONPATH=/home/jetson/SLAM_WS/src/build/omni_bot/prefix_override:/usr/lib/python3/dist-packages/colcon_core/task/python/colcon_distutils_commands:/home/jetson/SLAM_WS/src/install/omni_bot/lib/python3.8/site-packages:${PYTHONPATH} /usr/bin/python3 -W ignore:setup.py install is deprecated -W ignore:easy_install command is deprecated setup.py egg_info --egg-base ../build/omni_bot build --build-base /home/jetson/SLAM_WS/src/build/omni_bot/build install --record /home/jetson/SLAM_WS/src/build/omni_bot/install.log --single-version-externally-managed install_data
[8.412s] DEBUG:colcon.colcon_core.event_handler.log_command:Invoking command in '/home/jetson/SLAM_WS/src/inverse_kinematic': PYTHONPATH=/home/jetson/SLAM_WS/src/build/inverse_kinematic/prefix_override:/usr/lib/python3/dist-packages/colcon_core/task/python/colcon_distutils_commands:/home/jetson/SLAM_WS/src/install/inverse_kinematic/lib/python3.8/site-packages:${PYTHONPATH} /usr/bin/python3 -W ignore:setup.py install is deprecated -W ignore:easy_install command is deprecated setup.py egg_info --egg-base ../build/inverse_kinematic build --build-base /home/jetson/SLAM_WS/src/build/inverse_kinematic/build install --record /home/jetson/SLAM_WS/src/build/inverse_kinematic/install.log --single-version-externally-managed install_data
[9.964s] DEBUG:colcon.colcon_core.event_handler.log_command:Invoked command in '/home/jetson/SLAM_WS/src/teleop_omni' returned '0': PYTHONPATH=/home/jetson/SLAM_WS/src/build/teleop_omni/prefix_override:/usr/lib/python3/dist-packages/colcon_core/task/python/colcon_distutils_commands:/home/jetson/SLAM_WS/src/install/teleop_omni/lib/python3.8/site-packages:${PYTHONPATH} /usr/bin/python3 -W ignore:setup.py install is deprecated -W ignore:easy_install command is deprecated setup.py egg_info --egg-base ../build/teleop_omni build --build-base /home/jetson/SLAM_WS/src/build/teleop_omni/build install --record /home/jetson/SLAM_WS/src/build/teleop_omni/install.log --single-version-externally-managed install_data
[9.977s] Level 1:colcon.colcon_core.environment:checking '/home/jetson/SLAM_WS/src/install/teleop_omni' for CMake module files
[9.979s] Level 1:colcon.colcon_core.environment:checking '/home/jetson/SLAM_WS/src/install/teleop_omni' for CMake config files
[9.985s] Level 1:colcon.colcon_core.environment:checking '/home/jetson/SLAM_WS/src/install/teleop_omni/lib'
[9.986s] Level 1:colcon.colcon_core.environment:checking '/home/jetson/SLAM_WS/src/install/teleop_omni/bin'
[9.987s] Level 1:colcon.colcon_core.environment:checking '/home/jetson/SLAM_WS/src/install/teleop_omni/lib/pkgconfig/teleop_omni.pc'
[9.988s] Level 1:colcon.colcon_core.environment:checking '/home/jetson/SLAM_WS/src/install/teleop_omni/lib/python3.8/site-packages'
[9.988s] Level 1:colcon.colcon_core.shell:create_environment_hook('teleop_omni', 'pythonpath')
[9.990s] INFO:colcon.colcon_core.shell:Creating environment hook '/home/jetson/SLAM_WS/src/install/teleop_omni/share/teleop_omni/hook/pythonpath.ps1'
[10.004s] INFO:colcon.colcon_core.shell:Creating environment descriptor '/home/jetson/SLAM_WS/src/install/teleop_omni/share/teleop_omni/hook/pythonpath.dsv'
[10.006s] INFO:colcon.colcon_core.shell:Creating environment hook '/home/jetson/SLAM_WS/src/install/teleop_omni/share/teleop_omni/hook/pythonpath.sh'
[10.009s] Level 1:colcon.colcon_core.environment:checking '/home/jetson/SLAM_WS/src/install/teleop_omni/bin'
[10.009s] Level 1:colcon.colcon_core.environment:create_environment_scripts_only(teleop_omni)
[10.011s] INFO:colcon.colcon_core.shell:Creating package script '/home/jetson/SLAM_WS/src/install/teleop_omni/share/teleop_omni/package.ps1'
[10.018s] INFO:colcon.colcon_core.shell:Creating package descriptor '/home/jetson/SLAM_WS/src/install/teleop_omni/share/teleop_omni/package.dsv'
[10.022s] INFO:colcon.colcon_core.shell:Creating package script '/home/jetson/SLAM_WS/src/install/teleop_omni/share/teleop_omni/package.sh'
[10.026s] INFO:colcon.colcon_core.shell:Creating package script '/home/jetson/SLAM_WS/src/install/teleop_omni/share/teleop_omni/package.bash'
[10.030s] INFO:colcon.colcon_core.shell:Creating package script '/home/jetson/SLAM_WS/src/install/teleop_omni/share/teleop_omni/package.zsh'
[10.034s] Level 1:colcon.colcon_core.environment:create_file_with_runtime_dependencies(/home/jetson/SLAM_WS/src/install/teleop_omni/share/colcon-core/packages/teleop_omni)
[10.047s] Level 1:colcon.colcon_core.environment:checking '/home/jetson/SLAM_WS/src/install/inverse_kinematic' for CMake module files
[10.049s] DEBUG:colcon.colcon_core.event_handler.log_command:Invoked command in '/home/jetson/SLAM_WS/src/inverse_kinematic' returned '0': PYTHONPATH=/home/jetson/SLAM_WS/src/build/inverse_kinematic/prefix_override:/usr/lib/python3/dist-packages/colcon_core/task/python/colcon_distutils_commands:/home/jetson/SLAM_WS/src/install/inverse_kinematic/lib/python3.8/site-packages:${PYTHONPATH} /usr/bin/python3 -W ignore:setup.py install is deprecated -W ignore:easy_install command is deprecated setup.py egg_info --egg-base ../build/inverse_kinematic build --build-base /home/jetson/SLAM_WS/src/build/inverse_kinematic/build install --record /home/jetson/SLAM_WS/src/build/inverse_kinematic/install.log --single-version-externally-managed install_data
[10.051s] Level 1:colcon.colcon_core.environment:checking '/home/jetson/SLAM_WS/src/install/inverse_kinematic' for CMake config files
[10.053s] Level 1:colcon.colcon_core.environment:checking '/home/jetson/SLAM_WS/src/install/inverse_kinematic/lib'
[10.053s] Level 1:colcon.colcon_core.environment:checking '/home/jetson/SLAM_WS/src/install/inverse_kinematic/bin'
[10.053s] Level 1:colcon.colcon_core.environment:checking '/home/jetson/SLAM_WS/src/install/inverse_kinematic/lib/pkgconfig/inverse_kinematic.pc'
[10.054s] Level 1:colcon.colcon_core.environment:checking '/home/jetson/SLAM_WS/src/install/inverse_kinematic/lib/python3.8/site-packages'
[10.055s] Level 1:colcon.colcon_core.shell:create_environment_hook('inverse_kinematic', 'pythonpath')
[10.056s] INFO:colcon.colcon_core.shell:Creating environment hook '/home/jetson/SLAM_WS/src/install/inverse_kinematic/share/inverse_kinematic/hook/pythonpath.ps1'
[10.058s] INFO:colcon.colcon_core.shell:Creating environment descriptor '/home/jetson/SLAM_WS/src/install/inverse_kinematic/share/inverse_kinematic/hook/pythonpath.dsv'
[10.059s] INFO:colcon.colcon_core.shell:Creating environment hook '/home/jetson/SLAM_WS/src/install/inverse_kinematic/share/inverse_kinematic/hook/pythonpath.sh'
[10.061s] Level 1:colcon.colcon_core.environment:checking '/home/jetson/SLAM_WS/src/install/inverse_kinematic/bin'
[10.061s] Level 1:colcon.colcon_core.environment:create_environment_scripts_only(inverse_kinematic)
[10.063s] INFO:colcon.colcon_core.shell:Creating package script '/home/jetson/SLAM_WS/src/install/inverse_kinematic/share/inverse_kinematic/package.ps1'
[10.065s] INFO:colcon.colcon_core.shell:Creating package descriptor '/home/jetson/SLAM_WS/src/install/inverse_kinematic/share/inverse_kinematic/package.dsv'
[10.067s] INFO:colcon.colcon_core.shell:Creating package script '/home/jetson/SLAM_WS/src/install/inverse_kinematic/share/inverse_kinematic/package.sh'
[10.068s] INFO:colcon.colcon_core.shell:Creating package script '/home/jetson/SLAM_WS/src/install/inverse_kinematic/share/inverse_kinematic/package.bash'
[10.070s] INFO:colcon.colcon_core.shell:Creating package script '/home/jetson/SLAM_WS/src/install/inverse_kinematic/share/inverse_kinematic/package.zsh'
[10.071s] Level 1:colcon.colcon_core.environment:create_file_with_runtime_dependencies(/home/jetson/SLAM_WS/src/install/inverse_kinematic/share/colcon-core/packages/inverse_kinematic)
[10.076s] Level 1:colcon.colcon_core.environment:checking '/home/jetson/SLAM_WS/src/install/omni_bot' for CMake module files
[10.079s] DEBUG:colcon.colcon_core.event_handler.log_command:Invoked command in '/home/jetson/SLAM_WS/src/omni_bot' returned '0': PYTHONPATH=/home/jetson/SLAM_WS/src/build/omni_bot/prefix_override:/usr/lib/python3/dist-packages/colcon_core/task/python/colcon_distutils_commands:/home/jetson/SLAM_WS/src/install/omni_bot/lib/python3.8/site-packages:${PYTHONPATH} /usr/bin/python3 -W ignore:setup.py install is deprecated -W ignore:easy_install command is deprecated setup.py egg_info --egg-base ../build/omni_bot build --build-base /home/jetson/SLAM_WS/src/build/omni_bot/build install --record /home/jetson/SLAM_WS/src/build/omni_bot/install.log --single-version-externally-managed install_data
[10.080s] Level 1:colcon.colcon_core.environment:checking '/home/jetson/SLAM_WS/src/install/omni_bot' for CMake config files
[10.083s] Level 1:colcon.colcon_core.environment:checking '/home/jetson/SLAM_WS/src/install/omni_bot/lib'
[10.083s] Level 1:colcon.colcon_core.environment:checking '/home/jetson/SLAM_WS/src/install/omni_bot/bin'
[10.084s] Level 1:colcon.colcon_core.environment:checking '/home/jetson/SLAM_WS/src/install/omni_bot/lib/pkgconfig/omni_bot.pc'
[10.084s] Level 1:colcon.colcon_core.environment:checking '/home/jetson/SLAM_WS/src/install/omni_bot/lib/python3.8/site-packages'
[10.085s] Level 1:colcon.colcon_core.shell:create_environment_hook('omni_bot', 'pythonpath')
[10.087s] INFO:colcon.colcon_core.shell:Creating environment hook '/home/jetson/SLAM_WS/src/install/omni_bot/share/omni_bot/hook/pythonpath.ps1'
[10.088s] INFO:colcon.colcon_core.shell:Creating environment descriptor '/home/jetson/SLAM_WS/src/install/omni_bot/share/omni_bot/hook/pythonpath.dsv'
[10.089s] INFO:colcon.colcon_core.shell:Creating environment hook '/home/jetson/SLAM_WS/src/install/omni_bot/share/omni_bot/hook/pythonpath.sh'
[10.092s] Level 1:colcon.colcon_core.environment:checking '/home/jetson/SLAM_WS/src/install/omni_bot/bin'
[10.092s] Level 1:colcon.colcon_core.environment:create_environment_scripts_only(omni_bot)
[10.094s] INFO:colcon.colcon_core.shell:Creating package script '/home/jetson/SLAM_WS/src/install/omni_bot/share/omni_bot/package.ps1'
[10.096s] INFO:colcon.colcon_core.shell:Creating package descriptor '/home/jetson/SLAM_WS/src/install/omni_bot/share/omni_bot/package.dsv'
[10.098s] INFO:colcon.colcon_core.shell:Creating package script '/home/jetson/SLAM_WS/src/install/omni_bot/share/omni_bot/package.sh'
[10.099s] INFO:colcon.colcon_core.shell:Creating package script '/home/jetson/SLAM_WS/src/install/omni_bot/share/omni_bot/package.bash'
[10.101s] INFO:colcon.colcon_core.shell:Creating package script '/home/jetson/SLAM_WS/src/install/omni_bot/share/omni_bot/package.zsh'
[10.102s] Level 1:colcon.colcon_core.environment:create_file_with_runtime_dependencies(/home/jetson/SLAM_WS/src/install/omni_bot/share/colcon-core/packages/omni_bot)
[13.190s] DEBUG:colcon.colcon_core.event_handler.log_command:Invoked command in '/home/jetson/SLAM_WS/src/build/rplidar_ros' returned '0': CMAKE_PREFIX_PATH=/home/jetson/SLAM_WS/install/teleop_omni:/home/jetson/SLAM_WS/install/omni_bot:/opt/ros/foxy:${CMAKE_PREFIX_PATH} /usr/bin/cmake /home/jetson/SLAM_WS/src/rplidar_ros -DCMAKE_INSTALL_PREFIX=/home/jetson/SLAM_WS/src/install/rplidar_ros
[13.200s] DEBUG:colcon.colcon_core.event_handler.log_command:Invoking command in '/home/jetson/SLAM_WS/src/build/rplidar_ros': CMAKE_PREFIX_PATH=/home/jetson/SLAM_WS/install/teleop_omni:/home/jetson/SLAM_WS/install/omni_bot:/opt/ros/foxy:${CMAKE_PREFIX_PATH} /usr/bin/cmake --build /home/jetson/SLAM_WS/src/build/rplidar_ros -- -j4 -l4
[35.686s] DEBUG:colcon.colcon_parallel_executor.executor.parallel:run_until_complete was interrupted
[35.686s] DEBUG:colcon.colcon_parallel_executor.executor.parallel:run_until_complete again
[35.700s] DEBUG:colcon.colcon_core.event_handler.log_command:Invoked command in '/home/jetson/SLAM_WS/src/build/rplidar_ros' returned '-2': CMAKE_PREFIX_PATH=/home/jetson/SLAM_WS/install/teleop_omni:/home/jetson/SLAM_WS/install/omni_bot:/opt/ros/foxy:${CMAKE_PREFIX_PATH} /usr/bin/cmake --build /home/jetson/SLAM_WS/src/build/rplidar_ros -- -j4 -l4
[35.702s] Level 1:colcon.colcon_core.environment:create_environment_scripts_only(rplidar_ros)
[35.703s] Level 1:colcon.colcon_core.environment:checking '/home/jetson/SLAM_WS/src/install/rplidar_ros' for CMake module files
[35.705s] Level 1:colcon.colcon_core.environment:checking '/home/jetson/SLAM_WS/src/install/rplidar_ros' for CMake config files
[35.705s] Level 1:colcon.colcon_core.environment:checking '/home/jetson/SLAM_WS/src/install/rplidar_ros/bin'
[35.706s] Level 1:colcon.colcon_core.environment:checking '/home/jetson/SLAM_WS/src/install/rplidar_ros/lib/pkgconfig/rplidar_ros.pc'
[35.707s] Level 1:colcon.colcon_core.environment:checking '/home/jetson/SLAM_WS/src/install/rplidar_ros/lib/python3.8/site-packages'
[35.707s] Level 1:colcon.colcon_core.environment:checking '/home/jetson/SLAM_WS/src/install/rplidar_ros/bin'
[35.708s] INFO:colcon.colcon_core.shell:Creating package script '/home/jetson/SLAM_WS/src/install/rplidar_ros/share/rplidar_ros/package.ps1'
[35.711s] INFO:colcon.colcon_core.shell:Creating package descriptor '/home/jetson/SLAM_WS/src/install/rplidar_ros/share/rplidar_ros/package.dsv'
[35.712s] INFO:colcon.colcon_core.shell:Creating package script '/home/jetson/SLAM_WS/src/install/rplidar_ros/share/rplidar_ros/package.sh'
[35.714s] INFO:colcon.colcon_core.shell:Creating package script '/home/jetson/SLAM_WS/src/install/rplidar_ros/share/rplidar_ros/package.bash'
[35.716s] INFO:colcon.colcon_core.shell:Creating package script '/home/jetson/SLAM_WS/src/install/rplidar_ros/share/rplidar_ros/package.zsh'
[35.718s] Level 1:colcon.colcon_core.environment:create_file_with_runtime_dependencies(/home/jetson/SLAM_WS/src/install/rplidar_ros/share/colcon-core/packages/rplidar_ros)
[35.729s] DEBUG:colcon.colcon_parallel_executor.executor.parallel:run_until_complete finished
[35.729s] DEBUG:colcon.colcon_parallel_executor.executor.parallel:closing loop
[35.730s] DEBUG:colcon.colcon_parallel_executor.executor.parallel:loop closed
[35.730s] DEBUG:colcon.colcon_core.event_reactor:joining thread
[35.751s] INFO:colcon.colcon_core.plugin_system:Skipping extension 'colcon_notification.desktop_notification.terminal_notifier': Not used on non-Darwin systems
[35.751s] INFO:colcon.colcon_core.plugin_system:Skipping extension 'colcon_notification.desktop_notification.win32': Not used on non-Windows systems
[35.751s] INFO:colcon.colcon_notification.desktop_notification:Sending desktop notification using 'notify2'
[35.790s] DEBUG:colcon.colcon_notification.desktop_notification.notify2:Failed to initialize notify2: org.freedesktop.DBus.Error.Spawn.ChildExited: Process org.freedesktop.Notifications exited with status 1
[35.791s] DEBUG:colcon.colcon_core.event_reactor:joined thread
[35.792s] INFO:colcon.colcon_core.shell:Creating prefix script '/home/jetson/SLAM_WS/src/install/local_setup.ps1'
[35.796s] INFO:colcon.colcon_core.shell:Creating prefix util module '/home/jetson/SLAM_WS/src/install/_local_setup_util_ps1.py'
[35.802s] INFO:colcon.colcon_core.shell:Creating prefix chain script '/home/jetson/SLAM_WS/src/install/setup.ps1'
[35.807s] INFO:colcon.colcon_core.shell:Creating prefix script '/home/jetson/SLAM_WS/src/install/local_setup.sh'
[35.809s] INFO:colcon.colcon_core.shell:Creating prefix util module '/home/jetson/SLAM_WS/src/install/_local_setup_util_sh.py'
[35.811s] INFO:colcon.colcon_core.shell:Creating prefix chain script '/home/jetson/SLAM_WS/src/install/setup.sh'
[35.816s] INFO:colcon.colcon_core.shell:Creating prefix script '/home/jetson/SLAM_WS/src/install/local_setup.bash'
[35.818s] INFO:colcon.colcon_core.shell:Creating prefix chain script '/home/jetson/SLAM_WS/src/install/setup.bash'
[35.822s] INFO:colcon.colcon_core.shell:Creating prefix script '/home/jetson/SLAM_WS/src/install/local_setup.zsh'
[35.824s] INFO:colcon.colcon_core.shell:Creating prefix chain script '/home/jetson/SLAM_WS/src/install/setup.zsh'
