[2.729s] Invoking command in '/home/jetson/SLAM_WS/build/rplidar_ros': CMAKE_PREFIX_PATH=/home/jetson/SLAM_WS/install/teleop_omni:/home/jetson/SLAM_WS/install/omni_bot:/home/jetson/SLAM_WS/install/inverse_kinematic:/opt/ros/foxy:${CMAKE_PREFIX_PATH} /usr/bin/cmake --build /home/jetson/SLAM_WS/build/rplidar_ros -- -j4 -l4
[3.005s] [  5%] Built target rplidar_client
[3.037s] [ 52%] Built target rplidar_composition
[3.045s] [100%] Built target rplidar_node
[4.124s] Invoked command in '/home/jetson/SLAM_WS/build/rplidar_ros' returned '0': CMAKE_PREFIX_PATH=/home/jetson/SLAM_WS/install/teleop_omni:/home/jetson/SLAM_WS/install/omni_bot:/home/jetson/SLAM_WS/install/inverse_kinematic:/opt/ros/foxy:${CMAKE_PREFIX_PATH} /usr/bin/cmake --build /home/jetson/SLAM_WS/build/rplidar_ros -- -j4 -l4
[4.166s] Invoking command in '/home/jetson/SLAM_WS/build/rplidar_ros': CMAKE_PREFIX_PATH=/home/jetson/SLAM_WS/install/teleop_omni:/home/jetson/SLAM_WS/install/omni_bot:/home/jetson/SLAM_WS/install/inverse_kinematic:/opt/ros/foxy:${CMAKE_PREFIX_PATH} /usr/bin/cmake --install /home/jetson/SLAM_WS/build/rplidar_ros
[4.217s] -- Install configuration: ""
[4.218s] -- Up-to-date: /home/jetson/SLAM_WS/install/rplidar_ros/share/rplidar_ros/launch
[4.219s] -- Up-to-date: /home/jetson/SLAM_WS/install/rplidar_ros/share/rplidar_ros/launch/view_rplidar_s3_launch.py
[4.219s] -- Up-to-date: /home/jetson/SLAM_WS/install/rplidar_ros/share/rplidar_ros/launch/rplidar_s3_launch.py
[4.224s] -- Up-to-date: /home/jetson/SLAM_WS/install/rplidar_ros/share/rplidar_ros/launch/view_rplidar_s1_tcp_launch.py
[4.225s] -- Up-to-date: /home/jetson/SLAM_WS/install/rplidar_ros/share/rplidar_ros/launch/view_rplidar_a2m8_launch.py
[4.226s] -- Up-to-date: /home/jetson/SLAM_WS/install/rplidar_ros/share/rplidar_ros/launch/rplidar_t1_launch.py
[4.226s] -- Up-to-date: /home/jetson/SLAM_WS/install/rplidar_ros/share/rplidar_ros/launch/view_rplidar_a2m12_launch.py
[4.226s] -- Up-to-date: /home/jetson/SLAM_WS/install/rplidar_ros/share/rplidar_ros/launch/rplidar_a2m12_launch.py
[4.227s] -- Up-to-date: /home/jetson/SLAM_WS/install/rplidar_ros/share/rplidar_ros/launch/rplidar_s2e_launch.py
[4.227s] -- Up-to-date: /home/jetson/SLAM_WS/install/rplidar_ros/share/rplidar_ros/launch/rplidar_s1_tcp_launch.py
[4.228s] -- Up-to-date: /home/jetson/SLAM_WS/install/rplidar_ros/share/rplidar_ros/launch/view_rplidar_t1_launch.py
[4.228s] -- Up-to-date: /home/jetson/SLAM_WS/install/rplidar_ros/share/rplidar_ros/launch/view_rplidar_s2e_launch.py
[4.228s] -- Up-to-date: /home/jetson/SLAM_WS/install/rplidar_ros/share/rplidar_ros/launch/rplidar_a2m8_launch.py
[4.229s] -- Up-to-date: /home/jetson/SLAM_WS/install/rplidar_ros/share/rplidar_ros/launch/rplidar_c1_launch.py
[4.229s] -- Up-to-date: /home/jetson/SLAM_WS/install/rplidar_ros/share/rplidar_ros/launch/rplidar_a2m7_launch.py
[4.230s] -- Up-to-date: /home/jetson/SLAM_WS/install/rplidar_ros/share/rplidar_ros/launch/rplidar_a3_launch.py
[4.230s] -- Up-to-date: /home/jetson/SLAM_WS/install/rplidar_ros/share/rplidar_ros/launch/view_rplidar_s1_launch.py
[4.231s] -- Up-to-date: /home/jetson/SLAM_WS/install/rplidar_ros/share/rplidar_ros/launch/view_rplidar_s2_launch.py
[4.231s] -- Up-to-date: /home/jetson/SLAM_WS/install/rplidar_ros/share/rplidar_ros/launch/view_rplidar_a2m7_launch.py
[4.232s] -- Up-to-date: /home/jetson/SLAM_WS/install/rplidar_ros/share/rplidar_ros/launch/rplidar_s1_launch.py
[4.233s] -- Up-to-date: /home/jetson/SLAM_WS/install/rplidar_ros/share/rplidar_ros/launch/rplidar_s2_launch.py
[4.233s] -- Up-to-date: /home/jetson/SLAM_WS/install/rplidar_ros/share/rplidar_ros/launch/view_rplidar_a3_launch.py
[4.234s] -- Up-to-date: /home/jetson/SLAM_WS/install/rplidar_ros/share/rplidar_ros/launch/view_rplidar_a1_launch.py
[4.234s] -- Up-to-date: /home/jetson/SLAM_WS/install/rplidar_ros/share/rplidar_ros/launch/view_rplidar_c1_launch.py
[4.240s] -- Up-to-date: /home/jetson/SLAM_WS/install/rplidar_ros/share/rplidar_ros/launch/rplidar_a1_launch.py
[4.241s] -- Up-to-date: /home/jetson/SLAM_WS/install/rplidar_ros/share/rplidar_ros/rviz
[4.241s] -- Up-to-date: /home/jetson/SLAM_WS/install/rplidar_ros/share/rplidar_ros/rviz/rplidar_ros.rviz
[4.242s] -- Up-to-date: /home/jetson/SLAM_WS/install/rplidar_ros/lib/rplidar_ros/rplidar_node
[4.243s] -- Up-to-date: /home/jetson/SLAM_WS/install/rplidar_ros/lib/rplidar_ros/rplidar_composition
[4.244s] -- Up-to-date: /home/jetson/SLAM_WS/install/rplidar_ros/lib/rplidar_ros/rplidar_client
[4.244s] -- Up-to-date: /home/jetson/SLAM_WS/install/rplidar_ros/share/ament_index/resource_index/package_run_dependencies/rplidar_ros
[4.245s] -- Up-to-date: /home/jetson/SLAM_WS/install/rplidar_ros/share/ament_index/resource_index/parent_prefix_path/rplidar_ros
[4.246s] -- Up-to-date: /home/jetson/SLAM_WS/install/rplidar_ros/share/rplidar_ros/environment/ament_prefix_path.sh
[4.246s] -- Up-to-date: /home/jetson/SLAM_WS/install/rplidar_ros/share/rplidar_ros/environment/ament_prefix_path.dsv
[4.250s] -- Up-to-date: /home/jetson/SLAM_WS/install/rplidar_ros/share/rplidar_ros/environment/path.sh
[4.250s] -- Up-to-date: /home/jetson/SLAM_WS/install/rplidar_ros/share/rplidar_ros/environment/path.dsv
[4.250s] -- Up-to-date: /home/jetson/SLAM_WS/install/rplidar_ros/share/rplidar_ros/local_setup.bash
[4.251s] -- Up-to-date: /home/jetson/SLAM_WS/install/rplidar_ros/share/rplidar_ros/local_setup.sh
[4.251s] -- Up-to-date: /home/jetson/SLAM_WS/install/rplidar_ros/share/rplidar_ros/local_setup.zsh
[4.252s] -- Up-to-date: /home/jetson/SLAM_WS/install/rplidar_ros/share/rplidar_ros/local_setup.dsv
[4.252s] -- Installing: /home/jetson/SLAM_WS/install/rplidar_ros/share/rplidar_ros/package.dsv
[4.260s] -- Up-to-date: /home/jetson/SLAM_WS/install/rplidar_ros/share/ament_index/resource_index/packages/rplidar_ros
[4.262s] -- Up-to-date: /home/jetson/SLAM_WS/install/rplidar_ros/share/rplidar_ros/cmake/ament_cmake_export_dependencies-extras.cmake
[4.264s] -- Up-to-date: /home/jetson/SLAM_WS/install/rplidar_ros/share/rplidar_ros/cmake/ament_cmake_export_include_directories-extras.cmake
[4.266s] -- Up-to-date: /home/jetson/SLAM_WS/install/rplidar_ros/share/rplidar_ros/cmake/rplidar_rosConfig.cmake
[4.266s] -- Up-to-date: /home/jetson/SLAM_WS/install/rplidar_ros/share/rplidar_ros/cmake/rplidar_rosConfig-version.cmake
[4.267s] -- Up-to-date: /home/jetson/SLAM_WS/install/rplidar_ros/share/rplidar_ros/package.xml
[4.274s] Invoked command in '/home/jetson/SLAM_WS/build/rplidar_ros' returned '0': CMAKE_PREFIX_PATH=/home/jetson/SLAM_WS/install/teleop_omni:/home/jetson/SLAM_WS/install/omni_bot:/home/jetson/SLAM_WS/install/inverse_kinematic:/opt/ros/foxy:${CMAKE_PREFIX_PATH} /usr/bin/cmake --install /home/jetson/SLAM_WS/build/rplidar_ros
