[3.354s] Invoking command in '/home/jetson/SLAM_WS/src/omni_bot': PYTHONPATH=/home/jetson/SLAM_WS/build/omni_bot/prefix_override:/usr/lib/python3/dist-packages/colcon_core/task/python/colcon_distutils_commands:/home/jetson/SLAM_WS/install/omni_bot/lib/python3.8/site-packages:${PYTHONPATH} /usr/bin/python3 -W ignore:setup.py install is deprecated -W ignore:easy_install command is deprecated setup.py egg_info --egg-base ../../build/omni_bot build --build-base /home/jetson/SLAM_WS/build/omni_bot/build install --record /home/jetson/SLAM_WS/build/omni_bot/install.log --single-version-externally-managed install_data
[4.585s] running egg_info
[4.588s] writing ../../build/omni_bot/omni_bot.egg-info/PKG-INFO
[4.588s] writing dependency_links to ../../build/omni_bot/omni_bot.egg-info/dependency_links.txt
[4.589s] writing entry points to ../../build/omni_bot/omni_bot.egg-info/entry_points.txt
[4.590s] writing requirements to ../../build/omni_bot/omni_bot.egg-info/requires.txt
[4.590s] writing top-level names to ../../build/omni_bot/omni_bot.egg-info/top_level.txt
[4.602s] reading manifest file '../../build/omni_bot/omni_bot.egg-info/SOURCES.txt'
[4.606s] writing manifest file '../../build/omni_bot/omni_bot.egg-info/SOURCES.txt'
[4.606s] running build
[4.607s] running build_py
[4.607s] running install
[4.610s] running install_lib
[4.615s] running install_data
[4.616s] running install_egg_info
[4.623s] removing '/home/jetson/SLAM_WS/install/omni_bot/lib/python3.8/site-packages/omni_bot-0.0.0-py3.8.egg-info' (and everything under it)
[4.624s] Copying ../../build/omni_bot/omni_bot.egg-info to /home/jetson/SLAM_WS/install/omni_bot/lib/python3.8/site-packages/omni_bot-0.0.0-py3.8.egg-info
[4.628s] running install_scripts
[4.700s] writing list of installed files to '/home/jetson/SLAM_WS/build/omni_bot/install.log'
[4.797s] Invoked command in '/home/jetson/SLAM_WS/src/omni_bot' returned '0': PYTHONPATH=/home/jetson/SLAM_WS/build/omni_bot/prefix_override:/usr/lib/python3/dist-packages/colcon_core/task/python/colcon_distutils_commands:/home/jetson/SLAM_WS/install/omni_bot/lib/python3.8/site-packages:${PYTHONPATH} /usr/bin/python3 -W ignore:setup.py install is deprecated -W ignore:easy_install command is deprecated setup.py egg_info --egg-base ../../build/omni_bot build --build-base /home/jetson/SLAM_WS/build/omni_bot/build install --record /home/jetson/SLAM_WS/build/omni_bot/install.log --single-version-externally-managed install_data
