[0.964s] DEBUG:colcon:Command line arguments: ['/usr/bin/colcon', 'build']
[0.964s] DEBUG:colcon:Parsed command line arguments: Namespace(allow_overriding=[], ament_cmake_args=None, base_paths=['.'], build_base='build', catkin_cmake_args=None, catkin_skip_building_tests=False, cmake_args=None, cmake_clean_cache=False, cmake_clean_first=False, cmake_force_configure=False, cmake_target=None, cmake_target_skip_unavailable=False, continue_on_error=False, event_handlers=None, executor='parallel', ignore_user_meta=False, install_base='install', log_base=None, log_level=None, main=<bound method BuildVerb.main of <colcon_core.verb.build.BuildVerb object at 0x7fa3523bb0>>, merge_install=False, metas=['./colcon.meta'], mixin=None, mixin_files=None, mixin_verb=('build',), packages_above=None, packages_above_and_dependencies=None, packages_above_depth=None, packages_end=None, packages_ignore=None, packages_ignore_regex=None, packages_select=None, packages_select_build_failed=False, packages_select_by_dep=None, packages_select_regex=None, packages_select_test_failures=False, packages_skip=None, packages_skip_build_finished=False, packages_skip_by_dep=None, packages_skip_regex=None, packages_skip_test_passed=False, packages_skip_up_to=None, packages_start=None, packages_up_to=None, packages_up_to_regex=None, parallel_workers=4, paths=None, symlink_install=False, test_result_base=None, verb_extension=<colcon_core.verb.build.BuildVerb object at 0x7fa3523bb0>, verb_name='build', verb_parser=<colcon_mixin.mixin.mixin_argument.MixinArgumentDecorator object at 0x7fa340e250>)
[1.935s] Level 1:colcon.colcon_core.package_discovery:discover_packages(colcon_meta) check parameters
[1.935s] Level 1:colcon.colcon_core.package_discovery:discover_packages(recursive) check parameters
[1.936s] Level 1:colcon.colcon_core.package_discovery:discover_packages(ignore) check parameters
[1.936s] Level 1:colcon.colcon_core.package_discovery:discover_packages(path) check parameters
[1.936s] Level 1:colcon.colcon_core.package_discovery:discover_packages(colcon_meta) discover
[1.936s] Level 1:colcon.colcon_core.package_discovery:discover_packages(recursive) discover
[1.936s] INFO:colcon.colcon_core.package_discovery:Crawling recursively for packages in '/home/jetson/SLAM_WS'
[1.937s] Level 1:colcon.colcon_core.package_identification:_identify(.) by extensions ['ignore', 'ignore_ament_install']
[1.937s] Level 1:colcon.colcon_core.package_identification:_identify(.) by extension 'ignore'
[1.938s] Level 1:colcon.colcon_core.package_identification:_identify(.) by extension 'ignore_ament_install'
[1.938s] Level 1:colcon.colcon_core.package_identification:_identify(.) by extensions ['colcon_pkg']
[1.938s] Level 1:colcon.colcon_core.package_identification:_identify(.) by extension 'colcon_pkg'
[1.938s] Level 1:colcon.colcon_core.package_identification:_identify(.) by extensions ['colcon_meta']
[1.938s] Level 1:colcon.colcon_core.package_identification:_identify(.) by extension 'colcon_meta'
[1.938s] Level 1:colcon.colcon_core.package_identification:_identify(.) by extensions ['ros']
[1.939s] Level 1:colcon.colcon_core.package_identification:_identify(.) by extension 'ros'
[2.027s] Level 1:colcon.colcon_core.package_identification:_identify(.) by extensions ['cmake', 'python']
[2.028s] Level 1:colcon.colcon_core.package_identification:_identify(.) by extension 'cmake'
[2.028s] Level 1:colcon.colcon_core.package_identification:_identify(.) by extension 'python'
[2.028s] Level 1:colcon.colcon_core.package_identification:_identify(.) by extensions ['python_setup_py']
[2.029s] Level 1:colcon.colcon_core.package_identification:_identify(.) by extension 'python_setup_py'
[2.029s] Level 1:colcon.colcon_core.package_identification:_identify(build) by extensions ['ignore', 'ignore_ament_install']
[2.030s] Level 1:colcon.colcon_core.package_identification:_identify(build) by extension 'ignore'
[2.030s] Level 1:colcon.colcon_core.package_identification:_identify(build) ignored
[2.031s] Level 1:colcon.colcon_core.package_identification:_identify(install) by extensions ['ignore', 'ignore_ament_install']
[2.031s] Level 1:colcon.colcon_core.package_identification:_identify(install) by extension 'ignore'
[2.032s] Level 1:colcon.colcon_core.package_identification:_identify(install) ignored
[2.032s] Level 1:colcon.colcon_core.package_identification:_identify(log) by extensions ['ignore', 'ignore_ament_install']
[2.033s] Level 1:colcon.colcon_core.package_identification:_identify(log) by extension 'ignore'
[2.033s] Level 1:colcon.colcon_core.package_identification:_identify(log) ignored
[2.033s] Level 1:colcon.colcon_core.package_identification:_identify(src) by extensions ['ignore', 'ignore_ament_install']
[2.034s] Level 1:colcon.colcon_core.package_identification:_identify(src) by extension 'ignore'
[2.034s] Level 1:colcon.colcon_core.package_identification:_identify(src) by extension 'ignore_ament_install'
[2.034s] Level 1:colcon.colcon_core.package_identification:_identify(src) by extensions ['colcon_pkg']
[2.034s] Level 1:colcon.colcon_core.package_identification:_identify(src) by extension 'colcon_pkg'
[2.034s] Level 1:colcon.colcon_core.package_identification:_identify(src) by extensions ['colcon_meta']
[2.035s] Level 1:colcon.colcon_core.package_identification:_identify(src) by extension 'colcon_meta'
[2.035s] Level 1:colcon.colcon_core.package_identification:_identify(src) by extensions ['ros']
[2.035s] Level 1:colcon.colcon_core.package_identification:_identify(src) by extension 'ros'
[2.035s] Level 1:colcon.colcon_core.package_identification:_identify(src) by extensions ['cmake', 'python']
[2.035s] Level 1:colcon.colcon_core.package_identification:_identify(src) by extension 'cmake'
[2.036s] Level 1:colcon.colcon_core.package_identification:_identify(src) by extension 'python'
[2.036s] Level 1:colcon.colcon_core.package_identification:_identify(src) by extensions ['python_setup_py']
[2.036s] Level 1:colcon.colcon_core.package_identification:_identify(src) by extension 'python_setup_py'
[2.036s] Level 1:colcon.colcon_core.package_identification:_identify(src/build) by extensions ['ignore', 'ignore_ament_install']
[2.037s] Level 1:colcon.colcon_core.package_identification:_identify(src/build) by extension 'ignore'
[2.037s] Level 1:colcon.colcon_core.package_identification:_identify(src/build) ignored
[2.038s] Level 1:colcon.colcon_core.package_identification:_identify(src/install) by extensions ['ignore', 'ignore_ament_install']
[2.038s] Level 1:colcon.colcon_core.package_identification:_identify(src/install) by extension 'ignore'
[2.038s] Level 1:colcon.colcon_core.package_identification:_identify(src/install) ignored
[2.039s] Level 1:colcon.colcon_core.package_identification:_identify(src/kinematics) by extensions ['ignore', 'ignore_ament_install']
[2.039s] Level 1:colcon.colcon_core.package_identification:_identify(src/kinematics) by extension 'ignore'
[2.039s] Level 1:colcon.colcon_core.package_identification:_identify(src/kinematics) by extension 'ignore_ament_install'
[2.040s] Level 1:colcon.colcon_core.package_identification:_identify(src/kinematics) by extensions ['colcon_pkg']
[2.040s] Level 1:colcon.colcon_core.package_identification:_identify(src/kinematics) by extension 'colcon_pkg'
[2.040s] Level 1:colcon.colcon_core.package_identification:_identify(src/kinematics) by extensions ['colcon_meta']
[2.040s] Level 1:colcon.colcon_core.package_identification:_identify(src/kinematics) by extension 'colcon_meta'
[2.041s] Level 1:colcon.colcon_core.package_identification:_identify(src/kinematics) by extensions ['ros']
[2.041s] Level 1:colcon.colcon_core.package_identification:_identify(src/kinematics) by extension 'ros'
[2.051s] DEBUG:colcon.colcon_core.package_identification:Package 'src/kinematics' with type 'ros.ament_python' and name 'kinematics'
[2.052s] Level 1:colcon.colcon_core.package_identification:_identify(src/log) by extensions ['ignore', 'ignore_ament_install']
[2.052s] Level 1:colcon.colcon_core.package_identification:_identify(src/log) by extension 'ignore'
[2.053s] Level 1:colcon.colcon_core.package_identification:_identify(src/log) ignored
[2.053s] Level 1:colcon.colcon_core.package_identification:_identify(src/omni_bot) by extensions ['ignore', 'ignore_ament_install']
[2.053s] Level 1:colcon.colcon_core.package_identification:_identify(src/omni_bot) by extension 'ignore'
[2.054s] Level 1:colcon.colcon_core.package_identification:_identify(src/omni_bot) by extension 'ignore_ament_install'
[2.054s] Level 1:colcon.colcon_core.package_identification:_identify(src/omni_bot) by extensions ['colcon_pkg']
[2.054s] Level 1:colcon.colcon_core.package_identification:_identify(src/omni_bot) by extension 'colcon_pkg'
[2.054s] Level 1:colcon.colcon_core.package_identification:_identify(src/omni_bot) by extensions ['colcon_meta']
[2.054s] Level 1:colcon.colcon_core.package_identification:_identify(src/omni_bot) by extension 'colcon_meta'
[2.055s] Level 1:colcon.colcon_core.package_identification:_identify(src/omni_bot) by extensions ['ros']
[2.055s] Level 1:colcon.colcon_core.package_identification:_identify(src/omni_bot) by extension 'ros'
[2.057s] DEBUG:colcon.colcon_core.package_identification:Package 'src/omni_bot' with type 'ros.ament_python' and name 'omni_bot'
[2.058s] Level 1:colcon.colcon_core.package_identification:_identify(src/rplidar_ros) by extensions ['ignore', 'ignore_ament_install']
[2.058s] Level 1:colcon.colcon_core.package_identification:_identify(src/rplidar_ros) by extension 'ignore'
[2.059s] Level 1:colcon.colcon_core.package_identification:_identify(src/rplidar_ros) by extension 'ignore_ament_install'
[2.059s] Level 1:colcon.colcon_core.package_identification:_identify(src/rplidar_ros) by extensions ['colcon_pkg']
[2.059s] Level 1:colcon.colcon_core.package_identification:_identify(src/rplidar_ros) by extension 'colcon_pkg'
[2.059s] Level 1:colcon.colcon_core.package_identification:_identify(src/rplidar_ros) by extensions ['colcon_meta']
[2.059s] Level 1:colcon.colcon_core.package_identification:_identify(src/rplidar_ros) by extension 'colcon_meta'
[2.060s] Level 1:colcon.colcon_core.package_identification:_identify(src/rplidar_ros) by extensions ['ros']
[2.060s] Level 1:colcon.colcon_core.package_identification:_identify(src/rplidar_ros) by extension 'ros'
[2.063s] DEBUG:colcon.colcon_core.package_identification:Package 'src/rplidar_ros' with type 'ros.ament_cmake' and name 'rplidar_ros'
[2.063s] Level 1:colcon.colcon_core.package_identification:_identify(src/teleop_omni) by extensions ['ignore', 'ignore_ament_install']
[2.064s] Level 1:colcon.colcon_core.package_identification:_identify(src/teleop_omni) by extension 'ignore'
[2.064s] Level 1:colcon.colcon_core.package_identification:_identify(src/teleop_omni) by extension 'ignore_ament_install'
[2.064s] Level 1:colcon.colcon_core.package_identification:_identify(src/teleop_omni) by extensions ['colcon_pkg']
[2.064s] Level 1:colcon.colcon_core.package_identification:_identify(src/teleop_omni) by extension 'colcon_pkg'
[2.064s] Level 1:colcon.colcon_core.package_identification:_identify(src/teleop_omni) by extensions ['colcon_meta']
[2.065s] Level 1:colcon.colcon_core.package_identification:_identify(src/teleop_omni) by extension 'colcon_meta'
[2.065s] Level 1:colcon.colcon_core.package_identification:_identify(src/teleop_omni) by extensions ['ros']
[2.065s] Level 1:colcon.colcon_core.package_identification:_identify(src/teleop_omni) by extension 'ros'
[2.067s] DEBUG:colcon.colcon_core.package_identification:Package 'src/teleop_omni' with type 'ros.ament_python' and name 'teleop_omni'
[2.067s] Level 1:colcon.colcon_core.package_discovery:discover_packages(recursive) using defaults
[2.068s] Level 1:colcon.colcon_core.package_discovery:discover_packages(ignore) discover
[2.068s] Level 1:colcon.colcon_core.package_discovery:discover_packages(ignore) using defaults
[2.068s] Level 1:colcon.colcon_core.package_discovery:discover_packages(path) discover
[2.068s] Level 1:colcon.colcon_core.package_discovery:discover_packages(path) using defaults
[2.154s] Level 1:colcon.colcon_core.package_discovery:discover_packages(prefix_path) check parameters
[2.155s] Level 1:colcon.colcon_core.package_discovery:discover_packages(prefix_path) discover
[2.164s] DEBUG:colcon.colcon_installed_package_information.package_discovery:Found 7 installed packages in /home/jetson/SLAM_WS/install
[2.171s] DEBUG:colcon.colcon_installed_package_information.package_discovery:Found 256 installed packages in /opt/ros/foxy
[2.179s] Level 1:colcon.colcon_core.package_discovery:discover_packages(prefix_path) using defaults
[2.486s] Level 5:colcon.colcon_core.verb:set package 'kinematics' build argument 'cmake_args' from command line to 'None'
[2.487s] Level 5:colcon.colcon_core.verb:set package 'kinematics' build argument 'cmake_target' from command line to 'None'
[2.487s] Level 5:colcon.colcon_core.verb:set package 'kinematics' build argument 'cmake_target_skip_unavailable' from command line to 'False'
[2.487s] Level 5:colcon.colcon_core.verb:set package 'kinematics' build argument 'cmake_clean_cache' from command line to 'False'
[2.487s] Level 5:colcon.colcon_core.verb:set package 'kinematics' build argument 'cmake_clean_first' from command line to 'False'
[2.487s] Level 5:colcon.colcon_core.verb:set package 'kinematics' build argument 'cmake_force_configure' from command line to 'False'
[2.487s] Level 5:colcon.colcon_core.verb:set package 'kinematics' build argument 'ament_cmake_args' from command line to 'None'
[2.488s] Level 5:colcon.colcon_core.verb:set package 'kinematics' build argument 'catkin_cmake_args' from command line to 'None'
[2.488s] Level 5:colcon.colcon_core.verb:set package 'kinematics' build argument 'catkin_skip_building_tests' from command line to 'False'
[2.488s] DEBUG:colcon.colcon_core.verb:Building package 'kinematics' with the following arguments: {'ament_cmake_args': None, 'build_base': '/home/jetson/SLAM_WS/build/kinematics', 'catkin_cmake_args': None, 'catkin_skip_building_tests': False, 'cmake_args': None, 'cmake_clean_cache': False, 'cmake_clean_first': False, 'cmake_force_configure': False, 'cmake_target': None, 'cmake_target_skip_unavailable': False, 'install_base': '/home/jetson/SLAM_WS/install/kinematics', 'merge_install': False, 'path': '/home/jetson/SLAM_WS/src/kinematics', 'symlink_install': False, 'test_result_base': None}
[2.490s] Level 5:colcon.colcon_core.verb:set package 'omni_bot' build argument 'cmake_args' from command line to 'None'
[2.490s] Level 5:colcon.colcon_core.verb:set package 'omni_bot' build argument 'cmake_target' from command line to 'None'
[2.490s] Level 5:colcon.colcon_core.verb:set package 'omni_bot' build argument 'cmake_target_skip_unavailable' from command line to 'False'
[2.490s] Level 5:colcon.colcon_core.verb:set package 'omni_bot' build argument 'cmake_clean_cache' from command line to 'False'
[2.491s] Level 5:colcon.colcon_core.verb:set package 'omni_bot' build argument 'cmake_clean_first' from command line to 'False'
[2.491s] Level 5:colcon.colcon_core.verb:set package 'omni_bot' build argument 'cmake_force_configure' from command line to 'False'
[2.491s] Level 5:colcon.colcon_core.verb:set package 'omni_bot' build argument 'ament_cmake_args' from command line to 'None'
[2.491s] Level 5:colcon.colcon_core.verb:set package 'omni_bot' build argument 'catkin_cmake_args' from command line to 'None'
[2.491s] Level 5:colcon.colcon_core.verb:set package 'omni_bot' build argument 'catkin_skip_building_tests' from command line to 'False'
[2.491s] DEBUG:colcon.colcon_core.verb:Building package 'omni_bot' with the following arguments: {'ament_cmake_args': None, 'build_base': '/home/jetson/SLAM_WS/build/omni_bot', 'catkin_cmake_args': None, 'catkin_skip_building_tests': False, 'cmake_args': None, 'cmake_clean_cache': False, 'cmake_clean_first': False, 'cmake_force_configure': False, 'cmake_target': None, 'cmake_target_skip_unavailable': False, 'install_base': '/home/jetson/SLAM_WS/install/omni_bot', 'merge_install': False, 'path': '/home/jetson/SLAM_WS/src/omni_bot', 'symlink_install': False, 'test_result_base': None}
[2.493s] Level 5:colcon.colcon_core.verb:set package 'rplidar_ros' build argument 'cmake_args' from command line to 'None'
[2.493s] Level 5:colcon.colcon_core.verb:set package 'rplidar_ros' build argument 'cmake_target' from command line to 'None'
[2.493s] Level 5:colcon.colcon_core.verb:set package 'rplidar_ros' build argument 'cmake_target_skip_unavailable' from command line to 'False'
[2.494s] Level 5:colcon.colcon_core.verb:set package 'rplidar_ros' build argument 'cmake_clean_cache' from command line to 'False'
[2.494s] Level 5:colcon.colcon_core.verb:set package 'rplidar_ros' build argument 'cmake_clean_first' from command line to 'False'
[2.494s] Level 5:colcon.colcon_core.verb:set package 'rplidar_ros' build argument 'cmake_force_configure' from command line to 'False'
[2.494s] Level 5:colcon.colcon_core.verb:set package 'rplidar_ros' build argument 'ament_cmake_args' from command line to 'None'
[2.494s] Level 5:colcon.colcon_core.verb:set package 'rplidar_ros' build argument 'catkin_cmake_args' from command line to 'None'
[2.494s] Level 5:colcon.colcon_core.verb:set package 'rplidar_ros' build argument 'catkin_skip_building_tests' from command line to 'False'
[2.494s] DEBUG:colcon.colcon_core.verb:Building package 'rplidar_ros' with the following arguments: {'ament_cmake_args': None, 'build_base': '/home/jetson/SLAM_WS/build/rplidar_ros', 'catkin_cmake_args': None, 'catkin_skip_building_tests': False, 'cmake_args': None, 'cmake_clean_cache': False, 'cmake_clean_first': False, 'cmake_force_configure': False, 'cmake_target': None, 'cmake_target_skip_unavailable': False, 'install_base': '/home/jetson/SLAM_WS/install/rplidar_ros', 'merge_install': False, 'path': '/home/jetson/SLAM_WS/src/rplidar_ros', 'symlink_install': False, 'test_result_base': None}
[2.496s] Level 5:colcon.colcon_core.verb:set package 'teleop_omni' build argument 'cmake_args' from command line to 'None'
[2.496s] Level 5:colcon.colcon_core.verb:set package 'teleop_omni' build argument 'cmake_target' from command line to 'None'
[2.496s] Level 5:colcon.colcon_core.verb:set package 'teleop_omni' build argument 'cmake_target_skip_unavailable' from command line to 'False'
[2.497s] Level 5:colcon.colcon_core.verb:set package 'teleop_omni' build argument 'cmake_clean_cache' from command line to 'False'
[2.497s] Level 5:colcon.colcon_core.verb:set package 'teleop_omni' build argument 'cmake_clean_first' from command line to 'False'
[2.497s] Level 5:colcon.colcon_core.verb:set package 'teleop_omni' build argument 'cmake_force_configure' from command line to 'False'
[2.497s] Level 5:colcon.colcon_core.verb:set package 'teleop_omni' build argument 'ament_cmake_args' from command line to 'None'
[2.497s] Level 5:colcon.colcon_core.verb:set package 'teleop_omni' build argument 'catkin_cmake_args' from command line to 'None'
[2.497s] Level 5:colcon.colcon_core.verb:set package 'teleop_omni' build argument 'catkin_skip_building_tests' from command line to 'False'
[2.497s] DEBUG:colcon.colcon_core.verb:Building package 'teleop_omni' with the following arguments: {'ament_cmake_args': None, 'build_base': '/home/jetson/SLAM_WS/build/teleop_omni', 'catkin_cmake_args': None, 'catkin_skip_building_tests': False, 'cmake_args': None, 'cmake_clean_cache': False, 'cmake_clean_first': False, 'cmake_force_configure': False, 'cmake_target': None, 'cmake_target_skip_unavailable': False, 'install_base': '/home/jetson/SLAM_WS/install/teleop_omni', 'merge_install': False, 'path': '/home/jetson/SLAM_WS/src/teleop_omni', 'symlink_install': False, 'test_result_base': None}
[2.498s] INFO:colcon.colcon_core.executor:Executing jobs using 'parallel' executor
[2.501s] DEBUG:colcon.colcon_parallel_executor.executor.parallel:run_until_complete
[2.503s] INFO:colcon.colcon_ros.task.ament_python.build:Building ROS package in '/home/jetson/SLAM_WS/src/kinematics' with build type 'ament_python'
[2.504s] Level 1:colcon.colcon_core.shell:create_environment_hook('kinematics', 'ament_prefix_path')
[2.512s] INFO:colcon.colcon_core.plugin_system:Skipping extension 'colcon_core.shell.bat': Not used on non-Windows systems
[2.513s] INFO:colcon.colcon_core.shell:Creating environment hook '/home/jetson/SLAM_WS/install/kinematics/share/kinematics/hook/ament_prefix_path.ps1'
[2.516s] INFO:colcon.colcon_core.shell:Creating environment descriptor '/home/jetson/SLAM_WS/install/kinematics/share/kinematics/hook/ament_prefix_path.dsv'
[2.518s] INFO:colcon.colcon_core.shell:Creating environment hook '/home/jetson/SLAM_WS/install/kinematics/share/kinematics/hook/ament_prefix_path.sh'
[2.521s] INFO:colcon.colcon_core.shell:Skip shell extension 'powershell' for command environment: Not usable outside of PowerShell
[2.522s] DEBUG:colcon.colcon_core.shell:Skip shell extension 'dsv' for command environment
[2.542s] INFO:colcon.colcon_ros.task.ament_python.build:Building ROS package in '/home/jetson/SLAM_WS/src/omni_bot' with build type 'ament_python'
[2.543s] Level 1:colcon.colcon_core.shell:create_environment_hook('omni_bot', 'ament_prefix_path')
[2.544s] INFO:colcon.colcon_core.shell:Creating environment hook '/home/jetson/SLAM_WS/install/omni_bot/share/omni_bot/hook/ament_prefix_path.ps1'
[2.547s] INFO:colcon.colcon_core.shell:Creating environment descriptor '/home/jetson/SLAM_WS/install/omni_bot/share/omni_bot/hook/ament_prefix_path.dsv'
[2.549s] INFO:colcon.colcon_core.shell:Creating environment hook '/home/jetson/SLAM_WS/install/omni_bot/share/omni_bot/hook/ament_prefix_path.sh'
[2.552s] INFO:colcon.colcon_core.shell:Skip shell extension 'powershell' for command environment: Not usable outside of PowerShell
[2.552s] DEBUG:colcon.colcon_core.shell:Skip shell extension 'dsv' for command environment
[2.572s] INFO:colcon.colcon_ros.task.ament_cmake.build:Building ROS package in '/home/jetson/SLAM_WS/src/rplidar_ros' with build type 'ament_cmake'
[2.573s] INFO:colcon.colcon_cmake.task.cmake.build:Building CMake package in '/home/jetson/SLAM_WS/src/rplidar_ros'
[2.575s] INFO:colcon.colcon_core.shell:Skip shell extension 'powershell' for command environment: Not usable outside of PowerShell
[2.575s] DEBUG:colcon.colcon_core.shell:Skip shell extension 'dsv' for command environment
[2.596s] INFO:colcon.colcon_ros.task.ament_python.build:Building ROS package in '/home/jetson/SLAM_WS/src/teleop_omni' with build type 'ament_python'
[2.597s] Level 1:colcon.colcon_core.shell:create_environment_hook('teleop_omni', 'ament_prefix_path')
[2.599s] INFO:colcon.colcon_core.shell:Creating environment hook '/home/jetson/SLAM_WS/install/teleop_omni/share/teleop_omni/hook/ament_prefix_path.ps1'
[2.602s] INFO:colcon.colcon_core.shell:Creating environment descriptor '/home/jetson/SLAM_WS/install/teleop_omni/share/teleop_omni/hook/ament_prefix_path.dsv'
[2.605s] INFO:colcon.colcon_core.shell:Creating environment hook '/home/jetson/SLAM_WS/install/teleop_omni/share/teleop_omni/hook/ament_prefix_path.sh'
[2.607s] INFO:colcon.colcon_core.shell:Skip shell extension 'powershell' for command environment: Not usable outside of PowerShell
[2.607s] DEBUG:colcon.colcon_core.shell:Skip shell extension 'dsv' for command environment
[3.927s] INFO:colcon.colcon_core.task.python.build:Building Python package in '/home/jetson/SLAM_WS/src/kinematics'
[3.928s] INFO:colcon.colcon_core.shell:Skip shell extension 'powershell' for command environment: Not usable outside of PowerShell
[3.929s] DEBUG:colcon.colcon_core.shell:Skip shell extension 'dsv' for command environment
[5.227s] INFO:colcon.colcon_core.task.python.build:Building Python package in '/home/jetson/SLAM_WS/src/omni_bot'
[5.229s] INFO:colcon.colcon_core.shell:Skip shell extension 'powershell' for command environment: Not usable outside of PowerShell
[5.229s] DEBUG:colcon.colcon_core.shell:Skip shell extension 'dsv' for command environment
[5.264s] DEBUG:colcon.colcon_core.event_handler.log_command:Invoking command in '/home/jetson/SLAM_WS/build/rplidar_ros': CMAKE_PREFIX_PATH=/home/jetson/SLAM_WS/install/kinematics:/home/jetson/SLAM_WS/install/teleop_omni:/home/jetson/SLAM_WS/install/omni_bot:/home/jetson/SLAM_WS/install/inverse_kinematic:/opt/ros/foxy:${CMAKE_PREFIX_PATH} /usr/bin/cmake --build /home/jetson/SLAM_WS/build/rplidar_ros -- -j4 -l4
[6.591s] INFO:colcon.colcon_core.task.python.build:Building Python package in '/home/jetson/SLAM_WS/src/teleop_omni'
[6.593s] INFO:colcon.colcon_core.shell:Skip shell extension 'powershell' for command environment: Not usable outside of PowerShell
[6.593s] DEBUG:colcon.colcon_core.shell:Skip shell extension 'dsv' for command environment
[6.625s] DEBUG:colcon.colcon_core.event_handler.log_command:Invoked command in '/home/jetson/SLAM_WS/build/rplidar_ros' returned '0': CMAKE_PREFIX_PATH=/home/jetson/SLAM_WS/install/kinematics:/home/jetson/SLAM_WS/install/teleop_omni:/home/jetson/SLAM_WS/install/omni_bot:/home/jetson/SLAM_WS/install/inverse_kinematic:/opt/ros/foxy:${CMAKE_PREFIX_PATH} /usr/bin/cmake --build /home/jetson/SLAM_WS/build/rplidar_ros -- -j4 -l4
[6.668s] DEBUG:colcon.colcon_core.event_handler.log_command:Invoking command in '/home/jetson/SLAM_WS/build/rplidar_ros': CMAKE_PREFIX_PATH=/home/jetson/SLAM_WS/install/kinematics:/home/jetson/SLAM_WS/install/teleop_omni:/home/jetson/SLAM_WS/install/omni_bot:/home/jetson/SLAM_WS/install/inverse_kinematic:/opt/ros/foxy:${CMAKE_PREFIX_PATH} /usr/bin/cmake --install /home/jetson/SLAM_WS/build/rplidar_ros
[6.761s] Level 1:colcon.colcon_core.environment:create_environment_scripts_only(rplidar_ros)
[6.764s] DEBUG:colcon.colcon_core.event_handler.log_command:Invoked command in '/home/jetson/SLAM_WS/build/rplidar_ros' returned '0': CMAKE_PREFIX_PATH=/home/jetson/SLAM_WS/install/kinematics:/home/jetson/SLAM_WS/install/teleop_omni:/home/jetson/SLAM_WS/install/omni_bot:/home/jetson/SLAM_WS/install/inverse_kinematic:/opt/ros/foxy:${CMAKE_PREFIX_PATH} /usr/bin/cmake --install /home/jetson/SLAM_WS/build/rplidar_ros
[6.789s] Level 1:colcon.colcon_core.environment:checking '/home/jetson/SLAM_WS/install/rplidar_ros' for CMake module files
[6.792s] Level 1:colcon.colcon_core.environment:checking '/home/jetson/SLAM_WS/install/rplidar_ros' for CMake config files
[6.794s] Level 1:colcon.colcon_core.shell:create_environment_hook('rplidar_ros', 'cmake_prefix_path')
[6.806s] INFO:colcon.colcon_core.shell:Creating environment hook '/home/jetson/SLAM_WS/install/rplidar_ros/share/rplidar_ros/hook/cmake_prefix_path.ps1'
[6.809s] INFO:colcon.colcon_core.shell:Creating environment descriptor '/home/jetson/SLAM_WS/install/rplidar_ros/share/rplidar_ros/hook/cmake_prefix_path.dsv'
[6.813s] INFO:colcon.colcon_core.shell:Creating environment hook '/home/jetson/SLAM_WS/install/rplidar_ros/share/rplidar_ros/hook/cmake_prefix_path.sh'
[6.818s] Level 1:colcon.colcon_core.environment:checking '/home/jetson/SLAM_WS/install/rplidar_ros/lib'
[6.820s] Level 1:colcon.colcon_core.environment:checking '/home/jetson/SLAM_WS/install/rplidar_ros/bin'
[6.821s] Level 1:colcon.colcon_core.environment:checking '/home/jetson/SLAM_WS/install/rplidar_ros/lib/pkgconfig/rplidar_ros.pc'
[6.822s] Level 1:colcon.colcon_core.environment:checking '/home/jetson/SLAM_WS/install/rplidar_ros/lib/python3.8/site-packages'
[6.823s] Level 1:colcon.colcon_core.environment:checking '/home/jetson/SLAM_WS/install/rplidar_ros/bin'
[6.825s] INFO:colcon.colcon_core.shell:Creating package script '/home/jetson/SLAM_WS/install/rplidar_ros/share/rplidar_ros/package.ps1'
[6.832s] INFO:colcon.colcon_core.shell:Creating package descriptor '/home/jetson/SLAM_WS/install/rplidar_ros/share/rplidar_ros/package.dsv'
[6.837s] INFO:colcon.colcon_core.shell:Creating package script '/home/jetson/SLAM_WS/install/rplidar_ros/share/rplidar_ros/package.sh'
[6.842s] INFO:colcon.colcon_core.shell:Creating package script '/home/jetson/SLAM_WS/install/rplidar_ros/share/rplidar_ros/package.bash'
[6.852s] INFO:colcon.colcon_core.shell:Creating package script '/home/jetson/SLAM_WS/install/rplidar_ros/share/rplidar_ros/package.zsh'
[6.857s] Level 1:colcon.colcon_core.environment:create_file_with_runtime_dependencies(/home/jetson/SLAM_WS/install/rplidar_ros/share/colcon-core/packages/rplidar_ros)
[6.862s] Level 1:colcon.colcon_core.environment:create_environment_scripts_only(rplidar_ros)
[6.864s] Level 1:colcon.colcon_core.environment:checking '/home/jetson/SLAM_WS/install/rplidar_ros' for CMake module files
[6.868s] Level 1:colcon.colcon_core.environment:checking '/home/jetson/SLAM_WS/install/rplidar_ros' for CMake config files
[6.871s] Level 1:colcon.colcon_core.shell:create_environment_hook('rplidar_ros', 'cmake_prefix_path')
[6.872s] INFO:colcon.colcon_core.shell:Creating environment hook '/home/jetson/SLAM_WS/install/rplidar_ros/share/rplidar_ros/hook/cmake_prefix_path.ps1'
[6.876s] INFO:colcon.colcon_core.shell:Creating environment descriptor '/home/jetson/SLAM_WS/install/rplidar_ros/share/rplidar_ros/hook/cmake_prefix_path.dsv'
[6.879s] INFO:colcon.colcon_core.shell:Creating environment hook '/home/jetson/SLAM_WS/install/rplidar_ros/share/rplidar_ros/hook/cmake_prefix_path.sh'
[6.883s] Level 1:colcon.colcon_core.environment:checking '/home/jetson/SLAM_WS/install/rplidar_ros/lib'
[6.884s] Level 1:colcon.colcon_core.environment:checking '/home/jetson/SLAM_WS/install/rplidar_ros/bin'
[6.885s] Level 1:colcon.colcon_core.environment:checking '/home/jetson/SLAM_WS/install/rplidar_ros/lib/pkgconfig/rplidar_ros.pc'
[6.886s] Level 1:colcon.colcon_core.environment:checking '/home/jetson/SLAM_WS/install/rplidar_ros/lib/python3.8/site-packages'
[6.887s] Level 1:colcon.colcon_core.environment:checking '/home/jetson/SLAM_WS/install/rplidar_ros/bin'
[6.889s] INFO:colcon.colcon_core.shell:Creating package script '/home/jetson/SLAM_WS/install/rplidar_ros/share/rplidar_ros/package.ps1'
[6.894s] INFO:colcon.colcon_core.shell:Creating package descriptor '/home/jetson/SLAM_WS/install/rplidar_ros/share/rplidar_ros/package.dsv'
[6.898s] INFO:colcon.colcon_core.shell:Creating package script '/home/jetson/SLAM_WS/install/rplidar_ros/share/rplidar_ros/package.sh'
[6.901s] INFO:colcon.colcon_core.shell:Creating package script '/home/jetson/SLAM_WS/install/rplidar_ros/share/rplidar_ros/package.bash'
[6.905s] INFO:colcon.colcon_core.shell:Creating package script '/home/jetson/SLAM_WS/install/rplidar_ros/share/rplidar_ros/package.zsh'
[6.909s] Level 1:colcon.colcon_core.environment:create_file_with_runtime_dependencies(/home/jetson/SLAM_WS/install/rplidar_ros/share/colcon-core/packages/rplidar_ros)
[8.727s] DEBUG:colcon.colcon_core.event_handler.log_command:Invoking command in '/home/jetson/SLAM_WS/src/omni_bot': PYTHONPATH=/home/jetson/SLAM_WS/build/omni_bot/prefix_override:/usr/lib/python3/dist-packages/colcon_core/task/python/colcon_distutils_commands:/home/jetson/SLAM_WS/install/omni_bot/lib/python3.8/site-packages:${PYTHONPATH} /usr/bin/python3 -W ignore:setup.py install is deprecated -W ignore:easy_install command is deprecated setup.py egg_info --egg-base ../../build/omni_bot build --build-base /home/jetson/SLAM_WS/build/omni_bot/build install --record /home/jetson/SLAM_WS/build/omni_bot/install.log --single-version-externally-managed install_data
[8.757s] DEBUG:colcon.colcon_core.event_handler.log_command:Invoking command in '/home/jetson/SLAM_WS/src/kinematics': PYTHONPATH=/home/jetson/SLAM_WS/build/kinematics/prefix_override:/usr/lib/python3/dist-packages/colcon_core/task/python/colcon_distutils_commands:/home/jetson/SLAM_WS/install/kinematics/lib/python3.8/site-packages:${PYTHONPATH} /usr/bin/python3 -W ignore:setup.py install is deprecated -W ignore:easy_install command is deprecated setup.py egg_info --egg-base ../../build/kinematics build --build-base /home/jetson/SLAM_WS/build/kinematics/build install --record /home/jetson/SLAM_WS/build/kinematics/install.log --single-version-externally-managed install_data
[8.852s] DEBUG:colcon.colcon_core.event_handler.log_command:Invoking command in '/home/jetson/SLAM_WS/src/teleop_omni': PYTHONPATH=/home/jetson/SLAM_WS/build/teleop_omni/prefix_override:/usr/lib/python3/dist-packages/colcon_core/task/python/colcon_distutils_commands:/home/jetson/SLAM_WS/install/teleop_omni/lib/python3.8/site-packages:${PYTHONPATH} /usr/bin/python3 -W ignore:setup.py install is deprecated -W ignore:easy_install command is deprecated setup.py egg_info --egg-base ../../build/teleop_omni build --build-base /home/jetson/SLAM_WS/build/teleop_omni/build install --record /home/jetson/SLAM_WS/build/teleop_omni/install.log --single-version-externally-managed install_data
[10.346s] Level 1:colcon.colcon_core.environment:checking '/home/jetson/SLAM_WS/install/omni_bot' for CMake module files
[10.349s] Level 1:colcon.colcon_core.environment:checking '/home/jetson/SLAM_WS/install/omni_bot' for CMake config files
[10.351s] DEBUG:colcon.colcon_core.event_handler.log_command:Invoked command in '/home/jetson/SLAM_WS/src/omni_bot' returned '0': PYTHONPATH=/home/jetson/SLAM_WS/build/omni_bot/prefix_override:/usr/lib/python3/dist-packages/colcon_core/task/python/colcon_distutils_commands:/home/jetson/SLAM_WS/install/omni_bot/lib/python3.8/site-packages:${PYTHONPATH} /usr/bin/python3 -W ignore:setup.py install is deprecated -W ignore:easy_install command is deprecated setup.py egg_info --egg-base ../../build/omni_bot build --build-base /home/jetson/SLAM_WS/build/omni_bot/build install --record /home/jetson/SLAM_WS/build/omni_bot/install.log --single-version-externally-managed install_data
[10.353s] Level 1:colcon.colcon_core.environment:checking '/home/jetson/SLAM_WS/install/omni_bot/lib'
[10.354s] Level 1:colcon.colcon_core.environment:checking '/home/jetson/SLAM_WS/install/omni_bot/bin'
[10.354s] Level 1:colcon.colcon_core.environment:checking '/home/jetson/SLAM_WS/install/omni_bot/lib/pkgconfig/omni_bot.pc'
[10.355s] Level 1:colcon.colcon_core.environment:checking '/home/jetson/SLAM_WS/install/omni_bot/lib/python3.8/site-packages'
[10.355s] Level 1:colcon.colcon_core.shell:create_environment_hook('omni_bot', 'pythonpath')
[10.357s] INFO:colcon.colcon_core.shell:Creating environment hook '/home/jetson/SLAM_WS/install/omni_bot/share/omni_bot/hook/pythonpath.ps1'
[10.360s] INFO:colcon.colcon_core.shell:Creating environment descriptor '/home/jetson/SLAM_WS/install/omni_bot/share/omni_bot/hook/pythonpath.dsv'
[10.362s] INFO:colcon.colcon_core.shell:Creating environment hook '/home/jetson/SLAM_WS/install/omni_bot/share/omni_bot/hook/pythonpath.sh'
[10.366s] Level 1:colcon.colcon_core.environment:checking '/home/jetson/SLAM_WS/install/omni_bot/bin'
[10.367s] Level 1:colcon.colcon_core.environment:create_environment_scripts_only(omni_bot)
[10.369s] INFO:colcon.colcon_core.shell:Creating package script '/home/jetson/SLAM_WS/install/omni_bot/share/omni_bot/package.ps1'
[10.375s] INFO:colcon.colcon_core.shell:Creating package descriptor '/home/jetson/SLAM_WS/install/omni_bot/share/omni_bot/package.dsv'
[10.379s] INFO:colcon.colcon_core.shell:Creating package script '/home/jetson/SLAM_WS/install/omni_bot/share/omni_bot/package.sh'
[10.382s] INFO:colcon.colcon_core.shell:Creating package script '/home/jetson/SLAM_WS/install/omni_bot/share/omni_bot/package.bash'
[10.385s] INFO:colcon.colcon_core.shell:Creating package script '/home/jetson/SLAM_WS/install/omni_bot/share/omni_bot/package.zsh'
[10.389s] Level 1:colcon.colcon_core.environment:create_file_with_runtime_dependencies(/home/jetson/SLAM_WS/install/omni_bot/share/colcon-core/packages/omni_bot)
[10.479s] Level 1:colcon.colcon_core.environment:checking '/home/jetson/SLAM_WS/install/teleop_omni' for CMake module files
[10.480s] DEBUG:colcon.colcon_core.event_handler.log_command:Invoked command in '/home/jetson/SLAM_WS/src/teleop_omni' returned '0': PYTHONPATH=/home/jetson/SLAM_WS/build/teleop_omni/prefix_override:/usr/lib/python3/dist-packages/colcon_core/task/python/colcon_distutils_commands:/home/jetson/SLAM_WS/install/teleop_omni/lib/python3.8/site-packages:${PYTHONPATH} /usr/bin/python3 -W ignore:setup.py install is deprecated -W ignore:easy_install command is deprecated setup.py egg_info --egg-base ../../build/teleop_omni build --build-base /home/jetson/SLAM_WS/build/teleop_omni/build install --record /home/jetson/SLAM_WS/build/teleop_omni/install.log --single-version-externally-managed install_data
[10.484s] Level 1:colcon.colcon_core.environment:checking '/home/jetson/SLAM_WS/install/teleop_omni' for CMake config files
[10.486s] Level 1:colcon.colcon_core.environment:checking '/home/jetson/SLAM_WS/install/teleop_omni/lib'
[10.487s] Level 1:colcon.colcon_core.environment:checking '/home/jetson/SLAM_WS/install/teleop_omni/bin'
[10.487s] Level 1:colcon.colcon_core.environment:checking '/home/jetson/SLAM_WS/install/teleop_omni/lib/pkgconfig/teleop_omni.pc'
[10.488s] Level 1:colcon.colcon_core.environment:checking '/home/jetson/SLAM_WS/install/teleop_omni/lib/python3.8/site-packages'
[10.489s] Level 1:colcon.colcon_core.shell:create_environment_hook('teleop_omni', 'pythonpath')
[10.490s] INFO:colcon.colcon_core.shell:Creating environment hook '/home/jetson/SLAM_WS/install/teleop_omni/share/teleop_omni/hook/pythonpath.ps1'
[10.492s] INFO:colcon.colcon_core.shell:Creating environment descriptor '/home/jetson/SLAM_WS/install/teleop_omni/share/teleop_omni/hook/pythonpath.dsv'
[10.494s] INFO:colcon.colcon_core.shell:Creating environment hook '/home/jetson/SLAM_WS/install/teleop_omni/share/teleop_omni/hook/pythonpath.sh'
[10.496s] Level 1:colcon.colcon_core.environment:checking '/home/jetson/SLAM_WS/install/teleop_omni/bin'
[10.497s] Level 1:colcon.colcon_core.environment:create_environment_scripts_only(teleop_omni)
[10.499s] INFO:colcon.colcon_core.shell:Creating package script '/home/jetson/SLAM_WS/install/teleop_omni/share/teleop_omni/package.ps1'
[10.501s] INFO:colcon.colcon_core.shell:Creating package descriptor '/home/jetson/SLAM_WS/install/teleop_omni/share/teleop_omni/package.dsv'
[10.504s] INFO:colcon.colcon_core.shell:Creating package script '/home/jetson/SLAM_WS/install/teleop_omni/share/teleop_omni/package.sh'
[10.506s] INFO:colcon.colcon_core.shell:Creating package script '/home/jetson/SLAM_WS/install/teleop_omni/share/teleop_omni/package.bash'
[10.508s] INFO:colcon.colcon_core.shell:Creating package script '/home/jetson/SLAM_WS/install/teleop_omni/share/teleop_omni/package.zsh'
[10.510s] Level 1:colcon.colcon_core.environment:create_file_with_runtime_dependencies(/home/jetson/SLAM_WS/install/teleop_omni/share/colcon-core/packages/teleop_omni)
[10.515s] Level 1:colcon.colcon_core.environment:checking '/home/jetson/SLAM_WS/install/kinematics' for CMake module files
[10.518s] DEBUG:colcon.colcon_core.event_handler.log_command:Invoked command in '/home/jetson/SLAM_WS/src/kinematics' returned '0': PYTHONPATH=/home/jetson/SLAM_WS/build/kinematics/prefix_override:/usr/lib/python3/dist-packages/colcon_core/task/python/colcon_distutils_commands:/home/jetson/SLAM_WS/install/kinematics/lib/python3.8/site-packages:${PYTHONPATH} /usr/bin/python3 -W ignore:setup.py install is deprecated -W ignore:easy_install command is deprecated setup.py egg_info --egg-base ../../build/kinematics build --build-base /home/jetson/SLAM_WS/build/kinematics/build install --record /home/jetson/SLAM_WS/build/kinematics/install.log --single-version-externally-managed install_data
[10.519s] Level 1:colcon.colcon_core.environment:checking '/home/jetson/SLAM_WS/install/kinematics' for CMake config files
[10.521s] Level 1:colcon.colcon_core.environment:checking '/home/jetson/SLAM_WS/install/kinematics/lib'
[10.522s] Level 1:colcon.colcon_core.environment:checking '/home/jetson/SLAM_WS/install/kinematics/bin'
[10.522s] Level 1:colcon.colcon_core.environment:checking '/home/jetson/SLAM_WS/install/kinematics/lib/pkgconfig/kinematics.pc'
[10.523s] Level 1:colcon.colcon_core.environment:checking '/home/jetson/SLAM_WS/install/kinematics/lib/python3.8/site-packages'
[10.523s] Level 1:colcon.colcon_core.shell:create_environment_hook('kinematics', 'pythonpath')
[10.524s] INFO:colcon.colcon_core.shell:Creating environment hook '/home/jetson/SLAM_WS/install/kinematics/share/kinematics/hook/pythonpath.ps1'
[10.526s] INFO:colcon.colcon_core.shell:Creating environment descriptor '/home/jetson/SLAM_WS/install/kinematics/share/kinematics/hook/pythonpath.dsv'
[10.527s] INFO:colcon.colcon_core.shell:Creating environment hook '/home/jetson/SLAM_WS/install/kinematics/share/kinematics/hook/pythonpath.sh'
[10.529s] Level 1:colcon.colcon_core.environment:checking '/home/jetson/SLAM_WS/install/kinematics/bin'
[10.530s] Level 1:colcon.colcon_core.environment:create_environment_scripts_only(kinematics)
[10.531s] INFO:colcon.colcon_core.shell:Creating package script '/home/jetson/SLAM_WS/install/kinematics/share/kinematics/package.ps1'
[10.534s] INFO:colcon.colcon_core.shell:Creating package descriptor '/home/jetson/SLAM_WS/install/kinematics/share/kinematics/package.dsv'
[10.536s] INFO:colcon.colcon_core.shell:Creating package script '/home/jetson/SLAM_WS/install/kinematics/share/kinematics/package.sh'
[10.538s] INFO:colcon.colcon_core.shell:Creating package script '/home/jetson/SLAM_WS/install/kinematics/share/kinematics/package.bash'
[10.539s] INFO:colcon.colcon_core.shell:Creating package script '/home/jetson/SLAM_WS/install/kinematics/share/kinematics/package.zsh'
[10.541s] Level 1:colcon.colcon_core.environment:create_file_with_runtime_dependencies(/home/jetson/SLAM_WS/install/kinematics/share/colcon-core/packages/kinematics)
[10.542s] DEBUG:colcon.colcon_parallel_executor.executor.parallel:closing loop
[10.543s] DEBUG:colcon.colcon_parallel_executor.executor.parallel:loop closed
[10.544s] DEBUG:colcon.colcon_parallel_executor.executor.parallel:run_until_complete finished with '0'
[10.544s] DEBUG:colcon.colcon_core.event_reactor:joining thread
[10.574s] INFO:colcon.colcon_core.plugin_system:Skipping extension 'colcon_notification.desktop_notification.terminal_notifier': Not used on non-Darwin systems
[10.574s] INFO:colcon.colcon_core.plugin_system:Skipping extension 'colcon_notification.desktop_notification.win32': Not used on non-Windows systems
[10.575s] INFO:colcon.colcon_notification.desktop_notification:Sending desktop notification using 'notify2'
[10.613s] DEBUG:colcon.colcon_notification.desktop_notification.notify2:Failed to initialize notify2: org.freedesktop.DBus.Error.Spawn.ChildExited: Process org.freedesktop.Notifications exited with status 1
[10.614s] DEBUG:colcon.colcon_core.event_reactor:joined thread
[10.615s] INFO:colcon.colcon_core.shell:Creating prefix script '/home/jetson/SLAM_WS/install/local_setup.ps1'
[10.621s] INFO:colcon.colcon_core.shell:Creating prefix util module '/home/jetson/SLAM_WS/install/_local_setup_util_ps1.py'
[10.627s] INFO:colcon.colcon_core.shell:Creating prefix chain script '/home/jetson/SLAM_WS/install/setup.ps1'
[10.633s] INFO:colcon.colcon_core.shell:Creating prefix script '/home/jetson/SLAM_WS/install/local_setup.sh'
[10.636s] INFO:colcon.colcon_core.shell:Creating prefix util module '/home/jetson/SLAM_WS/install/_local_setup_util_sh.py'
[10.639s] INFO:colcon.colcon_core.shell:Creating prefix chain script '/home/jetson/SLAM_WS/install/setup.sh'
[10.644s] INFO:colcon.colcon_core.shell:Creating prefix script '/home/jetson/SLAM_WS/install/local_setup.bash'
[10.647s] INFO:colcon.colcon_core.shell:Creating prefix chain script '/home/jetson/SLAM_WS/install/setup.bash'
[10.652s] INFO:colcon.colcon_core.shell:Creating prefix script '/home/jetson/SLAM_WS/install/local_setup.zsh'
[10.654s] INFO:colcon.colcon_core.shell:Creating prefix chain script '/home/jetson/SLAM_WS/install/setup.zsh'
