running egg_info
writing ../../build/inverse_kinematic/inverse_kinematic.egg-info/PKG-INFO
writing dependency_links to ../../build/inverse_kinematic/inverse_kinematic.egg-info/dependency_links.txt
writing entry points to ../../build/inverse_kinematic/inverse_kinematic.egg-info/entry_points.txt
writing requirements to ../../build/inverse_kinematic/inverse_kinematic.egg-info/requires.txt
writing top-level names to ../../build/inverse_kinematic/inverse_kinematic.egg-info/top_level.txt
reading manifest file '../../build/inverse_kinematic/inverse_kinematic.egg-info/SOURCES.txt'
writing manifest file '../../build/inverse_kinematic/inverse_kinematic.egg-info/SOURCES.txt'
running build
running build_py
copying inverse_kinematic/inverse_kinematic_node.py -> /home/jetson/SLAM_WS/build/inverse_kinematic/build/lib/inverse_kinematic
running install
running install_lib
copying /home/jetson/SLAM_WS/build/inverse_kinematic/build/lib/inverse_kinematic/inverse_kinematic_node.py -> /home/jetson/SLAM_WS/install/inverse_kinematic/lib/python3.8/site-packages/inverse_kinematic
byte-compiling /home/jetson/SLAM_WS/install/inverse_kinematic/lib/python3.8/site-packages/inverse_kinematic/inverse_kinematic_node.py to inverse_kinematic_node.cpython-38.pyc
running install_data
running install_egg_info
removing '/home/jetson/SLAM_WS/install/inverse_kinematic/lib/python3.8/site-packages/inverse_kinematic-0.0.0-py3.8.egg-info' (and everything under it)
Copying ../../build/inverse_kinematic/inverse_kinematic.egg-info to /home/jetson/SLAM_WS/install/inverse_kinematic/lib/python3.8/site-packages/inverse_kinematic-0.0.0-py3.8.egg-info
running install_scripts
Installing inverse_kinematic script to /home/jetson/SLAM_WS/install/inverse_kinematic/lib/inverse_kinematic
writing list of installed files to '/home/jetson/SLAM_WS/build/inverse_kinematic/install.log'
