[6.346s] Invoking command in '/home/jetson/SLAM_WS/src/inverse_kinematic': PYTHONPATH=/home/jetson/SLAM_WS/build/inverse_kinematic/prefix_override:/usr/lib/python3/dist-packages/colcon_core/task/python/colcon_distutils_commands:/home/jetson/SLAM_WS/install/inverse_kinematic/lib/python3.8/site-packages:${PYTHONPATH} /usr/bin/python3 -W ignore:setup.py install is deprecated -W ignore:easy_install command is deprecated setup.py egg_info --egg-base ../../build/inverse_kinematic build --build-base /home/jetson/SLAM_WS/build/inverse_kinematic/build install --record /home/jetson/SLAM_WS/build/inverse_kinematic/install.log --single-version-externally-managed install_data
[7.694s] running egg_info
[7.697s] writing ../../build/inverse_kinematic/inverse_kinematic.egg-info/PKG-INFO
[7.697s] writing dependency_links to ../../build/inverse_kinematic/inverse_kinematic.egg-info/dependency_links.txt
[7.701s] writing entry points to ../../build/inverse_kinematic/inverse_kinematic.egg-info/entry_points.txt
[7.701s] writing requirements to ../../build/inverse_kinematic/inverse_kinematic.egg-info/requires.txt
[7.702s] writing top-level names to ../../build/inverse_kinematic/inverse_kinematic.egg-info/top_level.txt
[7.711s] reading manifest file '../../build/inverse_kinematic/inverse_kinematic.egg-info/SOURCES.txt'
[7.715s] writing manifest file '../../build/inverse_kinematic/inverse_kinematic.egg-info/SOURCES.txt'
[7.716s] running build
[7.717s] running build_py
[7.717s] copying inverse_kinematic/inverse_kinematic_node.py -> /home/jetson/SLAM_WS/build/inverse_kinematic/build/lib/inverse_kinematic
[7.721s] running install
[7.721s] running install_lib
[7.725s] copying /home/jetson/SLAM_WS/build/inverse_kinematic/build/lib/inverse_kinematic/inverse_kinematic_node.py -> /home/jetson/SLAM_WS/install/inverse_kinematic/lib/python3.8/site-packages/inverse_kinematic
[7.728s] byte-compiling /home/jetson/SLAM_WS/install/inverse_kinematic/lib/python3.8/site-packages/inverse_kinematic/inverse_kinematic_node.py to inverse_kinematic_node.cpython-38.pyc
[7.730s] running install_data
[7.732s] running install_egg_info
[7.740s] removing '/home/jetson/SLAM_WS/install/inverse_kinematic/lib/python3.8/site-packages/inverse_kinematic-0.0.0-py3.8.egg-info' (and everything under it)
[7.741s] Copying ../../build/inverse_kinematic/inverse_kinematic.egg-info to /home/jetson/SLAM_WS/install/inverse_kinematic/lib/python3.8/site-packages/inverse_kinematic-0.0.0-py3.8.egg-info
[7.745s] running install_scripts
[7.825s] Installing inverse_kinematic script to /home/jetson/SLAM_WS/install/inverse_kinematic/lib/inverse_kinematic
[7.828s] writing list of installed files to '/home/jetson/SLAM_WS/build/inverse_kinematic/install.log'
[7.946s] Invoked command in '/home/jetson/SLAM_WS/src/inverse_kinematic' returned '0': PYTHONPATH=/home/jetson/SLAM_WS/build/inverse_kinematic/prefix_override:/usr/lib/python3/dist-packages/colcon_core/task/python/colcon_distutils_commands:/home/jetson/SLAM_WS/install/inverse_kinematic/lib/python3.8/site-packages:${PYTHONPATH} /usr/bin/python3 -W ignore:setup.py install is deprecated -W ignore:easy_install command is deprecated setup.py egg_info --egg-base ../../build/inverse_kinematic build --build-base /home/jetson/SLAM_WS/build/inverse_kinematic/build install --record /home/jetson/SLAM_WS/build/inverse_kinematic/install.log --single-version-externally-managed install_data
