[0.078s] Invoking command in '/home/jetson/SLAM_WS/build/ldlidar_stl_ros2': CMAKE_PREFIX_PATH=${CMAKE_PREFIX_PATH}:/home/jetson/SLAM_WS/install/omni_bot:/opt/ros/foxy /usr/bin/cmake --build /home/jetson/SLAM_WS/build/ldlidar_stl_ros2 -- -j4 -l4
[0.344s] [100%] Built target ldlidar_stl_ros2_node
[1.395s] Invoked command in '/home/jetson/SLAM_WS/build/ldlidar_stl_ros2' returned '0': CMAKE_PREFIX_PATH=${CMAKE_PREFIX_PATH}:/home/jetson/SLAM_WS/install/omni_bot:/opt/ros/foxy /usr/bin/cmake --build /home/jetson/SLAM_WS/build/ldlidar_stl_ros2 -- -j4 -l4
[1.437s] Invoking command in '/home/jetson/SLAM_WS/build/ldlidar_stl_ros2': CMAKE_PREFIX_PATH=${CMAKE_PREFIX_PATH}:/home/jetson/SLAM_WS/install/omni_bot:/opt/ros/foxy /usr/bin/cmake --install /home/jetson/SLAM_WS/build/ldlidar_stl_ros2
[1.467s] -- Install configuration: ""
[1.468s] -- Up-to-date: /home/jetson/SLAM_WS/install/ldlidar_stl_ros2/lib/ldlidar_stl_ros2/ldlidar_stl_ros2_node
[1.468s] -- Up-to-date: /home/jetson/SLAM_WS/install/ldlidar_stl_ros2/share/ldlidar_stl_ros2//launch
[1.469s] -- Up-to-date: /home/jetson/SLAM_WS/install/ldlidar_stl_ros2/share/ldlidar_stl_ros2//launch/ld06.launch.py
[1.470s] -- Up-to-date: /home/jetson/SLAM_WS/install/ldlidar_stl_ros2/share/ldlidar_stl_ros2//launch/stl27l.launch.py
[1.471s] -- Up-to-date: /home/jetson/SLAM_WS/install/ldlidar_stl_ros2/share/ldlidar_stl_ros2//launch/viewer_stl27l.launch.py
[1.471s] -- Up-to-date: /home/jetson/SLAM_WS/install/ldlidar_stl_ros2/share/ldlidar_stl_ros2//launch/viewer_ld19.launch.py
[1.472s] -- Up-to-date: /home/jetson/SLAM_WS/install/ldlidar_stl_ros2/share/ldlidar_stl_ros2//launch/viewer_ld06.launch.py
[1.472s] -- Up-to-date: /home/jetson/SLAM_WS/install/ldlidar_stl_ros2/share/ldlidar_stl_ros2//launch/ld19.launch.py
[1.473s] -- Installing: /home/jetson/SLAM_WS/install/ldlidar_stl_ros2/share/ldlidar_stl_ros2//launch/launch_lidar.launch.py
[1.474s] -- Up-to-date: /home/jetson/SLAM_WS/install/ldlidar_stl_ros2/share/ldlidar_stl_ros2//rviz2
[1.474s] -- Up-to-date: /home/jetson/SLAM_WS/install/ldlidar_stl_ros2/share/ldlidar_stl_ros2//rviz2/ldlidar.rviz
[1.474s] -- Up-to-date: /home/jetson/SLAM_WS/install/ldlidar_stl_ros2/share/ament_index/resource_index/package_run_dependencies/ldlidar_stl_ros2
[1.475s] -- Up-to-date: /home/jetson/SLAM_WS/install/ldlidar_stl_ros2/share/ament_index/resource_index/parent_prefix_path/ldlidar_stl_ros2
[1.475s] -- Up-to-date: /home/jetson/SLAM_WS/install/ldlidar_stl_ros2/share/ldlidar_stl_ros2/environment/ament_prefix_path.sh
[1.476s] -- Up-to-date: /home/jetson/SLAM_WS/install/ldlidar_stl_ros2/share/ldlidar_stl_ros2/environment/ament_prefix_path.dsv
[1.476s] -- Up-to-date: /home/jetson/SLAM_WS/install/ldlidar_stl_ros2/share/ldlidar_stl_ros2/environment/path.sh
[1.477s] -- Up-to-date: /home/jetson/SLAM_WS/install/ldlidar_stl_ros2/share/ldlidar_stl_ros2/environment/path.dsv
[1.478s] -- Up-to-date: /home/jetson/SLAM_WS/install/ldlidar_stl_ros2/share/ldlidar_stl_ros2/local_setup.bash
[1.478s] -- Up-to-date: /home/jetson/SLAM_WS/install/ldlidar_stl_ros2/share/ldlidar_stl_ros2/local_setup.sh
[1.480s] -- Up-to-date: /home/jetson/SLAM_WS/install/ldlidar_stl_ros2/share/ldlidar_stl_ros2/local_setup.zsh
[1.482s] -- Up-to-date: /home/jetson/SLAM_WS/install/ldlidar_stl_ros2/share/ldlidar_stl_ros2/local_setup.dsv
[1.483s] -- Installing: /home/jetson/SLAM_WS/install/ldlidar_stl_ros2/share/ldlidar_stl_ros2/package.dsv
[1.483s] -- Up-to-date: /home/jetson/SLAM_WS/install/ldlidar_stl_ros2/share/ament_index/resource_index/packages/ldlidar_stl_ros2
[1.484s] -- Up-to-date: /home/jetson/SLAM_WS/install/ldlidar_stl_ros2/share/ldlidar_stl_ros2/cmake/ldlidar_stl_ros2Config.cmake
[1.485s] -- Up-to-date: /home/jetson/SLAM_WS/install/ldlidar_stl_ros2/share/ldlidar_stl_ros2/cmake/ldlidar_stl_ros2Config-version.cmake
[1.486s] -- Up-to-date: /home/jetson/SLAM_WS/install/ldlidar_stl_ros2/share/ldlidar_stl_ros2/package.xml
[1.486s] Invoked command in '/home/jetson/SLAM_WS/build/ldlidar_stl_ros2' returned '0': CMAKE_PREFIX_PATH=${CMAKE_PREFIX_PATH}:/home/jetson/SLAM_WS/install/omni_bot:/opt/ros/foxy /usr/bin/cmake --install /home/jetson/SLAM_WS/build/ldlidar_stl_ros2
