[3.344s] Invoking command in '/home/jetson/SLAM_WS/src/teleop_omni': PYTHONPATH=/home/jetson/SLAM_WS/build/teleop_omni/prefix_override:/usr/lib/python3/dist-packages/colcon_core/task/python/colcon_distutils_commands:/home/jetson/SLAM_WS/install/teleop_omni/lib/python3.8/site-packages:${PYTHONPATH} /usr/bin/python3 -W ignore:setup.py install is deprecated -W ignore:easy_install command is deprecated setup.py egg_info --egg-base ../../build/teleop_omni build --build-base /home/jetson/SLAM_WS/build/teleop_omni/build install --record /home/jetson/SLAM_WS/build/teleop_omni/install.log --single-version-externally-managed install_data
[4.585s] running egg_info
[4.588s] creating ../../build/teleop_omni/teleop_omni.egg-info
[4.588s] writing ../../build/teleop_omni/teleop_omni.egg-info/PKG-INFO
[4.589s] writing dependency_links to ../../build/teleop_omni/teleop_omni.egg-info/dependency_links.txt
[4.590s] writing entry points to ../../build/teleop_omni/teleop_omni.egg-info/entry_points.txt
[4.591s] writing requirements to ../../build/teleop_omni/teleop_omni.egg-info/requires.txt
[4.591s] writing top-level names to ../../build/teleop_omni/teleop_omni.egg-info/top_level.txt
[4.597s] writing manifest file '../../build/teleop_omni/teleop_omni.egg-info/SOURCES.txt'
[4.604s] reading manifest file '../../build/teleop_omni/teleop_omni.egg-info/SOURCES.txt'
[4.607s] writing manifest file '../../build/teleop_omni/teleop_omni.egg-info/SOURCES.txt'
[4.608s] running build
[4.608s] running build_py
[4.609s] creating /home/jetson/SLAM_WS/build/teleop_omni/build
[4.609s] creating /home/jetson/SLAM_WS/build/teleop_omni/build/lib
[4.610s] creating /home/jetson/SLAM_WS/build/teleop_omni/build/lib/teleop_omni
[4.610s] copying teleop_omni/__init__.py -> /home/jetson/SLAM_WS/build/teleop_omni/build/lib/teleop_omni
[4.611s] copying teleop_omni/teleop_keyboard.py -> /home/jetson/SLAM_WS/build/teleop_omni/build/lib/teleop_omni
[4.611s] running install
[4.614s] running install_lib
[4.617s] creating /home/jetson/SLAM_WS/install/teleop_omni/lib/python3.8/site-packages/teleop_omni
[4.618s] copying /home/jetson/SLAM_WS/build/teleop_omni/build/lib/teleop_omni/__init__.py -> /home/jetson/SLAM_WS/install/teleop_omni/lib/python3.8/site-packages/teleop_omni
[4.618s] copying /home/jetson/SLAM_WS/build/teleop_omni/build/lib/teleop_omni/teleop_keyboard.py -> /home/jetson/SLAM_WS/install/teleop_omni/lib/python3.8/site-packages/teleop_omni
[4.620s] byte-compiling /home/jetson/SLAM_WS/install/teleop_omni/lib/python3.8/site-packages/teleop_omni/__init__.py to __init__.cpython-38.pyc
[4.620s] byte-compiling /home/jetson/SLAM_WS/install/teleop_omni/lib/python3.8/site-packages/teleop_omni/teleop_keyboard.py to teleop_keyboard.cpython-38.pyc
[4.623s] running install_data
[4.624s] creating /home/jetson/SLAM_WS/install/teleop_omni/share/ament_index
[4.624s] creating /home/jetson/SLAM_WS/install/teleop_omni/share/ament_index/resource_index
[4.625s] creating /home/jetson/SLAM_WS/install/teleop_omni/share/ament_index/resource_index/packages
[4.625s] copying resource/teleop_omni -> /home/jetson/SLAM_WS/install/teleop_omni/share/ament_index/resource_index/packages
[4.626s] copying package.xml -> /home/jetson/SLAM_WS/install/teleop_omni/share/teleop_omni
[4.626s] running install_egg_info
[4.633s] Copying ../../build/teleop_omni/teleop_omni.egg-info to /home/jetson/SLAM_WS/install/teleop_omni/lib/python3.8/site-packages/teleop_omni-0.0.0-py3.8.egg-info
[4.636s] running install_scripts
[4.709s] Installing teleop_keyboard script to /home/jetson/SLAM_WS/install/teleop_omni/lib/teleop_omni
[4.710s] writing list of installed files to '/home/jetson/SLAM_WS/build/teleop_omni/install.log'
[4.808s] Invoked command in '/home/jetson/SLAM_WS/src/teleop_omni' returned '0': PYTHONPATH=/home/jetson/SLAM_WS/build/teleop_omni/prefix_override:/usr/lib/python3/dist-packages/colcon_core/task/python/colcon_distutils_commands:/home/jetson/SLAM_WS/install/teleop_omni/lib/python3.8/site-packages:${PYTHONPATH} /usr/bin/python3 -W ignore:setup.py install is deprecated -W ignore:easy_install command is deprecated setup.py egg_info --egg-base ../../build/teleop_omni build --build-base /home/jetson/SLAM_WS/build/teleop_omni/build install --record /home/jetson/SLAM_WS/build/teleop_omni/install.log --single-version-externally-managed install_data
