[9.688s] Invoking command in '/home/jetson/SLAM_WS/src/omni_bot': PYTHONPATH=/home/jetson/SLAM_WS/build/omni_bot/prefix_override:/usr/lib/python3/dist-packages/colcon_core/task/python/colcon_distutils_commands:/home/jetson/SLAM_WS/install/omni_bot/lib/python3.8/site-packages:${PYTHONPATH} /usr/bin/python3 -W ignore:setup.py install is deprecated -W ignore:easy_install command is deprecated setup.py egg_info --egg-base ../../build/omni_bot build --build-base /home/jetson/SLAM_WS/build/omni_bot/build install --record /home/jetson/SLAM_WS/build/omni_bot/install.log --single-version-externally-managed install_data
[12.523s] running egg_info
[12.525s] writing ../../build/omni_bot/omni_bot.egg-info/PKG-INFO
[12.526s] writing dependency_links to ../../build/omni_bot/omni_bot.egg-info/dependency_links.txt
[12.528s] writing entry points to ../../build/omni_bot/omni_bot.egg-info/entry_points.txt
[12.530s] writing requirements to ../../build/omni_bot/omni_bot.egg-info/requires.txt
[12.531s] writing top-level names to ../../build/omni_bot/omni_bot.egg-info/top_level.txt
[12.540s] reading manifest file '../../build/omni_bot/omni_bot.egg-info/SOURCES.txt'
[12.547s] writing manifest file '../../build/omni_bot/omni_bot.egg-info/SOURCES.txt'
[12.547s] running build
[12.549s] running build_py
[12.550s] running install
[12.551s] running install_lib
[12.582s] running install_data
[12.583s] running install_egg_info
[12.593s] removing '/home/jetson/SLAM_WS/install/omni_bot/lib/python3.8/site-packages/omni_bot-0.0.0-py3.8.egg-info' (and everything under it)
[12.603s] Copying ../../build/omni_bot/omni_bot.egg-info to /home/jetson/SLAM_WS/install/omni_bot/lib/python3.8/site-packages/omni_bot-0.0.0-py3.8.egg-info
[12.611s] running install_scripts
[12.831s] writing list of installed files to '/home/jetson/SLAM_WS/build/omni_bot/install.log'
[15.212s] Invoked command in '/home/jetson/SLAM_WS/src/omni_bot' returned '0': PYTHONPATH=/home/jetson/SLAM_WS/build/omni_bot/prefix_override:/usr/lib/python3/dist-packages/colcon_core/task/python/colcon_distutils_commands:/home/jetson/SLAM_WS/install/omni_bot/lib/python3.8/site-packages:${PYTHONPATH} /usr/bin/python3 -W ignore:setup.py install is deprecated -W ignore:easy_install command is deprecated setup.py egg_info --egg-base ../../build/omni_bot build --build-base /home/jetson/SLAM_WS/build/omni_bot/build install --record /home/jetson/SLAM_WS/build/omni_bot/install.log --single-version-externally-managed install_data
