[3.238s] Invoking command in '/home/jetson/SLAM_WS/src/odom': PYTHONPATH=/home/jetson/SLAM_WS/build/odom/prefix_override:/usr/lib/python3/dist-packages/colcon_core/task/python/colcon_distutils_commands:/home/jetson/SLAM_WS/install/odom/lib/python3.8/site-packages:${PYTHONPATH} /usr/bin/python3 -W ignore:setup.py install is deprecated -W ignore:easy_install command is deprecated setup.py egg_info --egg-base ../../build/odom build --build-base /home/jetson/SLAM_WS/build/odom/build install --record /home/jetson/SLAM_WS/build/odom/install.log --single-version-externally-managed install_data
[4.553s] running egg_info
[4.556s] writing ../../build/odom/odom.egg-info/PKG-INFO
[4.558s] writing dependency_links to ../../build/odom/odom.egg-info/dependency_links.txt
[4.558s] writing entry points to ../../build/odom/odom.egg-info/entry_points.txt
[4.559s] writing requirements to ../../build/odom/odom.egg-info/requires.txt
[4.559s] writing top-level names to ../../build/odom/odom.egg-info/top_level.txt
[4.572s] reading manifest file '../../build/odom/odom.egg-info/SOURCES.txt'
[4.575s] writing manifest file '../../build/odom/odom.egg-info/SOURCES.txt'
[4.576s] running build
[4.577s] running build_py
[4.577s] copying odom/odom_node.py -> /home/jetson/SLAM_WS/build/odom/build/lib/odom
[4.578s] running install
[4.581s] running install_lib
[4.584s] copying /home/jetson/SLAM_WS/build/odom/build/lib/odom/odom_node.py -> /home/jetson/SLAM_WS/install/odom/lib/python3.8/site-packages/odom
[4.587s] byte-compiling /home/jetson/SLAM_WS/install/odom/lib/python3.8/site-packages/odom/odom_node.py to odom_node.cpython-38.pyc
[4.588s] Sorry: IndentationError: unexpected indent (odom_node.py, line 55)
[4.588s] running install_data
[4.590s] running install_egg_info
[4.597s] removing '/home/jetson/SLAM_WS/install/odom/lib/python3.8/site-packages/odom-0.0.0-py3.8.egg-info' (and everything under it)
[4.598s] Copying ../../build/odom/odom.egg-info to /home/jetson/SLAM_WS/install/odom/lib/python3.8/site-packages/odom-0.0.0-py3.8.egg-info
[4.602s] running install_scripts
[4.678s] Installing odom_node script to /home/jetson/SLAM_WS/install/odom/lib/odom
[4.679s] writing list of installed files to '/home/jetson/SLAM_WS/build/odom/install.log'
[4.781s] Invoked command in '/home/jetson/SLAM_WS/src/odom' returned '0': PYTHONPATH=/home/jetson/SLAM_WS/build/odom/prefix_override:/usr/lib/python3/dist-packages/colcon_core/task/python/colcon_distutils_commands:/home/jetson/SLAM_WS/install/odom/lib/python3.8/site-packages:${PYTHONPATH} /usr/bin/python3 -W ignore:setup.py install is deprecated -W ignore:easy_install command is deprecated setup.py egg_info --egg-base ../../build/odom build --build-base /home/jetson/SLAM_WS/build/odom/build install --record /home/jetson/SLAM_WS/build/odom/install.log --single-version-externally-managed install_data
