[6.923s] Invoking command in '/home/jetson/SLAM_WS/src/omni_bot': PYTHONPATH=/home/jetson/SLAM_WS/build/omni_bot/prefix_override:/usr/lib/python3/dist-packages/colcon_core/task/python/colcon_distutils_commands:/home/jetson/SLAM_WS/install/omni_bot/lib/python3.8/site-packages:${PYTHONPATH} /usr/bin/python3 -W ignore:setup.py install is deprecated -W ignore:easy_install command is deprecated setup.py egg_info --egg-base ../../build/omni_bot build --build-base /home/jetson/SLAM_WS/build/omni_bot/build install --record /home/jetson/SLAM_WS/build/omni_bot/install.log --single-version-externally-managed install_data
[8.247s] running egg_info
[8.251s] creating ../../build/omni_bot/omni_bot.egg-info
[8.253s] writing ../../build/omni_bot/omni_bot.egg-info/PKG-INFO
[8.254s] writing dependency_links to ../../build/omni_bot/omni_bot.egg-info/dependency_links.txt
[8.255s] writing entry points to ../../build/omni_bot/omni_bot.egg-info/entry_points.txt
[8.256s] writing requirements to ../../build/omni_bot/omni_bot.egg-info/requires.txt
[8.257s] writing top-level names to ../../build/omni_bot/omni_bot.egg-info/top_level.txt
[8.267s] writing manifest file '../../build/omni_bot/omni_bot.egg-info/SOURCES.txt'
[8.273s] reading manifest file '../../build/omni_bot/omni_bot.egg-info/SOURCES.txt'
[8.294s] writing manifest file '../../build/omni_bot/omni_bot.egg-info/SOURCES.txt'
[8.295s] running build
[8.296s] running build_py
[8.296s] creating /home/jetson/SLAM_WS/build/omni_bot/build
[8.297s] creating /home/jetson/SLAM_WS/build/omni_bot/build/lib
[8.297s] creating /home/jetson/SLAM_WS/build/omni_bot/build/lib/omni_bot
[8.298s] copying omni_bot/__init__.py -> /home/jetson/SLAM_WS/build/omni_bot/build/lib/omni_bot
[8.299s] running install
[8.312s] running install_lib
[8.313s] creating /home/jetson/SLAM_WS/install/omni_bot/lib/python3.8/site-packages/omni_bot
[8.313s] copying /home/jetson/SLAM_WS/build/omni_bot/build/lib/omni_bot/__init__.py -> /home/jetson/SLAM_WS/install/omni_bot/lib/python3.8/site-packages/omni_bot
[8.314s] byte-compiling /home/jetson/SLAM_WS/install/omni_bot/lib/python3.8/site-packages/omni_bot/__init__.py to __init__.cpython-38.pyc
[8.319s] running install_data
[8.320s] creating /home/jetson/SLAM_WS/install/omni_bot/share/ament_index
[8.320s] creating /home/jetson/SLAM_WS/install/omni_bot/share/ament_index/resource_index
[8.321s] creating /home/jetson/SLAM_WS/install/omni_bot/share/ament_index/resource_index/packages
[8.321s] copying resource/omni_bot -> /home/jetson/SLAM_WS/install/omni_bot/share/ament_index/resource_index/packages
[8.322s] copying package.xml -> /home/jetson/SLAM_WS/install/omni_bot/share/omni_bot
[8.323s] creating /home/jetson/SLAM_WS/install/omni_bot/share/omni_bot/launch
[8.324s] running install_egg_info
[8.330s] Copying ../../build/omni_bot/omni_bot.egg-info to /home/jetson/SLAM_WS/install/omni_bot/lib/python3.8/site-packages/omni_bot-0.0.0-py3.8.egg-info
[8.331s] running install_scripts
[8.407s] writing list of installed files to '/home/jetson/SLAM_WS/build/omni_bot/install.log'
[8.622s] Invoked command in '/home/jetson/SLAM_WS/src/omni_bot' returned '0': PYTHONPATH=/home/jetson/SLAM_WS/build/omni_bot/prefix_override:/usr/lib/python3/dist-packages/colcon_core/task/python/colcon_distutils_commands:/home/jetson/SLAM_WS/install/omni_bot/lib/python3.8/site-packages:${PYTHONPATH} /usr/bin/python3 -W ignore:setup.py install is deprecated -W ignore:easy_install command is deprecated setup.py egg_info --egg-base ../../build/omni_bot build --build-base /home/jetson/SLAM_WS/build/omni_bot/build install --record /home/jetson/SLAM_WS/build/omni_bot/install.log --single-version-externally-managed install_data
