[3.096s] Invoking command in '/home/jetson/SLAM_WS/src/slam_launch': AMENT_PREFIX_PATH=/home/jetson/SLAM_WS/install/odom:/home/jetson/SLAM_WS/install/kinematics:/home/jetson/SLAM_WS/install/teleop_omni:/home/jetson/SLAM_WS/install/rplidar_ros:/home/jetson/SLAM_WS/install/omnibot_description:/home/jetson/SLAM_WS/install/omni_bot:/opt/ros/foxy PYTHONPATH=/home/jetson/SLAM_WS/build/slam_launch/prefix_override:/usr/lib/python3/dist-packages/colcon_core/task/python/colcon_distutils_commands:/home/jetson/SLAM_WS/install/slam_launch/lib/python3.8/site-packages:/home/jetson/SLAM_WS/install/odom/lib/python3.8/site-packages:/home/jetson/SLAM_WS/install/kinematics/lib/python3.8/site-packages:/home/jetson/SLAM_WS/install/teleop_omni/lib/python3.8/site-packages:/home/jetson/SLAM_WS/install/omnibot_description/lib/python3.8/site-packages:/home/jetson/SLAM_WS/install/omni_bot/lib/python3.8/site-packages:/opt/ros/foxy/lib/python3.8/site-packages /usr/bin/python3 -W ignore:setup.py install is deprecated -W ignore:easy_install command is deprecated setup.py egg_info --egg-base ../../build/slam_launch build --build-base /home/jetson/SLAM_WS/build/slam_launch/build install --record /home/jetson/SLAM_WS/build/slam_launch/install.log --install-scripts $base/lib/slam_launch --single-version-externally-managed install_data
[4.174s] /usr/local/lib/python3.8/dist-packages/setuptools/dist.py:717: UserWarning: Usage of dash-separated 'script-dir' will not be supported in future versions. Please use the underscore name 'script_dir' instead
[4.174s]   warnings.warn(
[4.300s] running egg_info
[4.302s] creating ../../build/slam_launch/slam_launch.egg-info
[4.303s] writing ../../build/slam_launch/slam_launch.egg-info/PKG-INFO
[4.304s] writing dependency_links to ../../build/slam_launch/slam_launch.egg-info/dependency_links.txt
[4.305s] writing entry points to ../../build/slam_launch/slam_launch.egg-info/entry_points.txt
[4.305s] writing requirements to ../../build/slam_launch/slam_launch.egg-info/requires.txt
[4.305s] writing top-level names to ../../build/slam_launch/slam_launch.egg-info/top_level.txt
[4.310s] writing manifest file '../../build/slam_launch/slam_launch.egg-info/SOURCES.txt'
[4.317s] reading manifest file '../../build/slam_launch/slam_launch.egg-info/SOURCES.txt'
[4.320s] writing manifest file '../../build/slam_launch/slam_launch.egg-info/SOURCES.txt'
[4.321s] running build
[4.322s] running build_py
[4.322s] creating /home/jetson/SLAM_WS/build/slam_launch/build
[4.323s] creating /home/jetson/SLAM_WS/build/slam_launch/build/lib
[4.323s] creating /home/jetson/SLAM_WS/build/slam_launch/build/lib/slam_launch
[4.323s] copying slam_launch/__init__.py -> /home/jetson/SLAM_WS/build/slam_launch/build/lib/slam_launch
[4.324s] running install
[4.325s] running install_lib
[4.329s] creating /home/jetson/SLAM_WS/install/slam_launch/lib/python3.8/site-packages/slam_launch
[4.329s] copying /home/jetson/SLAM_WS/build/slam_launch/build/lib/slam_launch/__init__.py -> /home/jetson/SLAM_WS/install/slam_launch/lib/python3.8/site-packages/slam_launch
[4.331s] byte-compiling /home/jetson/SLAM_WS/install/slam_launch/lib/python3.8/site-packages/slam_launch/__init__.py to __init__.cpython-38.pyc
[4.332s] running install_data
[4.332s] creating /home/jetson/SLAM_WS/install/slam_launch/share/ament_index
[4.333s] creating /home/jetson/SLAM_WS/install/slam_launch/share/ament_index/resource_index
[4.333s] creating /home/jetson/SLAM_WS/install/slam_launch/share/ament_index/resource_index/packages
[4.334s] copying resource/slam_launch -> /home/jetson/SLAM_WS/install/slam_launch/share/ament_index/resource_index/packages
[4.334s] copying package.xml -> /home/jetson/SLAM_WS/install/slam_launch/share/slam_launch
[4.334s] running install_egg_info
[4.341s] Copying ../../build/slam_launch/slam_launch.egg-info to /home/jetson/SLAM_WS/install/slam_launch/lib/python3.8/site-packages/slam_launch-0.0.0-py3.8.egg-info
[4.344s] running install_scripts
[4.416s] writing list of installed files to '/home/jetson/SLAM_WS/build/slam_launch/install.log'
[4.515s] Invoked command in '/home/jetson/SLAM_WS/src/slam_launch' returned '0': AMENT_PREFIX_PATH=/home/jetson/SLAM_WS/install/odom:/home/jetson/SLAM_WS/install/kinematics:/home/jetson/SLAM_WS/install/teleop_omni:/home/jetson/SLAM_WS/install/rplidar_ros:/home/jetson/SLAM_WS/install/omnibot_description:/home/jetson/SLAM_WS/install/omni_bot:/opt/ros/foxy PYTHONPATH=/home/jetson/SLAM_WS/build/slam_launch/prefix_override:/usr/lib/python3/dist-packages/colcon_core/task/python/colcon_distutils_commands:/home/jetson/SLAM_WS/install/slam_launch/lib/python3.8/site-packages:/home/jetson/SLAM_WS/install/odom/lib/python3.8/site-packages:/home/jetson/SLAM_WS/install/kinematics/lib/python3.8/site-packages:/home/jetson/SLAM_WS/install/teleop_omni/lib/python3.8/site-packages:/home/jetson/SLAM_WS/install/omnibot_description/lib/python3.8/site-packages:/home/jetson/SLAM_WS/install/omni_bot/lib/python3.8/site-packages:/opt/ros/foxy/lib/python3.8/site-packages /usr/bin/python3 -W ignore:setup.py install is deprecated -W ignore:easy_install command is deprecated setup.py egg_info --egg-base ../../build/slam_launch build --build-base /home/jetson/SLAM_WS/build/slam_launch/build install --record /home/jetson/SLAM_WS/build/slam_launch/install.log --install-scripts $base/lib/slam_launch --single-version-externally-managed install_data
