[3.940s] Invoking command in '/home/jetson/SLAM_WS/src/omni_bot': PYTHONPATH=/home/jetson/SLAM_WS/build/omni_bot/prefix_override:/usr/lib/python3/dist-packages/colcon_core/task/python/colcon_distutils_commands:/home/jetson/SLAM_WS/install/omni_bot/lib/python3.8/site-packages:${PYTHONPATH} /usr/bin/python3 -W ignore:setup.py install is deprecated -W ignore:easy_install command is deprecated setup.py egg_info --egg-base ../../build/omni_bot build --build-base /home/jetson/SLAM_WS/build/omni_bot/build install --record /home/jetson/SLAM_WS/build/omni_bot/install.log --single-version-externally-managed install_data
[5.646s] running egg_info
[5.652s] writing ../../build/omni_bot/omni_bot.egg-info/PKG-INFO
[5.655s] writing dependency_links to ../../build/omni_bot/omni_bot.egg-info/dependency_links.txt
[5.659s] writing entry points to ../../build/omni_bot/omni_bot.egg-info/entry_points.txt
[5.659s] writing requirements to ../../build/omni_bot/omni_bot.egg-info/requires.txt
[5.660s] writing top-level names to ../../build/omni_bot/omni_bot.egg-info/top_level.txt
[5.675s] reading manifest file '../../build/omni_bot/omni_bot.egg-info/SOURCES.txt'
[5.679s] writing manifest file '../../build/omni_bot/omni_bot.egg-info/SOURCES.txt'
[5.681s] running build
[5.684s] running build_py
[5.686s] running install
[5.687s] running install_lib
[5.694s] running install_data
[5.702s] copying launch/rplidar.launch.py -> /home/jetson/SLAM_WS/install/omni_bot/share/omni_bot/launch
[5.703s] running install_egg_info
[5.711s] removing '/home/jetson/SLAM_WS/install/omni_bot/lib/python3.8/site-packages/omni_bot-0.0.0-py3.8.egg-info' (and everything under it)
[5.719s] Copying ../../build/omni_bot/omni_bot.egg-info to /home/jetson/SLAM_WS/install/omni_bot/lib/python3.8/site-packages/omni_bot-0.0.0-py3.8.egg-info
[5.725s] running install_scripts
[5.810s] writing list of installed files to '/home/jetson/SLAM_WS/build/omni_bot/install.log'
[5.934s] Invoked command in '/home/jetson/SLAM_WS/src/omni_bot' returned '0': PYTHONPATH=/home/jetson/SLAM_WS/build/omni_bot/prefix_override:/usr/lib/python3/dist-packages/colcon_core/task/python/colcon_distutils_commands:/home/jetson/SLAM_WS/install/omni_bot/lib/python3.8/site-packages:${PYTHONPATH} /usr/bin/python3 -W ignore:setup.py install is deprecated -W ignore:easy_install command is deprecated setup.py egg_info --egg-base ../../build/omni_bot build --build-base /home/jetson/SLAM_WS/build/omni_bot/build install --record /home/jetson/SLAM_WS/build/omni_bot/install.log --single-version-externally-managed install_data
