[3.084s] Invoking command in '/home/jetson/SLAM_WS/src/kinematics': PYTHONPATH=/home/jetson/SLAM_WS/build/kinematics/prefix_override:/usr/lib/python3/dist-packages/colcon_core/task/python/colcon_distutils_commands:/home/jetson/SLAM_WS/install/kinematics/lib/python3.8/site-packages:${PYTHONPATH} /usr/bin/python3 -W ignore:setup.py install is deprecated -W ignore:easy_install command is deprecated setup.py egg_info --egg-base ../../build/kinematics build --build-base /home/jetson/SLAM_WS/build/kinematics/build install --record /home/jetson/SLAM_WS/build/kinematics/install.log --single-version-externally-managed install_data
[4.290s] running egg_info
[4.293s] writing ../../build/kinematics/kinematics.egg-info/PKG-INFO
[4.294s] writing dependency_links to ../../build/kinematics/kinematics.egg-info/dependency_links.txt
[4.295s] writing entry points to ../../build/kinematics/kinematics.egg-info/entry_points.txt
[4.295s] writing requirements to ../../build/kinematics/kinematics.egg-info/requires.txt
[4.295s] writing top-level names to ../../build/kinematics/kinematics.egg-info/top_level.txt
[4.307s] reading manifest file '../../build/kinematics/kinematics.egg-info/SOURCES.txt'
[4.310s] writing manifest file '../../build/kinematics/kinematics.egg-info/SOURCES.txt'
[4.311s] running build
[4.311s] running build_py
[4.312s] copying kinematics/inverse_kinematic.py -> /home/jetson/SLAM_WS/build/kinematics/build/lib/kinematics
[4.312s] running install
[4.316s] running install_lib
[4.319s] copying /home/jetson/SLAM_WS/build/kinematics/build/lib/kinematics/inverse_kinematic.py -> /home/jetson/SLAM_WS/install/kinematics/lib/python3.8/site-packages/kinematics
[4.322s] byte-compiling /home/jetson/SLAM_WS/install/kinematics/lib/python3.8/site-packages/kinematics/inverse_kinematic.py to inverse_kinematic.cpython-38.pyc
[4.324s] running install_data
[4.325s] running install_egg_info
[4.333s] removing '/home/jetson/SLAM_WS/install/kinematics/lib/python3.8/site-packages/kinematics-0.0.0-py3.8.egg-info' (and everything under it)
[4.334s] Copying ../../build/kinematics/kinematics.egg-info to /home/jetson/SLAM_WS/install/kinematics/lib/python3.8/site-packages/kinematics-0.0.0-py3.8.egg-info
[4.337s] running install_scripts
[4.409s] Installing inverse_kinematic script to /home/jetson/SLAM_WS/install/kinematics/lib/kinematics
[4.411s] Installing serial_driver script to /home/jetson/SLAM_WS/install/kinematics/lib/kinematics
[4.411s] writing list of installed files to '/home/jetson/SLAM_WS/build/kinematics/install.log'
[4.507s] Invoked command in '/home/jetson/SLAM_WS/src/kinematics' returned '0': PYTHONPATH=/home/jetson/SLAM_WS/build/kinematics/prefix_override:/usr/lib/python3/dist-packages/colcon_core/task/python/colcon_distutils_commands:/home/jetson/SLAM_WS/install/kinematics/lib/python3.8/site-packages:${PYTHONPATH} /usr/bin/python3 -W ignore:setup.py install is deprecated -W ignore:easy_install command is deprecated setup.py egg_info --egg-base ../../build/kinematics build --build-base /home/jetson/SLAM_WS/build/kinematics/build install --record /home/jetson/SLAM_WS/build/kinematics/install.log --single-version-externally-managed install_data
