[10.556s] Invoking command in '/home/jetson/SLAM_WS/src/kinematics': PYTHONPATH=/home/jetson/SLAM_WS/build/kinematics/prefix_override:/usr/lib/python3/dist-packages/colcon_core/task/python/colcon_distutils_commands:/home/jetson/SLAM_WS/install/kinematics/lib/python3.8/site-packages:${PYTHONPATH} /usr/bin/python3 -W ignore:setup.py install is deprecated -W ignore:easy_install command is deprecated setup.py egg_info --egg-base ../../build/kinematics build --build-base /home/jetson/SLAM_WS/build/kinematics/build install --record /home/jetson/SLAM_WS/build/kinematics/install.log --single-version-externally-managed install_data
[14.077s] running egg_info
[14.089s] writing ../../build/kinematics/kinematics.egg-info/PKG-INFO
[14.091s] writing dependency_links to ../../build/kinematics/kinematics.egg-info/dependency_links.txt
[14.092s] writing entry points to ../../build/kinematics/kinematics.egg-info/entry_points.txt
[14.094s] writing requirements to ../../build/kinematics/kinematics.egg-info/requires.txt
[14.095s] writing top-level names to ../../build/kinematics/kinematics.egg-info/top_level.txt
[14.111s] reading manifest file '../../build/kinematics/kinematics.egg-info/SOURCES.txt'
[14.121s] writing manifest file '../../build/kinematics/kinematics.egg-info/SOURCES.txt'
[14.122s] running build
[14.122s] running build_py
[14.125s] running install
[14.135s] running install_lib
[14.164s] running install_data
[14.172s] running install_egg_info
[14.194s] removing '/home/jetson/SLAM_WS/install/kinematics/lib/python3.8/site-packages/kinematics-0.0.0-py3.8.egg-info' (and everything under it)
[14.208s] Copying ../../build/kinematics/kinematics.egg-info to /home/jetson/SLAM_WS/install/kinematics/lib/python3.8/site-packages/kinematics-0.0.0-py3.8.egg-info
[14.221s] running install_scripts
[14.498s] Installing inverse_kinematic script to /home/jetson/SLAM_WS/install/kinematics/lib/kinematics
[14.502s] Installing serial_driver script to /home/jetson/SLAM_WS/install/kinematics/lib/kinematics
[14.519s] writing list of installed files to '/home/jetson/SLAM_WS/build/kinematics/install.log'
[14.803s] Invoked command in '/home/jetson/SLAM_WS/src/kinematics' returned '0': PYTHONPATH=/home/jetson/SLAM_WS/build/kinematics/prefix_override:/usr/lib/python3/dist-packages/colcon_core/task/python/colcon_distutils_commands:/home/jetson/SLAM_WS/install/kinematics/lib/python3.8/site-packages:${PYTHONPATH} /usr/bin/python3 -W ignore:setup.py install is deprecated -W ignore:easy_install command is deprecated setup.py egg_info --egg-base ../../build/kinematics build --build-base /home/jetson/SLAM_WS/build/kinematics/build install --record /home/jetson/SLAM_WS/build/kinematics/install.log --single-version-externally-managed install_data
