[6.299s] Invoking command in '/home/jetson/SLAM_WS/src/odom': PYTHONPATH=/home/jetson/SLAM_WS/build/odom/prefix_override:/usr/lib/python3/dist-packages/colcon_core/task/python/colcon_distutils_commands:/home/jetson/SLAM_WS/install/odom/lib/python3.8/site-packages:${PYTHONPATH} /usr/bin/python3 -W ignore:setup.py install is deprecated -W ignore:easy_install command is deprecated setup.py egg_info --egg-base ../../build/odom build --build-base /home/jetson/SLAM_WS/build/odom/build install --record /home/jetson/SLAM_WS/build/odom/install.log --single-version-externally-managed install_data
[7.854s] running egg_info
[7.858s] writing ../../build/odom/odom.egg-info/PKG-INFO
[7.859s] writing dependency_links to ../../build/odom/odom.egg-info/dependency_links.txt
[7.861s] writing entry points to ../../build/odom/odom.egg-info/entry_points.txt
[7.861s] writing requirements to ../../build/odom/odom.egg-info/requires.txt
[7.863s] writing top-level names to ../../build/odom/odom.egg-info/top_level.txt
[7.875s] reading manifest file '../../build/odom/odom.egg-info/SOURCES.txt'
[7.879s] writing manifest file '../../build/odom/odom.egg-info/SOURCES.txt'
[7.884s] running build
[7.885s] running build_py
[7.885s] running install
[7.886s] running install_lib
[7.891s] running install_data
[7.892s] running install_egg_info
[7.900s] removing '/home/jetson/SLAM_WS/install/odom/lib/python3.8/site-packages/odom-0.0.0-py3.8.egg-info' (and everything under it)
[7.901s] Copying ../../build/odom/odom.egg-info to /home/jetson/SLAM_WS/install/odom/lib/python3.8/site-packages/odom-0.0.0-py3.8.egg-info
[7.907s] running install_scripts
[8.009s] Installing odom_node script to /home/jetson/SLAM_WS/install/odom/lib/odom
[8.010s] writing list of installed files to '/home/jetson/SLAM_WS/build/odom/install.log'
[8.209s] Invoked command in '/home/jetson/SLAM_WS/src/odom' returned '0': PYTHONPATH=/home/jetson/SLAM_WS/build/odom/prefix_override:/usr/lib/python3/dist-packages/colcon_core/task/python/colcon_distutils_commands:/home/jetson/SLAM_WS/install/odom/lib/python3.8/site-packages:${PYTHONPATH} /usr/bin/python3 -W ignore:setup.py install is deprecated -W ignore:easy_install command is deprecated setup.py egg_info --egg-base ../../build/odom build --build-base /home/jetson/SLAM_WS/build/odom/build install --record /home/jetson/SLAM_WS/build/odom/install.log --single-version-externally-managed install_data
