[0.931s] DEBUG:colcon:Command line arguments: ['/usr/bin/colcon', 'build', '--packages-select', 'teleop_omni']
[0.931s] DEBUG:colcon:Parsed command line arguments: Namespace(allow_overriding=[], ament_cmake_args=None, base_paths=['.'], build_base='build', catkin_cmake_args=None, catkin_skip_building_tests=False, cmake_args=None, cmake_clean_cache=False, cmake_clean_first=False, cmake_force_configure=False, cmake_target=None, cmake_target_skip_unavailable=False, continue_on_error=False, event_handlers=None, executor='parallel', ignore_user_meta=False, install_base='install', log_base=None, log_level=None, main=<bound method BuildVerb.main of <colcon_core.verb.build.BuildVerb object at 0x7fa37b1d00>>, merge_install=False, metas=['./colcon.meta'], mixin=None, mixin_files=None, mixin_verb=('build',), packages_above=None, packages_above_and_dependencies=None, packages_above_depth=None, packages_end=None, packages_ignore=None, packages_ignore_regex=None, packages_select=['teleop_omni'], packages_select_build_failed=False, packages_select_by_dep=None, packages_select_regex=None, packages_select_test_failures=False, packages_skip=None, packages_skip_build_finished=False, packages_skip_by_dep=None, packages_skip_regex=None, packages_skip_test_passed=False, packages_skip_up_to=None, packages_start=None, packages_up_to=None, packages_up_to_regex=None, parallel_workers=4, paths=None, symlink_install=False, test_result_base=None, verb_extension=<colcon_core.verb.build.BuildVerb object at 0x7fa37b1d00>, verb_name='build', verb_parser=<colcon_mixin.mixin.mixin_argument.MixinArgumentDecorator object at 0x7fa36933a0>)
[1.883s] Level 1:colcon.colcon_core.package_discovery:discover_packages(colcon_meta) check parameters
[1.883s] Level 1:colcon.colcon_core.package_discovery:discover_packages(recursive) check parameters
[1.883s] Level 1:colcon.colcon_core.package_discovery:discover_packages(ignore) check parameters
[1.884s] Level 1:colcon.colcon_core.package_discovery:discover_packages(path) check parameters
[1.884s] Level 1:colcon.colcon_core.package_discovery:discover_packages(colcon_meta) discover
[1.884s] Level 1:colcon.colcon_core.package_discovery:discover_packages(recursive) discover
[1.884s] INFO:colcon.colcon_core.package_discovery:Crawling recursively for packages in '/home/jetson/SLAM_WS'
[1.885s] Level 1:colcon.colcon_core.package_identification:_identify(.) by extensions ['ignore', 'ignore_ament_install']
[1.885s] Level 1:colcon.colcon_core.package_identification:_identify(.) by extension 'ignore'
[1.885s] Level 1:colcon.colcon_core.package_identification:_identify(.) by extension 'ignore_ament_install'
[1.885s] Level 1:colcon.colcon_core.package_identification:_identify(.) by extensions ['colcon_pkg']
[1.886s] Level 1:colcon.colcon_core.package_identification:_identify(.) by extension 'colcon_pkg'
[1.886s] Level 1:colcon.colcon_core.package_identification:_identify(.) by extensions ['colcon_meta']
[1.886s] Level 1:colcon.colcon_core.package_identification:_identify(.) by extension 'colcon_meta'
[1.886s] Level 1:colcon.colcon_core.package_identification:_identify(.) by extensions ['ros']
[1.886s] Level 1:colcon.colcon_core.package_identification:_identify(.) by extension 'ros'
[1.972s] Level 1:colcon.colcon_core.package_identification:_identify(.) by extensions ['cmake', 'python']
[1.972s] Level 1:colcon.colcon_core.package_identification:_identify(.) by extension 'cmake'
[1.972s] Level 1:colcon.colcon_core.package_identification:_identify(.) by extension 'python'
[1.973s] Level 1:colcon.colcon_core.package_identification:_identify(.) by extensions ['python_setup_py']
[1.973s] Level 1:colcon.colcon_core.package_identification:_identify(.) by extension 'python_setup_py'
[1.973s] Level 1:colcon.colcon_core.package_identification:_identify(build) by extensions ['ignore', 'ignore_ament_install']
[1.974s] Level 1:colcon.colcon_core.package_identification:_identify(build) by extension 'ignore'
[1.974s] Level 1:colcon.colcon_core.package_identification:_identify(build) ignored
[1.974s] Level 1:colcon.colcon_core.package_identification:_identify(install) by extensions ['ignore', 'ignore_ament_install']
[1.975s] Level 1:colcon.colcon_core.package_identification:_identify(install) by extension 'ignore'
[1.975s] Level 1:colcon.colcon_core.package_identification:_identify(install) ignored
[1.976s] Level 1:colcon.colcon_core.package_identification:_identify(log) by extensions ['ignore', 'ignore_ament_install']
[1.976s] Level 1:colcon.colcon_core.package_identification:_identify(log) by extension 'ignore'
[1.976s] Level 1:colcon.colcon_core.package_identification:_identify(log) ignored
[1.977s] Level 1:colcon.colcon_core.package_identification:_identify(src) by extensions ['ignore', 'ignore_ament_install']
[1.977s] Level 1:colcon.colcon_core.package_identification:_identify(src) by extension 'ignore'
[1.977s] Level 1:colcon.colcon_core.package_identification:_identify(src) by extension 'ignore_ament_install'
[1.978s] Level 1:colcon.colcon_core.package_identification:_identify(src) by extensions ['colcon_pkg']
[1.978s] Level 1:colcon.colcon_core.package_identification:_identify(src) by extension 'colcon_pkg'
[1.978s] Level 1:colcon.colcon_core.package_identification:_identify(src) by extensions ['colcon_meta']
[1.978s] Level 1:colcon.colcon_core.package_identification:_identify(src) by extension 'colcon_meta'
[1.978s] Level 1:colcon.colcon_core.package_identification:_identify(src) by extensions ['ros']
[1.978s] Level 1:colcon.colcon_core.package_identification:_identify(src) by extension 'ros'
[1.979s] Level 1:colcon.colcon_core.package_identification:_identify(src) by extensions ['cmake', 'python']
[1.979s] Level 1:colcon.colcon_core.package_identification:_identify(src) by extension 'cmake'
[1.979s] Level 1:colcon.colcon_core.package_identification:_identify(src) by extension 'python'
[1.979s] Level 1:colcon.colcon_core.package_identification:_identify(src) by extensions ['python_setup_py']
[1.980s] Level 1:colcon.colcon_core.package_identification:_identify(src) by extension 'python_setup_py'
[1.980s] Level 1:colcon.colcon_core.package_identification:_identify(src/build) by extensions ['ignore', 'ignore_ament_install']
[1.980s] Level 1:colcon.colcon_core.package_identification:_identify(src/build) by extension 'ignore'
[1.981s] Level 1:colcon.colcon_core.package_identification:_identify(src/build) ignored
[1.981s] Level 1:colcon.colcon_core.package_identification:_identify(src/install) by extensions ['ignore', 'ignore_ament_install']
[1.981s] Level 1:colcon.colcon_core.package_identification:_identify(src/install) by extension 'ignore'
[1.982s] Level 1:colcon.colcon_core.package_identification:_identify(src/install) ignored
[1.982s] Level 1:colcon.colcon_core.package_identification:_identify(src/kinematics) by extensions ['ignore', 'ignore_ament_install']
[1.982s] Level 1:colcon.colcon_core.package_identification:_identify(src/kinematics) by extension 'ignore'
[1.982s] Level 1:colcon.colcon_core.package_identification:_identify(src/kinematics) by extension 'ignore_ament_install'
[1.983s] Level 1:colcon.colcon_core.package_identification:_identify(src/kinematics) by extensions ['colcon_pkg']
[1.983s] Level 1:colcon.colcon_core.package_identification:_identify(src/kinematics) by extension 'colcon_pkg'
[1.983s] Level 1:colcon.colcon_core.package_identification:_identify(src/kinematics) by extensions ['colcon_meta']
[1.983s] Level 1:colcon.colcon_core.package_identification:_identify(src/kinematics) by extension 'colcon_meta'
[1.983s] Level 1:colcon.colcon_core.package_identification:_identify(src/kinematics) by extensions ['ros']
[1.984s] Level 1:colcon.colcon_core.package_identification:_identify(src/kinematics) by extension 'ros'
[1.994s] DEBUG:colcon.colcon_core.package_identification:Package 'src/kinematics' with type 'ros.ament_python' and name 'kinematics'
[1.994s] Level 1:colcon.colcon_core.package_identification:_identify(src/log) by extensions ['ignore', 'ignore_ament_install']
[1.995s] Level 1:colcon.colcon_core.package_identification:_identify(src/log) by extension 'ignore'
[1.995s] Level 1:colcon.colcon_core.package_identification:_identify(src/log) ignored
[1.995s] Level 1:colcon.colcon_core.package_identification:_identify(src/odom) by extensions ['ignore', 'ignore_ament_install']
[1.996s] Level 1:colcon.colcon_core.package_identification:_identify(src/odom) by extension 'ignore'
[1.996s] Level 1:colcon.colcon_core.package_identification:_identify(src/odom) by extension 'ignore_ament_install'
[1.997s] Level 1:colcon.colcon_core.package_identification:_identify(src/odom) by extensions ['colcon_pkg']
[1.997s] Level 1:colcon.colcon_core.package_identification:_identify(src/odom) by extension 'colcon_pkg'
[1.997s] Level 1:colcon.colcon_core.package_identification:_identify(src/odom) by extensions ['colcon_meta']
[1.997s] Level 1:colcon.colcon_core.package_identification:_identify(src/odom) by extension 'colcon_meta'
[1.998s] Level 1:colcon.colcon_core.package_identification:_identify(src/odom) by extensions ['ros']
[1.998s] Level 1:colcon.colcon_core.package_identification:_identify(src/odom) by extension 'ros'
[2.001s] DEBUG:colcon.colcon_core.package_identification:Package 'src/odom' with type 'ros.ament_python' and name 'odom'
[2.002s] Level 1:colcon.colcon_core.package_identification:_identify(src/omni_bot) by extensions ['ignore', 'ignore_ament_install']
[2.002s] Level 1:colcon.colcon_core.package_identification:_identify(src/omni_bot) by extension 'ignore'
[2.003s] Level 1:colcon.colcon_core.package_identification:_identify(src/omni_bot) by extension 'ignore_ament_install'
[2.003s] Level 1:colcon.colcon_core.package_identification:_identify(src/omni_bot) by extensions ['colcon_pkg']
[2.003s] Level 1:colcon.colcon_core.package_identification:_identify(src/omni_bot) by extension 'colcon_pkg'
[2.003s] Level 1:colcon.colcon_core.package_identification:_identify(src/omni_bot) by extensions ['colcon_meta']
[2.003s] Level 1:colcon.colcon_core.package_identification:_identify(src/omni_bot) by extension 'colcon_meta'
[2.004s] Level 1:colcon.colcon_core.package_identification:_identify(src/omni_bot) by extensions ['ros']
[2.004s] Level 1:colcon.colcon_core.package_identification:_identify(src/omni_bot) by extension 'ros'
[2.006s] DEBUG:colcon.colcon_core.package_identification:Package 'src/omni_bot' with type 'ros.ament_python' and name 'omni_bot'
[2.007s] Level 1:colcon.colcon_core.package_identification:_identify(src/omnibot_description) by extensions ['ignore', 'ignore_ament_install']
[2.007s] Level 1:colcon.colcon_core.package_identification:_identify(src/omnibot_description) by extension 'ignore'
[2.007s] Level 1:colcon.colcon_core.package_identification:_identify(src/omnibot_description) by extension 'ignore_ament_install'
[2.008s] Level 1:colcon.colcon_core.package_identification:_identify(src/omnibot_description) by extensions ['colcon_pkg']
[2.008s] Level 1:colcon.colcon_core.package_identification:_identify(src/omnibot_description) by extension 'colcon_pkg'
[2.008s] Level 1:colcon.colcon_core.package_identification:_identify(src/omnibot_description) by extensions ['colcon_meta']
[2.008s] Level 1:colcon.colcon_core.package_identification:_identify(src/omnibot_description) by extension 'colcon_meta'
[2.008s] Level 1:colcon.colcon_core.package_identification:_identify(src/omnibot_description) by extensions ['ros']
[2.008s] Level 1:colcon.colcon_core.package_identification:_identify(src/omnibot_description) by extension 'ros'
[2.011s] DEBUG:colcon.colcon_core.package_identification:Package 'src/omnibot_description' with type 'ros.ament_python' and name 'omnibot_description'
[2.012s] Level 1:colcon.colcon_core.package_identification:_identify(src/rplidar_ros) by extensions ['ignore', 'ignore_ament_install']
[2.012s] Level 1:colcon.colcon_core.package_identification:_identify(src/rplidar_ros) by extension 'ignore'
[2.012s] Level 1:colcon.colcon_core.package_identification:_identify(src/rplidar_ros) by extension 'ignore_ament_install'
[2.013s] Level 1:colcon.colcon_core.package_identification:_identify(src/rplidar_ros) by extensions ['colcon_pkg']
[2.013s] Level 1:colcon.colcon_core.package_identification:_identify(src/rplidar_ros) by extension 'colcon_pkg'
[2.013s] Level 1:colcon.colcon_core.package_identification:_identify(src/rplidar_ros) by extensions ['colcon_meta']
[2.013s] Level 1:colcon.colcon_core.package_identification:_identify(src/rplidar_ros) by extension 'colcon_meta'
[2.013s] Level 1:colcon.colcon_core.package_identification:_identify(src/rplidar_ros) by extensions ['ros']
[2.014s] Level 1:colcon.colcon_core.package_identification:_identify(src/rplidar_ros) by extension 'ros'
[2.016s] DEBUG:colcon.colcon_core.package_identification:Package 'src/rplidar_ros' with type 'ros.ament_cmake' and name 'rplidar_ros'
[2.017s] Level 1:colcon.colcon_core.package_identification:_identify(src/slam_launch) by extensions ['ignore', 'ignore_ament_install']
[2.017s] Level 1:colcon.colcon_core.package_identification:_identify(src/slam_launch) by extension 'ignore'
[2.017s] Level 1:colcon.colcon_core.package_identification:_identify(src/slam_launch) by extension 'ignore_ament_install'
[2.018s] Level 1:colcon.colcon_core.package_identification:_identify(src/slam_launch) by extensions ['colcon_pkg']
[2.018s] Level 1:colcon.colcon_core.package_identification:_identify(src/slam_launch) by extension 'colcon_pkg'
[2.018s] Level 1:colcon.colcon_core.package_identification:_identify(src/slam_launch) by extensions ['colcon_meta']
[2.018s] Level 1:colcon.colcon_core.package_identification:_identify(src/slam_launch) by extension 'colcon_meta'
[2.018s] Level 1:colcon.colcon_core.package_identification:_identify(src/slam_launch) by extensions ['ros']
[2.019s] Level 1:colcon.colcon_core.package_identification:_identify(src/slam_launch) by extension 'ros'
[2.024s] DEBUG:colcon.colcon_core.package_identification:Package 'src/slam_launch' with type 'ros.ament_python' and name 'slam_launch'
[2.024s] Level 1:colcon.colcon_core.package_identification:_identify(src/teleop_omni) by extensions ['ignore', 'ignore_ament_install']
[2.024s] Level 1:colcon.colcon_core.package_identification:_identify(src/teleop_omni) by extension 'ignore'
[2.025s] Level 1:colcon.colcon_core.package_identification:_identify(src/teleop_omni) by extension 'ignore_ament_install'
[2.025s] Level 1:colcon.colcon_core.package_identification:_identify(src/teleop_omni) by extensions ['colcon_pkg']
[2.025s] Level 1:colcon.colcon_core.package_identification:_identify(src/teleop_omni) by extension 'colcon_pkg'
[2.025s] Level 1:colcon.colcon_core.package_identification:_identify(src/teleop_omni) by extensions ['colcon_meta']
[2.025s] Level 1:colcon.colcon_core.package_identification:_identify(src/teleop_omni) by extension 'colcon_meta'
[2.026s] Level 1:colcon.colcon_core.package_identification:_identify(src/teleop_omni) by extensions ['ros']
[2.026s] Level 1:colcon.colcon_core.package_identification:_identify(src/teleop_omni) by extension 'ros'
[2.028s] DEBUG:colcon.colcon_core.package_identification:Package 'src/teleop_omni' with type 'ros.ament_python' and name 'teleop_omni'
[2.029s] Level 1:colcon.colcon_core.package_discovery:discover_packages(recursive) using defaults
[2.029s] Level 1:colcon.colcon_core.package_discovery:discover_packages(ignore) discover
[2.029s] Level 1:colcon.colcon_core.package_discovery:discover_packages(ignore) using defaults
[2.029s] Level 1:colcon.colcon_core.package_discovery:discover_packages(path) discover
[2.029s] Level 1:colcon.colcon_core.package_discovery:discover_packages(path) using defaults
[2.117s] INFO:colcon.colcon_core.package_selection:Skipping not selected package 'kinematics' in 'src/kinematics'
[2.117s] INFO:colcon.colcon_core.package_selection:Skipping not selected package 'odom' in 'src/odom'
[2.117s] INFO:colcon.colcon_core.package_selection:Skipping not selected package 'omni_bot' in 'src/omni_bot'
[2.117s] INFO:colcon.colcon_core.package_selection:Skipping not selected package 'omnibot_description' in 'src/omnibot_description'
[2.117s] INFO:colcon.colcon_core.package_selection:Skipping not selected package 'rplidar_ros' in 'src/rplidar_ros'
[2.117s] INFO:colcon.colcon_core.package_selection:Skipping not selected package 'slam_launch' in 'src/slam_launch'
[2.119s] Level 1:colcon.colcon_core.package_discovery:discover_packages(prefix_path) check parameters
[2.119s] Level 1:colcon.colcon_core.package_discovery:discover_packages(prefix_path) discover
[2.127s] DEBUG:colcon.colcon_installed_package_information.package_discovery:Found 7 installed packages in /home/jetson/SLAM_WS/install
[2.134s] DEBUG:colcon.colcon_installed_package_information.package_discovery:Found 264 installed packages in /opt/ros/foxy
[2.143s] Level 1:colcon.colcon_core.package_discovery:discover_packages(prefix_path) using defaults
[2.442s] Level 5:colcon.colcon_core.verb:set package 'teleop_omni' build argument 'cmake_args' from command line to 'None'
[2.443s] Level 5:colcon.colcon_core.verb:set package 'teleop_omni' build argument 'cmake_target' from command line to 'None'
[2.443s] Level 5:colcon.colcon_core.verb:set package 'teleop_omni' build argument 'cmake_target_skip_unavailable' from command line to 'False'
[2.443s] Level 5:colcon.colcon_core.verb:set package 'teleop_omni' build argument 'cmake_clean_cache' from command line to 'False'
[2.443s] Level 5:colcon.colcon_core.verb:set package 'teleop_omni' build argument 'cmake_clean_first' from command line to 'False'
[2.443s] Level 5:colcon.colcon_core.verb:set package 'teleop_omni' build argument 'cmake_force_configure' from command line to 'False'
[2.444s] Level 5:colcon.colcon_core.verb:set package 'teleop_omni' build argument 'ament_cmake_args' from command line to 'None'
[2.444s] Level 5:colcon.colcon_core.verb:set package 'teleop_omni' build argument 'catkin_cmake_args' from command line to 'None'
[2.444s] Level 5:colcon.colcon_core.verb:set package 'teleop_omni' build argument 'catkin_skip_building_tests' from command line to 'False'
[2.444s] DEBUG:colcon.colcon_core.verb:Building package 'teleop_omni' with the following arguments: {'ament_cmake_args': None, 'build_base': '/home/jetson/SLAM_WS/build/teleop_omni', 'catkin_cmake_args': None, 'catkin_skip_building_tests': False, 'cmake_args': None, 'cmake_clean_cache': False, 'cmake_clean_first': False, 'cmake_force_configure': False, 'cmake_target': None, 'cmake_target_skip_unavailable': False, 'install_base': '/home/jetson/SLAM_WS/install/teleop_omni', 'merge_install': False, 'path': '/home/jetson/SLAM_WS/src/teleop_omni', 'symlink_install': False, 'test_result_base': None}
[2.445s] INFO:colcon.colcon_core.executor:Executing jobs using 'parallel' executor
[2.449s] DEBUG:colcon.colcon_parallel_executor.executor.parallel:run_until_complete
[2.450s] INFO:colcon.colcon_ros.task.ament_python.build:Building ROS package in '/home/jetson/SLAM_WS/src/teleop_omni' with build type 'ament_python'
[2.451s] Level 1:colcon.colcon_core.shell:create_environment_hook('teleop_omni', 'ament_prefix_path')
[2.459s] INFO:colcon.colcon_core.plugin_system:Skipping extension 'colcon_core.shell.bat': Not used on non-Windows systems
[2.460s] INFO:colcon.colcon_core.shell:Creating environment hook '/home/jetson/SLAM_WS/install/teleop_omni/share/teleop_omni/hook/ament_prefix_path.ps1'
[2.462s] INFO:colcon.colcon_core.shell:Creating environment descriptor '/home/jetson/SLAM_WS/install/teleop_omni/share/teleop_omni/hook/ament_prefix_path.dsv'
[2.464s] INFO:colcon.colcon_core.shell:Creating environment hook '/home/jetson/SLAM_WS/install/teleop_omni/share/teleop_omni/hook/ament_prefix_path.sh'
[2.467s] INFO:colcon.colcon_core.shell:Skip shell extension 'powershell' for command environment: Not usable outside of PowerShell
[2.468s] DEBUG:colcon.colcon_core.shell:Skip shell extension 'dsv' for command environment
[3.757s] INFO:colcon.colcon_core.task.python.build:Building Python package in '/home/jetson/SLAM_WS/src/teleop_omni'
[3.758s] INFO:colcon.colcon_core.shell:Skip shell extension 'powershell' for command environment: Not usable outside of PowerShell
[3.759s] DEBUG:colcon.colcon_core.shell:Skip shell extension 'dsv' for command environment
[5.566s] DEBUG:colcon.colcon_core.event_handler.log_command:Invoking command in '/home/jetson/SLAM_WS/src/teleop_omni': PYTHONPATH=/home/jetson/SLAM_WS/build/teleop_omni/prefix_override:/usr/lib/python3/dist-packages/colcon_core/task/python/colcon_distutils_commands:/home/jetson/SLAM_WS/install/teleop_omni/lib/python3.8/site-packages:${PYTHONPATH} /usr/bin/python3 -W ignore:setup.py install is deprecated -W ignore:easy_install command is deprecated setup.py egg_info --egg-base ../../build/teleop_omni build --build-base /home/jetson/SLAM_WS/build/teleop_omni/build install --record /home/jetson/SLAM_WS/build/teleop_omni/install.log --single-version-externally-managed install_data
[7.023s] DEBUG:colcon.colcon_core.event_handler.log_command:Invoked command in '/home/jetson/SLAM_WS/src/teleop_omni' returned '0': PYTHONPATH=/home/jetson/SLAM_WS/build/teleop_omni/prefix_override:/usr/lib/python3/dist-packages/colcon_core/task/python/colcon_distutils_commands:/home/jetson/SLAM_WS/install/teleop_omni/lib/python3.8/site-packages:${PYTHONPATH} /usr/bin/python3 -W ignore:setup.py install is deprecated -W ignore:easy_install command is deprecated setup.py egg_info --egg-base ../../build/teleop_omni build --build-base /home/jetson/SLAM_WS/build/teleop_omni/build install --record /home/jetson/SLAM_WS/build/teleop_omni/install.log --single-version-externally-managed install_data
[7.034s] Level 1:colcon.colcon_core.environment:checking '/home/jetson/SLAM_WS/install/teleop_omni' for CMake module files
[7.036s] Level 1:colcon.colcon_core.environment:checking '/home/jetson/SLAM_WS/install/teleop_omni' for CMake config files
[7.038s] Level 1:colcon.colcon_core.environment:checking '/home/jetson/SLAM_WS/install/teleop_omni/lib'
[7.039s] Level 1:colcon.colcon_core.environment:checking '/home/jetson/SLAM_WS/install/teleop_omni/bin'
[7.039s] Level 1:colcon.colcon_core.environment:checking '/home/jetson/SLAM_WS/install/teleop_omni/lib/pkgconfig/teleop_omni.pc'
[7.040s] Level 1:colcon.colcon_core.environment:checking '/home/jetson/SLAM_WS/install/teleop_omni/lib/python3.8/site-packages'
[7.041s] Level 1:colcon.colcon_core.shell:create_environment_hook('teleop_omni', 'pythonpath')
[7.042s] INFO:colcon.colcon_core.shell:Creating environment hook '/home/jetson/SLAM_WS/install/teleop_omni/share/teleop_omni/hook/pythonpath.ps1'
[7.043s] INFO:colcon.colcon_core.shell:Creating environment descriptor '/home/jetson/SLAM_WS/install/teleop_omni/share/teleop_omni/hook/pythonpath.dsv'
[7.045s] INFO:colcon.colcon_core.shell:Creating environment hook '/home/jetson/SLAM_WS/install/teleop_omni/share/teleop_omni/hook/pythonpath.sh'
[7.047s] Level 1:colcon.colcon_core.environment:checking '/home/jetson/SLAM_WS/install/teleop_omni/bin'
[7.047s] Level 1:colcon.colcon_core.environment:create_environment_scripts_only(teleop_omni)
[7.049s] INFO:colcon.colcon_core.shell:Creating package script '/home/jetson/SLAM_WS/install/teleop_omni/share/teleop_omni/package.ps1'
[7.053s] INFO:colcon.colcon_core.shell:Creating package descriptor '/home/jetson/SLAM_WS/install/teleop_omni/share/teleop_omni/package.dsv'
[7.055s] INFO:colcon.colcon_core.shell:Creating package script '/home/jetson/SLAM_WS/install/teleop_omni/share/teleop_omni/package.sh'
[7.059s] INFO:colcon.colcon_core.shell:Creating package script '/home/jetson/SLAM_WS/install/teleop_omni/share/teleop_omni/package.bash'
[7.063s] INFO:colcon.colcon_core.shell:Creating package script '/home/jetson/SLAM_WS/install/teleop_omni/share/teleop_omni/package.zsh'
[7.066s] Level 1:colcon.colcon_core.environment:create_file_with_runtime_dependencies(/home/jetson/SLAM_WS/install/teleop_omni/share/colcon-core/packages/teleop_omni)
[7.068s] DEBUG:colcon.colcon_parallel_executor.executor.parallel:closing loop
[7.069s] DEBUG:colcon.colcon_parallel_executor.executor.parallel:loop closed
[7.069s] DEBUG:colcon.colcon_parallel_executor.executor.parallel:run_until_complete finished with '0'
[7.070s] DEBUG:colcon.colcon_core.event_reactor:joining thread
[7.091s] INFO:colcon.colcon_core.plugin_system:Skipping extension 'colcon_notification.desktop_notification.terminal_notifier': Not used on non-Darwin systems
[7.091s] INFO:colcon.colcon_core.plugin_system:Skipping extension 'colcon_notification.desktop_notification.win32': Not used on non-Windows systems
[7.091s] INFO:colcon.colcon_notification.desktop_notification:Sending desktop notification using 'notify2'
[7.129s] DEBUG:colcon.colcon_notification.desktop_notification.notify2:Failed to initialize notify2: org.freedesktop.DBus.Error.Spawn.ChildExited: Process org.freedesktop.Notifications exited with status 1
[7.129s] DEBUG:colcon.colcon_core.event_reactor:joined thread
[7.130s] INFO:colcon.colcon_core.shell:Creating prefix script '/home/jetson/SLAM_WS/install/local_setup.ps1'
[7.134s] INFO:colcon.colcon_core.shell:Creating prefix util module '/home/jetson/SLAM_WS/install/_local_setup_util_ps1.py'
[7.141s] INFO:colcon.colcon_core.shell:Creating prefix chain script '/home/jetson/SLAM_WS/install/setup.ps1'
[7.146s] INFO:colcon.colcon_core.shell:Creating prefix script '/home/jetson/SLAM_WS/install/local_setup.sh'
[7.148s] INFO:colcon.colcon_core.shell:Creating prefix util module '/home/jetson/SLAM_WS/install/_local_setup_util_sh.py'
[7.150s] INFO:colcon.colcon_core.shell:Creating prefix chain script '/home/jetson/SLAM_WS/install/setup.sh'
[7.156s] INFO:colcon.colcon_core.shell:Creating prefix script '/home/jetson/SLAM_WS/install/local_setup.bash'
[7.158s] INFO:colcon.colcon_core.shell:Creating prefix chain script '/home/jetson/SLAM_WS/install/setup.bash'
[7.163s] INFO:colcon.colcon_core.shell:Creating prefix script '/home/jetson/SLAM_WS/install/local_setup.zsh'
[7.166s] INFO:colcon.colcon_core.shell:Creating prefix chain script '/home/jetson/SLAM_WS/install/setup.zsh'
