[0.894s] DEBUG:colcon:Command line arguments: ['/usr/bin/colcon', 'build', '--packages-select', 'omnibot_description']
[0.895s] DEBUG:colcon:Parsed command line arguments: Namespace(allow_overriding=[], ament_cmake_args=None, base_paths=['.'], build_base='build', catkin_cmake_args=None, catkin_skip_building_tests=False, cmake_args=None, cmake_clean_cache=False, cmake_clean_first=False, cmake_force_configure=False, cmake_target=None, cmake_target_skip_unavailable=False, continue_on_error=False, event_handlers=None, executor='parallel', ignore_user_meta=False, install_base='install', log_base=None, log_level=None, main=<bound method BuildVerb.main of <colcon_core.verb.build.BuildVerb object at 0x7f8b2e8c70>>, merge_install=False, metas=['./colcon.meta'], mixin=None, mixin_files=None, mixin_verb=('build',), packages_above=None, packages_above_and_dependencies=None, packages_above_depth=None, packages_end=None, packages_ignore=None, packages_ignore_regex=None, packages_select=['omnibot_description'], packages_select_build_failed=False, packages_select_by_dep=None, packages_select_regex=None, packages_select_test_failures=False, packages_skip=None, packages_skip_build_finished=False, packages_skip_by_dep=None, packages_skip_regex=None, packages_skip_test_passed=False, packages_skip_up_to=None, packages_start=None, packages_up_to=None, packages_up_to_regex=None, parallel_workers=4, paths=None, symlink_install=False, test_result_base=None, verb_extension=<colcon_core.verb.build.BuildVerb object at 0x7f8b2e8c70>, verb_name='build', verb_parser=<colcon_mixin.mixin.mixin_argument.MixinArgumentDecorator object at 0x7f8b1ca310>)
[1.828s] Level 1:colcon.colcon_core.package_discovery:discover_packages(colcon_meta) check parameters
[1.829s] Level 1:colcon.colcon_core.package_discovery:discover_packages(recursive) check parameters
[1.832s] Level 1:colcon.colcon_core.package_discovery:discover_packages(ignore) check parameters
[1.832s] Level 1:colcon.colcon_core.package_discovery:discover_packages(path) check parameters
[1.832s] Level 1:colcon.colcon_core.package_discovery:discover_packages(colcon_meta) discover
[1.833s] Level 1:colcon.colcon_core.package_discovery:discover_packages(recursive) discover
[1.833s] INFO:colcon.colcon_core.package_discovery:Crawling recursively for packages in '/home/jetson/SLAM_WS'
[1.833s] Level 1:colcon.colcon_core.package_identification:_identify(.) by extensions ['ignore', 'ignore_ament_install']
[1.834s] Level 1:colcon.colcon_core.package_identification:_identify(.) by extension 'ignore'
[1.834s] Level 1:colcon.colcon_core.package_identification:_identify(.) by extension 'ignore_ament_install'
[1.834s] Level 1:colcon.colcon_core.package_identification:_identify(.) by extensions ['colcon_pkg']
[1.834s] Level 1:colcon.colcon_core.package_identification:_identify(.) by extension 'colcon_pkg'
[1.834s] Level 1:colcon.colcon_core.package_identification:_identify(.) by extensions ['colcon_meta']
[1.835s] Level 1:colcon.colcon_core.package_identification:_identify(.) by extension 'colcon_meta'
[1.835s] Level 1:colcon.colcon_core.package_identification:_identify(.) by extensions ['ros']
[1.835s] Level 1:colcon.colcon_core.package_identification:_identify(.) by extension 'ros'
[1.918s] Level 1:colcon.colcon_core.package_identification:_identify(.) by extensions ['cmake', 'python']
[1.919s] Level 1:colcon.colcon_core.package_identification:_identify(.) by extension 'cmake'
[1.919s] Level 1:colcon.colcon_core.package_identification:_identify(.) by extension 'python'
[1.919s] Level 1:colcon.colcon_core.package_identification:_identify(.) by extensions ['python_setup_py']
[1.919s] Level 1:colcon.colcon_core.package_identification:_identify(.) by extension 'python_setup_py'
[1.920s] Level 1:colcon.colcon_core.package_identification:_identify(build) by extensions ['ignore', 'ignore_ament_install']
[1.920s] Level 1:colcon.colcon_core.package_identification:_identify(build) by extension 'ignore'
[1.920s] Level 1:colcon.colcon_core.package_identification:_identify(build) ignored
[1.921s] Level 1:colcon.colcon_core.package_identification:_identify(install) by extensions ['ignore', 'ignore_ament_install']
[1.921s] Level 1:colcon.colcon_core.package_identification:_identify(install) by extension 'ignore'
[1.922s] Level 1:colcon.colcon_core.package_identification:_identify(install) ignored
[1.922s] Level 1:colcon.colcon_core.package_identification:_identify(log) by extensions ['ignore', 'ignore_ament_install']
[1.922s] Level 1:colcon.colcon_core.package_identification:_identify(log) by extension 'ignore'
[1.922s] Level 1:colcon.colcon_core.package_identification:_identify(log) ignored
[1.923s] Level 1:colcon.colcon_core.package_identification:_identify(src) by extensions ['ignore', 'ignore_ament_install']
[1.923s] Level 1:colcon.colcon_core.package_identification:_identify(src) by extension 'ignore'
[1.923s] Level 1:colcon.colcon_core.package_identification:_identify(src) by extension 'ignore_ament_install'
[1.924s] Level 1:colcon.colcon_core.package_identification:_identify(src) by extensions ['colcon_pkg']
[1.924s] Level 1:colcon.colcon_core.package_identification:_identify(src) by extension 'colcon_pkg'
[1.924s] Level 1:colcon.colcon_core.package_identification:_identify(src) by extensions ['colcon_meta']
[1.924s] Level 1:colcon.colcon_core.package_identification:_identify(src) by extension 'colcon_meta'
[1.924s] Level 1:colcon.colcon_core.package_identification:_identify(src) by extensions ['ros']
[1.925s] Level 1:colcon.colcon_core.package_identification:_identify(src) by extension 'ros'
[1.925s] Level 1:colcon.colcon_core.package_identification:_identify(src) by extensions ['cmake', 'python']
[1.925s] Level 1:colcon.colcon_core.package_identification:_identify(src) by extension 'cmake'
[1.925s] Level 1:colcon.colcon_core.package_identification:_identify(src) by extension 'python'
[1.925s] Level 1:colcon.colcon_core.package_identification:_identify(src) by extensions ['python_setup_py']
[1.926s] Level 1:colcon.colcon_core.package_identification:_identify(src) by extension 'python_setup_py'
[1.926s] Level 1:colcon.colcon_core.package_identification:_identify(src/build) by extensions ['ignore', 'ignore_ament_install']
[1.926s] Level 1:colcon.colcon_core.package_identification:_identify(src/build) by extension 'ignore'
[1.926s] Level 1:colcon.colcon_core.package_identification:_identify(src/build) ignored
[1.927s] Level 1:colcon.colcon_core.package_identification:_identify(src/install) by extensions ['ignore', 'ignore_ament_install']
[1.927s] Level 1:colcon.colcon_core.package_identification:_identify(src/install) by extension 'ignore'
[1.927s] Level 1:colcon.colcon_core.package_identification:_identify(src/install) ignored
[1.928s] Level 1:colcon.colcon_core.package_identification:_identify(src/kinematics) by extensions ['ignore', 'ignore_ament_install']
[1.928s] Level 1:colcon.colcon_core.package_identification:_identify(src/kinematics) by extension 'ignore'
[1.928s] Level 1:colcon.colcon_core.package_identification:_identify(src/kinematics) by extension 'ignore_ament_install'
[1.929s] Level 1:colcon.colcon_core.package_identification:_identify(src/kinematics) by extensions ['colcon_pkg']
[1.929s] Level 1:colcon.colcon_core.package_identification:_identify(src/kinematics) by extension 'colcon_pkg'
[1.929s] Level 1:colcon.colcon_core.package_identification:_identify(src/kinematics) by extensions ['colcon_meta']
[1.929s] Level 1:colcon.colcon_core.package_identification:_identify(src/kinematics) by extension 'colcon_meta'
[1.929s] Level 1:colcon.colcon_core.package_identification:_identify(src/kinematics) by extensions ['ros']
[1.929s] Level 1:colcon.colcon_core.package_identification:_identify(src/kinematics) by extension 'ros'
[1.939s] DEBUG:colcon.colcon_core.package_identification:Package 'src/kinematics' with type 'ros.ament_python' and name 'kinematics'
[1.940s] Level 1:colcon.colcon_core.package_identification:_identify(src/log) by extensions ['ignore', 'ignore_ament_install']
[1.940s] Level 1:colcon.colcon_core.package_identification:_identify(src/log) by extension 'ignore'
[1.941s] Level 1:colcon.colcon_core.package_identification:_identify(src/log) ignored
[1.941s] Level 1:colcon.colcon_core.package_identification:_identify(src/odom) by extensions ['ignore', 'ignore_ament_install']
[1.941s] Level 1:colcon.colcon_core.package_identification:_identify(src/odom) by extension 'ignore'
[1.942s] Level 1:colcon.colcon_core.package_identification:_identify(src/odom) by extension 'ignore_ament_install'
[1.942s] Level 1:colcon.colcon_core.package_identification:_identify(src/odom) by extensions ['colcon_pkg']
[1.942s] Level 1:colcon.colcon_core.package_identification:_identify(src/odom) by extension 'colcon_pkg'
[1.942s] Level 1:colcon.colcon_core.package_identification:_identify(src/odom) by extensions ['colcon_meta']
[1.942s] Level 1:colcon.colcon_core.package_identification:_identify(src/odom) by extension 'colcon_meta'
[1.943s] Level 1:colcon.colcon_core.package_identification:_identify(src/odom) by extensions ['ros']
[1.943s] Level 1:colcon.colcon_core.package_identification:_identify(src/odom) by extension 'ros'
[1.946s] DEBUG:colcon.colcon_core.package_identification:Package 'src/odom' with type 'ros.ament_python' and name 'odom'
[1.947s] Level 1:colcon.colcon_core.package_identification:_identify(src/omni_bot) by extensions ['ignore', 'ignore_ament_install']
[1.947s] Level 1:colcon.colcon_core.package_identification:_identify(src/omni_bot) by extension 'ignore'
[1.947s] Level 1:colcon.colcon_core.package_identification:_identify(src/omni_bot) by extension 'ignore_ament_install'
[1.948s] Level 1:colcon.colcon_core.package_identification:_identify(src/omni_bot) by extensions ['colcon_pkg']
[1.948s] Level 1:colcon.colcon_core.package_identification:_identify(src/omni_bot) by extension 'colcon_pkg'
[1.948s] Level 1:colcon.colcon_core.package_identification:_identify(src/omni_bot) by extensions ['colcon_meta']
[1.948s] Level 1:colcon.colcon_core.package_identification:_identify(src/omni_bot) by extension 'colcon_meta'
[1.948s] Level 1:colcon.colcon_core.package_identification:_identify(src/omni_bot) by extensions ['ros']
[1.949s] Level 1:colcon.colcon_core.package_identification:_identify(src/omni_bot) by extension 'ros'
[1.951s] DEBUG:colcon.colcon_core.package_identification:Package 'src/omni_bot' with type 'ros.ament_python' and name 'omni_bot'
[1.951s] Level 1:colcon.colcon_core.package_identification:_identify(src/omnibot_description) by extensions ['ignore', 'ignore_ament_install']
[1.952s] Level 1:colcon.colcon_core.package_identification:_identify(src/omnibot_description) by extension 'ignore'
[1.952s] Level 1:colcon.colcon_core.package_identification:_identify(src/omnibot_description) by extension 'ignore_ament_install'
[1.952s] Level 1:colcon.colcon_core.package_identification:_identify(src/omnibot_description) by extensions ['colcon_pkg']
[1.952s] Level 1:colcon.colcon_core.package_identification:_identify(src/omnibot_description) by extension 'colcon_pkg'
[1.953s] Level 1:colcon.colcon_core.package_identification:_identify(src/omnibot_description) by extensions ['colcon_meta']
[1.953s] Level 1:colcon.colcon_core.package_identification:_identify(src/omnibot_description) by extension 'colcon_meta'
[1.953s] Level 1:colcon.colcon_core.package_identification:_identify(src/omnibot_description) by extensions ['ros']
[1.953s] Level 1:colcon.colcon_core.package_identification:_identify(src/omnibot_description) by extension 'ros'
[1.956s] DEBUG:colcon.colcon_core.package_identification:Package 'src/omnibot_description' with type 'ros.ament_python' and name 'omnibot_description'
[1.956s] Level 1:colcon.colcon_core.package_identification:_identify(src/rplidar_ros) by extensions ['ignore', 'ignore_ament_install']
[1.957s] Level 1:colcon.colcon_core.package_identification:_identify(src/rplidar_ros) by extension 'ignore'
[1.957s] Level 1:colcon.colcon_core.package_identification:_identify(src/rplidar_ros) by extension 'ignore_ament_install'
[1.957s] Level 1:colcon.colcon_core.package_identification:_identify(src/rplidar_ros) by extensions ['colcon_pkg']
[1.957s] Level 1:colcon.colcon_core.package_identification:_identify(src/rplidar_ros) by extension 'colcon_pkg'
[1.957s] Level 1:colcon.colcon_core.package_identification:_identify(src/rplidar_ros) by extensions ['colcon_meta']
[1.958s] Level 1:colcon.colcon_core.package_identification:_identify(src/rplidar_ros) by extension 'colcon_meta'
[1.958s] Level 1:colcon.colcon_core.package_identification:_identify(src/rplidar_ros) by extensions ['ros']
[1.958s] Level 1:colcon.colcon_core.package_identification:_identify(src/rplidar_ros) by extension 'ros'
[1.961s] DEBUG:colcon.colcon_core.package_identification:Package 'src/rplidar_ros' with type 'ros.ament_cmake' and name 'rplidar_ros'
[1.961s] Level 1:colcon.colcon_core.package_identification:_identify(src/teleop_omni) by extensions ['ignore', 'ignore_ament_install']
[1.962s] Level 1:colcon.colcon_core.package_identification:_identify(src/teleop_omni) by extension 'ignore'
[1.962s] Level 1:colcon.colcon_core.package_identification:_identify(src/teleop_omni) by extension 'ignore_ament_install'
[1.962s] Level 1:colcon.colcon_core.package_identification:_identify(src/teleop_omni) by extensions ['colcon_pkg']
[1.962s] Level 1:colcon.colcon_core.package_identification:_identify(src/teleop_omni) by extension 'colcon_pkg'
[1.962s] Level 1:colcon.colcon_core.package_identification:_identify(src/teleop_omni) by extensions ['colcon_meta']
[1.963s] Level 1:colcon.colcon_core.package_identification:_identify(src/teleop_omni) by extension 'colcon_meta'
[1.963s] Level 1:colcon.colcon_core.package_identification:_identify(src/teleop_omni) by extensions ['ros']
[1.963s] Level 1:colcon.colcon_core.package_identification:_identify(src/teleop_omni) by extension 'ros'
[1.965s] DEBUG:colcon.colcon_core.package_identification:Package 'src/teleop_omni' with type 'ros.ament_python' and name 'teleop_omni'
[1.965s] Level 1:colcon.colcon_core.package_discovery:discover_packages(recursive) using defaults
[1.965s] Level 1:colcon.colcon_core.package_discovery:discover_packages(ignore) discover
[1.966s] Level 1:colcon.colcon_core.package_discovery:discover_packages(ignore) using defaults
[1.966s] Level 1:colcon.colcon_core.package_discovery:discover_packages(path) discover
[1.966s] Level 1:colcon.colcon_core.package_discovery:discover_packages(path) using defaults
[2.049s] INFO:colcon.colcon_core.package_selection:Skipping not selected package 'kinematics' in 'src/kinematics'
[2.050s] INFO:colcon.colcon_core.package_selection:Skipping not selected package 'odom' in 'src/odom'
[2.050s] INFO:colcon.colcon_core.package_selection:Skipping not selected package 'omni_bot' in 'src/omni_bot'
[2.050s] INFO:colcon.colcon_core.package_selection:Skipping not selected package 'rplidar_ros' in 'src/rplidar_ros'
[2.050s] INFO:colcon.colcon_core.package_selection:Skipping not selected package 'teleop_omni' in 'src/teleop_omni'
[2.052s] Level 1:colcon.colcon_core.package_discovery:discover_packages(prefix_path) check parameters
[2.052s] Level 1:colcon.colcon_core.package_discovery:discover_packages(prefix_path) discover
[2.060s] DEBUG:colcon.colcon_installed_package_information.package_discovery:Found 6 installed packages in /home/jetson/SLAM_WS/install
[2.066s] DEBUG:colcon.colcon_installed_package_information.package_discovery:Found 256 installed packages in /opt/ros/foxy
[2.074s] Level 1:colcon.colcon_core.package_discovery:discover_packages(prefix_path) using defaults
[2.364s] Level 5:colcon.colcon_core.verb:set package 'omnibot_description' build argument 'cmake_args' from command line to 'None'
[2.364s] Level 5:colcon.colcon_core.verb:set package 'omnibot_description' build argument 'cmake_target' from command line to 'None'
[2.364s] Level 5:colcon.colcon_core.verb:set package 'omnibot_description' build argument 'cmake_target_skip_unavailable' from command line to 'False'
[2.364s] Level 5:colcon.colcon_core.verb:set package 'omnibot_description' build argument 'cmake_clean_cache' from command line to 'False'
[2.365s] Level 5:colcon.colcon_core.verb:set package 'omnibot_description' build argument 'cmake_clean_first' from command line to 'False'
[2.365s] Level 5:colcon.colcon_core.verb:set package 'omnibot_description' build argument 'cmake_force_configure' from command line to 'False'
[2.365s] Level 5:colcon.colcon_core.verb:set package 'omnibot_description' build argument 'ament_cmake_args' from command line to 'None'
[2.365s] Level 5:colcon.colcon_core.verb:set package 'omnibot_description' build argument 'catkin_cmake_args' from command line to 'None'
[2.365s] Level 5:colcon.colcon_core.verb:set package 'omnibot_description' build argument 'catkin_skip_building_tests' from command line to 'False'
[2.365s] DEBUG:colcon.colcon_core.verb:Building package 'omnibot_description' with the following arguments: {'ament_cmake_args': None, 'build_base': '/home/jetson/SLAM_WS/build/omnibot_description', 'catkin_cmake_args': None, 'catkin_skip_building_tests': False, 'cmake_args': None, 'cmake_clean_cache': False, 'cmake_clean_first': False, 'cmake_force_configure': False, 'cmake_target': None, 'cmake_target_skip_unavailable': False, 'install_base': '/home/jetson/SLAM_WS/install/omnibot_description', 'merge_install': False, 'path': '/home/jetson/SLAM_WS/src/omnibot_description', 'symlink_install': False, 'test_result_base': None}
[2.366s] INFO:colcon.colcon_core.executor:Executing jobs using 'parallel' executor
[2.371s] DEBUG:colcon.colcon_parallel_executor.executor.parallel:run_until_complete
[2.372s] INFO:colcon.colcon_ros.task.ament_python.build:Building ROS package in '/home/jetson/SLAM_WS/src/omnibot_description' with build type 'ament_python'
[2.373s] Level 1:colcon.colcon_core.shell:create_environment_hook('omnibot_description', 'ament_prefix_path')
[2.381s] INFO:colcon.colcon_core.plugin_system:Skipping extension 'colcon_core.shell.bat': Not used on non-Windows systems
[2.382s] INFO:colcon.colcon_core.shell:Creating environment hook '/home/jetson/SLAM_WS/install/omnibot_description/share/omnibot_description/hook/ament_prefix_path.ps1'
[2.386s] INFO:colcon.colcon_core.shell:Creating environment descriptor '/home/jetson/SLAM_WS/install/omnibot_description/share/omnibot_description/hook/ament_prefix_path.dsv'
[2.388s] INFO:colcon.colcon_core.shell:Creating environment hook '/home/jetson/SLAM_WS/install/omnibot_description/share/omnibot_description/hook/ament_prefix_path.sh'
[2.391s] INFO:colcon.colcon_core.shell:Skip shell extension 'powershell' for command environment: Not usable outside of PowerShell
[2.391s] DEBUG:colcon.colcon_core.shell:Skip shell extension 'dsv' for command environment
[3.659s] INFO:colcon.colcon_core.task.python.build:Building Python package in '/home/jetson/SLAM_WS/src/omnibot_description'
[3.661s] INFO:colcon.colcon_core.shell:Skip shell extension 'powershell' for command environment: Not usable outside of PowerShell
[3.661s] DEBUG:colcon.colcon_core.shell:Skip shell extension 'dsv' for command environment
[5.438s] DEBUG:colcon.colcon_core.event_handler.log_command:Invoking command in '/home/jetson/SLAM_WS/src/omnibot_description': PYTHONPATH=/home/jetson/SLAM_WS/build/omnibot_description/prefix_override:/usr/lib/python3/dist-packages/colcon_core/task/python/colcon_distutils_commands:/home/jetson/SLAM_WS/install/omnibot_description/lib/python3.8/site-packages:${PYTHONPATH} /usr/bin/python3 -W ignore:setup.py install is deprecated -W ignore:easy_install command is deprecated setup.py egg_info --egg-base ../../build/omnibot_description build --build-base /home/jetson/SLAM_WS/build/omnibot_description/build install --record /home/jetson/SLAM_WS/build/omnibot_description/install.log --single-version-externally-managed install_data
[6.844s] DEBUG:colcon.colcon_core.event_handler.log_command:Invoked command in '/home/jetson/SLAM_WS/src/omnibot_description' returned '0': PYTHONPATH=/home/jetson/SLAM_WS/build/omnibot_description/prefix_override:/usr/lib/python3/dist-packages/colcon_core/task/python/colcon_distutils_commands:/home/jetson/SLAM_WS/install/omnibot_description/lib/python3.8/site-packages:${PYTHONPATH} /usr/bin/python3 -W ignore:setup.py install is deprecated -W ignore:easy_install command is deprecated setup.py egg_info --egg-base ../../build/omnibot_description build --build-base /home/jetson/SLAM_WS/build/omnibot_description/build install --record /home/jetson/SLAM_WS/build/omnibot_description/install.log --single-version-externally-managed install_data
[6.852s] Level 1:colcon.colcon_core.environment:checking '/home/jetson/SLAM_WS/install/omnibot_description' for CMake module files
[6.854s] Level 1:colcon.colcon_core.environment:checking '/home/jetson/SLAM_WS/install/omnibot_description' for CMake config files
[6.857s] Level 1:colcon.colcon_core.environment:checking '/home/jetson/SLAM_WS/install/omnibot_description/lib'
[6.857s] Level 1:colcon.colcon_core.environment:checking '/home/jetson/SLAM_WS/install/omnibot_description/bin'
[6.858s] Level 1:colcon.colcon_core.environment:checking '/home/jetson/SLAM_WS/install/omnibot_description/lib/pkgconfig/omnibot_description.pc'
[6.858s] Level 1:colcon.colcon_core.environment:checking '/home/jetson/SLAM_WS/install/omnibot_description/lib/python3.8/site-packages'
[6.859s] Level 1:colcon.colcon_core.shell:create_environment_hook('omnibot_description', 'pythonpath')
[6.860s] INFO:colcon.colcon_core.shell:Creating environment hook '/home/jetson/SLAM_WS/install/omnibot_description/share/omnibot_description/hook/pythonpath.ps1'
[6.862s] INFO:colcon.colcon_core.shell:Creating environment descriptor '/home/jetson/SLAM_WS/install/omnibot_description/share/omnibot_description/hook/pythonpath.dsv'
[6.863s] INFO:colcon.colcon_core.shell:Creating environment hook '/home/jetson/SLAM_WS/install/omnibot_description/share/omnibot_description/hook/pythonpath.sh'
[6.865s] Level 1:colcon.colcon_core.environment:checking '/home/jetson/SLAM_WS/install/omnibot_description/bin'
[6.865s] Level 1:colcon.colcon_core.environment:create_environment_scripts_only(omnibot_description)
[6.867s] INFO:colcon.colcon_core.shell:Creating package script '/home/jetson/SLAM_WS/install/omnibot_description/share/omnibot_description/package.ps1'
[6.870s] INFO:colcon.colcon_core.shell:Creating package descriptor '/home/jetson/SLAM_WS/install/omnibot_description/share/omnibot_description/package.dsv'
[6.872s] INFO:colcon.colcon_core.shell:Creating package script '/home/jetson/SLAM_WS/install/omnibot_description/share/omnibot_description/package.sh'
[6.876s] INFO:colcon.colcon_core.shell:Creating package script '/home/jetson/SLAM_WS/install/omnibot_description/share/omnibot_description/package.bash'
[6.880s] INFO:colcon.colcon_core.shell:Creating package script '/home/jetson/SLAM_WS/install/omnibot_description/share/omnibot_description/package.zsh'
[6.883s] Level 1:colcon.colcon_core.environment:create_file_with_runtime_dependencies(/home/jetson/SLAM_WS/install/omnibot_description/share/colcon-core/packages/omnibot_description)
[6.884s] DEBUG:colcon.colcon_parallel_executor.executor.parallel:closing loop
[6.885s] DEBUG:colcon.colcon_parallel_executor.executor.parallel:loop closed
[6.885s] DEBUG:colcon.colcon_parallel_executor.executor.parallel:run_until_complete finished with '0'
[6.885s] DEBUG:colcon.colcon_core.event_reactor:joining thread
[6.908s] INFO:colcon.colcon_core.plugin_system:Skipping extension 'colcon_notification.desktop_notification.terminal_notifier': Not used on non-Darwin systems
[6.908s] INFO:colcon.colcon_core.plugin_system:Skipping extension 'colcon_notification.desktop_notification.win32': Not used on non-Windows systems
[6.908s] INFO:colcon.colcon_notification.desktop_notification:Sending desktop notification using 'notify2'
[6.946s] DEBUG:colcon.colcon_notification.desktop_notification.notify2:Failed to initialize notify2: org.freedesktop.DBus.Error.Spawn.ChildExited: Process org.freedesktop.Notifications exited with status 1
[6.946s] DEBUG:colcon.colcon_core.event_reactor:joined thread
[6.948s] INFO:colcon.colcon_core.shell:Creating prefix script '/home/jetson/SLAM_WS/install/local_setup.ps1'
[6.952s] INFO:colcon.colcon_core.shell:Creating prefix util module '/home/jetson/SLAM_WS/install/_local_setup_util_ps1.py'
[6.958s] INFO:colcon.colcon_core.shell:Creating prefix chain script '/home/jetson/SLAM_WS/install/setup.ps1'
[6.964s] INFO:colcon.colcon_core.shell:Creating prefix script '/home/jetson/SLAM_WS/install/local_setup.sh'
[6.967s] INFO:colcon.colcon_core.shell:Creating prefix util module '/home/jetson/SLAM_WS/install/_local_setup_util_sh.py'
[6.969s] INFO:colcon.colcon_core.shell:Creating prefix chain script '/home/jetson/SLAM_WS/install/setup.sh'
[6.974s] INFO:colcon.colcon_core.shell:Creating prefix script '/home/jetson/SLAM_WS/install/local_setup.bash'
[6.976s] INFO:colcon.colcon_core.shell:Creating prefix chain script '/home/jetson/SLAM_WS/install/setup.bash'
[6.981s] INFO:colcon.colcon_core.shell:Creating prefix script '/home/jetson/SLAM_WS/install/local_setup.zsh'
[6.983s] INFO:colcon.colcon_core.shell:Creating prefix chain script '/home/jetson/SLAM_WS/install/setup.zsh'
