[3.779s] Invoking command in '/home/jetson/SLAM_WS/src/omnibot_description': PYTHONPATH=/home/jetson/SLAM_WS/build/omnibot_description/prefix_override:/usr/lib/python3/dist-packages/colcon_core/task/python/colcon_distutils_commands:/home/jetson/SLAM_WS/install/omnibot_description/lib/python3.8/site-packages:${PYTHONPATH} /usr/bin/python3 -W ignore:setup.py install is deprecated -W ignore:easy_install command is deprecated setup.py egg_info --egg-base ../../build/omnibot_description build --build-base /home/jetson/SLAM_WS/build/omnibot_description/build install --record /home/jetson/SLAM_WS/build/omnibot_description/install.log --single-version-externally-managed install_data
[5.229s] running egg_info
[5.232s] writing ../../build/omnibot_description/omnibot_description.egg-info/PKG-INFO
[5.233s] writing dependency_links to ../../build/omnibot_description/omnibot_description.egg-info/dependency_links.txt
[5.234s] writing entry points to ../../build/omnibot_description/omnibot_description.egg-info/entry_points.txt
[5.234s] writing requirements to ../../build/omnibot_description/omnibot_description.egg-info/requires.txt
[5.235s] writing top-level names to ../../build/omnibot_description/omnibot_description.egg-info/top_level.txt
[5.264s] reading manifest file '../../build/omnibot_description/omnibot_description.egg-info/SOURCES.txt'
[5.265s] writing manifest file '../../build/omnibot_description/omnibot_description.egg-info/SOURCES.txt'
[5.266s] running build
[5.266s] running build_py
[5.267s] running install
[5.267s] running install_lib
[5.268s] running install_data
[5.268s] running install_egg_info
[5.278s] removing '/home/jetson/SLAM_WS/install/omnibot_description/lib/python3.8/site-packages/omnibot_description-0.0.0-py3.8.egg-info' (and everything under it)
[5.279s] Copying ../../build/omnibot_description/omnibot_description.egg-info to /home/jetson/SLAM_WS/install/omnibot_description/lib/python3.8/site-packages/omnibot_description-0.0.0-py3.8.egg-info
[5.282s] running install_scripts
[5.367s] writing list of installed files to '/home/jetson/SLAM_WS/build/omnibot_description/install.log'
[5.472s] Invoked command in '/home/jetson/SLAM_WS/src/omnibot_description' returned '0': PYTHONPATH=/home/jetson/SLAM_WS/build/omnibot_description/prefix_override:/usr/lib/python3/dist-packages/colcon_core/task/python/colcon_distutils_commands:/home/jetson/SLAM_WS/install/omnibot_description/lib/python3.8/site-packages:${PYTHONPATH} /usr/bin/python3 -W ignore:setup.py install is deprecated -W ignore:easy_install command is deprecated setup.py egg_info --egg-base ../../build/omnibot_description build --build-base /home/jetson/SLAM_WS/build/omnibot_description/build install --record /home/jetson/SLAM_WS/build/omnibot_description/install.log --single-version-externally-managed install_data
