[5.951s] Invoking command in '/home/jetson/SLAM_WS/src/kinematics': PYTHONPATH=/home/jetson/SLAM_WS/build/kinematics/prefix_override:/usr/lib/python3/dist-packages/colcon_core/task/python/colcon_distutils_commands:/home/jetson/SLAM_WS/install/kinematics/lib/python3.8/site-packages:${PYTHONPATH} /usr/bin/python3 -W ignore:setup.py install is deprecated -W ignore:easy_install command is deprecated setup.py egg_info --egg-base ../../build/kinematics build --build-base /home/jetson/SLAM_WS/build/kinematics/build install --record /home/jetson/SLAM_WS/build/kinematics/install.log --single-version-externally-managed install_data
[7.259s] running egg_info
[7.262s] writing ../../build/kinematics/kinematics.egg-info/PKG-INFO
[7.262s] writing dependency_links to ../../build/kinematics/kinematics.egg-info/dependency_links.txt
[7.263s] writing entry points to ../../build/kinematics/kinematics.egg-info/entry_points.txt
[7.264s] writing requirements to ../../build/kinematics/kinematics.egg-info/requires.txt
[7.264s] writing top-level names to ../../build/kinematics/kinematics.egg-info/top_level.txt
[7.278s] reading manifest file '../../build/kinematics/kinematics.egg-info/SOURCES.txt'
[7.282s] writing manifest file '../../build/kinematics/kinematics.egg-info/SOURCES.txt'
[7.282s] running build
[7.284s] running build_py
[7.284s] running install
[7.287s] running install_lib
[7.294s] running install_data
[7.294s] copying launch/manual.launch.py -> /home/jetson/SLAM_WS/install/kinematics/share/kinematics/launch
[7.295s] running install_egg_info
[7.303s] removing '/home/jetson/SLAM_WS/install/kinematics/lib/python3.8/site-packages/kinematics-0.0.0-py3.8.egg-info' (and everything under it)
[7.304s] Copying ../../build/kinematics/kinematics.egg-info to /home/jetson/SLAM_WS/install/kinematics/lib/python3.8/site-packages/kinematics-0.0.0-py3.8.egg-info
[7.309s] running install_scripts
[7.392s] Installing inverse_kinematic script to /home/jetson/SLAM_WS/install/kinematics/lib/kinematics
[7.393s] Installing serial_driver script to /home/jetson/SLAM_WS/install/kinematics/lib/kinematics
[7.395s] writing list of installed files to '/home/jetson/SLAM_WS/build/kinematics/install.log'
[7.506s] Invoked command in '/home/jetson/SLAM_WS/src/kinematics' returned '0': PYTHONPATH=/home/jetson/SLAM_WS/build/kinematics/prefix_override:/usr/lib/python3/dist-packages/colcon_core/task/python/colcon_distutils_commands:/home/jetson/SLAM_WS/install/kinematics/lib/python3.8/site-packages:${PYTHONPATH} /usr/bin/python3 -W ignore:setup.py install is deprecated -W ignore:easy_install command is deprecated setup.py egg_info --egg-base ../../build/kinematics build --build-base /home/jetson/SLAM_WS/build/kinematics/build install --record /home/jetson/SLAM_WS/build/kinematics/install.log --single-version-externally-managed install_data
