[4.722s] Invoking command in '/home/jetson/SLAM_WS/src/omni_bot': PYTHONPATH=/home/jetson/SLAM_WS/build/omni_bot/prefix_override:/usr/lib/python3/dist-packages/colcon_core/task/python/colcon_distutils_commands:/home/jetson/SLAM_WS/install/omni_bot/lib/python3.8/site-packages:${PYTHONPATH} /usr/bin/python3 -W ignore:setup.py install is deprecated -W ignore:easy_install command is deprecated setup.py egg_info --egg-base ../../build/omni_bot build --build-base /home/jetson/SLAM_WS/build/omni_bot/build install --record /home/jetson/SLAM_WS/build/omni_bot/install.log --single-version-externally-managed install_data
[6.423s] running egg_info
[6.423s] writing ../../build/omni_bot/omni_bot.egg-info/PKG-INFO
[6.424s] writing dependency_links to ../../build/omni_bot/omni_bot.egg-info/dependency_links.txt
[6.424s] writing entry points to ../../build/omni_bot/omni_bot.egg-info/entry_points.txt
[6.436s] writing requirements to ../../build/omni_bot/omni_bot.egg-info/requires.txt
[6.436s] writing top-level names to ../../build/omni_bot/omni_bot.egg-info/top_level.txt
[6.436s] reading manifest file '../../build/omni_bot/omni_bot.egg-info/SOURCES.txt'
[6.441s] writing manifest file '../../build/omni_bot/omni_bot.egg-info/SOURCES.txt'
[6.441s] running build
[6.442s] running build_py
[6.442s] running install
[6.445s] running install_lib
[6.450s] running install_data
[6.451s] copying launch/rplidar.launch.py -> /home/jetson/SLAM_WS/install/omni_bot/share/omni_bot/launch
[6.451s] running install_egg_info
[6.462s] removing '/home/jetson/SLAM_WS/install/omni_bot/lib/python3.8/site-packages/omni_bot-0.0.0-py3.8.egg-info' (and everything under it)
[6.463s] Copying ../../build/omni_bot/omni_bot.egg-info to /home/jetson/SLAM_WS/install/omni_bot/lib/python3.8/site-packages/omni_bot-0.0.0-py3.8.egg-info
[6.471s] running install_scripts
[6.551s] writing list of installed files to '/home/jetson/SLAM_WS/build/omni_bot/install.log'
