[5.930s] Invoking command in '/home/jetson/SLAM_WS/src/inverse_kinematic': PYTHONPATH=/home/jetson/SLAM_WS/build/inverse_kinematic/prefix_override:/usr/lib/python3/dist-packages/colcon_core/task/python/colcon_distutils_commands:/home/jetson/SLAM_WS/install/inverse_kinematic/lib/python3.8/site-packages:${PYTHONPATH} /usr/bin/python3 -W ignore:setup.py install is deprecated -W ignore:easy_install command is deprecated setup.py egg_info --egg-base ../../build/inverse_kinematic build --build-base /home/jetson/SLAM_WS/build/inverse_kinematic/build install --record /home/jetson/SLAM_WS/build/inverse_kinematic/install.log --single-version-externally-managed install_data
[7.207s] running egg_info
[7.212s] writing ../../build/inverse_kinematic/inverse_kinematic.egg-info/PKG-INFO
[7.213s] writing dependency_links to ../../build/inverse_kinematic/inverse_kinematic.egg-info/dependency_links.txt
[7.213s] writing entry points to ../../build/inverse_kinematic/inverse_kinematic.egg-info/entry_points.txt
[7.213s] writing requirements to ../../build/inverse_kinematic/inverse_kinematic.egg-info/requires.txt
[7.214s] writing top-level names to ../../build/inverse_kinematic/inverse_kinematic.egg-info/top_level.txt
[7.224s] reading manifest file '../../build/inverse_kinematic/inverse_kinematic.egg-info/SOURCES.txt'
[7.229s] writing manifest file '../../build/inverse_kinematic/inverse_kinematic.egg-info/SOURCES.txt'
[7.229s] running build
[7.230s] running build_py
[7.230s] running install
[7.233s] running install_lib
[7.239s] running install_data
[7.240s] running install_egg_info
[7.248s] removing '/home/jetson/SLAM_WS/install/inverse_kinematic/lib/python3.8/site-packages/inverse_kinematic-0.0.0-py3.8.egg-info' (and everything under it)
[7.249s] Copying ../../build/inverse_kinematic/inverse_kinematic.egg-info to /home/jetson/SLAM_WS/install/inverse_kinematic/lib/python3.8/site-packages/inverse_kinematic-0.0.0-py3.8.egg-info
[7.253s] running install_scripts
[7.332s] Installing inverse_kinematic script to /home/jetson/SLAM_WS/install/inverse_kinematic/lib/inverse_kinematic
[7.333s] writing list of installed files to '/home/jetson/SLAM_WS/build/inverse_kinematic/install.log'
[7.443s] Invoked command in '/home/jetson/SLAM_WS/src/inverse_kinematic' returned '0': PYTHONPATH=/home/jetson/SLAM_WS/build/inverse_kinematic/prefix_override:/usr/lib/python3/dist-packages/colcon_core/task/python/colcon_distutils_commands:/home/jetson/SLAM_WS/install/inverse_kinematic/lib/python3.8/site-packages:${PYTHONPATH} /usr/bin/python3 -W ignore:setup.py install is deprecated -W ignore:easy_install command is deprecated setup.py egg_info --egg-base ../../build/inverse_kinematic build --build-base /home/jetson/SLAM_WS/build/inverse_kinematic/build install --record /home/jetson/SLAM_WS/build/inverse_kinematic/install.log --single-version-externally-managed install_data
