[1.392s] DEBUG:colcon:Command line arguments: ['/usr/bin/colcon', 'build', '--packages-select', 'teleop_omni']
[1.393s] DEBUG:colcon:Parsed command line arguments: Namespace(allow_overriding=[], ament_cmake_args=None, base_paths=['.'], build_base='build', catkin_cmake_args=None, catkin_skip_building_tests=False, cmake_args=None, cmake_clean_cache=False, cmake_clean_first=False, cmake_force_configure=False, cmake_target=None, cmake_target_skip_unavailable=False, continue_on_error=False, event_handlers=None, executor='parallel', ignore_user_meta=False, install_base='install', log_base=None, log_level=None, main=<bound method BuildVerb.main of <colcon_core.verb.build.BuildVerb object at 0x7f76e02a60>>, merge_install=False, metas=['./colcon.meta'], mixin=None, mixin_files=None, mixin_verb=('build',), packages_above=None, packages_above_and_dependencies=None, packages_above_depth=None, packages_end=None, packages_ignore=None, packages_ignore_regex=None, packages_select=['teleop_omni'], packages_select_build_failed=False, packages_select_by_dep=None, packages_select_regex=None, packages_select_test_failures=False, packages_skip=None, packages_skip_build_finished=False, packages_skip_by_dep=None, packages_skip_regex=None, packages_skip_test_passed=False, packages_skip_up_to=None, packages_start=None, packages_up_to=None, packages_up_to_regex=None, parallel_workers=4, paths=None, symlink_install=False, test_result_base=None, verb_extension=<colcon_core.verb.build.BuildVerb object at 0x7f76e02a60>, verb_name='build', verb_parser=<colcon_mixin.mixin.mixin_argument.MixinArgumentDecorator object at 0x7f76d5e100>)
[2.841s] Level 1:colcon.colcon_core.package_discovery:discover_packages(colcon_meta) check parameters
[2.842s] Level 1:colcon.colcon_core.package_discovery:discover_packages(recursive) check parameters
[2.842s] Level 1:colcon.colcon_core.package_discovery:discover_packages(ignore) check parameters
[2.842s] Level 1:colcon.colcon_core.package_discovery:discover_packages(path) check parameters
[2.842s] Level 1:colcon.colcon_core.package_discovery:discover_packages(colcon_meta) discover
[2.843s] Level 1:colcon.colcon_core.package_discovery:discover_packages(recursive) discover
[2.843s] INFO:colcon.colcon_core.package_discovery:Crawling recursively for packages in '/home/jetson/SLAM_WS'
[2.844s] Level 1:colcon.colcon_core.package_identification:_identify(.) by extensions ['ignore', 'ignore_ament_install']
[2.844s] Level 1:colcon.colcon_core.package_identification:_identify(.) by extension 'ignore'
[2.845s] Level 1:colcon.colcon_core.package_identification:_identify(.) by extension 'ignore_ament_install'
[2.846s] Level 1:colcon.colcon_core.package_identification:_identify(.) by extensions ['colcon_pkg']
[2.846s] Level 1:colcon.colcon_core.package_identification:_identify(.) by extension 'colcon_pkg'
[2.846s] Level 1:colcon.colcon_core.package_identification:_identify(.) by extensions ['colcon_meta']
[2.847s] Level 1:colcon.colcon_core.package_identification:_identify(.) by extension 'colcon_meta'
[2.847s] Level 1:colcon.colcon_core.package_identification:_identify(.) by extensions ['ros']
[2.847s] Level 1:colcon.colcon_core.package_identification:_identify(.) by extension 'ros'
[2.957s] Level 1:colcon.colcon_core.package_identification:_identify(.) by extensions ['cmake', 'python']
[2.957s] Level 1:colcon.colcon_core.package_identification:_identify(.) by extension 'cmake'
[2.957s] Level 1:colcon.colcon_core.package_identification:_identify(.) by extension 'python'
[2.958s] Level 1:colcon.colcon_core.package_identification:_identify(.) by extensions ['python_setup_py']
[2.958s] Level 1:colcon.colcon_core.package_identification:_identify(.) by extension 'python_setup_py'
[2.959s] Level 1:colcon.colcon_core.package_identification:_identify(build) by extensions ['ignore', 'ignore_ament_install']
[2.960s] Level 1:colcon.colcon_core.package_identification:_identify(build) by extension 'ignore'
[2.960s] Level 1:colcon.colcon_core.package_identification:_identify(build) ignored
[2.961s] Level 1:colcon.colcon_core.package_identification:_identify(install) by extensions ['ignore', 'ignore_ament_install']
[2.962s] Level 1:colcon.colcon_core.package_identification:_identify(install) by extension 'ignore'
[2.962s] Level 1:colcon.colcon_core.package_identification:_identify(install) ignored
[2.964s] Level 1:colcon.colcon_core.package_identification:_identify(log) by extensions ['ignore', 'ignore_ament_install']
[2.964s] Level 1:colcon.colcon_core.package_identification:_identify(log) by extension 'ignore'
[2.965s] Level 1:colcon.colcon_core.package_identification:_identify(log) ignored
[2.965s] Level 1:colcon.colcon_core.package_identification:_identify(src) by extensions ['ignore', 'ignore_ament_install']
[2.966s] Level 1:colcon.colcon_core.package_identification:_identify(src) by extension 'ignore'
[2.966s] Level 1:colcon.colcon_core.package_identification:_identify(src) by extension 'ignore_ament_install'
[2.967s] Level 1:colcon.colcon_core.package_identification:_identify(src) by extensions ['colcon_pkg']
[2.967s] Level 1:colcon.colcon_core.package_identification:_identify(src) by extension 'colcon_pkg'
[2.967s] Level 1:colcon.colcon_core.package_identification:_identify(src) by extensions ['colcon_meta']
[2.967s] Level 1:colcon.colcon_core.package_identification:_identify(src) by extension 'colcon_meta'
[2.968s] Level 1:colcon.colcon_core.package_identification:_identify(src) by extensions ['ros']
[2.968s] Level 1:colcon.colcon_core.package_identification:_identify(src) by extension 'ros'
[2.969s] Level 1:colcon.colcon_core.package_identification:_identify(src) by extensions ['cmake', 'python']
[2.969s] Level 1:colcon.colcon_core.package_identification:_identify(src) by extension 'cmake'
[2.969s] Level 1:colcon.colcon_core.package_identification:_identify(src) by extension 'python'
[2.970s] Level 1:colcon.colcon_core.package_identification:_identify(src) by extensions ['python_setup_py']
[2.971s] Level 1:colcon.colcon_core.package_identification:_identify(src) by extension 'python_setup_py'
[2.972s] Level 1:colcon.colcon_core.package_identification:_identify(src/build) by extensions ['ignore', 'ignore_ament_install']
[2.974s] Level 1:colcon.colcon_core.package_identification:_identify(src/build) by extension 'ignore'
[2.974s] Level 1:colcon.colcon_core.package_identification:_identify(src/build) ignored
[2.975s] Level 1:colcon.colcon_core.package_identification:_identify(src/install) by extensions ['ignore', 'ignore_ament_install']
[2.976s] Level 1:colcon.colcon_core.package_identification:_identify(src/install) by extension 'ignore'
[2.976s] Level 1:colcon.colcon_core.package_identification:_identify(src/install) ignored
[2.977s] Level 1:colcon.colcon_core.package_identification:_identify(src/kinematics) by extensions ['ignore', 'ignore_ament_install']
[2.977s] Level 1:colcon.colcon_core.package_identification:_identify(src/kinematics) by extension 'ignore'
[2.978s] Level 1:colcon.colcon_core.package_identification:_identify(src/kinematics) by extension 'ignore_ament_install'
[2.978s] Level 1:colcon.colcon_core.package_identification:_identify(src/kinematics) by extensions ['colcon_pkg']
[2.978s] Level 1:colcon.colcon_core.package_identification:_identify(src/kinematics) by extension 'colcon_pkg'
[2.979s] Level 1:colcon.colcon_core.package_identification:_identify(src/kinematics) by extensions ['colcon_meta']
[2.979s] Level 1:colcon.colcon_core.package_identification:_identify(src/kinematics) by extension 'colcon_meta'
[2.979s] Level 1:colcon.colcon_core.package_identification:_identify(src/kinematics) by extensions ['ros']
[2.979s] Level 1:colcon.colcon_core.package_identification:_identify(src/kinematics) by extension 'ros'
[2.994s] DEBUG:colcon.colcon_core.package_identification:Package 'src/kinematics' with type 'ros.ament_python' and name 'kinematics'
[2.995s] Level 1:colcon.colcon_core.package_identification:_identify(src/log) by extensions ['ignore', 'ignore_ament_install']
[2.995s] Level 1:colcon.colcon_core.package_identification:_identify(src/log) by extension 'ignore'
[2.996s] Level 1:colcon.colcon_core.package_identification:_identify(src/log) ignored
[2.997s] Level 1:colcon.colcon_core.package_identification:_identify(src/omni_bot) by extensions ['ignore', 'ignore_ament_install']
[2.997s] Level 1:colcon.colcon_core.package_identification:_identify(src/omni_bot) by extension 'ignore'
[2.998s] Level 1:colcon.colcon_core.package_identification:_identify(src/omni_bot) by extension 'ignore_ament_install'
[2.998s] Level 1:colcon.colcon_core.package_identification:_identify(src/omni_bot) by extensions ['colcon_pkg']
[2.999s] Level 1:colcon.colcon_core.package_identification:_identify(src/omni_bot) by extension 'colcon_pkg'
[2.999s] Level 1:colcon.colcon_core.package_identification:_identify(src/omni_bot) by extensions ['colcon_meta']
[2.999s] Level 1:colcon.colcon_core.package_identification:_identify(src/omni_bot) by extension 'colcon_meta'
[2.999s] Level 1:colcon.colcon_core.package_identification:_identify(src/omni_bot) by extensions ['ros']
[3.000s] Level 1:colcon.colcon_core.package_identification:_identify(src/omni_bot) by extension 'ros'
[3.003s] DEBUG:colcon.colcon_core.package_identification:Package 'src/omni_bot' with type 'ros.ament_python' and name 'omni_bot'
[3.004s] Level 1:colcon.colcon_core.package_identification:_identify(src/rplidar_ros) by extensions ['ignore', 'ignore_ament_install']
[3.005s] Level 1:colcon.colcon_core.package_identification:_identify(src/rplidar_ros) by extension 'ignore'
[3.005s] Level 1:colcon.colcon_core.package_identification:_identify(src/rplidar_ros) by extension 'ignore_ament_install'
[3.005s] Level 1:colcon.colcon_core.package_identification:_identify(src/rplidar_ros) by extensions ['colcon_pkg']
[3.006s] Level 1:colcon.colcon_core.package_identification:_identify(src/rplidar_ros) by extension 'colcon_pkg'
[3.006s] Level 1:colcon.colcon_core.package_identification:_identify(src/rplidar_ros) by extensions ['colcon_meta']
[3.006s] Level 1:colcon.colcon_core.package_identification:_identify(src/rplidar_ros) by extension 'colcon_meta'
[3.007s] Level 1:colcon.colcon_core.package_identification:_identify(src/rplidar_ros) by extensions ['ros']
[3.007s] Level 1:colcon.colcon_core.package_identification:_identify(src/rplidar_ros) by extension 'ros'
[3.011s] DEBUG:colcon.colcon_core.package_identification:Package 'src/rplidar_ros' with type 'ros.ament_cmake' and name 'rplidar_ros'
[3.012s] Level 1:colcon.colcon_core.package_identification:_identify(src/teleop_omni) by extensions ['ignore', 'ignore_ament_install']
[3.013s] Level 1:colcon.colcon_core.package_identification:_identify(src/teleop_omni) by extension 'ignore'
[3.013s] Level 1:colcon.colcon_core.package_identification:_identify(src/teleop_omni) by extension 'ignore_ament_install'
[3.014s] Level 1:colcon.colcon_core.package_identification:_identify(src/teleop_omni) by extensions ['colcon_pkg']
[3.014s] Level 1:colcon.colcon_core.package_identification:_identify(src/teleop_omni) by extension 'colcon_pkg'
[3.014s] Level 1:colcon.colcon_core.package_identification:_identify(src/teleop_omni) by extensions ['colcon_meta']
[3.014s] Level 1:colcon.colcon_core.package_identification:_identify(src/teleop_omni) by extension 'colcon_meta'
[3.015s] Level 1:colcon.colcon_core.package_identification:_identify(src/teleop_omni) by extensions ['ros']
[3.015s] Level 1:colcon.colcon_core.package_identification:_identify(src/teleop_omni) by extension 'ros'
[3.018s] DEBUG:colcon.colcon_core.package_identification:Package 'src/teleop_omni' with type 'ros.ament_python' and name 'teleop_omni'
[3.019s] Level 1:colcon.colcon_core.package_discovery:discover_packages(recursive) using defaults
[3.019s] Level 1:colcon.colcon_core.package_discovery:discover_packages(ignore) discover
[3.019s] Level 1:colcon.colcon_core.package_discovery:discover_packages(ignore) using defaults
[3.020s] Level 1:colcon.colcon_core.package_discovery:discover_packages(path) discover
[3.020s] Level 1:colcon.colcon_core.package_discovery:discover_packages(path) using defaults
[3.134s] INFO:colcon.colcon_core.package_selection:Skipping not selected package 'kinematics' in 'src/kinematics'
[3.135s] INFO:colcon.colcon_core.package_selection:Skipping not selected package 'omni_bot' in 'src/omni_bot'
[3.135s] INFO:colcon.colcon_core.package_selection:Skipping not selected package 'rplidar_ros' in 'src/rplidar_ros'
[3.137s] Level 1:colcon.colcon_core.package_discovery:discover_packages(prefix_path) check parameters
[3.138s] Level 1:colcon.colcon_core.package_discovery:discover_packages(prefix_path) discover
[3.152s] DEBUG:colcon.colcon_installed_package_information.package_discovery:Found 7 installed packages in /home/jetson/SLAM_WS/install
[3.161s] DEBUG:colcon.colcon_installed_package_information.package_discovery:Found 256 installed packages in /opt/ros/foxy
[3.172s] Level 1:colcon.colcon_core.package_discovery:discover_packages(prefix_path) using defaults
[3.602s] Level 5:colcon.colcon_core.verb:set package 'teleop_omni' build argument 'cmake_args' from command line to 'None'
[3.603s] Level 5:colcon.colcon_core.verb:set package 'teleop_omni' build argument 'cmake_target' from command line to 'None'
[3.603s] Level 5:colcon.colcon_core.verb:set package 'teleop_omni' build argument 'cmake_target_skip_unavailable' from command line to 'False'
[3.603s] Level 5:colcon.colcon_core.verb:set package 'teleop_omni' build argument 'cmake_clean_cache' from command line to 'False'
[3.604s] Level 5:colcon.colcon_core.verb:set package 'teleop_omni' build argument 'cmake_clean_first' from command line to 'False'
[3.604s] Level 5:colcon.colcon_core.verb:set package 'teleop_omni' build argument 'cmake_force_configure' from command line to 'False'
[3.604s] Level 5:colcon.colcon_core.verb:set package 'teleop_omni' build argument 'ament_cmake_args' from command line to 'None'
[3.604s] Level 5:colcon.colcon_core.verb:set package 'teleop_omni' build argument 'catkin_cmake_args' from command line to 'None'
[3.605s] Level 5:colcon.colcon_core.verb:set package 'teleop_omni' build argument 'catkin_skip_building_tests' from command line to 'False'
[3.605s] DEBUG:colcon.colcon_core.verb:Building package 'teleop_omni' with the following arguments: {'ament_cmake_args': None, 'build_base': '/home/jetson/SLAM_WS/build/teleop_omni', 'catkin_cmake_args': None, 'catkin_skip_building_tests': False, 'cmake_args': None, 'cmake_clean_cache': False, 'cmake_clean_first': False, 'cmake_force_configure': False, 'cmake_target': None, 'cmake_target_skip_unavailable': False, 'install_base': '/home/jetson/SLAM_WS/install/teleop_omni', 'merge_install': False, 'path': '/home/jetson/SLAM_WS/src/teleop_omni', 'symlink_install': False, 'test_result_base': None}
[3.606s] INFO:colcon.colcon_core.executor:Executing jobs using 'parallel' executor
[3.611s] DEBUG:colcon.colcon_parallel_executor.executor.parallel:run_until_complete
[3.612s] INFO:colcon.colcon_ros.task.ament_python.build:Building ROS package in '/home/jetson/SLAM_WS/src/teleop_omni' with build type 'ament_python'
[3.613s] Level 1:colcon.colcon_core.shell:create_environment_hook('teleop_omni', 'ament_prefix_path')
[3.627s] INFO:colcon.colcon_core.plugin_system:Skipping extension 'colcon_core.shell.bat': Not used on non-Windows systems
[3.628s] INFO:colcon.colcon_core.shell:Creating environment hook '/home/jetson/SLAM_WS/install/teleop_omni/share/teleop_omni/hook/ament_prefix_path.ps1'
[3.631s] INFO:colcon.colcon_core.shell:Creating environment descriptor '/home/jetson/SLAM_WS/install/teleop_omni/share/teleop_omni/hook/ament_prefix_path.dsv'
[3.634s] INFO:colcon.colcon_core.shell:Creating environment hook '/home/jetson/SLAM_WS/install/teleop_omni/share/teleop_omni/hook/ament_prefix_path.sh'
[3.638s] INFO:colcon.colcon_core.shell:Skip shell extension 'powershell' for command environment: Not usable outside of PowerShell
[3.639s] DEBUG:colcon.colcon_core.shell:Skip shell extension 'dsv' for command environment
[5.561s] INFO:colcon.colcon_core.task.python.build:Building Python package in '/home/jetson/SLAM_WS/src/teleop_omni'
[5.564s] INFO:colcon.colcon_core.shell:Skip shell extension 'powershell' for command environment: Not usable outside of PowerShell
[5.564s] DEBUG:colcon.colcon_core.shell:Skip shell extension 'dsv' for command environment
[8.187s] DEBUG:colcon.colcon_core.event_handler.log_command:Invoking command in '/home/jetson/SLAM_WS/src/teleop_omni': PYTHONPATH=/home/jetson/SLAM_WS/build/teleop_omni/prefix_override:/usr/lib/python3/dist-packages/colcon_core/task/python/colcon_distutils_commands:/home/jetson/SLAM_WS/install/teleop_omni/lib/python3.8/site-packages:${PYTHONPATH} /usr/bin/python3 -W ignore:setup.py install is deprecated -W ignore:easy_install command is deprecated setup.py egg_info --egg-base ../../build/teleop_omni build --build-base /home/jetson/SLAM_WS/build/teleop_omni/build install --record /home/jetson/SLAM_WS/build/teleop_omni/install.log --single-version-externally-managed install_data
[10.310s] DEBUG:colcon.colcon_core.event_handler.log_command:Invoked command in '/home/jetson/SLAM_WS/src/teleop_omni' returned '0': PYTHONPATH=/home/jetson/SLAM_WS/build/teleop_omni/prefix_override:/usr/lib/python3/dist-packages/colcon_core/task/python/colcon_distutils_commands:/home/jetson/SLAM_WS/install/teleop_omni/lib/python3.8/site-packages:${PYTHONPATH} /usr/bin/python3 -W ignore:setup.py install is deprecated -W ignore:easy_install command is deprecated setup.py egg_info --egg-base ../../build/teleop_omni build --build-base /home/jetson/SLAM_WS/build/teleop_omni/build install --record /home/jetson/SLAM_WS/build/teleop_omni/install.log --single-version-externally-managed install_data
[10.330s] Level 1:colcon.colcon_core.environment:checking '/home/jetson/SLAM_WS/install/teleop_omni' for CMake module files
[10.333s] Level 1:colcon.colcon_core.environment:checking '/home/jetson/SLAM_WS/install/teleop_omni' for CMake config files
[10.339s] Level 1:colcon.colcon_core.environment:checking '/home/jetson/SLAM_WS/install/teleop_omni/lib'
[10.340s] Level 1:colcon.colcon_core.environment:checking '/home/jetson/SLAM_WS/install/teleop_omni/bin'
[10.341s] Level 1:colcon.colcon_core.environment:checking '/home/jetson/SLAM_WS/install/teleop_omni/lib/pkgconfig/teleop_omni.pc'
[10.342s] Level 1:colcon.colcon_core.environment:checking '/home/jetson/SLAM_WS/install/teleop_omni/lib/python3.8/site-packages'
[10.342s] Level 1:colcon.colcon_core.shell:create_environment_hook('teleop_omni', 'pythonpath')
[10.346s] INFO:colcon.colcon_core.shell:Creating environment hook '/home/jetson/SLAM_WS/install/teleop_omni/share/teleop_omni/hook/pythonpath.ps1'
[10.351s] INFO:colcon.colcon_core.shell:Creating environment descriptor '/home/jetson/SLAM_WS/install/teleop_omni/share/teleop_omni/hook/pythonpath.dsv'
[10.353s] INFO:colcon.colcon_core.shell:Creating environment hook '/home/jetson/SLAM_WS/install/teleop_omni/share/teleop_omni/hook/pythonpath.sh'
[10.358s] Level 1:colcon.colcon_core.environment:checking '/home/jetson/SLAM_WS/install/teleop_omni/bin'
[10.359s] Level 1:colcon.colcon_core.environment:create_environment_scripts_only(teleop_omni)
[10.361s] INFO:colcon.colcon_core.shell:Creating package script '/home/jetson/SLAM_WS/install/teleop_omni/share/teleop_omni/package.ps1'
[10.368s] INFO:colcon.colcon_core.shell:Creating package descriptor '/home/jetson/SLAM_WS/install/teleop_omni/share/teleop_omni/package.dsv'
[10.372s] INFO:colcon.colcon_core.shell:Creating package script '/home/jetson/SLAM_WS/install/teleop_omni/share/teleop_omni/package.sh'
[10.377s] INFO:colcon.colcon_core.shell:Creating package script '/home/jetson/SLAM_WS/install/teleop_omni/share/teleop_omni/package.bash'
[10.381s] INFO:colcon.colcon_core.shell:Creating package script '/home/jetson/SLAM_WS/install/teleop_omni/share/teleop_omni/package.zsh'
[10.387s] Level 1:colcon.colcon_core.environment:create_file_with_runtime_dependencies(/home/jetson/SLAM_WS/install/teleop_omni/share/colcon-core/packages/teleop_omni)
[10.392s] DEBUG:colcon.colcon_parallel_executor.executor.parallel:closing loop
[10.392s] DEBUG:colcon.colcon_parallel_executor.executor.parallel:loop closed
[10.393s] DEBUG:colcon.colcon_parallel_executor.executor.parallel:run_until_complete finished with '0'
[10.393s] DEBUG:colcon.colcon_core.event_reactor:joining thread
[10.425s] INFO:colcon.colcon_core.plugin_system:Skipping extension 'colcon_notification.desktop_notification.terminal_notifier': Not used on non-Darwin systems
[10.425s] INFO:colcon.colcon_core.plugin_system:Skipping extension 'colcon_notification.desktop_notification.win32': Not used on non-Windows systems
[10.426s] INFO:colcon.colcon_notification.desktop_notification:Sending desktop notification using 'notify2'
[10.484s] DEBUG:colcon.colcon_notification.desktop_notification.notify2:Failed to initialize notify2: org.freedesktop.DBus.Error.Spawn.ChildExited: Process org.freedesktop.Notifications exited with status 1
[10.485s] DEBUG:colcon.colcon_core.event_reactor:joined thread
[10.487s] INFO:colcon.colcon_core.shell:Creating prefix script '/home/jetson/SLAM_WS/install/local_setup.ps1'
[10.494s] INFO:colcon.colcon_core.shell:Creating prefix util module '/home/jetson/SLAM_WS/install/_local_setup_util_ps1.py'
[10.504s] INFO:colcon.colcon_core.shell:Creating prefix chain script '/home/jetson/SLAM_WS/install/setup.ps1'
[10.513s] INFO:colcon.colcon_core.shell:Creating prefix script '/home/jetson/SLAM_WS/install/local_setup.sh'
[10.517s] INFO:colcon.colcon_core.shell:Creating prefix util module '/home/jetson/SLAM_WS/install/_local_setup_util_sh.py'
[10.522s] INFO:colcon.colcon_core.shell:Creating prefix chain script '/home/jetson/SLAM_WS/install/setup.sh'
[10.530s] INFO:colcon.colcon_core.shell:Creating prefix script '/home/jetson/SLAM_WS/install/local_setup.bash'
[10.534s] INFO:colcon.colcon_core.shell:Creating prefix chain script '/home/jetson/SLAM_WS/install/setup.bash'
[10.544s] INFO:colcon.colcon_core.shell:Creating prefix script '/home/jetson/SLAM_WS/install/local_setup.zsh'
[10.547s] INFO:colcon.colcon_core.shell:Creating prefix chain script '/home/jetson/SLAM_WS/install/setup.zsh'
