[3.271s] Invoking command in '/home/jetson/SLAM_WS/src/odom': PYTHONPATH=/home/jetson/SLAM_WS/build/odom/prefix_override:/usr/lib/python3/dist-packages/colcon_core/task/python/colcon_distutils_commands:/home/jetson/SLAM_WS/install/odom/lib/python3.8/site-packages:${PYTHONPATH} /usr/bin/python3 -W ignore:setup.py install is deprecated -W ignore:easy_install command is deprecated setup.py egg_info --egg-base ../../build/odom build --build-base /home/jetson/SLAM_WS/build/odom/build install --record /home/jetson/SLAM_WS/build/odom/install.log --single-version-externally-managed install_data
[4.544s] running egg_info
[4.548s] writing ../../build/odom/odom.egg-info/PKG-INFO
[4.549s] writing dependency_links to ../../build/odom/odom.egg-info/dependency_links.txt
[4.550s] writing entry points to ../../build/odom/odom.egg-info/entry_points.txt
[4.550s] writing requirements to ../../build/odom/odom.egg-info/requires.txt
[4.550s] writing top-level names to ../../build/odom/odom.egg-info/top_level.txt
[4.562s] reading manifest file '../../build/odom/odom.egg-info/SOURCES.txt'
[4.565s] writing manifest file '../../build/odom/odom.egg-info/SOURCES.txt'
[4.566s] running build
[4.566s] running build_py
[4.567s] copying odom/odom_node.py -> /home/jetson/SLAM_WS/build/odom/build/lib/odom
[4.568s] running install
[4.571s] running install_lib
[4.575s] copying /home/jetson/SLAM_WS/build/odom/build/lib/odom/odom_node.py -> /home/jetson/SLAM_WS/install/odom/lib/python3.8/site-packages/odom
[4.577s] byte-compiling /home/jetson/SLAM_WS/install/odom/lib/python3.8/site-packages/odom/odom_node.py to odom_node.cpython-38.pyc
[4.582s] running install_data
[4.583s] running install_egg_info
[4.591s] removing '/home/jetson/SLAM_WS/install/odom/lib/python3.8/site-packages/odom-0.0.0-py3.8.egg-info' (and everything under it)
[4.592s] Copying ../../build/odom/odom.egg-info to /home/jetson/SLAM_WS/install/odom/lib/python3.8/site-packages/odom-0.0.0-py3.8.egg-info
[4.595s] running install_scripts
[4.668s] Installing odom_node script to /home/jetson/SLAM_WS/install/odom/lib/odom
[4.670s] writing list of installed files to '/home/jetson/SLAM_WS/build/odom/install.log'
[4.768s] Invoked command in '/home/jetson/SLAM_WS/src/odom' returned '0': PYTHONPATH=/home/jetson/SLAM_WS/build/odom/prefix_override:/usr/lib/python3/dist-packages/colcon_core/task/python/colcon_distutils_commands:/home/jetson/SLAM_WS/install/odom/lib/python3.8/site-packages:${PYTHONPATH} /usr/bin/python3 -W ignore:setup.py install is deprecated -W ignore:easy_install command is deprecated setup.py egg_info --egg-base ../../build/odom build --build-base /home/jetson/SLAM_WS/build/odom/build install --record /home/jetson/SLAM_WS/build/odom/install.log --single-version-externally-managed install_data
