[4.767s] Invoking command in '/home/jetson/SLAM_WS/src/omnibot_description': PYTHONPATH=/home/jetson/SLAM_WS/build/omnibot_description/prefix_override:/usr/lib/python3/dist-packages/colcon_core/task/python/colcon_distutils_commands:/home/jetson/SLAM_WS/install/omnibot_description/lib/python3.8/site-packages:${PYTHONPATH} /usr/bin/python3 -W ignore:setup.py install is deprecated -W ignore:easy_install command is deprecated setup.py egg_info --egg-base ../../build/omnibot_description build --build-base /home/jetson/SLAM_WS/build/omnibot_description/build install --record /home/jetson/SLAM_WS/build/omnibot_description/install.log --single-version-externally-managed install_data
[6.493s] running egg_info
[6.498s] writing ../../build/omnibot_description/omnibot_description.egg-info/PKG-INFO
[6.501s] writing dependency_links to ../../build/omnibot_description/omnibot_description.egg-info/dependency_links.txt
[6.504s] writing entry points to ../../build/omnibot_description/omnibot_description.egg-info/entry_points.txt
[6.507s] writing requirements to ../../build/omnibot_description/omnibot_description.egg-info/requires.txt
[6.511s] writing top-level names to ../../build/omnibot_description/omnibot_description.egg-info/top_level.txt
[6.530s] reading manifest file '../../build/omnibot_description/omnibot_description.egg-info/SOURCES.txt'
[6.536s] writing manifest file '../../build/omnibot_description/omnibot_description.egg-info/SOURCES.txt'
[6.536s] running build
[6.537s] running build_py
[6.537s] running install
[6.541s] running install_lib
[6.547s] running install_data
[6.548s] copying urdf/omnibot.urdf.xacro -> /home/jetson/SLAM_WS/install/omnibot_description/share/omnibot_description/urdf
[6.548s] running install_egg_info
[6.581s] removing '/home/jetson/SLAM_WS/install/omnibot_description/lib/python3.8/site-packages/omnibot_description-0.0.0-py3.8.egg-info' (and everything under it)
[6.582s] Copying ../../build/omnibot_description/omnibot_description.egg-info to /home/jetson/SLAM_WS/install/omnibot_description/lib/python3.8/site-packages/omnibot_description-0.0.0-py3.8.egg-info
[6.582s] running install_scripts
[6.681s] writing list of installed files to '/home/jetson/SLAM_WS/build/omnibot_description/install.log'
[6.795s] Invoked command in '/home/jetson/SLAM_WS/src/omnibot_description' returned '0': PYTHONPATH=/home/jetson/SLAM_WS/build/omnibot_description/prefix_override:/usr/lib/python3/dist-packages/colcon_core/task/python/colcon_distutils_commands:/home/jetson/SLAM_WS/install/omnibot_description/lib/python3.8/site-packages:${PYTHONPATH} /usr/bin/python3 -W ignore:setup.py install is deprecated -W ignore:easy_install command is deprecated setup.py egg_info --egg-base ../../build/omnibot_description build --build-base /home/jetson/SLAM_WS/build/omnibot_description/build install --record /home/jetson/SLAM_WS/build/omnibot_description/install.log --single-version-externally-managed install_data
