running egg_info
writing ../../build/teleop_omni/teleop_omni.egg-info/PKG-INFO
writing dependency_links to ../../build/teleop_omni/teleop_omni.egg-info/dependency_links.txt
writing entry points to ../../build/teleop_omni/teleop_omni.egg-info/entry_points.txt
writing requirements to ../../build/teleop_omni/teleop_omni.egg-info/requires.txt
writing top-level names to ../../build/teleop_omni/teleop_omni.egg-info/top_level.txt
reading manifest file '../../build/teleop_omni/teleop_omni.egg-info/SOURCES.txt'
writing manifest file '../../build/teleop_omni/teleop_omni.egg-info/SOURCES.txt'
running build
running build_py
copying teleop_omni/teleop_keyboard.py -> /home/jetson/SLAM_WS/build/teleop_omni/build/lib/teleop_omni
running install
running install_lib
copying /home/jetson/SLAM_WS/build/teleop_omni/build/lib/teleop_omni/teleop_keyboard.py -> /home/jetson/SLAM_WS/install/teleop_omni/lib/python3.8/site-packages/teleop_omni
byte-compiling /home/jetson/SLAM_WS/install/teleop_omni/lib/python3.8/site-packages/teleop_omni/teleop_keyboard.py to teleop_keyboard.cpython-38.pyc
running install_data
running install_egg_info
removing '/home/jetson/SLAM_WS/install/teleop_omni/lib/python3.8/site-packages/teleop_omni-0.0.0-py3.8.egg-info' (and everything under it)
Copying ../../build/teleop_omni/teleop_omni.egg-info to /home/jetson/SLAM_WS/install/teleop_omni/lib/python3.8/site-packages/teleop_omni-0.0.0-py3.8.egg-info
running install_scripts
Installing teleop_keyboard script to /home/jetson/SLAM_WS/install/teleop_omni/lib/teleop_omni
writing list of installed files to '/home/jetson/SLAM_WS/build/teleop_omni/install.log'
