[3.172s] Invoking command in '/home/jetson/SLAM_WS/src/teleop_omni': PYTHONPATH=/home/jetson/SLAM_WS/build/teleop_omni/prefix_override:/usr/lib/python3/dist-packages/colcon_core/task/python/colcon_distutils_commands:/home/jetson/SLAM_WS/install/teleop_omni/lib/python3.8/site-packages:${PYTHONPATH} /usr/bin/python3 -W ignore:setup.py install is deprecated -W ignore:easy_install command is deprecated setup.py egg_info --egg-base ../../build/teleop_omni build --build-base /home/jetson/SLAM_WS/build/teleop_omni/build install --record /home/jetson/SLAM_WS/build/teleop_omni/install.log --single-version-externally-managed install_data
[4.408s] running egg_info
[4.411s] writing ../../build/teleop_omni/teleop_omni.egg-info/PKG-INFO
[4.413s] writing dependency_links to ../../build/teleop_omni/teleop_omni.egg-info/dependency_links.txt
[4.413s] writing entry points to ../../build/teleop_omni/teleop_omni.egg-info/entry_points.txt
[4.414s] writing requirements to ../../build/teleop_omni/teleop_omni.egg-info/requires.txt
[4.414s] writing top-level names to ../../build/teleop_omni/teleop_omni.egg-info/top_level.txt
[4.425s] reading manifest file '../../build/teleop_omni/teleop_omni.egg-info/SOURCES.txt'
[4.429s] writing manifest file '../../build/teleop_omni/teleop_omni.egg-info/SOURCES.txt'
[4.429s] running build
[4.430s] running build_py
[4.430s] copying teleop_omni/teleop_keyboard.py -> /home/jetson/SLAM_WS/build/teleop_omni/build/lib/teleop_omni
[4.431s] running install
[4.434s] running install_lib
[4.438s] copying /home/jetson/SLAM_WS/build/teleop_omni/build/lib/teleop_omni/teleop_keyboard.py -> /home/jetson/SLAM_WS/install/teleop_omni/lib/python3.8/site-packages/teleop_omni
[4.440s] byte-compiling /home/jetson/SLAM_WS/install/teleop_omni/lib/python3.8/site-packages/teleop_omni/teleop_keyboard.py to teleop_keyboard.cpython-38.pyc
[4.443s] running install_data
[4.444s] running install_egg_info
[4.452s] removing '/home/jetson/SLAM_WS/install/teleop_omni/lib/python3.8/site-packages/teleop_omni-0.0.0-py3.8.egg-info' (and everything under it)
[4.453s] Copying ../../build/teleop_omni/teleop_omni.egg-info to /home/jetson/SLAM_WS/install/teleop_omni/lib/python3.8/site-packages/teleop_omni-0.0.0-py3.8.egg-info
[4.457s] running install_scripts
[4.532s] Installing teleop_keyboard script to /home/jetson/SLAM_WS/install/teleop_omni/lib/teleop_omni
[4.533s] writing list of installed files to '/home/jetson/SLAM_WS/build/teleop_omni/install.log'
[4.631s] Invoked command in '/home/jetson/SLAM_WS/src/teleop_omni' returned '0': PYTHONPATH=/home/jetson/SLAM_WS/build/teleop_omni/prefix_override:/usr/lib/python3/dist-packages/colcon_core/task/python/colcon_distutils_commands:/home/jetson/SLAM_WS/install/teleop_omni/lib/python3.8/site-packages:${PYTHONPATH} /usr/bin/python3 -W ignore:setup.py install is deprecated -W ignore:easy_install command is deprecated setup.py egg_info --egg-base ../../build/teleop_omni build --build-base /home/jetson/SLAM_WS/build/teleop_omni/build install --record /home/jetson/SLAM_WS/build/teleop_omni/install.log --single-version-externally-managed install_data
