[8.521s] Invoking command in '/home/jetson/SLAM_WS/src/kinematics': PYTHONPATH=/home/jetson/SLAM_WS/build/kinematics/prefix_override:/usr/lib/python3/dist-packages/colcon_core/task/python/colcon_distutils_commands:/home/jetson/SLAM_WS/install/kinematics/lib/python3.8/site-packages:${PYTHONPATH} /usr/bin/python3 -W ignore:setup.py install is deprecated -W ignore:easy_install command is deprecated setup.py egg_info --egg-base ../../build/kinematics build --build-base /home/jetson/SLAM_WS/build/kinematics/build install --record /home/jetson/SLAM_WS/build/kinematics/install.log --single-version-externally-managed install_data
[10.162s] running egg_info
[10.168s] writing ../../build/kinematics/kinematics.egg-info/PKG-INFO
[10.170s] writing dependency_links to ../../build/kinematics/kinematics.egg-info/dependency_links.txt
[10.185s] writing entry points to ../../build/kinematics/kinematics.egg-info/entry_points.txt
[10.188s] writing requirements to ../../build/kinematics/kinematics.egg-info/requires.txt
[10.190s] writing top-level names to ../../build/kinematics/kinematics.egg-info/top_level.txt
[10.210s] reading manifest file '../../build/kinematics/kinematics.egg-info/SOURCES.txt'
[10.243s] writing manifest file '../../build/kinematics/kinematics.egg-info/SOURCES.txt'
[10.243s] running build
[10.245s] running build_py
[10.247s] copying kinematics/serial_driver_node.py -> /home/jetson/SLAM_WS/build/kinematics/build/lib/kinematics
[10.248s] running install
[10.264s] running install_lib
[10.266s] copying /home/jetson/SLAM_WS/build/kinematics/build/lib/kinematics/serial_driver_node.py -> /home/jetson/SLAM_WS/install/kinematics/lib/python3.8/site-packages/kinematics
[10.267s] byte-compiling /home/jetson/SLAM_WS/install/kinematics/lib/python3.8/site-packages/kinematics/serial_driver_node.py to serial_driver_node.cpython-38.pyc
[10.279s] running install_data
[10.281s] running install_egg_info
[10.301s] removing '/home/jetson/SLAM_WS/install/kinematics/lib/python3.8/site-packages/kinematics-0.0.0-py3.8.egg-info' (and everything under it)
[10.304s] Copying ../../build/kinematics/kinematics.egg-info to /home/jetson/SLAM_WS/install/kinematics/lib/python3.8/site-packages/kinematics-0.0.0-py3.8.egg-info
[10.310s] running install_scripts
[10.404s] Installing inverse_kinematic script to /home/jetson/SLAM_WS/install/kinematics/lib/kinematics
[10.407s] Installing serial_driver script to /home/jetson/SLAM_WS/install/kinematics/lib/kinematics
[10.412s] writing list of installed files to '/home/jetson/SLAM_WS/build/kinematics/install.log'
[12.050s] Invoked command in '/home/jetson/SLAM_WS/src/kinematics' returned '0': PYTHONPATH=/home/jetson/SLAM_WS/build/kinematics/prefix_override:/usr/lib/python3/dist-packages/colcon_core/task/python/colcon_distutils_commands:/home/jetson/SLAM_WS/install/kinematics/lib/python3.8/site-packages:${PYTHONPATH} /usr/bin/python3 -W ignore:setup.py install is deprecated -W ignore:easy_install command is deprecated setup.py egg_info --egg-base ../../build/kinematics build --build-base /home/jetson/SLAM_WS/build/kinematics/build install --record /home/jetson/SLAM_WS/build/kinematics/install.log --single-version-externally-managed install_data
