[6.259s] Invoking command in '/home/jetson/SLAM_WS/src/kinematics': PYTHONPATH=/home/jetson/SLAM_WS/build/kinematics/prefix_override:/usr/lib/python3/dist-packages/colcon_core/task/python/colcon_distutils_commands:/home/jetson/SLAM_WS/install/kinematics/lib/python3.8/site-packages:${PYTHONPATH} /usr/bin/python3 -W ignore:setup.py install is deprecated -W ignore:easy_install command is deprecated setup.py egg_info --egg-base ../../build/kinematics build --build-base /home/jetson/SLAM_WS/build/kinematics/build install --record /home/jetson/SLAM_WS/build/kinematics/install.log --single-version-externally-managed install_data
[7.637s] running egg_info
[7.639s] writing ../../build/kinematics/kinematics.egg-info/PKG-INFO
[7.641s] writing dependency_links to ../../build/kinematics/kinematics.egg-info/dependency_links.txt
[7.644s] writing entry points to ../../build/kinematics/kinematics.egg-info/entry_points.txt
[7.644s] writing requirements to ../../build/kinematics/kinematics.egg-info/requires.txt
[7.645s] writing top-level names to ../../build/kinematics/kinematics.egg-info/top_level.txt
[7.655s] reading manifest file '../../build/kinematics/kinematics.egg-info/SOURCES.txt'
[7.659s] writing manifest file '../../build/kinematics/kinematics.egg-info/SOURCES.txt'
[7.660s] running build
[7.661s] running build_py
[7.663s] running install
[7.668s] running install_lib
[7.674s] running install_data
[7.676s] running install_egg_info
[7.687s] removing '/home/jetson/SLAM_WS/install/kinematics/lib/python3.8/site-packages/kinematics-0.0.0-py3.8.egg-info' (and everything under it)
[7.689s] Copying ../../build/kinematics/kinematics.egg-info to /home/jetson/SLAM_WS/install/kinematics/lib/python3.8/site-packages/kinematics-0.0.0-py3.8.egg-info
[7.693s] running install_scripts
[7.776s] Installing inverse_kinematic script to /home/jetson/SLAM_WS/install/kinematics/lib/inverse_kinematic
[7.777s] writing list of installed files to '/home/jetson/SLAM_WS/build/kinematics/install.log'
[7.889s] Invoked command in '/home/jetson/SLAM_WS/src/kinematics' returned '0': PYTHONPATH=/home/jetson/SLAM_WS/build/kinematics/prefix_override:/usr/lib/python3/dist-packages/colcon_core/task/python/colcon_distutils_commands:/home/jetson/SLAM_WS/install/kinematics/lib/python3.8/site-packages:${PYTHONPATH} /usr/bin/python3 -W ignore:setup.py install is deprecated -W ignore:easy_install command is deprecated setup.py egg_info --egg-base ../../build/kinematics build --build-base /home/jetson/SLAM_WS/build/kinematics/build install --record /home/jetson/SLAM_WS/build/kinematics/install.log --single-version-externally-managed install_data
