[0.975s] DEBUG:colcon:Command line arguments: ['/usr/bin/colcon', 'build']
[0.975s] DEBUG:colcon:Parsed command line arguments: Namespace(allow_overriding=[], ament_cmake_args=None, base_paths=['.'], build_base='build', catkin_cmake_args=None, catkin_skip_building_tests=False, cmake_args=None, cmake_clean_cache=False, cmake_clean_first=False, cmake_force_configure=False, cmake_target=None, cmake_target_skip_unavailable=False, continue_on_error=False, event_handlers=None, executor='parallel', ignore_user_meta=False, install_base='install', log_base=None, log_level=None, main=<bound method BuildVerb.main of <colcon_core.verb.build.BuildVerb object at 0x7fadd1eb80>>, merge_install=False, metas=['./colcon.meta'], mixin=None, mixin_files=None, mixin_verb=('build',), packages_above=None, packages_above_and_dependencies=None, packages_above_depth=None, packages_end=None, packages_ignore=None, packages_ignore_regex=None, packages_select=None, packages_select_build_failed=False, packages_select_by_dep=None, packages_select_regex=None, packages_select_test_failures=False, packages_skip=None, packages_skip_build_finished=False, packages_skip_by_dep=None, packages_skip_regex=None, packages_skip_test_passed=False, packages_skip_up_to=None, packages_start=None, packages_up_to=None, packages_up_to_regex=None, parallel_workers=4, paths=None, symlink_install=False, test_result_base=None, verb_extension=<colcon_core.verb.build.BuildVerb object at 0x7fadd1eb80>, verb_name='build', verb_parser=<colcon_mixin.mixin.mixin_argument.MixinArgumentDecorator object at 0x7fadc09220>)
[1.968s] Level 1:colcon.colcon_core.package_discovery:discover_packages(colcon_meta) check parameters
[1.968s] Level 1:colcon.colcon_core.package_discovery:discover_packages(recursive) check parameters
[1.968s] Level 1:colcon.colcon_core.package_discovery:discover_packages(ignore) check parameters
[1.968s] Level 1:colcon.colcon_core.package_discovery:discover_packages(path) check parameters
[1.969s] Level 1:colcon.colcon_core.package_discovery:discover_packages(colcon_meta) discover
[1.969s] Level 1:colcon.colcon_core.package_discovery:discover_packages(recursive) discover
[1.969s] INFO:colcon.colcon_core.package_discovery:Crawling recursively for packages in '/home/jetson/SLAM_WS'
[1.969s] Level 1:colcon.colcon_core.package_identification:_identify(.) by extensions ['ignore', 'ignore_ament_install']
[1.970s] Level 1:colcon.colcon_core.package_identification:_identify(.) by extension 'ignore'
[1.970s] Level 1:colcon.colcon_core.package_identification:_identify(.) by extension 'ignore_ament_install'
[1.971s] Level 1:colcon.colcon_core.package_identification:_identify(.) by extensions ['colcon_pkg']
[1.971s] Level 1:colcon.colcon_core.package_identification:_identify(.) by extension 'colcon_pkg'
[1.971s] Level 1:colcon.colcon_core.package_identification:_identify(.) by extensions ['colcon_meta']
[1.971s] Level 1:colcon.colcon_core.package_identification:_identify(.) by extension 'colcon_meta'
[1.971s] Level 1:colcon.colcon_core.package_identification:_identify(.) by extensions ['ros']
[1.972s] Level 1:colcon.colcon_core.package_identification:_identify(.) by extension 'ros'
[2.060s] Level 1:colcon.colcon_core.package_identification:_identify(.) by extensions ['cmake', 'python']
[2.060s] Level 1:colcon.colcon_core.package_identification:_identify(.) by extension 'cmake'
[2.060s] Level 1:colcon.colcon_core.package_identification:_identify(.) by extension 'python'
[2.061s] Level 1:colcon.colcon_core.package_identification:_identify(.) by extensions ['python_setup_py']
[2.061s] Level 1:colcon.colcon_core.package_identification:_identify(.) by extension 'python_setup_py'
[2.061s] Level 1:colcon.colcon_core.package_identification:_identify(build) by extensions ['ignore', 'ignore_ament_install']
[2.062s] Level 1:colcon.colcon_core.package_identification:_identify(build) by extension 'ignore'
[2.062s] Level 1:colcon.colcon_core.package_identification:_identify(build) ignored
[2.063s] Level 1:colcon.colcon_core.package_identification:_identify(install) by extensions ['ignore', 'ignore_ament_install']
[2.063s] Level 1:colcon.colcon_core.package_identification:_identify(install) by extension 'ignore'
[2.063s] Level 1:colcon.colcon_core.package_identification:_identify(install) ignored
[2.064s] Level 1:colcon.colcon_core.package_identification:_identify(log) by extensions ['ignore', 'ignore_ament_install']
[2.064s] Level 1:colcon.colcon_core.package_identification:_identify(log) by extension 'ignore'
[2.064s] Level 1:colcon.colcon_core.package_identification:_identify(log) ignored
[2.065s] Level 1:colcon.colcon_core.package_identification:_identify(src) by extensions ['ignore', 'ignore_ament_install']
[2.065s] Level 1:colcon.colcon_core.package_identification:_identify(src) by extension 'ignore'
[2.065s] Level 1:colcon.colcon_core.package_identification:_identify(src) by extension 'ignore_ament_install'
[2.066s] Level 1:colcon.colcon_core.package_identification:_identify(src) by extensions ['colcon_pkg']
[2.066s] Level 1:colcon.colcon_core.package_identification:_identify(src) by extension 'colcon_pkg'
[2.066s] Level 1:colcon.colcon_core.package_identification:_identify(src) by extensions ['colcon_meta']
[2.066s] Level 1:colcon.colcon_core.package_identification:_identify(src) by extension 'colcon_meta'
[2.066s] Level 1:colcon.colcon_core.package_identification:_identify(src) by extensions ['ros']
[2.067s] Level 1:colcon.colcon_core.package_identification:_identify(src) by extension 'ros'
[2.067s] Level 1:colcon.colcon_core.package_identification:_identify(src) by extensions ['cmake', 'python']
[2.067s] Level 1:colcon.colcon_core.package_identification:_identify(src) by extension 'cmake'
[2.067s] Level 1:colcon.colcon_core.package_identification:_identify(src) by extension 'python'
[2.068s] Level 1:colcon.colcon_core.package_identification:_identify(src) by extensions ['python_setup_py']
[2.068s] Level 1:colcon.colcon_core.package_identification:_identify(src) by extension 'python_setup_py'
[2.069s] Level 1:colcon.colcon_core.package_identification:_identify(src/build) by extensions ['ignore', 'ignore_ament_install']
[2.069s] Level 1:colcon.colcon_core.package_identification:_identify(src/build) by extension 'ignore'
[2.069s] Level 1:colcon.colcon_core.package_identification:_identify(src/build) ignored
[2.070s] Level 1:colcon.colcon_core.package_identification:_identify(src/install) by extensions ['ignore', 'ignore_ament_install']
[2.070s] Level 1:colcon.colcon_core.package_identification:_identify(src/install) by extension 'ignore'
[2.070s] Level 1:colcon.colcon_core.package_identification:_identify(src/install) ignored
[2.071s] Level 1:colcon.colcon_core.package_identification:_identify(src/kinematics) by extensions ['ignore', 'ignore_ament_install']
[2.071s] Level 1:colcon.colcon_core.package_identification:_identify(src/kinematics) by extension 'ignore'
[2.071s] Level 1:colcon.colcon_core.package_identification:_identify(src/kinematics) by extension 'ignore_ament_install'
[2.071s] Level 1:colcon.colcon_core.package_identification:_identify(src/kinematics) by extensions ['colcon_pkg']
[2.071s] Level 1:colcon.colcon_core.package_identification:_identify(src/kinematics) by extension 'colcon_pkg'
[2.072s] Level 1:colcon.colcon_core.package_identification:_identify(src/kinematics) by extensions ['colcon_meta']
[2.072s] Level 1:colcon.colcon_core.package_identification:_identify(src/kinematics) by extension 'colcon_meta'
[2.072s] Level 1:colcon.colcon_core.package_identification:_identify(src/kinematics) by extensions ['ros']
[2.072s] Level 1:colcon.colcon_core.package_identification:_identify(src/kinematics) by extension 'ros'
[2.083s] DEBUG:colcon.colcon_core.package_identification:Package 'src/kinematics' with type 'ros.ament_python' and name 'kinematics'
[2.084s] Level 1:colcon.colcon_core.package_identification:_identify(src/log) by extensions ['ignore', 'ignore_ament_install']
[2.084s] Level 1:colcon.colcon_core.package_identification:_identify(src/log) by extension 'ignore'
[2.084s] Level 1:colcon.colcon_core.package_identification:_identify(src/log) ignored
[2.085s] Level 1:colcon.colcon_core.package_identification:_identify(src/omni_bot) by extensions ['ignore', 'ignore_ament_install']
[2.085s] Level 1:colcon.colcon_core.package_identification:_identify(src/omni_bot) by extension 'ignore'
[2.085s] Level 1:colcon.colcon_core.package_identification:_identify(src/omni_bot) by extension 'ignore_ament_install'
[2.086s] Level 1:colcon.colcon_core.package_identification:_identify(src/omni_bot) by extensions ['colcon_pkg']
[2.086s] Level 1:colcon.colcon_core.package_identification:_identify(src/omni_bot) by extension 'colcon_pkg'
[2.086s] Level 1:colcon.colcon_core.package_identification:_identify(src/omni_bot) by extensions ['colcon_meta']
[2.086s] Level 1:colcon.colcon_core.package_identification:_identify(src/omni_bot) by extension 'colcon_meta'
[2.086s] Level 1:colcon.colcon_core.package_identification:_identify(src/omni_bot) by extensions ['ros']
[2.087s] Level 1:colcon.colcon_core.package_identification:_identify(src/omni_bot) by extension 'ros'
[2.090s] DEBUG:colcon.colcon_core.package_identification:Package 'src/omni_bot' with type 'ros.ament_python' and name 'omni_bot'
[2.090s] Level 1:colcon.colcon_core.package_identification:_identify(src/rplidar_ros) by extensions ['ignore', 'ignore_ament_install']
[2.090s] Level 1:colcon.colcon_core.package_identification:_identify(src/rplidar_ros) by extension 'ignore'
[2.091s] Level 1:colcon.colcon_core.package_identification:_identify(src/rplidar_ros) by extension 'ignore_ament_install'
[2.091s] Level 1:colcon.colcon_core.package_identification:_identify(src/rplidar_ros) by extensions ['colcon_pkg']
[2.091s] Level 1:colcon.colcon_core.package_identification:_identify(src/rplidar_ros) by extension 'colcon_pkg'
[2.091s] Level 1:colcon.colcon_core.package_identification:_identify(src/rplidar_ros) by extensions ['colcon_meta']
[2.091s] Level 1:colcon.colcon_core.package_identification:_identify(src/rplidar_ros) by extension 'colcon_meta'
[2.092s] Level 1:colcon.colcon_core.package_identification:_identify(src/rplidar_ros) by extensions ['ros']
[2.092s] Level 1:colcon.colcon_core.package_identification:_identify(src/rplidar_ros) by extension 'ros'
[2.094s] DEBUG:colcon.colcon_core.package_identification:Package 'src/rplidar_ros' with type 'ros.ament_cmake' and name 'rplidar_ros'
[2.095s] Level 1:colcon.colcon_core.package_identification:_identify(src/teleop_omni) by extensions ['ignore', 'ignore_ament_install']
[2.095s] Level 1:colcon.colcon_core.package_identification:_identify(src/teleop_omni) by extension 'ignore'
[2.096s] Level 1:colcon.colcon_core.package_identification:_identify(src/teleop_omni) by extension 'ignore_ament_install'
[2.096s] Level 1:colcon.colcon_core.package_identification:_identify(src/teleop_omni) by extensions ['colcon_pkg']
[2.096s] Level 1:colcon.colcon_core.package_identification:_identify(src/teleop_omni) by extension 'colcon_pkg'
[2.096s] Level 1:colcon.colcon_core.package_identification:_identify(src/teleop_omni) by extensions ['colcon_meta']
[2.096s] Level 1:colcon.colcon_core.package_identification:_identify(src/teleop_omni) by extension 'colcon_meta'
[2.097s] Level 1:colcon.colcon_core.package_identification:_identify(src/teleop_omni) by extensions ['ros']
[2.097s] Level 1:colcon.colcon_core.package_identification:_identify(src/teleop_omni) by extension 'ros'
[2.099s] DEBUG:colcon.colcon_core.package_identification:Package 'src/teleop_omni' with type 'ros.ament_python' and name 'teleop_omni'
[2.100s] Level 1:colcon.colcon_core.package_discovery:discover_packages(recursive) using defaults
[2.100s] Level 1:colcon.colcon_core.package_discovery:discover_packages(ignore) discover
[2.100s] Level 1:colcon.colcon_core.package_discovery:discover_packages(ignore) using defaults
[2.100s] Level 1:colcon.colcon_core.package_discovery:discover_packages(path) discover
[2.100s] Level 1:colcon.colcon_core.package_discovery:discover_packages(path) using defaults
[2.188s] Level 1:colcon.colcon_core.package_discovery:discover_packages(prefix_path) check parameters
[2.188s] Level 1:colcon.colcon_core.package_discovery:discover_packages(prefix_path) discover
[2.198s] DEBUG:colcon.colcon_installed_package_information.package_discovery:Found 6 installed packages in /home/jetson/SLAM_WS/install
[2.205s] DEBUG:colcon.colcon_installed_package_information.package_discovery:Found 256 installed packages in /opt/ros/foxy
[2.213s] Level 1:colcon.colcon_core.package_discovery:discover_packages(prefix_path) using defaults
[2.523s] Level 5:colcon.colcon_core.verb:set package 'kinematics' build argument 'cmake_args' from command line to 'None'
[2.524s] Level 5:colcon.colcon_core.verb:set package 'kinematics' build argument 'cmake_target' from command line to 'None'
[2.524s] Level 5:colcon.colcon_core.verb:set package 'kinematics' build argument 'cmake_target_skip_unavailable' from command line to 'False'
[2.524s] Level 5:colcon.colcon_core.verb:set package 'kinematics' build argument 'cmake_clean_cache' from command line to 'False'
[2.524s] Level 5:colcon.colcon_core.verb:set package 'kinematics' build argument 'cmake_clean_first' from command line to 'False'
[2.524s] Level 5:colcon.colcon_core.verb:set package 'kinematics' build argument 'cmake_force_configure' from command line to 'False'
[2.524s] Level 5:colcon.colcon_core.verb:set package 'kinematics' build argument 'ament_cmake_args' from command line to 'None'
[2.525s] Level 5:colcon.colcon_core.verb:set package 'kinematics' build argument 'catkin_cmake_args' from command line to 'None'
[2.525s] Level 5:colcon.colcon_core.verb:set package 'kinematics' build argument 'catkin_skip_building_tests' from command line to 'False'
[2.525s] DEBUG:colcon.colcon_core.verb:Building package 'kinematics' with the following arguments: {'ament_cmake_args': None, 'build_base': '/home/jetson/SLAM_WS/build/kinematics', 'catkin_cmake_args': None, 'catkin_skip_building_tests': False, 'cmake_args': None, 'cmake_clean_cache': False, 'cmake_clean_first': False, 'cmake_force_configure': False, 'cmake_target': None, 'cmake_target_skip_unavailable': False, 'install_base': '/home/jetson/SLAM_WS/install/kinematics', 'merge_install': False, 'path': '/home/jetson/SLAM_WS/src/kinematics', 'symlink_install': False, 'test_result_base': None}
[2.527s] Level 5:colcon.colcon_core.verb:set package 'omni_bot' build argument 'cmake_args' from command line to 'None'
[2.527s] Level 5:colcon.colcon_core.verb:set package 'omni_bot' build argument 'cmake_target' from command line to 'None'
[2.528s] Level 5:colcon.colcon_core.verb:set package 'omni_bot' build argument 'cmake_target_skip_unavailable' from command line to 'False'
[2.528s] Level 5:colcon.colcon_core.verb:set package 'omni_bot' build argument 'cmake_clean_cache' from command line to 'False'
[2.528s] Level 5:colcon.colcon_core.verb:set package 'omni_bot' build argument 'cmake_clean_first' from command line to 'False'
[2.528s] Level 5:colcon.colcon_core.verb:set package 'omni_bot' build argument 'cmake_force_configure' from command line to 'False'
[2.528s] Level 5:colcon.colcon_core.verb:set package 'omni_bot' build argument 'ament_cmake_args' from command line to 'None'
[2.528s] Level 5:colcon.colcon_core.verb:set package 'omni_bot' build argument 'catkin_cmake_args' from command line to 'None'
[2.528s] Level 5:colcon.colcon_core.verb:set package 'omni_bot' build argument 'catkin_skip_building_tests' from command line to 'False'
[2.528s] DEBUG:colcon.colcon_core.verb:Building package 'omni_bot' with the following arguments: {'ament_cmake_args': None, 'build_base': '/home/jetson/SLAM_WS/build/omni_bot', 'catkin_cmake_args': None, 'catkin_skip_building_tests': False, 'cmake_args': None, 'cmake_clean_cache': False, 'cmake_clean_first': False, 'cmake_force_configure': False, 'cmake_target': None, 'cmake_target_skip_unavailable': False, 'install_base': '/home/jetson/SLAM_WS/install/omni_bot', 'merge_install': False, 'path': '/home/jetson/SLAM_WS/src/omni_bot', 'symlink_install': False, 'test_result_base': None}
[2.530s] Level 5:colcon.colcon_core.verb:set package 'rplidar_ros' build argument 'cmake_args' from command line to 'None'
[2.530s] Level 5:colcon.colcon_core.verb:set package 'rplidar_ros' build argument 'cmake_target' from command line to 'None'
[2.531s] Level 5:colcon.colcon_core.verb:set package 'rplidar_ros' build argument 'cmake_target_skip_unavailable' from command line to 'False'
[2.531s] Level 5:colcon.colcon_core.verb:set package 'rplidar_ros' build argument 'cmake_clean_cache' from command line to 'False'
[2.531s] Level 5:colcon.colcon_core.verb:set package 'rplidar_ros' build argument 'cmake_clean_first' from command line to 'False'
[2.531s] Level 5:colcon.colcon_core.verb:set package 'rplidar_ros' build argument 'cmake_force_configure' from command line to 'False'
[2.531s] Level 5:colcon.colcon_core.verb:set package 'rplidar_ros' build argument 'ament_cmake_args' from command line to 'None'
[2.531s] Level 5:colcon.colcon_core.verb:set package 'rplidar_ros' build argument 'catkin_cmake_args' from command line to 'None'
[2.531s] Level 5:colcon.colcon_core.verb:set package 'rplidar_ros' build argument 'catkin_skip_building_tests' from command line to 'False'
[2.531s] DEBUG:colcon.colcon_core.verb:Building package 'rplidar_ros' with the following arguments: {'ament_cmake_args': None, 'build_base': '/home/jetson/SLAM_WS/build/rplidar_ros', 'catkin_cmake_args': None, 'catkin_skip_building_tests': False, 'cmake_args': None, 'cmake_clean_cache': False, 'cmake_clean_first': False, 'cmake_force_configure': False, 'cmake_target': None, 'cmake_target_skip_unavailable': False, 'install_base': '/home/jetson/SLAM_WS/install/rplidar_ros', 'merge_install': False, 'path': '/home/jetson/SLAM_WS/src/rplidar_ros', 'symlink_install': False, 'test_result_base': None}
[2.533s] Level 5:colcon.colcon_core.verb:set package 'teleop_omni' build argument 'cmake_args' from command line to 'None'
[2.534s] Level 5:colcon.colcon_core.verb:set package 'teleop_omni' build argument 'cmake_target' from command line to 'None'
[2.534s] Level 5:colcon.colcon_core.verb:set package 'teleop_omni' build argument 'cmake_target_skip_unavailable' from command line to 'False'
[2.534s] Level 5:colcon.colcon_core.verb:set package 'teleop_omni' build argument 'cmake_clean_cache' from command line to 'False'
[2.534s] Level 5:colcon.colcon_core.verb:set package 'teleop_omni' build argument 'cmake_clean_first' from command line to 'False'
[2.534s] Level 5:colcon.colcon_core.verb:set package 'teleop_omni' build argument 'cmake_force_configure' from command line to 'False'
[2.534s] Level 5:colcon.colcon_core.verb:set package 'teleop_omni' build argument 'ament_cmake_args' from command line to 'None'
[2.534s] Level 5:colcon.colcon_core.verb:set package 'teleop_omni' build argument 'catkin_cmake_args' from command line to 'None'
[2.535s] Level 5:colcon.colcon_core.verb:set package 'teleop_omni' build argument 'catkin_skip_building_tests' from command line to 'False'
[2.535s] DEBUG:colcon.colcon_core.verb:Building package 'teleop_omni' with the following arguments: {'ament_cmake_args': None, 'build_base': '/home/jetson/SLAM_WS/build/teleop_omni', 'catkin_cmake_args': None, 'catkin_skip_building_tests': False, 'cmake_args': None, 'cmake_clean_cache': False, 'cmake_clean_first': False, 'cmake_force_configure': False, 'cmake_target': None, 'cmake_target_skip_unavailable': False, 'install_base': '/home/jetson/SLAM_WS/install/teleop_omni', 'merge_install': False, 'path': '/home/jetson/SLAM_WS/src/teleop_omni', 'symlink_install': False, 'test_result_base': None}
[2.535s] INFO:colcon.colcon_core.executor:Executing jobs using 'parallel' executor
[2.539s] DEBUG:colcon.colcon_parallel_executor.executor.parallel:run_until_complete
[2.541s] INFO:colcon.colcon_ros.task.ament_python.build:Building ROS package in '/home/jetson/SLAM_WS/src/kinematics' with build type 'ament_python'
[2.541s] Level 1:colcon.colcon_core.shell:create_environment_hook('kinematics', 'ament_prefix_path')
[2.551s] INFO:colcon.colcon_core.plugin_system:Skipping extension 'colcon_core.shell.bat': Not used on non-Windows systems
[2.551s] INFO:colcon.colcon_core.shell:Creating environment hook '/home/jetson/SLAM_WS/install/kinematics/share/kinematics/hook/ament_prefix_path.ps1'
[2.554s] INFO:colcon.colcon_core.shell:Creating environment descriptor '/home/jetson/SLAM_WS/install/kinematics/share/kinematics/hook/ament_prefix_path.dsv'
[2.556s] INFO:colcon.colcon_core.shell:Creating environment hook '/home/jetson/SLAM_WS/install/kinematics/share/kinematics/hook/ament_prefix_path.sh'
[2.560s] INFO:colcon.colcon_core.shell:Skip shell extension 'powershell' for command environment: Not usable outside of PowerShell
[2.560s] DEBUG:colcon.colcon_core.shell:Skip shell extension 'dsv' for command environment
[2.581s] INFO:colcon.colcon_ros.task.ament_python.build:Building ROS package in '/home/jetson/SLAM_WS/src/omni_bot' with build type 'ament_python'
[2.582s] Level 1:colcon.colcon_core.shell:create_environment_hook('omni_bot', 'ament_prefix_path')
[2.583s] INFO:colcon.colcon_core.shell:Creating environment hook '/home/jetson/SLAM_WS/install/omni_bot/share/omni_bot/hook/ament_prefix_path.ps1'
[2.587s] INFO:colcon.colcon_core.shell:Creating environment descriptor '/home/jetson/SLAM_WS/install/omni_bot/share/omni_bot/hook/ament_prefix_path.dsv'
[2.589s] INFO:colcon.colcon_core.shell:Creating environment hook '/home/jetson/SLAM_WS/install/omni_bot/share/omni_bot/hook/ament_prefix_path.sh'
[2.591s] INFO:colcon.colcon_core.shell:Skip shell extension 'powershell' for command environment: Not usable outside of PowerShell
[2.591s] DEBUG:colcon.colcon_core.shell:Skip shell extension 'dsv' for command environment
[2.611s] INFO:colcon.colcon_ros.task.ament_cmake.build:Building ROS package in '/home/jetson/SLAM_WS/src/rplidar_ros' with build type 'ament_cmake'
[2.612s] INFO:colcon.colcon_cmake.task.cmake.build:Building CMake package in '/home/jetson/SLAM_WS/src/rplidar_ros'
[2.614s] INFO:colcon.colcon_core.shell:Skip shell extension 'powershell' for command environment: Not usable outside of PowerShell
[2.614s] DEBUG:colcon.colcon_core.shell:Skip shell extension 'dsv' for command environment
[2.635s] INFO:colcon.colcon_ros.task.ament_python.build:Building ROS package in '/home/jetson/SLAM_WS/src/teleop_omni' with build type 'ament_python'
[2.636s] Level 1:colcon.colcon_core.shell:create_environment_hook('teleop_omni', 'ament_prefix_path')
[2.638s] INFO:colcon.colcon_core.shell:Creating environment hook '/home/jetson/SLAM_WS/install/teleop_omni/share/teleop_omni/hook/ament_prefix_path.ps1'
[2.641s] INFO:colcon.colcon_core.shell:Creating environment descriptor '/home/jetson/SLAM_WS/install/teleop_omni/share/teleop_omni/hook/ament_prefix_path.dsv'
[2.643s] INFO:colcon.colcon_core.shell:Creating environment hook '/home/jetson/SLAM_WS/install/teleop_omni/share/teleop_omni/hook/ament_prefix_path.sh'
[2.645s] INFO:colcon.colcon_core.shell:Skip shell extension 'powershell' for command environment: Not usable outside of PowerShell
[2.646s] DEBUG:colcon.colcon_core.shell:Skip shell extension 'dsv' for command environment
[3.956s] INFO:colcon.colcon_core.task.python.build:Building Python package in '/home/jetson/SLAM_WS/src/kinematics'
[3.958s] INFO:colcon.colcon_core.shell:Skip shell extension 'powershell' for command environment: Not usable outside of PowerShell
[3.958s] DEBUG:colcon.colcon_core.shell:Skip shell extension 'dsv' for command environment
[5.305s] INFO:colcon.colcon_core.task.python.build:Building Python package in '/home/jetson/SLAM_WS/src/omni_bot'
[5.307s] INFO:colcon.colcon_core.shell:Skip shell extension 'powershell' for command environment: Not usable outside of PowerShell
[5.307s] DEBUG:colcon.colcon_core.shell:Skip shell extension 'dsv' for command environment
[5.338s] DEBUG:colcon.colcon_core.event_handler.log_command:Invoking command in '/home/jetson/SLAM_WS/build/rplidar_ros': CMAKE_PREFIX_PATH=/home/jetson/SLAM_WS/install/kinematics:/home/jetson/SLAM_WS/install/teleop_omni:/home/jetson/SLAM_WS/install/omni_bot:/home/jetson/SLAM_WS/install/inverse_kinematic:/opt/ros/foxy:${CMAKE_PREFIX_PATH} /usr/bin/cmake --build /home/jetson/SLAM_WS/build/rplidar_ros -- -j4 -l4
[6.718s] INFO:colcon.colcon_core.task.python.build:Building Python package in '/home/jetson/SLAM_WS/src/teleop_omni'
[6.720s] INFO:colcon.colcon_core.shell:Skip shell extension 'powershell' for command environment: Not usable outside of PowerShell
[6.720s] DEBUG:colcon.colcon_core.shell:Skip shell extension 'dsv' for command environment
[6.752s] DEBUG:colcon.colcon_core.event_handler.log_command:Invoked command in '/home/jetson/SLAM_WS/build/rplidar_ros' returned '0': CMAKE_PREFIX_PATH=/home/jetson/SLAM_WS/install/kinematics:/home/jetson/SLAM_WS/install/teleop_omni:/home/jetson/SLAM_WS/install/omni_bot:/home/jetson/SLAM_WS/install/inverse_kinematic:/opt/ros/foxy:${CMAKE_PREFIX_PATH} /usr/bin/cmake --build /home/jetson/SLAM_WS/build/rplidar_ros -- -j4 -l4
[6.798s] DEBUG:colcon.colcon_core.event_handler.log_command:Invoking command in '/home/jetson/SLAM_WS/build/rplidar_ros': CMAKE_PREFIX_PATH=/home/jetson/SLAM_WS/install/kinematics:/home/jetson/SLAM_WS/install/teleop_omni:/home/jetson/SLAM_WS/install/omni_bot:/home/jetson/SLAM_WS/install/inverse_kinematic:/opt/ros/foxy:${CMAKE_PREFIX_PATH} /usr/bin/cmake --install /home/jetson/SLAM_WS/build/rplidar_ros
[6.898s] Level 1:colcon.colcon_core.environment:create_environment_scripts_only(rplidar_ros)
[6.907s] DEBUG:colcon.colcon_core.event_handler.log_command:Invoked command in '/home/jetson/SLAM_WS/build/rplidar_ros' returned '0': CMAKE_PREFIX_PATH=/home/jetson/SLAM_WS/install/kinematics:/home/jetson/SLAM_WS/install/teleop_omni:/home/jetson/SLAM_WS/install/omni_bot:/home/jetson/SLAM_WS/install/inverse_kinematic:/opt/ros/foxy:${CMAKE_PREFIX_PATH} /usr/bin/cmake --install /home/jetson/SLAM_WS/build/rplidar_ros
[6.917s] Level 1:colcon.colcon_core.environment:checking '/home/jetson/SLAM_WS/install/rplidar_ros' for CMake module files
[6.920s] Level 1:colcon.colcon_core.environment:checking '/home/jetson/SLAM_WS/install/rplidar_ros' for CMake config files
[6.922s] Level 1:colcon.colcon_core.shell:create_environment_hook('rplidar_ros', 'cmake_prefix_path')
[6.924s] INFO:colcon.colcon_core.shell:Creating environment hook '/home/jetson/SLAM_WS/install/rplidar_ros/share/rplidar_ros/hook/cmake_prefix_path.ps1'
[6.929s] INFO:colcon.colcon_core.shell:Creating environment descriptor '/home/jetson/SLAM_WS/install/rplidar_ros/share/rplidar_ros/hook/cmake_prefix_path.dsv'
[6.932s] INFO:colcon.colcon_core.shell:Creating environment hook '/home/jetson/SLAM_WS/install/rplidar_ros/share/rplidar_ros/hook/cmake_prefix_path.sh'
[6.936s] Level 1:colcon.colcon_core.environment:checking '/home/jetson/SLAM_WS/install/rplidar_ros/lib'
[6.938s] Level 1:colcon.colcon_core.environment:checking '/home/jetson/SLAM_WS/install/rplidar_ros/bin'
[6.938s] Level 1:colcon.colcon_core.environment:checking '/home/jetson/SLAM_WS/install/rplidar_ros/lib/pkgconfig/rplidar_ros.pc'
[6.940s] Level 1:colcon.colcon_core.environment:checking '/home/jetson/SLAM_WS/install/rplidar_ros/lib/python3.8/site-packages'
[6.941s] Level 1:colcon.colcon_core.environment:checking '/home/jetson/SLAM_WS/install/rplidar_ros/bin'
[6.943s] INFO:colcon.colcon_core.shell:Creating package script '/home/jetson/SLAM_WS/install/rplidar_ros/share/rplidar_ros/package.ps1'
[6.948s] INFO:colcon.colcon_core.shell:Creating package descriptor '/home/jetson/SLAM_WS/install/rplidar_ros/share/rplidar_ros/package.dsv'
[6.951s] INFO:colcon.colcon_core.shell:Creating package script '/home/jetson/SLAM_WS/install/rplidar_ros/share/rplidar_ros/package.sh'
[6.956s] INFO:colcon.colcon_core.shell:Creating package script '/home/jetson/SLAM_WS/install/rplidar_ros/share/rplidar_ros/package.bash'
[6.962s] INFO:colcon.colcon_core.shell:Creating package script '/home/jetson/SLAM_WS/install/rplidar_ros/share/rplidar_ros/package.zsh'
[6.967s] Level 1:colcon.colcon_core.environment:create_file_with_runtime_dependencies(/home/jetson/SLAM_WS/install/rplidar_ros/share/colcon-core/packages/rplidar_ros)
[6.971s] Level 1:colcon.colcon_core.environment:create_environment_scripts_only(rplidar_ros)
[6.973s] Level 1:colcon.colcon_core.environment:checking '/home/jetson/SLAM_WS/install/rplidar_ros' for CMake module files
[6.977s] Level 1:colcon.colcon_core.environment:checking '/home/jetson/SLAM_WS/install/rplidar_ros' for CMake config files
[6.979s] Level 1:colcon.colcon_core.shell:create_environment_hook('rplidar_ros', 'cmake_prefix_path')
[6.981s] INFO:colcon.colcon_core.shell:Creating environment hook '/home/jetson/SLAM_WS/install/rplidar_ros/share/rplidar_ros/hook/cmake_prefix_path.ps1'
[6.984s] INFO:colcon.colcon_core.shell:Creating environment descriptor '/home/jetson/SLAM_WS/install/rplidar_ros/share/rplidar_ros/hook/cmake_prefix_path.dsv'
[6.987s] INFO:colcon.colcon_core.shell:Creating environment hook '/home/jetson/SLAM_WS/install/rplidar_ros/share/rplidar_ros/hook/cmake_prefix_path.sh'
[6.990s] Level 1:colcon.colcon_core.environment:checking '/home/jetson/SLAM_WS/install/rplidar_ros/lib'
[6.991s] Level 1:colcon.colcon_core.environment:checking '/home/jetson/SLAM_WS/install/rplidar_ros/bin'
[6.992s] Level 1:colcon.colcon_core.environment:checking '/home/jetson/SLAM_WS/install/rplidar_ros/lib/pkgconfig/rplidar_ros.pc'
[6.994s] Level 1:colcon.colcon_core.environment:checking '/home/jetson/SLAM_WS/install/rplidar_ros/lib/python3.8/site-packages'
[6.995s] Level 1:colcon.colcon_core.environment:checking '/home/jetson/SLAM_WS/install/rplidar_ros/bin'
[6.997s] INFO:colcon.colcon_core.shell:Creating package script '/home/jetson/SLAM_WS/install/rplidar_ros/share/rplidar_ros/package.ps1'
[7.001s] INFO:colcon.colcon_core.shell:Creating package descriptor '/home/jetson/SLAM_WS/install/rplidar_ros/share/rplidar_ros/package.dsv'
[7.004s] INFO:colcon.colcon_core.shell:Creating package script '/home/jetson/SLAM_WS/install/rplidar_ros/share/rplidar_ros/package.sh'
[7.007s] INFO:colcon.colcon_core.shell:Creating package script '/home/jetson/SLAM_WS/install/rplidar_ros/share/rplidar_ros/package.bash'
[7.011s] INFO:colcon.colcon_core.shell:Creating package script '/home/jetson/SLAM_WS/install/rplidar_ros/share/rplidar_ros/package.zsh'
[7.014s] Level 1:colcon.colcon_core.environment:create_file_with_runtime_dependencies(/home/jetson/SLAM_WS/install/rplidar_ros/share/colcon-core/packages/rplidar_ros)
[8.882s] DEBUG:colcon.colcon_core.event_handler.log_command:Invoking command in '/home/jetson/SLAM_WS/src/omni_bot': PYTHONPATH=/home/jetson/SLAM_WS/build/omni_bot/prefix_override:/usr/lib/python3/dist-packages/colcon_core/task/python/colcon_distutils_commands:/home/jetson/SLAM_WS/install/omni_bot/lib/python3.8/site-packages:${PYTHONPATH} /usr/bin/python3 -W ignore:setup.py install is deprecated -W ignore:easy_install command is deprecated setup.py egg_info --egg-base ../../build/omni_bot build --build-base /home/jetson/SLAM_WS/build/omni_bot/build install --record /home/jetson/SLAM_WS/build/omni_bot/install.log --single-version-externally-managed install_data
[8.902s] DEBUG:colcon.colcon_core.event_handler.log_command:Invoking command in '/home/jetson/SLAM_WS/src/teleop_omni': PYTHONPATH=/home/jetson/SLAM_WS/build/teleop_omni/prefix_override:/usr/lib/python3/dist-packages/colcon_core/task/python/colcon_distutils_commands:/home/jetson/SLAM_WS/install/teleop_omni/lib/python3.8/site-packages:${PYTHONPATH} /usr/bin/python3 -W ignore:setup.py install is deprecated -W ignore:easy_install command is deprecated setup.py egg_info --egg-base ../../build/teleop_omni build --build-base /home/jetson/SLAM_WS/build/teleop_omni/build install --record /home/jetson/SLAM_WS/build/teleop_omni/install.log --single-version-externally-managed install_data
[8.973s] DEBUG:colcon.colcon_core.event_handler.log_command:Invoking command in '/home/jetson/SLAM_WS/src/kinematics': PYTHONPATH=/home/jetson/SLAM_WS/build/kinematics/prefix_override:/usr/lib/python3/dist-packages/colcon_core/task/python/colcon_distutils_commands:/home/jetson/SLAM_WS/install/kinematics/lib/python3.8/site-packages:${PYTHONPATH} /usr/bin/python3 -W ignore:setup.py install is deprecated -W ignore:easy_install command is deprecated setup.py egg_info --egg-base ../../build/kinematics build --build-base /home/jetson/SLAM_WS/build/kinematics/build install --record /home/jetson/SLAM_WS/build/kinematics/install.log --single-version-externally-managed install_data
[10.515s] Level 1:colcon.colcon_core.environment:checking '/home/jetson/SLAM_WS/install/teleop_omni' for CMake module files
[10.518s] Level 1:colcon.colcon_core.environment:checking '/home/jetson/SLAM_WS/install/teleop_omni' for CMake config files
[10.524s] DEBUG:colcon.colcon_core.event_handler.log_command:Invoked command in '/home/jetson/SLAM_WS/src/teleop_omni' returned '0': PYTHONPATH=/home/jetson/SLAM_WS/build/teleop_omni/prefix_override:/usr/lib/python3/dist-packages/colcon_core/task/python/colcon_distutils_commands:/home/jetson/SLAM_WS/install/teleop_omni/lib/python3.8/site-packages:${PYTHONPATH} /usr/bin/python3 -W ignore:setup.py install is deprecated -W ignore:easy_install command is deprecated setup.py egg_info --egg-base ../../build/teleop_omni build --build-base /home/jetson/SLAM_WS/build/teleop_omni/build install --record /home/jetson/SLAM_WS/build/teleop_omni/install.log --single-version-externally-managed install_data
[10.528s] Level 1:colcon.colcon_core.environment:checking '/home/jetson/SLAM_WS/install/teleop_omni/lib'
[10.529s] Level 1:colcon.colcon_core.environment:checking '/home/jetson/SLAM_WS/install/teleop_omni/bin'
[10.529s] Level 1:colcon.colcon_core.environment:checking '/home/jetson/SLAM_WS/install/teleop_omni/lib/pkgconfig/teleop_omni.pc'
[10.531s] Level 1:colcon.colcon_core.environment:checking '/home/jetson/SLAM_WS/install/teleop_omni/lib/python3.8/site-packages'
[10.531s] Level 1:colcon.colcon_core.shell:create_environment_hook('teleop_omni', 'pythonpath')
[10.533s] INFO:colcon.colcon_core.shell:Creating environment hook '/home/jetson/SLAM_WS/install/teleop_omni/share/teleop_omni/hook/pythonpath.ps1'
[10.535s] INFO:colcon.colcon_core.shell:Creating environment descriptor '/home/jetson/SLAM_WS/install/teleop_omni/share/teleop_omni/hook/pythonpath.dsv'
[10.538s] INFO:colcon.colcon_core.shell:Creating environment hook '/home/jetson/SLAM_WS/install/teleop_omni/share/teleop_omni/hook/pythonpath.sh'
[10.540s] Level 1:colcon.colcon_core.environment:checking '/home/jetson/SLAM_WS/install/teleop_omni/bin'
[10.541s] Level 1:colcon.colcon_core.environment:create_environment_scripts_only(teleop_omni)
[10.556s] INFO:colcon.colcon_core.shell:Creating package script '/home/jetson/SLAM_WS/install/teleop_omni/share/teleop_omni/package.ps1'
[10.560s] INFO:colcon.colcon_core.shell:Creating package descriptor '/home/jetson/SLAM_WS/install/teleop_omni/share/teleop_omni/package.dsv'
[10.563s] INFO:colcon.colcon_core.shell:Creating package script '/home/jetson/SLAM_WS/install/teleop_omni/share/teleop_omni/package.sh'
[10.566s] INFO:colcon.colcon_core.shell:Creating package script '/home/jetson/SLAM_WS/install/teleop_omni/share/teleop_omni/package.bash'
[10.569s] INFO:colcon.colcon_core.shell:Creating package script '/home/jetson/SLAM_WS/install/teleop_omni/share/teleop_omni/package.zsh'
[10.572s] Level 1:colcon.colcon_core.environment:create_file_with_runtime_dependencies(/home/jetson/SLAM_WS/install/teleop_omni/share/colcon-core/packages/teleop_omni)
[10.620s] Level 1:colcon.colcon_core.environment:checking '/home/jetson/SLAM_WS/install/omni_bot' for CMake module files
[10.623s] DEBUG:colcon.colcon_core.event_handler.log_command:Invoked command in '/home/jetson/SLAM_WS/src/omni_bot' returned '0': PYTHONPATH=/home/jetson/SLAM_WS/build/omni_bot/prefix_override:/usr/lib/python3/dist-packages/colcon_core/task/python/colcon_distutils_commands:/home/jetson/SLAM_WS/install/omni_bot/lib/python3.8/site-packages:${PYTHONPATH} /usr/bin/python3 -W ignore:setup.py install is deprecated -W ignore:easy_install command is deprecated setup.py egg_info --egg-base ../../build/omni_bot build --build-base /home/jetson/SLAM_WS/build/omni_bot/build install --record /home/jetson/SLAM_WS/build/omni_bot/install.log --single-version-externally-managed install_data
[10.625s] Level 1:colcon.colcon_core.environment:checking '/home/jetson/SLAM_WS/install/omni_bot' for CMake config files
[10.627s] Level 1:colcon.colcon_core.environment:checking '/home/jetson/SLAM_WS/install/omni_bot/lib'
[10.628s] Level 1:colcon.colcon_core.environment:checking '/home/jetson/SLAM_WS/install/omni_bot/bin'
[10.628s] Level 1:colcon.colcon_core.environment:checking '/home/jetson/SLAM_WS/install/omni_bot/lib/pkgconfig/omni_bot.pc'
[10.629s] Level 1:colcon.colcon_core.environment:checking '/home/jetson/SLAM_WS/install/omni_bot/lib/python3.8/site-packages'
[10.629s] Level 1:colcon.colcon_core.shell:create_environment_hook('omni_bot', 'pythonpath')
[10.630s] INFO:colcon.colcon_core.shell:Creating environment hook '/home/jetson/SLAM_WS/install/omni_bot/share/omni_bot/hook/pythonpath.ps1'
[10.632s] INFO:colcon.colcon_core.shell:Creating environment descriptor '/home/jetson/SLAM_WS/install/omni_bot/share/omni_bot/hook/pythonpath.dsv'
[10.633s] INFO:colcon.colcon_core.shell:Creating environment hook '/home/jetson/SLAM_WS/install/omni_bot/share/omni_bot/hook/pythonpath.sh'
[10.635s] Level 1:colcon.colcon_core.environment:checking '/home/jetson/SLAM_WS/install/omni_bot/bin'
[10.636s] Level 1:colcon.colcon_core.environment:create_environment_scripts_only(omni_bot)
[10.637s] INFO:colcon.colcon_core.shell:Creating package script '/home/jetson/SLAM_WS/install/omni_bot/share/omni_bot/package.ps1'
[10.639s] INFO:colcon.colcon_core.shell:Creating package descriptor '/home/jetson/SLAM_WS/install/omni_bot/share/omni_bot/package.dsv'
[10.641s] INFO:colcon.colcon_core.shell:Creating package script '/home/jetson/SLAM_WS/install/omni_bot/share/omni_bot/package.sh'
[10.643s] INFO:colcon.colcon_core.shell:Creating package script '/home/jetson/SLAM_WS/install/omni_bot/share/omni_bot/package.bash'
[10.645s] INFO:colcon.colcon_core.shell:Creating package script '/home/jetson/SLAM_WS/install/omni_bot/share/omni_bot/package.zsh'
[10.646s] Level 1:colcon.colcon_core.environment:create_file_with_runtime_dependencies(/home/jetson/SLAM_WS/install/omni_bot/share/colcon-core/packages/omni_bot)
[10.651s] Level 1:colcon.colcon_core.environment:checking '/home/jetson/SLAM_WS/install/kinematics' for CMake module files
[10.654s] DEBUG:colcon.colcon_core.event_handler.log_command:Invoked command in '/home/jetson/SLAM_WS/src/kinematics' returned '0': PYTHONPATH=/home/jetson/SLAM_WS/build/kinematics/prefix_override:/usr/lib/python3/dist-packages/colcon_core/task/python/colcon_distutils_commands:/home/jetson/SLAM_WS/install/kinematics/lib/python3.8/site-packages:${PYTHONPATH} /usr/bin/python3 -W ignore:setup.py install is deprecated -W ignore:easy_install command is deprecated setup.py egg_info --egg-base ../../build/kinematics build --build-base /home/jetson/SLAM_WS/build/kinematics/build install --record /home/jetson/SLAM_WS/build/kinematics/install.log --single-version-externally-managed install_data
[10.655s] Level 1:colcon.colcon_core.environment:checking '/home/jetson/SLAM_WS/install/kinematics' for CMake config files
[10.657s] Level 1:colcon.colcon_core.environment:checking '/home/jetson/SLAM_WS/install/kinematics/lib'
[10.657s] Level 1:colcon.colcon_core.environment:checking '/home/jetson/SLAM_WS/install/kinematics/bin'
[10.658s] Level 1:colcon.colcon_core.environment:checking '/home/jetson/SLAM_WS/install/kinematics/lib/pkgconfig/kinematics.pc'
[10.658s] Level 1:colcon.colcon_core.environment:checking '/home/jetson/SLAM_WS/install/kinematics/lib/python3.8/site-packages'
[10.659s] Level 1:colcon.colcon_core.shell:create_environment_hook('kinematics', 'pythonpath')
[10.660s] INFO:colcon.colcon_core.shell:Creating environment hook '/home/jetson/SLAM_WS/install/kinematics/share/kinematics/hook/pythonpath.ps1'
[10.661s] INFO:colcon.colcon_core.shell:Creating environment descriptor '/home/jetson/SLAM_WS/install/kinematics/share/kinematics/hook/pythonpath.dsv'
[10.663s] INFO:colcon.colcon_core.shell:Creating environment hook '/home/jetson/SLAM_WS/install/kinematics/share/kinematics/hook/pythonpath.sh'
[10.665s] Level 1:colcon.colcon_core.environment:checking '/home/jetson/SLAM_WS/install/kinematics/bin'
[10.665s] Level 1:colcon.colcon_core.environment:create_environment_scripts_only(kinematics)
[10.667s] INFO:colcon.colcon_core.shell:Creating package script '/home/jetson/SLAM_WS/install/kinematics/share/kinematics/package.ps1'
[10.669s] INFO:colcon.colcon_core.shell:Creating package descriptor '/home/jetson/SLAM_WS/install/kinematics/share/kinematics/package.dsv'
[10.671s] INFO:colcon.colcon_core.shell:Creating package script '/home/jetson/SLAM_WS/install/kinematics/share/kinematics/package.sh'
[10.672s] INFO:colcon.colcon_core.shell:Creating package script '/home/jetson/SLAM_WS/install/kinematics/share/kinematics/package.bash'
[10.674s] INFO:colcon.colcon_core.shell:Creating package script '/home/jetson/SLAM_WS/install/kinematics/share/kinematics/package.zsh'
[10.675s] Level 1:colcon.colcon_core.environment:create_file_with_runtime_dependencies(/home/jetson/SLAM_WS/install/kinematics/share/colcon-core/packages/kinematics)
[10.676s] DEBUG:colcon.colcon_parallel_executor.executor.parallel:closing loop
[10.677s] DEBUG:colcon.colcon_parallel_executor.executor.parallel:loop closed
[10.678s] DEBUG:colcon.colcon_parallel_executor.executor.parallel:run_until_complete finished with '0'
[10.679s] DEBUG:colcon.colcon_core.event_reactor:joining thread
[10.702s] INFO:colcon.colcon_core.plugin_system:Skipping extension 'colcon_notification.desktop_notification.terminal_notifier': Not used on non-Darwin systems
[10.702s] INFO:colcon.colcon_core.plugin_system:Skipping extension 'colcon_notification.desktop_notification.win32': Not used on non-Windows systems
[10.702s] INFO:colcon.colcon_notification.desktop_notification:Sending desktop notification using 'notify2'
[10.741s] DEBUG:colcon.colcon_notification.desktop_notification.notify2:Failed to initialize notify2: org.freedesktop.DBus.Error.Spawn.ChildExited: Process org.freedesktop.Notifications exited with status 1
[10.742s] DEBUG:colcon.colcon_core.event_reactor:joined thread
[10.743s] INFO:colcon.colcon_core.shell:Creating prefix script '/home/jetson/SLAM_WS/install/local_setup.ps1'
[10.747s] INFO:colcon.colcon_core.shell:Creating prefix util module '/home/jetson/SLAM_WS/install/_local_setup_util_ps1.py'
[10.753s] INFO:colcon.colcon_core.shell:Creating prefix chain script '/home/jetson/SLAM_WS/install/setup.ps1'
[10.758s] INFO:colcon.colcon_core.shell:Creating prefix script '/home/jetson/SLAM_WS/install/local_setup.sh'
[10.761s] INFO:colcon.colcon_core.shell:Creating prefix util module '/home/jetson/SLAM_WS/install/_local_setup_util_sh.py'
[10.763s] INFO:colcon.colcon_core.shell:Creating prefix chain script '/home/jetson/SLAM_WS/install/setup.sh'
[10.769s] INFO:colcon.colcon_core.shell:Creating prefix script '/home/jetson/SLAM_WS/install/local_setup.bash'
[10.771s] INFO:colcon.colcon_core.shell:Creating prefix chain script '/home/jetson/SLAM_WS/install/setup.bash'
[10.776s] INFO:colcon.colcon_core.shell:Creating prefix script '/home/jetson/SLAM_WS/install/local_setup.zsh'
[10.778s] INFO:colcon.colcon_core.shell:Creating prefix chain script '/home/jetson/SLAM_WS/install/setup.zsh'
