[5.981s] Invoking command in '/home/jetson/SLAM_WS/src/teleop_omni': PYTHONPATH=/home/jetson/SLAM_WS/src/build/teleop_omni/prefix_override:/usr/lib/python3/dist-packages/colcon_core/task/python/colcon_distutils_commands:/home/jetson/SLAM_WS/src/install/teleop_omni/lib/python3.8/site-packages:${PYTHONPATH} /usr/bin/python3 -W ignore:setup.py install is deprecated -W ignore:easy_install command is deprecated setup.py egg_info --egg-base ../build/teleop_omni build --build-base /home/jetson/SLAM_WS/src/build/teleop_omni/build install --record /home/jetson/SLAM_WS/src/build/teleop_omni/install.log --single-version-externally-managed install_data
[7.310s] running egg_info
[7.313s] creating ../build/teleop_omni/teleop_omni.egg-info
[7.315s] writing ../build/teleop_omni/teleop_omni.egg-info/PKG-INFO
[7.315s] writing dependency_links to ../build/teleop_omni/teleop_omni.egg-info/dependency_links.txt
[7.316s] writing entry points to ../build/teleop_omni/teleop_omni.egg-info/entry_points.txt
[7.318s] writing requirements to ../build/teleop_omni/teleop_omni.egg-info/requires.txt
[7.319s] writing top-level names to ../build/teleop_omni/teleop_omni.egg-info/top_level.txt
[7.323s] writing manifest file '../build/teleop_omni/teleop_omni.egg-info/SOURCES.txt'
[7.329s] reading manifest file '../build/teleop_omni/teleop_omni.egg-info/SOURCES.txt'
[7.335s] writing manifest file '../build/teleop_omni/teleop_omni.egg-info/SOURCES.txt'
[7.337s] running build
[7.337s] running build_py
[7.338s] creating /home/jetson/SLAM_WS/src/build/teleop_omni/build
[7.338s] creating /home/jetson/SLAM_WS/src/build/teleop_omni/build/lib
[7.339s] creating /home/jetson/SLAM_WS/src/build/teleop_omni/build/lib/teleop_omni
[7.339s] copying teleop_omni/__init__.py -> /home/jetson/SLAM_WS/src/build/teleop_omni/build/lib/teleop_omni
[7.340s] copying teleop_omni/teleop_keyboard.py -> /home/jetson/SLAM_WS/src/build/teleop_omni/build/lib/teleop_omni
[7.340s] running install
[7.341s] running install_lib
[7.343s] creating /home/jetson/SLAM_WS/src/install/teleop_omni/lib/python3.8/site-packages/teleop_omni
[7.344s] copying /home/jetson/SLAM_WS/src/build/teleop_omni/build/lib/teleop_omni/__init__.py -> /home/jetson/SLAM_WS/src/install/teleop_omni/lib/python3.8/site-packages/teleop_omni
[7.344s] copying /home/jetson/SLAM_WS/src/build/teleop_omni/build/lib/teleop_omni/teleop_keyboard.py -> /home/jetson/SLAM_WS/src/install/teleop_omni/lib/python3.8/site-packages/teleop_omni
[7.346s] byte-compiling /home/jetson/SLAM_WS/src/install/teleop_omni/lib/python3.8/site-packages/teleop_omni/__init__.py to __init__.cpython-38.pyc
[7.347s] byte-compiling /home/jetson/SLAM_WS/src/install/teleop_omni/lib/python3.8/site-packages/teleop_omni/teleop_keyboard.py to teleop_keyboard.cpython-38.pyc
[7.350s] running install_data
[7.351s] creating /home/jetson/SLAM_WS/src/install/teleop_omni/share/ament_index
[7.351s] creating /home/jetson/SLAM_WS/src/install/teleop_omni/share/ament_index/resource_index
[7.352s] creating /home/jetson/SLAM_WS/src/install/teleop_omni/share/ament_index/resource_index/packages
[7.352s] copying resource/teleop_omni -> /home/jetson/SLAM_WS/src/install/teleop_omni/share/ament_index/resource_index/packages
[7.353s] copying package.xml -> /home/jetson/SLAM_WS/src/install/teleop_omni/share/teleop_omni
[7.353s] running install_egg_info
[7.360s] Copying ../build/teleop_omni/teleop_omni.egg-info to /home/jetson/SLAM_WS/src/install/teleop_omni/lib/python3.8/site-packages/teleop_omni-0.0.0-py3.8.egg-info
[7.364s] running install_scripts
[7.446s] Installing teleop_keyboard script to /home/jetson/SLAM_WS/src/install/teleop_omni/lib/teleop_omni
[7.447s] writing list of installed files to '/home/jetson/SLAM_WS/src/build/teleop_omni/install.log'
[7.558s] Invoked command in '/home/jetson/SLAM_WS/src/teleop_omni' returned '0': PYTHONPATH=/home/jetson/SLAM_WS/src/build/teleop_omni/prefix_override:/usr/lib/python3/dist-packages/colcon_core/task/python/colcon_distutils_commands:/home/jetson/SLAM_WS/src/install/teleop_omni/lib/python3.8/site-packages:${PYTHONPATH} /usr/bin/python3 -W ignore:setup.py install is deprecated -W ignore:easy_install command is deprecated setup.py egg_info --egg-base ../build/teleop_omni build --build-base /home/jetson/SLAM_WS/src/build/teleop_omni/build install --record /home/jetson/SLAM_WS/src/build/teleop_omni/install.log --single-version-externally-managed install_data
