[2.115s] DEBUG:colcon:Command line arguments: ['/usr/bin/colcon', 'build', '--packages-select', 'slam_launch']
[2.116s] DEBUG:colcon:Parsed command line arguments: Namespace(allow_overriding=[], ament_cmake_args=None, base_paths=['.'], build_base='build', catkin_cmake_args=None, catkin_skip_building_tests=False, cmake_args=None, cmake_clean_cache=False, cmake_clean_first=False, cmake_force_configure=False, cmake_target=None, cmake_target_skip_unavailable=False, continue_on_error=False, event_handlers=None, executor='parallel', ignore_user_meta=False, install_base='install', log_base=None, log_level=None, main=<bound method BuildVerb.main of <colcon_core.verb.build.BuildVerb object at 0x7f90f8acd0>>, merge_install=False, metas=['./colcon.meta'], mixin=None, mixin_files=None, mixin_verb=('build',), packages_above=None, packages_above_and_dependencies=None, packages_above_depth=None, packages_end=None, packages_ignore=None, packages_ignore_regex=None, packages_select=['slam_launch'], packages_select_build_failed=False, packages_select_by_dep=None, packages_select_regex=None, packages_select_test_failures=False, packages_skip=None, packages_skip_build_finished=False, packages_skip_by_dep=None, packages_skip_regex=None, packages_skip_test_passed=False, packages_skip_up_to=None, packages_start=None, packages_up_to=None, packages_up_to_regex=None, parallel_workers=4, paths=None, symlink_install=False, test_result_base=None, verb_extension=<colcon_core.verb.build.BuildVerb object at 0x7f90f8acd0>, verb_name='build', verb_parser=<colcon_mixin.mixin.mixin_argument.MixinArgumentDecorator object at 0x7f90e6b370>)
[3.679s] Level 1:colcon.colcon_core.package_discovery:discover_packages(colcon_meta) check parameters
[3.680s] Level 1:colcon.colcon_core.package_discovery:discover_packages(recursive) check parameters
[3.681s] Level 1:colcon.colcon_core.package_discovery:discover_packages(ignore) check parameters
[3.681s] Level 1:colcon.colcon_core.package_discovery:discover_packages(path) check parameters
[3.682s] Level 1:colcon.colcon_core.package_discovery:discover_packages(colcon_meta) discover
[3.682s] Level 1:colcon.colcon_core.package_discovery:discover_packages(recursive) discover
[3.683s] INFO:colcon.colcon_core.package_discovery:Crawling recursively for packages in '/home/jetson/SLAM_WS'
[3.683s] Level 1:colcon.colcon_core.package_identification:_identify(.) by extensions ['ignore', 'ignore_ament_install']
[3.684s] Level 1:colcon.colcon_core.package_identification:_identify(.) by extension 'ignore'
[3.696s] Level 1:colcon.colcon_core.package_identification:_identify(.) by extension 'ignore_ament_install'
[3.697s] Level 1:colcon.colcon_core.package_identification:_identify(.) by extensions ['colcon_pkg']
[3.697s] Level 1:colcon.colcon_core.package_identification:_identify(.) by extension 'colcon_pkg'
[3.698s] Level 1:colcon.colcon_core.package_identification:_identify(.) by extensions ['colcon_meta']
[3.698s] Level 1:colcon.colcon_core.package_identification:_identify(.) by extension 'colcon_meta'
[3.698s] Level 1:colcon.colcon_core.package_identification:_identify(.) by extensions ['ros']
[3.698s] Level 1:colcon.colcon_core.package_identification:_identify(.) by extension 'ros'
[3.899s] Level 1:colcon.colcon_core.package_identification:_identify(.) by extensions ['cmake', 'python']
[3.900s] Level 1:colcon.colcon_core.package_identification:_identify(.) by extension 'cmake'
[3.907s] Level 1:colcon.colcon_core.package_identification:_identify(.) by extension 'python'
[3.908s] Level 1:colcon.colcon_core.package_identification:_identify(.) by extensions ['python_setup_py']
[3.908s] Level 1:colcon.colcon_core.package_identification:_identify(.) by extension 'python_setup_py'
[3.909s] Level 1:colcon.colcon_core.package_identification:_identify(build) by extensions ['ignore', 'ignore_ament_install']
[3.910s] Level 1:colcon.colcon_core.package_identification:_identify(build) by extension 'ignore'
[3.910s] Level 1:colcon.colcon_core.package_identification:_identify(build) ignored
[3.912s] Level 1:colcon.colcon_core.package_identification:_identify(install) by extensions ['ignore', 'ignore_ament_install']
[3.912s] Level 1:colcon.colcon_core.package_identification:_identify(install) by extension 'ignore'
[3.913s] Level 1:colcon.colcon_core.package_identification:_identify(install) ignored
[3.914s] Level 1:colcon.colcon_core.package_identification:_identify(log) by extensions ['ignore', 'ignore_ament_install']
[3.915s] Level 1:colcon.colcon_core.package_identification:_identify(log) by extension 'ignore'
[3.916s] Level 1:colcon.colcon_core.package_identification:_identify(log) ignored
[3.917s] Level 1:colcon.colcon_core.package_identification:_identify(src) by extensions ['ignore', 'ignore_ament_install']
[3.917s] Level 1:colcon.colcon_core.package_identification:_identify(src) by extension 'ignore'
[3.918s] Level 1:colcon.colcon_core.package_identification:_identify(src) by extension 'ignore_ament_install'
[3.919s] Level 1:colcon.colcon_core.package_identification:_identify(src) by extensions ['colcon_pkg']
[3.919s] Level 1:colcon.colcon_core.package_identification:_identify(src) by extension 'colcon_pkg'
[3.920s] Level 1:colcon.colcon_core.package_identification:_identify(src) by extensions ['colcon_meta']
[3.920s] Level 1:colcon.colcon_core.package_identification:_identify(src) by extension 'colcon_meta'
[3.921s] Level 1:colcon.colcon_core.package_identification:_identify(src) by extensions ['ros']
[3.922s] Level 1:colcon.colcon_core.package_identification:_identify(src) by extension 'ros'
[3.923s] Level 1:colcon.colcon_core.package_identification:_identify(src) by extensions ['cmake', 'python']
[3.923s] Level 1:colcon.colcon_core.package_identification:_identify(src) by extension 'cmake'
[3.924s] Level 1:colcon.colcon_core.package_identification:_identify(src) by extension 'python'
[3.924s] Level 1:colcon.colcon_core.package_identification:_identify(src) by extensions ['python_setup_py']
[3.925s] Level 1:colcon.colcon_core.package_identification:_identify(src) by extension 'python_setup_py'
[3.925s] Level 1:colcon.colcon_core.package_identification:_identify(src/build) by extensions ['ignore', 'ignore_ament_install']
[3.926s] Level 1:colcon.colcon_core.package_identification:_identify(src/build) by extension 'ignore'
[3.926s] Level 1:colcon.colcon_core.package_identification:_identify(src/build) ignored
[3.927s] Level 1:colcon.colcon_core.package_identification:_identify(src/install) by extensions ['ignore', 'ignore_ament_install']
[3.928s] Level 1:colcon.colcon_core.package_identification:_identify(src/install) by extension 'ignore'
[3.928s] Level 1:colcon.colcon_core.package_identification:_identify(src/install) ignored
[3.928s] Level 1:colcon.colcon_core.package_identification:_identify(src/kinematics) by extensions ['ignore', 'ignore_ament_install']
[3.929s] Level 1:colcon.colcon_core.package_identification:_identify(src/kinematics) by extension 'ignore'
[3.929s] Level 1:colcon.colcon_core.package_identification:_identify(src/kinematics) by extension 'ignore_ament_install'
[3.930s] Level 1:colcon.colcon_core.package_identification:_identify(src/kinematics) by extensions ['colcon_pkg']
[3.930s] Level 1:colcon.colcon_core.package_identification:_identify(src/kinematics) by extension 'colcon_pkg'
[3.930s] Level 1:colcon.colcon_core.package_identification:_identify(src/kinematics) by extensions ['colcon_meta']
[3.930s] Level 1:colcon.colcon_core.package_identification:_identify(src/kinematics) by extension 'colcon_meta'
[3.931s] Level 1:colcon.colcon_core.package_identification:_identify(src/kinematics) by extensions ['ros']
[3.931s] Level 1:colcon.colcon_core.package_identification:_identify(src/kinematics) by extension 'ros'
[3.964s] DEBUG:colcon.colcon_core.package_identification:Package 'src/kinematics' with type 'ros.ament_python' and name 'kinematics'
[3.970s] Level 1:colcon.colcon_core.package_identification:_identify(src/log) by extensions ['ignore', 'ignore_ament_install']
[3.971s] Level 1:colcon.colcon_core.package_identification:_identify(src/log) by extension 'ignore'
[3.971s] Level 1:colcon.colcon_core.package_identification:_identify(src/log) ignored
[3.972s] Level 1:colcon.colcon_core.package_identification:_identify(src/odom) by extensions ['ignore', 'ignore_ament_install']
[3.973s] Level 1:colcon.colcon_core.package_identification:_identify(src/odom) by extension 'ignore'
[3.973s] Level 1:colcon.colcon_core.package_identification:_identify(src/odom) by extension 'ignore_ament_install'
[3.974s] Level 1:colcon.colcon_core.package_identification:_identify(src/odom) by extensions ['colcon_pkg']
[3.974s] Level 1:colcon.colcon_core.package_identification:_identify(src/odom) by extension 'colcon_pkg'
[3.975s] Level 1:colcon.colcon_core.package_identification:_identify(src/odom) by extensions ['colcon_meta']
[3.975s] Level 1:colcon.colcon_core.package_identification:_identify(src/odom) by extension 'colcon_meta'
[3.976s] Level 1:colcon.colcon_core.package_identification:_identify(src/odom) by extensions ['ros']
[3.976s] Level 1:colcon.colcon_core.package_identification:_identify(src/odom) by extension 'ros'
[3.981s] DEBUG:colcon.colcon_core.package_identification:Package 'src/odom' with type 'ros.ament_python' and name 'odom'
[3.981s] Level 1:colcon.colcon_core.package_identification:_identify(src/omni_bot) by extensions ['ignore', 'ignore_ament_install']
[3.982s] Level 1:colcon.colcon_core.package_identification:_identify(src/omni_bot) by extension 'ignore'
[3.983s] Level 1:colcon.colcon_core.package_identification:_identify(src/omni_bot) by extension 'ignore_ament_install'
[3.983s] Level 1:colcon.colcon_core.package_identification:_identify(src/omni_bot) by extensions ['colcon_pkg']
[3.984s] Level 1:colcon.colcon_core.package_identification:_identify(src/omni_bot) by extension 'colcon_pkg'
[3.984s] Level 1:colcon.colcon_core.package_identification:_identify(src/omni_bot) by extensions ['colcon_meta']
[3.985s] Level 1:colcon.colcon_core.package_identification:_identify(src/omni_bot) by extension 'colcon_meta'
[3.985s] Level 1:colcon.colcon_core.package_identification:_identify(src/omni_bot) by extensions ['ros']
[3.986s] Level 1:colcon.colcon_core.package_identification:_identify(src/omni_bot) by extension 'ros'
[3.993s] DEBUG:colcon.colcon_core.package_identification:Package 'src/omni_bot' with type 'ros.ament_python' and name 'omni_bot'
[3.993s] Level 1:colcon.colcon_core.package_identification:_identify(src/omnibot_description) by extensions ['ignore', 'ignore_ament_install']
[3.994s] Level 1:colcon.colcon_core.package_identification:_identify(src/omnibot_description) by extension 'ignore'
[3.994s] Level 1:colcon.colcon_core.package_identification:_identify(src/omnibot_description) by extension 'ignore_ament_install'
[3.994s] Level 1:colcon.colcon_core.package_identification:_identify(src/omnibot_description) by extensions ['colcon_pkg']
[3.995s] Level 1:colcon.colcon_core.package_identification:_identify(src/omnibot_description) by extension 'colcon_pkg'
[3.995s] Level 1:colcon.colcon_core.package_identification:_identify(src/omnibot_description) by extensions ['colcon_meta']
[3.995s] Level 1:colcon.colcon_core.package_identification:_identify(src/omnibot_description) by extension 'colcon_meta'
[3.996s] Level 1:colcon.colcon_core.package_identification:_identify(src/omnibot_description) by extensions ['ros']
[3.996s] Level 1:colcon.colcon_core.package_identification:_identify(src/omnibot_description) by extension 'ros'
[4.001s] DEBUG:colcon.colcon_core.package_identification:Package 'src/omnibot_description' with type 'ros.ament_python' and name 'omnibot_description'
[4.002s] Level 1:colcon.colcon_core.package_identification:_identify(src/rplidar_ros) by extensions ['ignore', 'ignore_ament_install']
[4.003s] Level 1:colcon.colcon_core.package_identification:_identify(src/rplidar_ros) by extension 'ignore'
[4.004s] Level 1:colcon.colcon_core.package_identification:_identify(src/rplidar_ros) by extension 'ignore_ament_install'
[4.004s] Level 1:colcon.colcon_core.package_identification:_identify(src/rplidar_ros) by extensions ['colcon_pkg']
[4.005s] Level 1:colcon.colcon_core.package_identification:_identify(src/rplidar_ros) by extension 'colcon_pkg'
[4.005s] Level 1:colcon.colcon_core.package_identification:_identify(src/rplidar_ros) by extensions ['colcon_meta']
[4.006s] Level 1:colcon.colcon_core.package_identification:_identify(src/rplidar_ros) by extension 'colcon_meta'
[4.007s] Level 1:colcon.colcon_core.package_identification:_identify(src/rplidar_ros) by extensions ['ros']
[4.007s] Level 1:colcon.colcon_core.package_identification:_identify(src/rplidar_ros) by extension 'ros'
[4.011s] DEBUG:colcon.colcon_core.package_identification:Package 'src/rplidar_ros' with type 'ros.ament_cmake' and name 'rplidar_ros'
[4.011s] Level 1:colcon.colcon_core.package_identification:_identify(src/slam_launch) by extensions ['ignore', 'ignore_ament_install']
[4.012s] Level 1:colcon.colcon_core.package_identification:_identify(src/slam_launch) by extension 'ignore'
[4.013s] Level 1:colcon.colcon_core.package_identification:_identify(src/slam_launch) by extension 'ignore_ament_install'
[4.014s] Level 1:colcon.colcon_core.package_identification:_identify(src/slam_launch) by extensions ['colcon_pkg']
[4.014s] Level 1:colcon.colcon_core.package_identification:_identify(src/slam_launch) by extension 'colcon_pkg'
[4.015s] Level 1:colcon.colcon_core.package_identification:_identify(src/slam_launch) by extensions ['colcon_meta']
[4.015s] Level 1:colcon.colcon_core.package_identification:_identify(src/slam_launch) by extension 'colcon_meta'
[4.016s] Level 1:colcon.colcon_core.package_identification:_identify(src/slam_launch) by extensions ['ros']
[4.016s] Level 1:colcon.colcon_core.package_identification:_identify(src/slam_launch) by extension 'ros'
[4.025s] DEBUG:colcon.colcon_core.package_identification:Package 'src/slam_launch' with type 'ros.ament_python' and name 'slam_launch'
[4.026s] Level 1:colcon.colcon_core.package_identification:_identify(src/teleop_omni) by extensions ['ignore', 'ignore_ament_install']
[4.027s] Level 1:colcon.colcon_core.package_identification:_identify(src/teleop_omni) by extension 'ignore'
[4.027s] Level 1:colcon.colcon_core.package_identification:_identify(src/teleop_omni) by extension 'ignore_ament_install'
[4.028s] Level 1:colcon.colcon_core.package_identification:_identify(src/teleop_omni) by extensions ['colcon_pkg']
[4.028s] Level 1:colcon.colcon_core.package_identification:_identify(src/teleop_omni) by extension 'colcon_pkg'
[4.029s] Level 1:colcon.colcon_core.package_identification:_identify(src/teleop_omni) by extensions ['colcon_meta']
[4.029s] Level 1:colcon.colcon_core.package_identification:_identify(src/teleop_omni) by extension 'colcon_meta'
[4.030s] Level 1:colcon.colcon_core.package_identification:_identify(src/teleop_omni) by extensions ['ros']
[4.030s] Level 1:colcon.colcon_core.package_identification:_identify(src/teleop_omni) by extension 'ros'
[4.042s] DEBUG:colcon.colcon_core.package_identification:Package 'src/teleop_omni' with type 'ros.ament_python' and name 'teleop_omni'
[4.042s] Level 1:colcon.colcon_core.package_discovery:discover_packages(recursive) using defaults
[4.042s] Level 1:colcon.colcon_core.package_discovery:discover_packages(ignore) discover
[4.043s] Level 1:colcon.colcon_core.package_discovery:discover_packages(ignore) using defaults
[4.043s] Level 1:colcon.colcon_core.package_discovery:discover_packages(path) discover
[4.043s] Level 1:colcon.colcon_core.package_discovery:discover_packages(path) using defaults
[4.297s] INFO:colcon.colcon_core.package_selection:Skipping not selected package 'kinematics' in 'src/kinematics'
[4.298s] INFO:colcon.colcon_core.package_selection:Skipping not selected package 'odom' in 'src/odom'
[4.298s] INFO:colcon.colcon_core.package_selection:Skipping not selected package 'omni_bot' in 'src/omni_bot'
[4.298s] INFO:colcon.colcon_core.package_selection:Skipping not selected package 'omnibot_description' in 'src/omnibot_description'
[4.298s] INFO:colcon.colcon_core.package_selection:Skipping not selected package 'rplidar_ros' in 'src/rplidar_ros'
[4.298s] INFO:colcon.colcon_core.package_selection:Skipping not selected package 'teleop_omni' in 'src/teleop_omni'
[4.301s] Level 1:colcon.colcon_core.package_discovery:discover_packages(prefix_path) check parameters
[4.302s] Level 1:colcon.colcon_core.package_discovery:discover_packages(prefix_path) discover
[4.319s] DEBUG:colcon.colcon_installed_package_information.package_discovery:Found 7 installed packages in /home/jetson/SLAM_WS/install
[4.340s] DEBUG:colcon.colcon_installed_package_information.package_discovery:Found 290 installed packages in /opt/ros/foxy
[4.364s] Level 1:colcon.colcon_core.package_discovery:discover_packages(prefix_path) using defaults
[5.162s] Level 5:colcon.colcon_core.verb:set package 'slam_launch' build argument 'cmake_args' from command line to 'None'
[5.163s] Level 5:colcon.colcon_core.verb:set package 'slam_launch' build argument 'cmake_target' from command line to 'None'
[5.163s] Level 5:colcon.colcon_core.verb:set package 'slam_launch' build argument 'cmake_target_skip_unavailable' from command line to 'False'
[5.163s] Level 5:colcon.colcon_core.verb:set package 'slam_launch' build argument 'cmake_clean_cache' from command line to 'False'
[5.164s] Level 5:colcon.colcon_core.verb:set package 'slam_launch' build argument 'cmake_clean_first' from command line to 'False'
[5.164s] Level 5:colcon.colcon_core.verb:set package 'slam_launch' build argument 'cmake_force_configure' from command line to 'False'
[5.164s] Level 5:colcon.colcon_core.verb:set package 'slam_launch' build argument 'ament_cmake_args' from command line to 'None'
[5.165s] Level 5:colcon.colcon_core.verb:set package 'slam_launch' build argument 'catkin_cmake_args' from command line to 'None'
[5.165s] Level 5:colcon.colcon_core.verb:set package 'slam_launch' build argument 'catkin_skip_building_tests' from command line to 'False'
[5.166s] DEBUG:colcon.colcon_core.verb:Building package 'slam_launch' with the following arguments: {'ament_cmake_args': None, 'build_base': '/home/jetson/SLAM_WS/build/slam_launch', 'catkin_cmake_args': None, 'catkin_skip_building_tests': False, 'cmake_args': None, 'cmake_clean_cache': False, 'cmake_clean_first': False, 'cmake_force_configure': False, 'cmake_target': None, 'cmake_target_skip_unavailable': False, 'install_base': '/home/jetson/SLAM_WS/install/slam_launch', 'merge_install': False, 'path': '/home/jetson/SLAM_WS/src/slam_launch', 'symlink_install': False, 'test_result_base': None}
[5.166s] INFO:colcon.colcon_core.executor:Executing jobs using 'parallel' executor
[5.184s] DEBUG:colcon.colcon_parallel_executor.executor.parallel:run_until_complete
[5.185s] INFO:colcon.colcon_ros.task.ament_python.build:Building ROS package in '/home/jetson/SLAM_WS/src/slam_launch' with build type 'ament_python'
[5.186s] Level 1:colcon.colcon_core.shell:create_environment_hook('slam_launch', 'ament_prefix_path')
[5.229s] INFO:colcon.colcon_core.plugin_system:Skipping extension 'colcon_core.shell.bat': Not used on non-Windows systems
[5.230s] INFO:colcon.colcon_core.shell:Creating environment hook '/home/jetson/SLAM_WS/install/slam_launch/share/slam_launch/hook/ament_prefix_path.ps1'
[5.251s] INFO:colcon.colcon_core.shell:Creating environment descriptor '/home/jetson/SLAM_WS/install/slam_launch/share/slam_launch/hook/ament_prefix_path.dsv'
[5.259s] INFO:colcon.colcon_core.shell:Creating environment hook '/home/jetson/SLAM_WS/install/slam_launch/share/slam_launch/hook/ament_prefix_path.sh'
[5.265s] INFO:colcon.colcon_core.shell:Skip shell extension 'powershell' for command environment: Not usable outside of PowerShell
[5.266s] DEBUG:colcon.colcon_core.shell:Skip shell extension 'dsv' for command environment
[7.269s] INFO:colcon.colcon_core.task.python.build:Building Python package in '/home/jetson/SLAM_WS/src/slam_launch'
[7.271s] INFO:colcon.colcon_core.shell:Skip shell extension 'powershell' for command environment: Not usable outside of PowerShell
[7.271s] DEBUG:colcon.colcon_core.shell:Skip shell extension 'dsv' for command environment
[11.022s] DEBUG:colcon.colcon_core.event_handler.log_command:Invoking command in '/home/jetson/SLAM_WS/src/slam_launch': AMENT_PREFIX_PATH=/home/jetson/SLAM_WS/install/odom:/home/jetson/SLAM_WS/install/kinematics:/home/jetson/SLAM_WS/install/teleop_omni:/home/jetson/SLAM_WS/install/slam_launch:/home/jetson/SLAM_WS/install/rplidar_ros:/home/jetson/SLAM_WS/install/omnibot_description:/home/jetson/SLAM_WS/install/omni_bot:/opt/ros/foxy PYTHONPATH=/home/jetson/SLAM_WS/build/slam_launch/prefix_override:/usr/lib/python3/dist-packages/colcon_core/task/python/colcon_distutils_commands:/home/jetson/SLAM_WS/install/slam_launch/lib/python3.8/site-packages:/home/jetson/SLAM_WS/install/odom/lib/python3.8/site-packages:/home/jetson/SLAM_WS/install/kinematics/lib/python3.8/site-packages:/home/jetson/SLAM_WS/install/teleop_omni/lib/python3.8/site-packages:/home/jetson/SLAM_WS/install/slam_launch/lib/python3.8/site-packages:/home/jetson/SLAM_WS/install/omnibot_description/lib/python3.8/site-packages:/home/jetson/SLAM_WS/install/omni_bot/lib/python3.8/site-packages:/opt/ros/foxy/lib/python3.8/site-packages /usr/bin/python3 -W ignore:setup.py install is deprecated -W ignore:easy_install command is deprecated setup.py egg_info --egg-base ../../build/slam_launch build --build-base /home/jetson/SLAM_WS/build/slam_launch/build install --record /home/jetson/SLAM_WS/build/slam_launch/install.log --single-version-externally-managed install_data
[13.370s] DEBUG:colcon.colcon_core.event_handler.log_command:Invoked command in '/home/jetson/SLAM_WS/src/slam_launch' returned '0': AMENT_PREFIX_PATH=/home/jetson/SLAM_WS/install/odom:/home/jetson/SLAM_WS/install/kinematics:/home/jetson/SLAM_WS/install/teleop_omni:/home/jetson/SLAM_WS/install/slam_launch:/home/jetson/SLAM_WS/install/rplidar_ros:/home/jetson/SLAM_WS/install/omnibot_description:/home/jetson/SLAM_WS/install/omni_bot:/opt/ros/foxy PYTHONPATH=/home/jetson/SLAM_WS/build/slam_launch/prefix_override:/usr/lib/python3/dist-packages/colcon_core/task/python/colcon_distutils_commands:/home/jetson/SLAM_WS/install/slam_launch/lib/python3.8/site-packages:/home/jetson/SLAM_WS/install/odom/lib/python3.8/site-packages:/home/jetson/SLAM_WS/install/kinematics/lib/python3.8/site-packages:/home/jetson/SLAM_WS/install/teleop_omni/lib/python3.8/site-packages:/home/jetson/SLAM_WS/install/slam_launch/lib/python3.8/site-packages:/home/jetson/SLAM_WS/install/omnibot_description/lib/python3.8/site-packages:/home/jetson/SLAM_WS/install/omni_bot/lib/python3.8/site-packages:/opt/ros/foxy/lib/python3.8/site-packages /usr/bin/python3 -W ignore:setup.py install is deprecated -W ignore:easy_install command is deprecated setup.py egg_info --egg-base ../../build/slam_launch build --build-base /home/jetson/SLAM_WS/build/slam_launch/build install --record /home/jetson/SLAM_WS/build/slam_launch/install.log --single-version-externally-managed install_data
[13.421s] Level 1:colcon.colcon_core.environment:checking '/home/jetson/SLAM_WS/install/slam_launch' for CMake module files
[13.432s] Level 1:colcon.colcon_core.environment:checking '/home/jetson/SLAM_WS/install/slam_launch' for CMake config files
[13.443s] Level 1:colcon.colcon_core.environment:checking '/home/jetson/SLAM_WS/install/slam_launch/lib'
[13.444s] Level 1:colcon.colcon_core.environment:checking '/home/jetson/SLAM_WS/install/slam_launch/bin'
[13.445s] Level 1:colcon.colcon_core.environment:checking '/home/jetson/SLAM_WS/install/slam_launch/lib/pkgconfig/slam_launch.pc'
[13.446s] Level 1:colcon.colcon_core.environment:checking '/home/jetson/SLAM_WS/install/slam_launch/lib/python3.8/site-packages'
[13.446s] Level 1:colcon.colcon_core.shell:create_environment_hook('slam_launch', 'pythonpath')
[13.447s] INFO:colcon.colcon_core.shell:Creating environment hook '/home/jetson/SLAM_WS/install/slam_launch/share/slam_launch/hook/pythonpath.ps1'
[13.450s] INFO:colcon.colcon_core.shell:Creating environment descriptor '/home/jetson/SLAM_WS/install/slam_launch/share/slam_launch/hook/pythonpath.dsv'
[13.453s] INFO:colcon.colcon_core.shell:Creating environment hook '/home/jetson/SLAM_WS/install/slam_launch/share/slam_launch/hook/pythonpath.sh'
[13.457s] Level 1:colcon.colcon_core.environment:checking '/home/jetson/SLAM_WS/install/slam_launch/bin'
[13.458s] Level 1:colcon.colcon_core.environment:create_environment_scripts_only(slam_launch)
[13.460s] INFO:colcon.colcon_core.shell:Creating package script '/home/jetson/SLAM_WS/install/slam_launch/share/slam_launch/package.ps1'
[13.466s] INFO:colcon.colcon_core.shell:Creating package descriptor '/home/jetson/SLAM_WS/install/slam_launch/share/slam_launch/package.dsv'
[13.471s] INFO:colcon.colcon_core.shell:Creating package script '/home/jetson/SLAM_WS/install/slam_launch/share/slam_launch/package.sh'
[13.502s] INFO:colcon.colcon_core.shell:Creating package script '/home/jetson/SLAM_WS/install/slam_launch/share/slam_launch/package.bash'
[13.517s] INFO:colcon.colcon_core.shell:Creating package script '/home/jetson/SLAM_WS/install/slam_launch/share/slam_launch/package.zsh'
[13.521s] Level 1:colcon.colcon_core.environment:create_file_with_runtime_dependencies(/home/jetson/SLAM_WS/install/slam_launch/share/colcon-core/packages/slam_launch)
[13.525s] DEBUG:colcon.colcon_parallel_executor.executor.parallel:closing loop
[13.526s] DEBUG:colcon.colcon_parallel_executor.executor.parallel:loop closed
[13.527s] DEBUG:colcon.colcon_parallel_executor.executor.parallel:run_until_complete finished with '0'
[13.527s] DEBUG:colcon.colcon_core.event_reactor:joining thread
[13.559s] INFO:colcon.colcon_core.plugin_system:Skipping extension 'colcon_notification.desktop_notification.terminal_notifier': Not used on non-Darwin systems
[13.560s] INFO:colcon.colcon_core.plugin_system:Skipping extension 'colcon_notification.desktop_notification.win32': Not used on non-Windows systems
[13.560s] INFO:colcon.colcon_notification.desktop_notification:Sending desktop notification using 'notify2'
[13.597s] DEBUG:colcon.colcon_core.event_reactor:joined thread
[13.599s] INFO:colcon.colcon_core.shell:Creating prefix script '/home/jetson/SLAM_WS/install/local_setup.ps1'
[13.606s] INFO:colcon.colcon_core.shell:Creating prefix util module '/home/jetson/SLAM_WS/install/_local_setup_util_ps1.py'
[13.624s] INFO:colcon.colcon_core.shell:Creating prefix chain script '/home/jetson/SLAM_WS/install/setup.ps1'
[13.630s] INFO:colcon.colcon_core.shell:Creating prefix script '/home/jetson/SLAM_WS/install/local_setup.sh'
[13.648s] INFO:colcon.colcon_core.shell:Creating prefix util module '/home/jetson/SLAM_WS/install/_local_setup_util_sh.py'
[13.651s] INFO:colcon.colcon_core.shell:Creating prefix chain script '/home/jetson/SLAM_WS/install/setup.sh'
[13.670s] INFO:colcon.colcon_core.shell:Creating prefix script '/home/jetson/SLAM_WS/install/local_setup.bash'
[13.674s] INFO:colcon.colcon_core.shell:Creating prefix chain script '/home/jetson/SLAM_WS/install/setup.bash'
[13.682s] INFO:colcon.colcon_core.shell:Creating prefix script '/home/jetson/SLAM_WS/install/local_setup.zsh'
[13.687s] INFO:colcon.colcon_core.shell:Creating prefix chain script '/home/jetson/SLAM_WS/install/setup.zsh'
