running develop
Removing /home/jetson/SLAM_WS/install/odom/lib/python3.8/site-packages/odom.egg-link (link to .)
running egg_info
writing ../../build/odom/odom.egg-info/PKG-INFO
writing dependency_links to ../../build/odom/odom.egg-info/dependency_links.txt
writing entry points to ../../build/odom/odom.egg-info/entry_points.txt
writing requirements to ../../build/odom/odom.egg-info/requires.txt
writing top-level names to ../../build/odom/odom.egg-info/top_level.txt
reading manifest file '../../build/odom/odom.egg-info/SOURCES.txt'
writing manifest file '../../build/odom/odom.egg-info/SOURCES.txt'
running build
running build_py
running install
running install_lib
creating /home/jetson/SLAM_WS/install/odom/lib/python3.8/site-packages/odom
copying /home/jetson/SLAM_WS/build/odom/build/lib/odom/odom_node.py -> /home/jetson/SLAM_WS/install/odom/lib/python3.8/site-packages/odom
copying /home/jetson/SLAM_WS/build/odom/build/lib/odom/__init__.py -> /home/jetson/SLAM_WS/install/odom/lib/python3.8/site-packages/odom
byte-compiling /home/jetson/SLAM_WS/install/odom/lib/python3.8/site-packages/odom/odom_node.py to odom_node.cpython-38.pyc
byte-compiling /home/jetson/SLAM_WS/install/odom/lib/python3.8/site-packages/odom/__init__.py to __init__.cpython-38.pyc
running install_data
copying resource/odom -> /home/jetson/SLAM_WS/install/odom/share/ament_index/resource_index/packages
copying package.xml -> /home/jetson/SLAM_WS/install/odom/share/odom
copying launch/odom.launch.py -> /home/jetson/SLAM_WS/install/odom/share/odom/launch
running install_egg_info
Copying ../../build/odom/odom.egg-info to /home/jetson/SLAM_WS/install/odom/lib/python3.8/site-packages/odom-0.0.0-py3.8.egg-info
running install_scripts
Installing odom_node script to /home/jetson/SLAM_WS/install/odom/lib/odom
writing list of installed files to '/home/jetson/SLAM_WS/build/odom/install.log'
