running egg_info
creating ../../build/inverse_kinematic/inverse_kinematic.egg-info
writing ../../build/inverse_kinematic/inverse_kinematic.egg-info/PKG-INFO
writing dependency_links to ../../build/inverse_kinematic/inverse_kinematic.egg-info/dependency_links.txt
writing entry points to ../../build/inverse_kinematic/inverse_kinematic.egg-info/entry_points.txt
writing requirements to ../../build/inverse_kinematic/inverse_kinematic.egg-info/requires.txt
writing top-level names to ../../build/inverse_kinematic/inverse_kinematic.egg-info/top_level.txt
writing manifest file '../../build/inverse_kinematic/inverse_kinematic.egg-info/SOURCES.txt'
reading manifest file '../../build/inverse_kinematic/inverse_kinematic.egg-info/SOURCES.txt'
writing manifest file '../../build/inverse_kinematic/inverse_kinematic.egg-info/SOURCES.txt'
running build
running build_py
creating /home/jetson/SLAM_WS/build/inverse_kinematic/build
creating /home/jetson/SLAM_WS/build/inverse_kinematic/build/lib
creating /home/jetson/SLAM_WS/build/inverse_kinematic/build/lib/inverse_kinematic
copying inverse_kinematic/__init__.py -> /home/jetson/SLAM_WS/build/inverse_kinematic/build/lib/inverse_kinematic
copying inverse_kinematic/inverse_kinematic_node.py -> /home/jetson/SLAM_WS/build/inverse_kinematic/build/lib/inverse_kinematic
running install
running install_lib
creating /home/jetson/SLAM_WS/install/inverse_kinematic/lib/python3.8/site-packages/inverse_kinematic
copying /home/jetson/SLAM_WS/build/inverse_kinematic/build/lib/inverse_kinematic/__init__.py -> /home/jetson/SLAM_WS/install/inverse_kinematic/lib/python3.8/site-packages/inverse_kinematic
copying /home/jetson/SLAM_WS/build/inverse_kinematic/build/lib/inverse_kinematic/inverse_kinematic_node.py -> /home/jetson/SLAM_WS/install/inverse_kinematic/lib/python3.8/site-packages/inverse_kinematic
byte-compiling /home/jetson/SLAM_WS/install/inverse_kinematic/lib/python3.8/site-packages/inverse_kinematic/__init__.py to __init__.cpython-38.pyc
byte-compiling /home/jetson/SLAM_WS/install/inverse_kinematic/lib/python3.8/site-packages/inverse_kinematic/inverse_kinematic_node.py to inverse_kinematic_node.cpython-38.pyc
running install_data
creating /home/jetson/SLAM_WS/install/inverse_kinematic/share/ament_index
creating /home/jetson/SLAM_WS/install/inverse_kinematic/share/ament_index/resource_index
creating /home/jetson/SLAM_WS/install/inverse_kinematic/share/ament_index/resource_index/packages
copying resource/inverse_kinematic -> /home/jetson/SLAM_WS/install/inverse_kinematic/share/ament_index/resource_index/packages
copying package.xml -> /home/jetson/SLAM_WS/install/inverse_kinematic/share/inverse_kinematic
running install_egg_info
Copying ../../build/inverse_kinematic/inverse_kinematic.egg-info to /home/jetson/SLAM_WS/install/inverse_kinematic/lib/python3.8/site-packages/inverse_kinematic-0.0.0-py3.8.egg-info
running install_scripts
writing list of installed files to '/home/jetson/SLAM_WS/build/inverse_kinematic/install.log'
