[5.896s] Invoking command in '/home/jetson/SLAM_WS/src/inverse_kinematic': PYTHONPATH=/home/jetson/SLAM_WS/build/inverse_kinematic/prefix_override:/usr/lib/python3/dist-packages/colcon_core/task/python/colcon_distutils_commands:/home/jetson/SLAM_WS/install/inverse_kinematic/lib/python3.8/site-packages:${PYTHONPATH} /usr/bin/python3 -W ignore:setup.py install is deprecated -W ignore:easy_install command is deprecated setup.py egg_info --egg-base ../../build/inverse_kinematic build --build-base /home/jetson/SLAM_WS/build/inverse_kinematic/build install --record /home/jetson/SLAM_WS/build/inverse_kinematic/install.log --single-version-externally-managed install_data
[7.162s] running egg_info
[7.166s] creating ../../build/inverse_kinematic/inverse_kinematic.egg-info
[7.170s] writing ../../build/inverse_kinematic/inverse_kinematic.egg-info/PKG-INFO
[7.170s] writing dependency_links to ../../build/inverse_kinematic/inverse_kinematic.egg-info/dependency_links.txt
[7.171s] writing entry points to ../../build/inverse_kinematic/inverse_kinematic.egg-info/entry_points.txt
[7.171s] writing requirements to ../../build/inverse_kinematic/inverse_kinematic.egg-info/requires.txt
[7.172s] writing top-level names to ../../build/inverse_kinematic/inverse_kinematic.egg-info/top_level.txt
[7.174s] writing manifest file '../../build/inverse_kinematic/inverse_kinematic.egg-info/SOURCES.txt'
[7.181s] reading manifest file '../../build/inverse_kinematic/inverse_kinematic.egg-info/SOURCES.txt'
[7.184s] writing manifest file '../../build/inverse_kinematic/inverse_kinematic.egg-info/SOURCES.txt'
[7.185s] running build
[7.186s] running build_py
[7.186s] creating /home/jetson/SLAM_WS/build/inverse_kinematic/build
[7.187s] creating /home/jetson/SLAM_WS/build/inverse_kinematic/build/lib
[7.187s] creating /home/jetson/SLAM_WS/build/inverse_kinematic/build/lib/inverse_kinematic
[7.188s] copying inverse_kinematic/__init__.py -> /home/jetson/SLAM_WS/build/inverse_kinematic/build/lib/inverse_kinematic
[7.188s] copying inverse_kinematic/inverse_kinematic_node.py -> /home/jetson/SLAM_WS/build/inverse_kinematic/build/lib/inverse_kinematic
[7.191s] running install
[7.192s] running install_lib
[7.196s] creating /home/jetson/SLAM_WS/install/inverse_kinematic/lib/python3.8/site-packages/inverse_kinematic
[7.199s] copying /home/jetson/SLAM_WS/build/inverse_kinematic/build/lib/inverse_kinematic/__init__.py -> /home/jetson/SLAM_WS/install/inverse_kinematic/lib/python3.8/site-packages/inverse_kinematic
[7.204s] copying /home/jetson/SLAM_WS/build/inverse_kinematic/build/lib/inverse_kinematic/inverse_kinematic_node.py -> /home/jetson/SLAM_WS/install/inverse_kinematic/lib/python3.8/site-packages/inverse_kinematic
[7.212s] byte-compiling /home/jetson/SLAM_WS/install/inverse_kinematic/lib/python3.8/site-packages/inverse_kinematic/__init__.py to __init__.cpython-38.pyc
[7.212s] byte-compiling /home/jetson/SLAM_WS/install/inverse_kinematic/lib/python3.8/site-packages/inverse_kinematic/inverse_kinematic_node.py to inverse_kinematic_node.cpython-38.pyc
[7.214s] running install_data
[7.215s] creating /home/jetson/SLAM_WS/install/inverse_kinematic/share/ament_index
[7.215s] creating /home/jetson/SLAM_WS/install/inverse_kinematic/share/ament_index/resource_index
[7.216s] creating /home/jetson/SLAM_WS/install/inverse_kinematic/share/ament_index/resource_index/packages
[7.216s] copying resource/inverse_kinematic -> /home/jetson/SLAM_WS/install/inverse_kinematic/share/ament_index/resource_index/packages
[7.217s] copying package.xml -> /home/jetson/SLAM_WS/install/inverse_kinematic/share/inverse_kinematic
[7.217s] running install_egg_info
[7.221s] Copying ../../build/inverse_kinematic/inverse_kinematic.egg-info to /home/jetson/SLAM_WS/install/inverse_kinematic/lib/python3.8/site-packages/inverse_kinematic-0.0.0-py3.8.egg-info
[7.222s] running install_scripts
[7.294s] writing list of installed files to '/home/jetson/SLAM_WS/build/inverse_kinematic/install.log'
[7.413s] Invoked command in '/home/jetson/SLAM_WS/src/inverse_kinematic' returned '0': PYTHONPATH=/home/jetson/SLAM_WS/build/inverse_kinematic/prefix_override:/usr/lib/python3/dist-packages/colcon_core/task/python/colcon_distutils_commands:/home/jetson/SLAM_WS/install/inverse_kinematic/lib/python3.8/site-packages:${PYTHONPATH} /usr/bin/python3 -W ignore:setup.py install is deprecated -W ignore:easy_install command is deprecated setup.py egg_info --egg-base ../../build/inverse_kinematic build --build-base /home/jetson/SLAM_WS/build/inverse_kinematic/build install --record /home/jetson/SLAM_WS/build/inverse_kinematic/install.log --single-version-externally-managed install_data
