[2.636s] Invoking command in '/home/jetson/SLAM_WS/build/rplidar_ros': CMAKE_PREFIX_PATH=${CMAKE_PREFIX_PATH}:/home/jetson/SLAM_WS/install/teleop_omni:/home/jetson/SLAM_WS/install/slam_launch:/home/jetson/SLAM_WS/install/omnibot_description:/home/jetson/SLAM_WS/install/omni_bot:/home/jetson/SLAM_WS/install/odom:/home/jetson/SLAM_WS/install/kinematics:/opt/ros/foxy /usr/bin/cmake /home/jetson/SLAM_WS/src/rplidar_ros -DCMAKE_INSTALL_PREFIX=/home/jetson/SLAM_WS/install/rplidar_ros
[4.010s] -- Found ament_cmake: 0.9.12 (/opt/ros/foxy/share/ament_cmake/cmake)
[4.011s] -- Using PYTHON_EXECUTABLE: /usr/bin/python3
[4.013s] -- Override CMake install command with custom implementation using symlinks instead of copying resources
[4.038s] -- Found rclcpp: 2.4.3 (/opt/ros/foxy/share/rclcpp/cmake)
[4.267s] -- Using all available rosidl_typesupport_c: rosidl_typesupport_fastrtps_c;rosidl_typesupport_introspection_c
[4.291s] -- Found rosidl_adapter: 1.3.1 (/opt/ros/foxy/share/rosidl_adapter/cmake)
[4.949s] -- Using all available rosidl_typesupport_cpp: rosidl_typesupport_fastrtps_cpp;rosidl_typesupport_introspection_cpp
[5.256s] -- Found rmw_implementation_cmake: 1.0.4 (/opt/ros/foxy/share/rmw_implementation_cmake/cmake)
[5.268s] -- Using RMW implementation 'rmw_fastrtps_cpp' as default
[6.062s] -- Found sensor_msgs: 2.0.5 (/opt/ros/foxy/share/sensor_msgs/cmake)
[6.674s] -- Found std_srvs: 2.0.5 (/opt/ros/foxy/share/std_srvs/cmake)
[7.098s] -- Configuring done
[7.241s] -- Generating done
[7.293s] -- Build files have been written to: /home/jetson/SLAM_WS/build/rplidar_ros
[7.332s] Invoked command in '/home/jetson/SLAM_WS/build/rplidar_ros' returned '0': CMAKE_PREFIX_PATH=${CMAKE_PREFIX_PATH}:/home/jetson/SLAM_WS/install/teleop_omni:/home/jetson/SLAM_WS/install/slam_launch:/home/jetson/SLAM_WS/install/omnibot_description:/home/jetson/SLAM_WS/install/omni_bot:/home/jetson/SLAM_WS/install/odom:/home/jetson/SLAM_WS/install/kinematics:/opt/ros/foxy /usr/bin/cmake /home/jetson/SLAM_WS/src/rplidar_ros -DCMAKE_INSTALL_PREFIX=/home/jetson/SLAM_WS/install/rplidar_ros
[7.335s] Invoking command in '/home/jetson/SLAM_WS/build/rplidar_ros': CMAKE_PREFIX_PATH=${CMAKE_PREFIX_PATH}:/home/jetson/SLAM_WS/install/teleop_omni:/home/jetson/SLAM_WS/install/slam_launch:/home/jetson/SLAM_WS/install/omnibot_description:/home/jetson/SLAM_WS/install/omni_bot:/home/jetson/SLAM_WS/install/odom:/home/jetson/SLAM_WS/install/kinematics:/opt/ros/foxy /usr/bin/cmake --build /home/jetson/SLAM_WS/build/rplidar_ros -- -j4 -l4
[7.793s] [ 47%] Built target rplidar_node
[7.844s] [ 52%] Built target rplidar_client
[7.858s] [100%] Built target rplidar_composition
[7.924s] Invoked command in '/home/jetson/SLAM_WS/build/rplidar_ros' returned '0': CMAKE_PREFIX_PATH=${CMAKE_PREFIX_PATH}:/home/jetson/SLAM_WS/install/teleop_omni:/home/jetson/SLAM_WS/install/slam_launch:/home/jetson/SLAM_WS/install/omnibot_description:/home/jetson/SLAM_WS/install/omni_bot:/home/jetson/SLAM_WS/install/odom:/home/jetson/SLAM_WS/install/kinematics:/opt/ros/foxy /usr/bin/cmake --build /home/jetson/SLAM_WS/build/rplidar_ros -- -j4 -l4
[7.979s] Invoking command in '/home/jetson/SLAM_WS/build/rplidar_ros': CMAKE_PREFIX_PATH=${CMAKE_PREFIX_PATH}:/home/jetson/SLAM_WS/install/teleop_omni:/home/jetson/SLAM_WS/install/slam_launch:/home/jetson/SLAM_WS/install/omnibot_description:/home/jetson/SLAM_WS/install/omni_bot:/home/jetson/SLAM_WS/install/odom:/home/jetson/SLAM_WS/install/kinematics:/opt/ros/foxy /usr/bin/cmake --install /home/jetson/SLAM_WS/build/rplidar_ros
[8.026s] -- Install configuration: ""
[8.029s] -- Execute custom install script
[8.034s] -- Up-to-date symlink: /home/jetson/SLAM_WS/install/rplidar_ros/share/rplidar_ros/launch/rplidar_a1_launch.py
[8.036s] -- Up-to-date symlink: /home/jetson/SLAM_WS/install/rplidar_ros/share/rplidar_ros/launch/rplidar_a2m12_launch.py
[8.038s] -- Up-to-date symlink: /home/jetson/SLAM_WS/install/rplidar_ros/share/rplidar_ros/launch/rplidar_a2m7_launch.py
[8.039s] -- Up-to-date symlink: /home/jetson/SLAM_WS/install/rplidar_ros/share/rplidar_ros/launch/rplidar_a2m8_launch.py
[8.042s] -- Up-to-date symlink: /home/jetson/SLAM_WS/install/rplidar_ros/share/rplidar_ros/launch/rplidar_a3_launch.py
[8.044s] -- Up-to-date symlink: /home/jetson/SLAM_WS/install/rplidar_ros/share/rplidar_ros/launch/rplidar_c1_launch.py
[8.046s] -- Up-to-date symlink: /home/jetson/SLAM_WS/install/rplidar_ros/share/rplidar_ros/launch/rplidar_s1_launch.py
[8.048s] -- Up-to-date symlink: /home/jetson/SLAM_WS/install/rplidar_ros/share/rplidar_ros/launch/rplidar_s1_tcp_launch.py
[8.049s] -- Up-to-date symlink: /home/jetson/SLAM_WS/install/rplidar_ros/share/rplidar_ros/launch/rplidar_s2_launch.py
[8.051s] -- Up-to-date symlink: /home/jetson/SLAM_WS/install/rplidar_ros/share/rplidar_ros/launch/rplidar_s2e_launch.py
[8.052s] -- Up-to-date symlink: /home/jetson/SLAM_WS/install/rplidar_ros/share/rplidar_ros/launch/rplidar_s3_launch.py
[8.054s] -- Up-to-date symlink: /home/jetson/SLAM_WS/install/rplidar_ros/share/rplidar_ros/launch/rplidar_t1_launch.py
[8.054s] -- Up-to-date symlink: /home/jetson/SLAM_WS/install/rplidar_ros/share/rplidar_ros/launch/view_rplidar_a1_launch.py
[8.058s] -- Up-to-date symlink: /home/jetson/SLAM_WS/install/rplidar_ros/share/rplidar_ros/launch/view_rplidar_a2m12_launch.py
[8.061s] -- Up-to-date symlink: /home/jetson/SLAM_WS/install/rplidar_ros/share/rplidar_ros/launch/view_rplidar_a2m7_launch.py
[8.068s] -- Up-to-date symlink: /home/jetson/SLAM_WS/install/rplidar_ros/share/rplidar_ros/launch/view_rplidar_a2m8_launch.py
[8.069s] -- Up-to-date symlink: /home/jetson/SLAM_WS/install/rplidar_ros/share/rplidar_ros/launch/view_rplidar_a3_launch.py
[8.072s] -- Up-to-date symlink: /home/jetson/SLAM_WS/install/rplidar_ros/share/rplidar_ros/launch/view_rplidar_c1_launch.py
[8.073s] -- Up-to-date symlink: /home/jetson/SLAM_WS/install/rplidar_ros/share/rplidar_ros/launch/view_rplidar_s1_launch.py
[8.073s] -- Up-to-date symlink: /home/jetson/SLAM_WS/install/rplidar_ros/share/rplidar_ros/launch/view_rplidar_s1_tcp_launch.py
[8.080s] -- Up-to-date symlink: /home/jetson/SLAM_WS/install/rplidar_ros/share/rplidar_ros/launch/view_rplidar_s2_launch.py
[8.080s] -- Up-to-date symlink: /home/jetson/SLAM_WS/install/rplidar_ros/share/rplidar_ros/launch/view_rplidar_s2e_launch.py
[8.083s] -- Up-to-date symlink: /home/jetson/SLAM_WS/install/rplidar_ros/share/rplidar_ros/launch/view_rplidar_s3_launch.py
[8.088s] -- Up-to-date symlink: /home/jetson/SLAM_WS/install/rplidar_ros/share/rplidar_ros/launch/view_rplidar_t1_launch.py
[8.091s] -- Up-to-date symlink: /home/jetson/SLAM_WS/install/rplidar_ros/share/rplidar_ros/rviz/rplidar_ros.rviz
[8.096s] -- Up-to-date symlink: /home/jetson/SLAM_WS/install/rplidar_ros/lib/rplidar_ros/rplidar_node
[8.098s] -- Up-to-date symlink: /home/jetson/SLAM_WS/install/rplidar_ros/lib/rplidar_ros/rplidar_composition
[8.101s] -- Up-to-date symlink: /home/jetson/SLAM_WS/install/rplidar_ros/lib/rplidar_ros/rplidar_client
[8.104s] -- Up-to-date symlink: /home/jetson/SLAM_WS/install/rplidar_ros/share/ament_index/resource_index/package_run_dependencies/rplidar_ros
[8.104s] -- Up-to-date symlink: /home/jetson/SLAM_WS/install/rplidar_ros/share/ament_index/resource_index/parent_prefix_path/rplidar_ros
[8.109s] -- Up-to-date symlink: /home/jetson/SLAM_WS/install/rplidar_ros/share/rplidar_ros/environment/ament_prefix_path.sh
[8.114s] -- Up-to-date symlink: /home/jetson/SLAM_WS/install/rplidar_ros/share/rplidar_ros/environment/ament_prefix_path.dsv
[8.116s] -- Up-to-date symlink: /home/jetson/SLAM_WS/install/rplidar_ros/share/rplidar_ros/environment/path.sh
[8.116s] -- Up-to-date symlink: /home/jetson/SLAM_WS/install/rplidar_ros/share/rplidar_ros/environment/path.dsv
[8.119s] -- Up-to-date symlink: /home/jetson/SLAM_WS/install/rplidar_ros/share/rplidar_ros/local_setup.bash
[8.119s] -- Up-to-date symlink: /home/jetson/SLAM_WS/install/rplidar_ros/share/rplidar_ros/local_setup.sh
[8.121s] -- Up-to-date symlink: /home/jetson/SLAM_WS/install/rplidar_ros/share/rplidar_ros/local_setup.zsh
[8.124s] -- Up-to-date symlink: /home/jetson/SLAM_WS/install/rplidar_ros/share/rplidar_ros/local_setup.dsv
[8.125s] -- Symlinking: /home/jetson/SLAM_WS/install/rplidar_ros/share/rplidar_ros/package.dsv
[8.134s] -- Up-to-date symlink: /home/jetson/SLAM_WS/install/rplidar_ros/share/ament_index/resource_index/packages/rplidar_ros
[8.137s] -- Up-to-date symlink: /home/jetson/SLAM_WS/install/rplidar_ros/share/rplidar_ros/cmake/ament_cmake_export_dependencies-extras.cmake
[8.139s] -- Up-to-date symlink: /home/jetson/SLAM_WS/install/rplidar_ros/share/rplidar_ros/cmake/ament_cmake_export_include_directories-extras.cmake
[8.140s] -- Up-to-date symlink: /home/jetson/SLAM_WS/install/rplidar_ros/share/rplidar_ros/cmake/rplidar_rosConfig.cmake
[8.141s] -- Up-to-date symlink: /home/jetson/SLAM_WS/install/rplidar_ros/share/rplidar_ros/cmake/rplidar_rosConfig-version.cmake
[8.149s] -- Up-to-date symlink: /home/jetson/SLAM_WS/install/rplidar_ros/share/rplidar_ros/package.xml
[8.277s] Invoked command in '/home/jetson/SLAM_WS/build/rplidar_ros' returned '0': CMAKE_PREFIX_PATH=${CMAKE_PREFIX_PATH}:/home/jetson/SLAM_WS/install/teleop_omni:/home/jetson/SLAM_WS/install/slam_launch:/home/jetson/SLAM_WS/install/omnibot_description:/home/jetson/SLAM_WS/install/omni_bot:/home/jetson/SLAM_WS/install/odom:/home/jetson/SLAM_WS/install/kinematics:/opt/ros/foxy /usr/bin/cmake --install /home/jetson/SLAM_WS/build/rplidar_ros
