[3.671s] Invoking command in '/home/jetson/SLAM_WS/src/teleop_omni': PYTHONPATH=/home/jetson/SLAM_WS/build/teleop_omni/prefix_override:/usr/lib/python3/dist-packages/colcon_core/task/python/colcon_distutils_commands:/home/jetson/SLAM_WS/install/teleop_omni/lib/python3.8/site-packages:${PYTHONPATH} /usr/bin/python3 -W ignore:setup.py install is deprecated -W ignore:easy_install command is deprecated setup.py egg_info --egg-base ../../build/teleop_omni build --build-base /home/jetson/SLAM_WS/build/teleop_omni/build install --record /home/jetson/SLAM_WS/build/teleop_omni/install.log --single-version-externally-managed install_data
[4.866s] running egg_info
[4.868s] writing ../../build/teleop_omni/teleop_omni.egg-info/PKG-INFO
[4.869s] writing dependency_links to ../../build/teleop_omni/teleop_omni.egg-info/dependency_links.txt
[4.870s] writing entry points to ../../build/teleop_omni/teleop_omni.egg-info/entry_points.txt
[4.870s] writing requirements to ../../build/teleop_omni/teleop_omni.egg-info/requires.txt
[4.870s] writing top-level names to ../../build/teleop_omni/teleop_omni.egg-info/top_level.txt
[4.881s] reading manifest file '../../build/teleop_omni/teleop_omni.egg-info/SOURCES.txt'
[4.885s] writing manifest file '../../build/teleop_omni/teleop_omni.egg-info/SOURCES.txt'
[4.885s] running build
[4.886s] running build_py
[4.886s] running install
[4.890s] running install_lib
[4.895s] running install_data
[4.895s] running install_egg_info
[4.903s] removing '/home/jetson/SLAM_WS/install/teleop_omni/lib/python3.8/site-packages/teleop_omni-0.0.0-py3.8.egg-info' (and everything under it)
[4.904s] Copying ../../build/teleop_omni/teleop_omni.egg-info to /home/jetson/SLAM_WS/install/teleop_omni/lib/python3.8/site-packages/teleop_omni-0.0.0-py3.8.egg-info
[4.907s] running install_scripts
[4.978s] Installing teleop_keyboard script to /home/jetson/SLAM_WS/install/teleop_omni/lib/teleop_omni
[4.980s] writing list of installed files to '/home/jetson/SLAM_WS/build/teleop_omni/install.log'
[5.078s] Invoked command in '/home/jetson/SLAM_WS/src/teleop_omni' returned '0': PYTHONPATH=/home/jetson/SLAM_WS/build/teleop_omni/prefix_override:/usr/lib/python3/dist-packages/colcon_core/task/python/colcon_distutils_commands:/home/jetson/SLAM_WS/install/teleop_omni/lib/python3.8/site-packages:${PYTHONPATH} /usr/bin/python3 -W ignore:setup.py install is deprecated -W ignore:easy_install command is deprecated setup.py egg_info --egg-base ../../build/teleop_omni build --build-base /home/jetson/SLAM_WS/build/teleop_omni/build install --record /home/jetson/SLAM_WS/build/teleop_omni/install.log --single-version-externally-managed install_data
