[0.072s] Invoking command in '/home/jetson/SLAM_WS/build/ldlidar_stl_ros2': CMAKE_PREFIX_PATH=${CMAKE_PREFIX_PATH}:/home/jetson/SLAM_WS/install/omni_bot:/opt/ros/foxy /usr/bin/cmake --build /home/jetson/SLAM_WS/build/ldlidar_stl_ros2 -- -j4 -l4
[0.321s] [100%] Built target ldlidar_stl_ros2_node
[1.364s] Invoked command in '/home/jetson/SLAM_WS/build/ldlidar_stl_ros2' returned '0': CMAKE_PREFIX_PATH=${CMAKE_PREFIX_PATH}:/home/jetson/SLAM_WS/install/omni_bot:/opt/ros/foxy /usr/bin/cmake --build /home/jetson/SLAM_WS/build/ldlidar_stl_ros2 -- -j4 -l4
[1.405s] Invoking command in '/home/jetson/SLAM_WS/build/ldlidar_stl_ros2': CMAKE_PREFIX_PATH=${CMAKE_PREFIX_PATH}:/home/jetson/SLAM_WS/install/omni_bot:/opt/ros/foxy /usr/bin/cmake --install /home/jetson/SLAM_WS/build/ldlidar_stl_ros2
[1.434s] -- Install configuration: ""
[1.435s] -- Up-to-date: /home/jetson/SLAM_WS/install/ldlidar_stl_ros2/lib/ldlidar_stl_ros2/ldlidar_stl_ros2_node
[1.436s] -- Up-to-date: /home/jetson/SLAM_WS/install/ldlidar_stl_ros2/share/ldlidar_stl_ros2//launch
[1.436s] -- Up-to-date: /home/jetson/SLAM_WS/install/ldlidar_stl_ros2/share/ldlidar_stl_ros2//launch/ld06.launch.py
[1.437s] -- Up-to-date: /home/jetson/SLAM_WS/install/ldlidar_stl_ros2/share/ldlidar_stl_ros2//launch/stl27l.launch.py
[1.438s] -- Up-to-date: /home/jetson/SLAM_WS/install/ldlidar_stl_ros2/share/ldlidar_stl_ros2//launch/viewer_stl27l.launch.py
[1.439s] -- Up-to-date: /home/jetson/SLAM_WS/install/ldlidar_stl_ros2/share/ldlidar_stl_ros2//launch/viewer_ld19.launch.py
[1.439s] -- Up-to-date: /home/jetson/SLAM_WS/install/ldlidar_stl_ros2/share/ldlidar_stl_ros2//launch/viewer_ld06.launch.py
[1.440s] -- Up-to-date: /home/jetson/SLAM_WS/install/ldlidar_stl_ros2/share/ldlidar_stl_ros2//launch/ld19.launch.py
[1.440s] -- Installing: /home/jetson/SLAM_WS/install/ldlidar_stl_ros2/share/ldlidar_stl_ros2//launch/launch_lidar.launch.py
[1.441s] -- Up-to-date: /home/jetson/SLAM_WS/install/ldlidar_stl_ros2/share/ldlidar_stl_ros2//rviz2
[1.441s] -- Up-to-date: /home/jetson/SLAM_WS/install/ldlidar_stl_ros2/share/ldlidar_stl_ros2//rviz2/ldlidar.rviz
[1.442s] -- Up-to-date: /home/jetson/SLAM_WS/install/ldlidar_stl_ros2/share/ament_index/resource_index/package_run_dependencies/ldlidar_stl_ros2
[1.442s] -- Up-to-date: /home/jetson/SLAM_WS/install/ldlidar_stl_ros2/share/ament_index/resource_index/parent_prefix_path/ldlidar_stl_ros2
[1.443s] -- Up-to-date: /home/jetson/SLAM_WS/install/ldlidar_stl_ros2/share/ldlidar_stl_ros2/environment/ament_prefix_path.sh
[1.443s] -- Up-to-date: /home/jetson/SLAM_WS/install/ldlidar_stl_ros2/share/ldlidar_stl_ros2/environment/ament_prefix_path.dsv
[1.444s] -- Up-to-date: /home/jetson/SLAM_WS/install/ldlidar_stl_ros2/share/ldlidar_stl_ros2/environment/path.sh
[1.444s] -- Up-to-date: /home/jetson/SLAM_WS/install/ldlidar_stl_ros2/share/ldlidar_stl_ros2/environment/path.dsv
[1.445s] -- Up-to-date: /home/jetson/SLAM_WS/install/ldlidar_stl_ros2/share/ldlidar_stl_ros2/local_setup.bash
[1.446s] -- Up-to-date: /home/jetson/SLAM_WS/install/ldlidar_stl_ros2/share/ldlidar_stl_ros2/local_setup.sh
[1.449s] -- Up-to-date: /home/jetson/SLAM_WS/install/ldlidar_stl_ros2/share/ldlidar_stl_ros2/local_setup.zsh
[1.450s] -- Up-to-date: /home/jetson/SLAM_WS/install/ldlidar_stl_ros2/share/ldlidar_stl_ros2/local_setup.dsv
[1.450s] -- Installing: /home/jetson/SLAM_WS/install/ldlidar_stl_ros2/share/ldlidar_stl_ros2/package.dsv
[1.451s] -- Up-to-date: /home/jetson/SLAM_WS/install/ldlidar_stl_ros2/share/ament_index/resource_index/packages/ldlidar_stl_ros2
[1.452s] -- Up-to-date: /home/jetson/SLAM_WS/install/ldlidar_stl_ros2/share/ldlidar_stl_ros2/cmake/ldlidar_stl_ros2Config.cmake
[1.453s] -- Up-to-date: /home/jetson/SLAM_WS/install/ldlidar_stl_ros2/share/ldlidar_stl_ros2/cmake/ldlidar_stl_ros2Config-version.cmake
[1.454s] -- Up-to-date: /home/jetson/SLAM_WS/install/ldlidar_stl_ros2/share/ldlidar_stl_ros2/package.xml
[1.455s] Invoked command in '/home/jetson/SLAM_WS/build/ldlidar_stl_ros2' returned '0': CMAKE_PREFIX_PATH=${CMAKE_PREFIX_PATH}:/home/jetson/SLAM_WS/install/omni_bot:/opt/ros/foxy /usr/bin/cmake --install /home/jetson/SLAM_WS/build/ldlidar_stl_ros2
