[7.325s] Invoking command in '/home/jetson/SLAM_WS/src/odom': PYTHONPATH=/home/jetson/SLAM_WS/build/odom/prefix_override:/usr/lib/python3/dist-packages/colcon_core/task/python/colcon_distutils_commands:/home/jetson/SLAM_WS/install/odom/lib/python3.8/site-packages:${PYTHONPATH} /usr/bin/python3 -W ignore:setup.py install is deprecated -W ignore:easy_install command is deprecated setup.py egg_info --egg-base ../../build/odom build --build-base /home/jetson/SLAM_WS/build/odom/build install --record /home/jetson/SLAM_WS/build/odom/install.log --single-version-externally-managed install_data
[8.747s] running egg_info
[8.756s] writing ../../build/odom/odom.egg-info/PKG-INFO
[8.756s] writing dependency_links to ../../build/odom/odom.egg-info/dependency_links.txt
[8.758s] writing entry points to ../../build/odom/odom.egg-info/entry_points.txt
[8.772s] writing requirements to ../../build/odom/odom.egg-info/requires.txt
[8.772s] writing top-level names to ../../build/odom/odom.egg-info/top_level.txt
[8.778s] reading manifest file '../../build/odom/odom.egg-info/SOURCES.txt'
[8.782s] writing manifest file '../../build/odom/odom.egg-info/SOURCES.txt'
[8.784s] running build
[8.784s] running build_py
[8.785s] running install
[8.791s] running install_lib
[8.808s] running install_data
[8.809s] running install_egg_info
[8.810s] removing '/home/jetson/SLAM_WS/install/odom/lib/python3.8/site-packages/odom-0.0.0-py3.8.egg-info' (and everything under it)
[8.810s] Copying ../../build/odom/odom.egg-info to /home/jetson/SLAM_WS/install/odom/lib/python3.8/site-packages/odom-0.0.0-py3.8.egg-info
[8.814s] running install_scripts
[8.906s] Installing odom_node script to /home/jetson/SLAM_WS/install/odom/lib/odom
[8.907s] writing list of installed files to '/home/jetson/SLAM_WS/build/odom/install.log'
[9.167s] Invoked command in '/home/jetson/SLAM_WS/src/odom' returned '0': PYTHONPATH=/home/jetson/SLAM_WS/build/odom/prefix_override:/usr/lib/python3/dist-packages/colcon_core/task/python/colcon_distutils_commands:/home/jetson/SLAM_WS/install/odom/lib/python3.8/site-packages:${PYTHONPATH} /usr/bin/python3 -W ignore:setup.py install is deprecated -W ignore:easy_install command is deprecated setup.py egg_info --egg-base ../../build/odom build --build-base /home/jetson/SLAM_WS/build/odom/build install --record /home/jetson/SLAM_WS/build/odom/install.log --single-version-externally-managed install_data
