[1.782s] DEBUG:colcon:Command line arguments: ['/usr/bin/colcon', 'build', '--packages-select', 'slam_launch']
[1.783s] DEBUG:colcon:Parsed command line arguments: Namespace(allow_overriding=[], ament_cmake_args=None, base_paths=['.'], build_base='build', catkin_cmake_args=None, catkin_skip_building_tests=False, cmake_args=None, cmake_clean_cache=False, cmake_clean_first=False, cmake_force_configure=False, cmake_target=None, cmake_target_skip_unavailable=False, continue_on_error=False, event_handlers=None, executor='parallel', ignore_user_meta=False, install_base='install', log_base=None, log_level=None, main=<bound method BuildVerb.main of <colcon_core.verb.build.BuildVerb object at 0x7f9617dd00>>, merge_install=False, metas=['./colcon.meta'], mixin=None, mixin_files=None, mixin_verb=('build',), packages_above=None, packages_above_and_dependencies=None, packages_above_depth=None, packages_end=None, packages_ignore=None, packages_ignore_regex=None, packages_select=['slam_launch'], packages_select_build_failed=False, packages_select_by_dep=None, packages_select_regex=None, packages_select_test_failures=False, packages_skip=None, packages_skip_build_finished=False, packages_skip_by_dep=None, packages_skip_regex=None, packages_skip_test_passed=False, packages_skip_up_to=None, packages_start=None, packages_up_to=None, packages_up_to_regex=None, parallel_workers=4, paths=None, symlink_install=False, test_result_base=None, verb_extension=<colcon_core.verb.build.BuildVerb object at 0x7f9617dd00>, verb_name='build', verb_parser=<colcon_mixin.mixin.mixin_argument.MixinArgumentDecorator object at 0x7f9605e3a0>)
[3.222s] Level 1:colcon.colcon_core.package_discovery:discover_packages(colcon_meta) check parameters
[3.223s] Level 1:colcon.colcon_core.package_discovery:discover_packages(recursive) check parameters
[3.223s] Level 1:colcon.colcon_core.package_discovery:discover_packages(ignore) check parameters
[3.223s] Level 1:colcon.colcon_core.package_discovery:discover_packages(path) check parameters
[3.224s] Level 1:colcon.colcon_core.package_discovery:discover_packages(colcon_meta) discover
[3.224s] Level 1:colcon.colcon_core.package_discovery:discover_packages(recursive) discover
[3.224s] INFO:colcon.colcon_core.package_discovery:Crawling recursively for packages in '/home/jetson/SLAM_WS'
[3.225s] Level 1:colcon.colcon_core.package_identification:_identify(.) by extensions ['ignore', 'ignore_ament_install']
[3.226s] Level 1:colcon.colcon_core.package_identification:_identify(.) by extension 'ignore'
[3.226s] Level 1:colcon.colcon_core.package_identification:_identify(.) by extension 'ignore_ament_install'
[3.227s] Level 1:colcon.colcon_core.package_identification:_identify(.) by extensions ['colcon_pkg']
[3.227s] Level 1:colcon.colcon_core.package_identification:_identify(.) by extension 'colcon_pkg'
[3.228s] Level 1:colcon.colcon_core.package_identification:_identify(.) by extensions ['colcon_meta']
[3.228s] Level 1:colcon.colcon_core.package_identification:_identify(.) by extension 'colcon_meta'
[3.229s] Level 1:colcon.colcon_core.package_identification:_identify(.) by extensions ['ros']
[3.229s] Level 1:colcon.colcon_core.package_identification:_identify(.) by extension 'ros'
[3.350s] Level 1:colcon.colcon_core.package_identification:_identify(.) by extensions ['cmake', 'python']
[3.351s] Level 1:colcon.colcon_core.package_identification:_identify(.) by extension 'cmake'
[3.351s] Level 1:colcon.colcon_core.package_identification:_identify(.) by extension 'python'
[3.351s] Level 1:colcon.colcon_core.package_identification:_identify(.) by extensions ['python_setup_py']
[3.351s] Level 1:colcon.colcon_core.package_identification:_identify(.) by extension 'python_setup_py'
[3.352s] Level 1:colcon.colcon_core.package_identification:_identify(build) by extensions ['ignore', 'ignore_ament_install']
[3.352s] Level 1:colcon.colcon_core.package_identification:_identify(build) by extension 'ignore'
[3.353s] Level 1:colcon.colcon_core.package_identification:_identify(build) ignored
[3.353s] Level 1:colcon.colcon_core.package_identification:_identify(install) by extensions ['ignore', 'ignore_ament_install']
[3.354s] Level 1:colcon.colcon_core.package_identification:_identify(install) by extension 'ignore'
[3.355s] Level 1:colcon.colcon_core.package_identification:_identify(install) ignored
[3.356s] Level 1:colcon.colcon_core.package_identification:_identify(log) by extensions ['ignore', 'ignore_ament_install']
[3.357s] Level 1:colcon.colcon_core.package_identification:_identify(log) by extension 'ignore'
[3.357s] Level 1:colcon.colcon_core.package_identification:_identify(log) ignored
[3.358s] Level 1:colcon.colcon_core.package_identification:_identify(src) by extensions ['ignore', 'ignore_ament_install']
[3.358s] Level 1:colcon.colcon_core.package_identification:_identify(src) by extension 'ignore'
[3.358s] Level 1:colcon.colcon_core.package_identification:_identify(src) by extension 'ignore_ament_install'
[3.359s] Level 1:colcon.colcon_core.package_identification:_identify(src) by extensions ['colcon_pkg']
[3.359s] Level 1:colcon.colcon_core.package_identification:_identify(src) by extension 'colcon_pkg'
[3.359s] Level 1:colcon.colcon_core.package_identification:_identify(src) by extensions ['colcon_meta']
[3.359s] Level 1:colcon.colcon_core.package_identification:_identify(src) by extension 'colcon_meta'
[3.360s] Level 1:colcon.colcon_core.package_identification:_identify(src) by extensions ['ros']
[3.360s] Level 1:colcon.colcon_core.package_identification:_identify(src) by extension 'ros'
[3.360s] Level 1:colcon.colcon_core.package_identification:_identify(src) by extensions ['cmake', 'python']
[3.360s] Level 1:colcon.colcon_core.package_identification:_identify(src) by extension 'cmake'
[3.361s] Level 1:colcon.colcon_core.package_identification:_identify(src) by extension 'python'
[3.361s] Level 1:colcon.colcon_core.package_identification:_identify(src) by extensions ['python_setup_py']
[3.361s] Level 1:colcon.colcon_core.package_identification:_identify(src) by extension 'python_setup_py'
[3.362s] Level 1:colcon.colcon_core.package_identification:_identify(src/build) by extensions ['ignore', 'ignore_ament_install']
[3.362s] Level 1:colcon.colcon_core.package_identification:_identify(src/build) by extension 'ignore'
[3.362s] Level 1:colcon.colcon_core.package_identification:_identify(src/build) ignored
[3.363s] Level 1:colcon.colcon_core.package_identification:_identify(src/install) by extensions ['ignore', 'ignore_ament_install']
[3.364s] Level 1:colcon.colcon_core.package_identification:_identify(src/install) by extension 'ignore'
[3.364s] Level 1:colcon.colcon_core.package_identification:_identify(src/install) ignored
[3.365s] Level 1:colcon.colcon_core.package_identification:_identify(src/kinematics) by extensions ['ignore', 'ignore_ament_install']
[3.365s] Level 1:colcon.colcon_core.package_identification:_identify(src/kinematics) by extension 'ignore'
[3.366s] Level 1:colcon.colcon_core.package_identification:_identify(src/kinematics) by extension 'ignore_ament_install'
[3.367s] Level 1:colcon.colcon_core.package_identification:_identify(src/kinematics) by extensions ['colcon_pkg']
[3.367s] Level 1:colcon.colcon_core.package_identification:_identify(src/kinematics) by extension 'colcon_pkg'
[3.368s] Level 1:colcon.colcon_core.package_identification:_identify(src/kinematics) by extensions ['colcon_meta']
[3.369s] Level 1:colcon.colcon_core.package_identification:_identify(src/kinematics) by extension 'colcon_meta'
[3.370s] Level 1:colcon.colcon_core.package_identification:_identify(src/kinematics) by extensions ['ros']
[3.370s] Level 1:colcon.colcon_core.package_identification:_identify(src/kinematics) by extension 'ros'
[3.394s] DEBUG:colcon.colcon_core.package_identification:Package 'src/kinematics' with type 'ros.ament_python' and name 'kinematics'
[3.395s] Level 1:colcon.colcon_core.package_identification:_identify(src/log) by extensions ['ignore', 'ignore_ament_install']
[3.396s] Level 1:colcon.colcon_core.package_identification:_identify(src/log) by extension 'ignore'
[3.399s] Level 1:colcon.colcon_core.package_identification:_identify(src/log) ignored
[3.400s] Level 1:colcon.colcon_core.package_identification:_identify(src/odom) by extensions ['ignore', 'ignore_ament_install']
[3.401s] Level 1:colcon.colcon_core.package_identification:_identify(src/odom) by extension 'ignore'
[3.402s] Level 1:colcon.colcon_core.package_identification:_identify(src/odom) by extension 'ignore_ament_install'
[3.402s] Level 1:colcon.colcon_core.package_identification:_identify(src/odom) by extensions ['colcon_pkg']
[3.403s] Level 1:colcon.colcon_core.package_identification:_identify(src/odom) by extension 'colcon_pkg'
[3.403s] Level 1:colcon.colcon_core.package_identification:_identify(src/odom) by extensions ['colcon_meta']
[3.404s] Level 1:colcon.colcon_core.package_identification:_identify(src/odom) by extension 'colcon_meta'
[3.404s] Level 1:colcon.colcon_core.package_identification:_identify(src/odom) by extensions ['ros']
[3.404s] Level 1:colcon.colcon_core.package_identification:_identify(src/odom) by extension 'ros'
[3.408s] DEBUG:colcon.colcon_core.package_identification:Package 'src/odom' with type 'ros.ament_python' and name 'odom'
[3.409s] Level 1:colcon.colcon_core.package_identification:_identify(src/omni_bot) by extensions ['ignore', 'ignore_ament_install']
[3.410s] Level 1:colcon.colcon_core.package_identification:_identify(src/omni_bot) by extension 'ignore'
[3.410s] Level 1:colcon.colcon_core.package_identification:_identify(src/omni_bot) by extension 'ignore_ament_install'
[3.410s] Level 1:colcon.colcon_core.package_identification:_identify(src/omni_bot) by extensions ['colcon_pkg']
[3.410s] Level 1:colcon.colcon_core.package_identification:_identify(src/omni_bot) by extension 'colcon_pkg'
[3.411s] Level 1:colcon.colcon_core.package_identification:_identify(src/omni_bot) by extensions ['colcon_meta']
[3.411s] Level 1:colcon.colcon_core.package_identification:_identify(src/omni_bot) by extension 'colcon_meta'
[3.412s] Level 1:colcon.colcon_core.package_identification:_identify(src/omni_bot) by extensions ['ros']
[3.412s] Level 1:colcon.colcon_core.package_identification:_identify(src/omni_bot) by extension 'ros'
[3.415s] DEBUG:colcon.colcon_core.package_identification:Package 'src/omni_bot' with type 'ros.ament_python' and name 'omni_bot'
[3.416s] Level 1:colcon.colcon_core.package_identification:_identify(src/omnibot_description) by extensions ['ignore', 'ignore_ament_install']
[3.416s] Level 1:colcon.colcon_core.package_identification:_identify(src/omnibot_description) by extension 'ignore'
[3.416s] Level 1:colcon.colcon_core.package_identification:_identify(src/omnibot_description) by extension 'ignore_ament_install'
[3.417s] Level 1:colcon.colcon_core.package_identification:_identify(src/omnibot_description) by extensions ['colcon_pkg']
[3.417s] Level 1:colcon.colcon_core.package_identification:_identify(src/omnibot_description) by extension 'colcon_pkg'
[3.417s] Level 1:colcon.colcon_core.package_identification:_identify(src/omnibot_description) by extensions ['colcon_meta']
[3.417s] Level 1:colcon.colcon_core.package_identification:_identify(src/omnibot_description) by extension 'colcon_meta'
[3.417s] Level 1:colcon.colcon_core.package_identification:_identify(src/omnibot_description) by extensions ['ros']
[3.418s] Level 1:colcon.colcon_core.package_identification:_identify(src/omnibot_description) by extension 'ros'
[3.421s] DEBUG:colcon.colcon_core.package_identification:Package 'src/omnibot_description' with type 'ros.ament_python' and name 'omnibot_description'
[3.422s] Level 1:colcon.colcon_core.package_identification:_identify(src/rplidar_ros) by extensions ['ignore', 'ignore_ament_install']
[3.422s] Level 1:colcon.colcon_core.package_identification:_identify(src/rplidar_ros) by extension 'ignore'
[3.423s] Level 1:colcon.colcon_core.package_identification:_identify(src/rplidar_ros) by extension 'ignore_ament_install'
[3.423s] Level 1:colcon.colcon_core.package_identification:_identify(src/rplidar_ros) by extensions ['colcon_pkg']
[3.424s] Level 1:colcon.colcon_core.package_identification:_identify(src/rplidar_ros) by extension 'colcon_pkg'
[3.424s] Level 1:colcon.colcon_core.package_identification:_identify(src/rplidar_ros) by extensions ['colcon_meta']
[3.425s] Level 1:colcon.colcon_core.package_identification:_identify(src/rplidar_ros) by extension 'colcon_meta'
[3.425s] Level 1:colcon.colcon_core.package_identification:_identify(src/rplidar_ros) by extensions ['ros']
[3.425s] Level 1:colcon.colcon_core.package_identification:_identify(src/rplidar_ros) by extension 'ros'
[3.429s] DEBUG:colcon.colcon_core.package_identification:Package 'src/rplidar_ros' with type 'ros.ament_cmake' and name 'rplidar_ros'
[3.430s] Level 1:colcon.colcon_core.package_identification:_identify(src/slam_launch) by extensions ['ignore', 'ignore_ament_install']
[3.430s] Level 1:colcon.colcon_core.package_identification:_identify(src/slam_launch) by extension 'ignore'
[3.431s] Level 1:colcon.colcon_core.package_identification:_identify(src/slam_launch) by extension 'ignore_ament_install'
[3.431s] Level 1:colcon.colcon_core.package_identification:_identify(src/slam_launch) by extensions ['colcon_pkg']
[3.431s] Level 1:colcon.colcon_core.package_identification:_identify(src/slam_launch) by extension 'colcon_pkg'
[3.432s] Level 1:colcon.colcon_core.package_identification:_identify(src/slam_launch) by extensions ['colcon_meta']
[3.432s] Level 1:colcon.colcon_core.package_identification:_identify(src/slam_launch) by extension 'colcon_meta'
[3.432s] Level 1:colcon.colcon_core.package_identification:_identify(src/slam_launch) by extensions ['ros']
[3.432s] Level 1:colcon.colcon_core.package_identification:_identify(src/slam_launch) by extension 'ros'
[3.440s] DEBUG:colcon.colcon_core.package_identification:Package 'src/slam_launch' with type 'ros.ament_python' and name 'slam_launch'
[3.441s] Level 1:colcon.colcon_core.package_identification:_identify(src/teleop_omni) by extensions ['ignore', 'ignore_ament_install']
[3.441s] Level 1:colcon.colcon_core.package_identification:_identify(src/teleop_omni) by extension 'ignore'
[3.442s] Level 1:colcon.colcon_core.package_identification:_identify(src/teleop_omni) by extension 'ignore_ament_install'
[3.442s] Level 1:colcon.colcon_core.package_identification:_identify(src/teleop_omni) by extensions ['colcon_pkg']
[3.442s] Level 1:colcon.colcon_core.package_identification:_identify(src/teleop_omni) by extension 'colcon_pkg'
[3.442s] Level 1:colcon.colcon_core.package_identification:_identify(src/teleop_omni) by extensions ['colcon_meta']
[3.443s] Level 1:colcon.colcon_core.package_identification:_identify(src/teleop_omni) by extension 'colcon_meta'
[3.456s] Level 1:colcon.colcon_core.package_identification:_identify(src/teleop_omni) by extensions ['ros']
[3.457s] Level 1:colcon.colcon_core.package_identification:_identify(src/teleop_omni) by extension 'ros'
[3.459s] DEBUG:colcon.colcon_core.package_identification:Package 'src/teleop_omni' with type 'ros.ament_python' and name 'teleop_omni'
[3.459s] Level 1:colcon.colcon_core.package_discovery:discover_packages(recursive) using defaults
[3.460s] Level 1:colcon.colcon_core.package_discovery:discover_packages(ignore) discover
[3.460s] Level 1:colcon.colcon_core.package_discovery:discover_packages(ignore) using defaults
[3.460s] Level 1:colcon.colcon_core.package_discovery:discover_packages(path) discover
[3.460s] Level 1:colcon.colcon_core.package_discovery:discover_packages(path) using defaults
[3.627s] INFO:colcon.colcon_core.package_selection:Skipping not selected package 'kinematics' in 'src/kinematics'
[3.628s] INFO:colcon.colcon_core.package_selection:Skipping not selected package 'odom' in 'src/odom'
[3.628s] INFO:colcon.colcon_core.package_selection:Skipping not selected package 'omni_bot' in 'src/omni_bot'
[3.628s] INFO:colcon.colcon_core.package_selection:Skipping not selected package 'omnibot_description' in 'src/omnibot_description'
[3.628s] INFO:colcon.colcon_core.package_selection:Skipping not selected package 'rplidar_ros' in 'src/rplidar_ros'
[3.628s] INFO:colcon.colcon_core.package_selection:Skipping not selected package 'teleop_omni' in 'src/teleop_omni'
[3.631s] Level 1:colcon.colcon_core.package_discovery:discover_packages(prefix_path) check parameters
[3.631s] Level 1:colcon.colcon_core.package_discovery:discover_packages(prefix_path) discover
[3.667s] DEBUG:colcon.colcon_installed_package_information.package_discovery:Found 7 installed packages in /home/jetson/SLAM_WS/install
[3.674s] DEBUG:colcon.colcon_installed_package_information.package_discovery:Found 290 installed packages in /opt/ros/foxy
[3.684s] Level 1:colcon.colcon_core.package_discovery:discover_packages(prefix_path) using defaults
[4.336s] Level 5:colcon.colcon_core.verb:set package 'slam_launch' build argument 'cmake_args' from command line to 'None'
[4.336s] Level 5:colcon.colcon_core.verb:set package 'slam_launch' build argument 'cmake_target' from command line to 'None'
[4.337s] Level 5:colcon.colcon_core.verb:set package 'slam_launch' build argument 'cmake_target_skip_unavailable' from command line to 'False'
[4.337s] Level 5:colcon.colcon_core.verb:set package 'slam_launch' build argument 'cmake_clean_cache' from command line to 'False'
[4.337s] Level 5:colcon.colcon_core.verb:set package 'slam_launch' build argument 'cmake_clean_first' from command line to 'False'
[4.337s] Level 5:colcon.colcon_core.verb:set package 'slam_launch' build argument 'cmake_force_configure' from command line to 'False'
[4.337s] Level 5:colcon.colcon_core.verb:set package 'slam_launch' build argument 'ament_cmake_args' from command line to 'None'
[4.338s] Level 5:colcon.colcon_core.verb:set package 'slam_launch' build argument 'catkin_cmake_args' from command line to 'None'
[4.338s] Level 5:colcon.colcon_core.verb:set package 'slam_launch' build argument 'catkin_skip_building_tests' from command line to 'False'
[4.338s] DEBUG:colcon.colcon_core.verb:Building package 'slam_launch' with the following arguments: {'ament_cmake_args': None, 'build_base': '/home/jetson/SLAM_WS/build/slam_launch', 'catkin_cmake_args': None, 'catkin_skip_building_tests': False, 'cmake_args': None, 'cmake_clean_cache': False, 'cmake_clean_first': False, 'cmake_force_configure': False, 'cmake_target': None, 'cmake_target_skip_unavailable': False, 'install_base': '/home/jetson/SLAM_WS/install/slam_launch', 'merge_install': False, 'path': '/home/jetson/SLAM_WS/src/slam_launch', 'symlink_install': False, 'test_result_base': None}
[4.339s] INFO:colcon.colcon_core.executor:Executing jobs using 'parallel' executor
[4.344s] DEBUG:colcon.colcon_parallel_executor.executor.parallel:run_until_complete
[4.346s] INFO:colcon.colcon_ros.task.ament_python.build:Building ROS package in '/home/jetson/SLAM_WS/src/slam_launch' with build type 'ament_python'
[4.347s] Level 1:colcon.colcon_core.shell:create_environment_hook('slam_launch', 'ament_prefix_path')
[4.366s] INFO:colcon.colcon_core.plugin_system:Skipping extension 'colcon_core.shell.bat': Not used on non-Windows systems
[4.367s] INFO:colcon.colcon_core.shell:Creating environment hook '/home/jetson/SLAM_WS/install/slam_launch/share/slam_launch/hook/ament_prefix_path.ps1'
[4.372s] INFO:colcon.colcon_core.shell:Creating environment descriptor '/home/jetson/SLAM_WS/install/slam_launch/share/slam_launch/hook/ament_prefix_path.dsv'
[4.375s] INFO:colcon.colcon_core.shell:Creating environment hook '/home/jetson/SLAM_WS/install/slam_launch/share/slam_launch/hook/ament_prefix_path.sh'
[4.381s] INFO:colcon.colcon_core.shell:Skip shell extension 'powershell' for command environment: Not usable outside of PowerShell
[4.381s] DEBUG:colcon.colcon_core.shell:Skip shell extension 'dsv' for command environment
[6.127s] INFO:colcon.colcon_core.task.python.build:Building Python package in '/home/jetson/SLAM_WS/src/slam_launch'
[6.130s] INFO:colcon.colcon_core.shell:Skip shell extension 'powershell' for command environment: Not usable outside of PowerShell
[6.130s] DEBUG:colcon.colcon_core.shell:Skip shell extension 'dsv' for command environment
[9.131s] DEBUG:colcon.colcon_core.event_handler.log_command:Invoking command in '/home/jetson/SLAM_WS/src/slam_launch': AMENT_PREFIX_PATH=/home/jetson/SLAM_WS/install/odom:/home/jetson/SLAM_WS/install/kinematics:/home/jetson/SLAM_WS/install/teleop_omni:/home/jetson/SLAM_WS/install/slam_launch:/home/jetson/SLAM_WS/install/rplidar_ros:/home/jetson/SLAM_WS/install/omnibot_description:/home/jetson/SLAM_WS/install/omni_bot:/opt/ros/foxy PYTHONPATH=/home/jetson/SLAM_WS/build/slam_launch/prefix_override:/usr/lib/python3/dist-packages/colcon_core/task/python/colcon_distutils_commands:/home/jetson/SLAM_WS/install/slam_launch/lib/python3.8/site-packages:/home/jetson/SLAM_WS/install/odom/lib/python3.8/site-packages:/home/jetson/SLAM_WS/install/kinematics/lib/python3.8/site-packages:/home/jetson/SLAM_WS/install/teleop_omni/lib/python3.8/site-packages:/home/jetson/SLAM_WS/install/slam_launch/lib/python3.8/site-packages:/home/jetson/SLAM_WS/install/omnibot_description/lib/python3.8/site-packages:/home/jetson/SLAM_WS/install/omni_bot/lib/python3.8/site-packages:/opt/ros/foxy/lib/python3.8/site-packages /usr/bin/python3 -W ignore:setup.py install is deprecated -W ignore:easy_install command is deprecated setup.py egg_info --egg-base ../../build/slam_launch build --build-base /home/jetson/SLAM_WS/build/slam_launch/build install --record /home/jetson/SLAM_WS/build/slam_launch/install.log --single-version-externally-managed install_data
[11.119s] DEBUG:colcon.colcon_core.event_handler.log_command:Invoked command in '/home/jetson/SLAM_WS/src/slam_launch' returned '0': AMENT_PREFIX_PATH=/home/jetson/SLAM_WS/install/odom:/home/jetson/SLAM_WS/install/kinematics:/home/jetson/SLAM_WS/install/teleop_omni:/home/jetson/SLAM_WS/install/slam_launch:/home/jetson/SLAM_WS/install/rplidar_ros:/home/jetson/SLAM_WS/install/omnibot_description:/home/jetson/SLAM_WS/install/omni_bot:/opt/ros/foxy PYTHONPATH=/home/jetson/SLAM_WS/build/slam_launch/prefix_override:/usr/lib/python3/dist-packages/colcon_core/task/python/colcon_distutils_commands:/home/jetson/SLAM_WS/install/slam_launch/lib/python3.8/site-packages:/home/jetson/SLAM_WS/install/odom/lib/python3.8/site-packages:/home/jetson/SLAM_WS/install/kinematics/lib/python3.8/site-packages:/home/jetson/SLAM_WS/install/teleop_omni/lib/python3.8/site-packages:/home/jetson/SLAM_WS/install/slam_launch/lib/python3.8/site-packages:/home/jetson/SLAM_WS/install/omnibot_description/lib/python3.8/site-packages:/home/jetson/SLAM_WS/install/omni_bot/lib/python3.8/site-packages:/opt/ros/foxy/lib/python3.8/site-packages /usr/bin/python3 -W ignore:setup.py install is deprecated -W ignore:easy_install command is deprecated setup.py egg_info --egg-base ../../build/slam_launch build --build-base /home/jetson/SLAM_WS/build/slam_launch/build install --record /home/jetson/SLAM_WS/build/slam_launch/install.log --single-version-externally-managed install_data
[11.163s] Level 1:colcon.colcon_core.environment:checking '/home/jetson/SLAM_WS/install/slam_launch' for CMake module files
[11.166s] Level 1:colcon.colcon_core.environment:checking '/home/jetson/SLAM_WS/install/slam_launch' for CMake config files
[11.170s] Level 1:colcon.colcon_core.environment:checking '/home/jetson/SLAM_WS/install/slam_launch/lib'
[11.171s] Level 1:colcon.colcon_core.environment:checking '/home/jetson/SLAM_WS/install/slam_launch/bin'
[11.175s] Level 1:colcon.colcon_core.environment:checking '/home/jetson/SLAM_WS/install/slam_launch/lib/pkgconfig/slam_launch.pc'
[11.176s] Level 1:colcon.colcon_core.environment:checking '/home/jetson/SLAM_WS/install/slam_launch/lib/python3.8/site-packages'
[11.176s] Level 1:colcon.colcon_core.shell:create_environment_hook('slam_launch', 'pythonpath')
[11.177s] INFO:colcon.colcon_core.shell:Creating environment hook '/home/jetson/SLAM_WS/install/slam_launch/share/slam_launch/hook/pythonpath.ps1'
[11.180s] INFO:colcon.colcon_core.shell:Creating environment descriptor '/home/jetson/SLAM_WS/install/slam_launch/share/slam_launch/hook/pythonpath.dsv'
[11.181s] INFO:colcon.colcon_core.shell:Creating environment hook '/home/jetson/SLAM_WS/install/slam_launch/share/slam_launch/hook/pythonpath.sh'
[11.184s] Level 1:colcon.colcon_core.environment:checking '/home/jetson/SLAM_WS/install/slam_launch/bin'
[11.196s] Level 1:colcon.colcon_core.environment:create_environment_scripts_only(slam_launch)
[11.198s] INFO:colcon.colcon_core.shell:Creating package script '/home/jetson/SLAM_WS/install/slam_launch/share/slam_launch/package.ps1'
[11.204s] INFO:colcon.colcon_core.shell:Creating package descriptor '/home/jetson/SLAM_WS/install/slam_launch/share/slam_launch/package.dsv'
[11.208s] INFO:colcon.colcon_core.shell:Creating package script '/home/jetson/SLAM_WS/install/slam_launch/share/slam_launch/package.sh'
[11.213s] INFO:colcon.colcon_core.shell:Creating package script '/home/jetson/SLAM_WS/install/slam_launch/share/slam_launch/package.bash'
[11.218s] INFO:colcon.colcon_core.shell:Creating package script '/home/jetson/SLAM_WS/install/slam_launch/share/slam_launch/package.zsh'
[11.230s] Level 1:colcon.colcon_core.environment:create_file_with_runtime_dependencies(/home/jetson/SLAM_WS/install/slam_launch/share/colcon-core/packages/slam_launch)
[11.233s] DEBUG:colcon.colcon_parallel_executor.executor.parallel:closing loop
[11.250s] DEBUG:colcon.colcon_parallel_executor.executor.parallel:loop closed
[11.251s] DEBUG:colcon.colcon_parallel_executor.executor.parallel:run_until_complete finished with '0'
[11.251s] DEBUG:colcon.colcon_core.event_reactor:joining thread
[11.288s] INFO:colcon.colcon_core.plugin_system:Skipping extension 'colcon_notification.desktop_notification.terminal_notifier': Not used on non-Darwin systems
[11.288s] INFO:colcon.colcon_core.plugin_system:Skipping extension 'colcon_notification.desktop_notification.win32': Not used on non-Windows systems
[11.288s] INFO:colcon.colcon_notification.desktop_notification:Sending desktop notification using 'notify2'
[11.340s] DEBUG:colcon.colcon_core.event_reactor:joined thread
[11.342s] INFO:colcon.colcon_core.shell:Creating prefix script '/home/jetson/SLAM_WS/install/local_setup.ps1'
[11.349s] INFO:colcon.colcon_core.shell:Creating prefix util module '/home/jetson/SLAM_WS/install/_local_setup_util_ps1.py'
[11.370s] INFO:colcon.colcon_core.shell:Creating prefix chain script '/home/jetson/SLAM_WS/install/setup.ps1'
[11.378s] INFO:colcon.colcon_core.shell:Creating prefix script '/home/jetson/SLAM_WS/install/local_setup.sh'
[11.382s] INFO:colcon.colcon_core.shell:Creating prefix util module '/home/jetson/SLAM_WS/install/_local_setup_util_sh.py'
[11.386s] INFO:colcon.colcon_core.shell:Creating prefix chain script '/home/jetson/SLAM_WS/install/setup.sh'
[11.395s] INFO:colcon.colcon_core.shell:Creating prefix script '/home/jetson/SLAM_WS/install/local_setup.bash'
[11.399s] INFO:colcon.colcon_core.shell:Creating prefix chain script '/home/jetson/SLAM_WS/install/setup.bash'
[11.410s] INFO:colcon.colcon_core.shell:Creating prefix script '/home/jetson/SLAM_WS/install/local_setup.zsh'
[11.414s] INFO:colcon.colcon_core.shell:Creating prefix chain script '/home/jetson/SLAM_WS/install/setup.zsh'
