[4.519s] Invoking command in '/home/jetson/SLAM_WS/src/teleop_omni': PYTHONPATH=/home/jetson/SLAM_WS/build/teleop_omni/prefix_override:/usr/lib/python3/dist-packages/colcon_core/task/python/colcon_distutils_commands:/home/jetson/SLAM_WS/install/teleop_omni/lib/python3.8/site-packages:${PYTHONPATH} /usr/bin/python3 -W ignore:setup.py install is deprecated -W ignore:easy_install command is deprecated setup.py egg_info --egg-base ../../build/teleop_omni build --build-base /home/jetson/SLAM_WS/build/teleop_omni/build install --record /home/jetson/SLAM_WS/build/teleop_omni/install.log --single-version-externally-managed install_data
[6.432s] running egg_info
[6.434s] writing ../../build/teleop_omni/teleop_omni.egg-info/PKG-INFO
[6.435s] writing dependency_links to ../../build/teleop_omni/teleop_omni.egg-info/dependency_links.txt
[6.436s] writing entry points to ../../build/teleop_omni/teleop_omni.egg-info/entry_points.txt
[6.437s] writing requirements to ../../build/teleop_omni/teleop_omni.egg-info/requires.txt
[6.438s] writing top-level names to ../../build/teleop_omni/teleop_omni.egg-info/top_level.txt
[6.453s] reading manifest file '../../build/teleop_omni/teleop_omni.egg-info/SOURCES.txt'
[6.457s] writing manifest file '../../build/teleop_omni/teleop_omni.egg-info/SOURCES.txt'
[6.458s] running build
[6.459s] running build_py
[6.460s] copying teleop_omni/teleop_keyboard.py -> /home/jetson/SLAM_WS/build/teleop_omni/build/lib/teleop_omni
[6.461s] running install
[6.464s] running install_lib
[6.471s] copying /home/jetson/SLAM_WS/build/teleop_omni/build/lib/teleop_omni/teleop_keyboard.py -> /home/jetson/SLAM_WS/install/teleop_omni/lib/python3.8/site-packages/teleop_omni
[6.472s] byte-compiling /home/jetson/SLAM_WS/install/teleop_omni/lib/python3.8/site-packages/teleop_omni/teleop_keyboard.py to teleop_keyboard.cpython-38.pyc
[6.478s] running install_data
[6.479s] running install_egg_info
[6.487s] removing '/home/jetson/SLAM_WS/install/teleop_omni/lib/python3.8/site-packages/teleop_omni-0.0.0-py3.8.egg-info' (and everything under it)
[6.489s] Copying ../../build/teleop_omni/teleop_omni.egg-info to /home/jetson/SLAM_WS/install/teleop_omni/lib/python3.8/site-packages/teleop_omni-0.0.0-py3.8.egg-info
[6.495s] running install_scripts
[6.590s] Installing teleop_keyboard script to /home/jetson/SLAM_WS/install/teleop_omni/lib/teleop_omni
[6.593s] writing list of installed files to '/home/jetson/SLAM_WS/build/teleop_omni/install.log'
[6.719s] Invoked command in '/home/jetson/SLAM_WS/src/teleop_omni' returned '0': PYTHONPATH=/home/jetson/SLAM_WS/build/teleop_omni/prefix_override:/usr/lib/python3/dist-packages/colcon_core/task/python/colcon_distutils_commands:/home/jetson/SLAM_WS/install/teleop_omni/lib/python3.8/site-packages:${PYTHONPATH} /usr/bin/python3 -W ignore:setup.py install is deprecated -W ignore:easy_install command is deprecated setup.py egg_info --egg-base ../../build/teleop_omni build --build-base /home/jetson/SLAM_WS/build/teleop_omni/build install --record /home/jetson/SLAM_WS/build/teleop_omni/install.log --single-version-externally-managed install_data
