[8.264s] Invoking command in '/home/jetson/SLAM_WS/src/omni_bot': PYTHONPATH=/home/jetson/SLAM_WS/build/omni_bot/prefix_override:/usr/lib/python3/dist-packages/colcon_core/task/python/colcon_distutils_commands:/home/jetson/SLAM_WS/install/omni_bot/lib/python3.8/site-packages:${PYTHONPATH} /usr/bin/python3 -W ignore:setup.py install is deprecated -W ignore:easy_install command is deprecated setup.py egg_info --egg-base ../../build/omni_bot build --build-base /home/jetson/SLAM_WS/build/omni_bot/build install --record /home/jetson/SLAM_WS/build/omni_bot/install.log --single-version-externally-managed install_data
[10.682s] running egg_info
[10.684s] writing ../../build/omni_bot/omni_bot.egg-info/PKG-INFO
[10.686s] writing dependency_links to ../../build/omni_bot/omni_bot.egg-info/dependency_links.txt
[10.687s] writing entry points to ../../build/omni_bot/omni_bot.egg-info/entry_points.txt
[10.690s] writing requirements to ../../build/omni_bot/omni_bot.egg-info/requires.txt
[10.691s] writing top-level names to ../../build/omni_bot/omni_bot.egg-info/top_level.txt
[10.749s] reading manifest file '../../build/omni_bot/omni_bot.egg-info/SOURCES.txt'
[10.753s] writing manifest file '../../build/omni_bot/omni_bot.egg-info/SOURCES.txt'
[10.755s] running build
[10.757s] running build_py
[10.757s] running install
[10.759s] running install_lib
[10.765s] running install_data
[10.767s] running install_egg_info
[10.781s] removing '/home/jetson/SLAM_WS/install/omni_bot/lib/python3.8/site-packages/omni_bot-0.0.0-py3.8.egg-info' (and everything under it)
[10.782s] Copying ../../build/omni_bot/omni_bot.egg-info to /home/jetson/SLAM_WS/install/omni_bot/lib/python3.8/site-packages/omni_bot-0.0.0-py3.8.egg-info
[10.789s] running install_scripts
[10.892s] writing list of installed files to '/home/jetson/SLAM_WS/build/omni_bot/install.log'
[12.464s] Invoked command in '/home/jetson/SLAM_WS/src/omni_bot' returned '0': PYTHONPATH=/home/jetson/SLAM_WS/build/omni_bot/prefix_override:/usr/lib/python3/dist-packages/colcon_core/task/python/colcon_distutils_commands:/home/jetson/SLAM_WS/install/omni_bot/lib/python3.8/site-packages:${PYTHONPATH} /usr/bin/python3 -W ignore:setup.py install is deprecated -W ignore:easy_install command is deprecated setup.py egg_info --egg-base ../../build/omni_bot build --build-base /home/jetson/SLAM_WS/build/omni_bot/build install --record /home/jetson/SLAM_WS/build/omni_bot/install.log --single-version-externally-managed install_data
