[3.043s] Invoking command in '/home/jetson/SLAM_WS/src/omnibot_description': PYTHONPATH=/home/jetson/SLAM_WS/build/omnibot_description/prefix_override:/usr/lib/python3/dist-packages/colcon_core/task/python/colcon_distutils_commands:/home/jetson/SLAM_WS/install/omnibot_description/lib/python3.8/site-packages:${PYTHONPATH} /usr/bin/python3 -W ignore:setup.py install is deprecated -W ignore:easy_install command is deprecated setup.py egg_info --egg-base ../../build/omnibot_description build --build-base /home/jetson/SLAM_WS/build/omnibot_description/build install --record /home/jetson/SLAM_WS/build/omnibot_description/install.log --single-version-externally-managed install_data
[4.229s] running egg_info
[4.232s] writing ../../build/omnibot_description/omnibot_description.egg-info/PKG-INFO
[4.233s] writing dependency_links to ../../build/omnibot_description/omnibot_description.egg-info/dependency_links.txt
[4.234s] writing entry points to ../../build/omnibot_description/omnibot_description.egg-info/entry_points.txt
[4.234s] writing requirements to ../../build/omnibot_description/omnibot_description.egg-info/requires.txt
[4.234s] writing top-level names to ../../build/omnibot_description/omnibot_description.egg-info/top_level.txt
[4.245s] reading manifest file '../../build/omnibot_description/omnibot_description.egg-info/SOURCES.txt'
[4.249s] writing manifest file '../../build/omnibot_description/omnibot_description.egg-info/SOURCES.txt'
[4.250s] running build
[4.250s] running build_py
[4.251s] running install
[4.254s] running install_lib
[4.259s] running install_data
[4.260s] running install_egg_info
[4.268s] removing '/home/jetson/SLAM_WS/install/omnibot_description/lib/python3.8/site-packages/omnibot_description-0.0.0-py3.8.egg-info' (and everything under it)
[4.269s] Copying ../../build/omnibot_description/omnibot_description.egg-info to /home/jetson/SLAM_WS/install/omnibot_description/lib/python3.8/site-packages/omnibot_description-0.0.0-py3.8.egg-info
[4.272s] running install_scripts
[4.342s] writing list of installed files to '/home/jetson/SLAM_WS/build/omnibot_description/install.log'
[4.438s] Invoked command in '/home/jetson/SLAM_WS/src/omnibot_description' returned '0': PYTHONPATH=/home/jetson/SLAM_WS/build/omnibot_description/prefix_override:/usr/lib/python3/dist-packages/colcon_core/task/python/colcon_distutils_commands:/home/jetson/SLAM_WS/install/omnibot_description/lib/python3.8/site-packages:${PYTHONPATH} /usr/bin/python3 -W ignore:setup.py install is deprecated -W ignore:easy_install command is deprecated setup.py egg_info --egg-base ../../build/omnibot_description build --build-base /home/jetson/SLAM_WS/build/omnibot_description/build install --record /home/jetson/SLAM_WS/build/omnibot_description/install.log --single-version-externally-managed install_data
